Loaded 64 cells total.

================================================================================
QUESTION (a): A6 n_h staircase -- budget artifact or architecture ceiling?
================================================================================

--- M-D0 per-depth TRAIN-support profile (PRIMARY lens, existing m_d0_profile field, disclosure per S2.31a): A6 arm3 n_h=1 (3 seeds) (3 cells) ---
seed | final_loss | D=1(rf90/cos) | D=2(rf90/cos) | D=3(rf90/cos) | D=4(rf90/cos) | D=5(rf90/cos) | D=6(rf90/cos) | D=7(rf90/cos) | D=8(rf90/cos)
seed0 | 2.09e-01 | EXCL | EXCL | EXCL | 0.00/+0.09 | 0.00/+0.07 | 0.05/+0.07 | 0.00/-0.03 | 0.00/+0.00
seed1 | 4.00e-01 | EXCL | EXCL | EXCL | 0.25/+0.26 | 0.00/+0.08 | 0.00/+0.08 | 0.00/+0.17 | 0.00/+0.03
seed2 | 3.63e-01 | EXCL | EXCL | EXCL | 0.00/+0.17 | 0.10/+0.27 | 0.10/+0.10 | 0.00/-0.04 | 0.00/+0.03

--- M-D0 per-depth TRAIN-support profile (PRIMARY lens, existing m_d0_profile field, disclosure per S2.31a): A6 arm3 n_h=2 (5 seeds, the never-pinned decisive config) (5 cells) ---
seed | final_loss | D=1(rf90/cos) | D=2(rf90/cos) | D=3(rf90/cos) | D=4(rf90/cos) | D=5(rf90/cos) | D=6(rf90/cos) | D=7(rf90/cos) | D=8(rf90/cos)
seed0 | 7.29e-02 | EXCL | EXCL | EXCL | 0.00/+0.09 | 0.00/-0.01 | 0.05/+0.05 | 0.00/-0.01 | 0.00/+0.05
seed1 | 2.93e-01 | EXCL | EXCL | EXCL | 0.05/+0.19 | 0.00/+0.04 | 0.00/+0.04 | 0.00/-0.01 | 0.00/+0.07
seed2 | 2.59e-01 | EXCL | EXCL | EXCL | 0.10/+0.15 | 0.10/+0.13 | 0.10/+0.15 | 0.00/+0.00 | 0.00/+0.04
seed3 | 1.71e-01 | EXCL | EXCL | EXCL | 0.15/+0.27 | 0.00/+0.11 | 0.05/+0.03 | 0.10/+0.12 | 0.00/+0.04
seed4 | 2.40e-01 | EXCL | EXCL | EXCL | 0.10/+0.13 | 0.00/-0.04 | 0.05/+0.00 | 0.00/+0.02 | 0.10/+0.21

--- M-D0 per-depth TRAIN-support profile (PRIMARY lens, existing m_d0_profile field, disclosure per S2.31a): A6 arm3 n_h=4 (3 seeds, discharged decisive config) (3 cells) ---
seed | final_loss | D=1(rf90/cos) | D=2(rf90/cos) | D=3(rf90/cos) | D=4(rf90/cos) | D=5(rf90/cos) | D=6(rf90/cos) | D=7(rf90/cos) | D=8(rf90/cos)
seed0 | 8.15e-05 | EXCL | EXCL | EXCL | 0.00/+0.03 | 0.00/-0.07 | 0.05/+0.08 | 0.00/+0.03 | 0.00/-0.06
seed1 | 7.14e-05 | EXCL | EXCL | EXCL | 0.25/+0.25 | 0.00/+0.03 | 0.00/+0.01 | 0.10/+0.09 | 0.05/+0.16
seed2 | 3.20e-05 | EXCL | EXCL | EXCL | 0.10/+0.14 | 0.10/+0.15 | 0.10/+0.19 | 0.00/-0.01 | 0.00/+0.08

--- M-D2 rank-vs-depth (restricted_effective_rank): A6 arm3 n_h=1 ---
D | mean_rank | std | n
9 | 4.068 | 0.560 | 3
10 | 4.048 | 0.588 | 3
12 | 3.909 | 0.493 | 3
14 | 3.715 | 0.584 | 3
16 | 3.769 | 0.353 | 3
20 | 3.615 | 0.433 | 3
24 | 3.505 | 0.460 | 3
32 | 3.654 | 0.440 | 3
48 | 3.450 | 0.151 | 3
64 | 3.280 | 0.071 | 3

--- M-D2 rank-vs-depth (restricted_effective_rank): A6 arm3 n_h=2 ---
D | mean_rank | std | n
9 | 4.221 | 0.056 | 5
10 | 4.372 | 0.067 | 5
12 | 4.160 | 0.126 | 5
14 | 4.059 | 0.142 | 5
16 | 3.997 | 0.261 | 5
20 | 3.939 | 0.269 | 5
24 | 3.908 | 0.359 | 5
32 | 3.711 | 0.652 | 5
48 | 3.674 | 0.785 | 5
64 | 3.498 | 0.960 | 5

--- M-D2 rank-vs-depth (restricted_effective_rank): A6 arm3 n_h=4 ---
D | mean_rank | std | n
9 | 5.000 | 0.000 | 3
10 | 5.000 | 0.000 | 3
12 | 5.000 | 0.000 | 3
14 | 4.999 | 0.000 | 3
16 | 4.999 | 0.001 | 3
20 | 4.999 | 0.000 | 3
24 | 4.999 | 0.000 | 3
32 | 4.999 | 0.000 | 3
48 | 4.995 | 0.008 | 3
64 | 4.994 | 0.006 | 3

--- M-D1 CROSSCHECK-lens accuracy-vs-depth (decisional per S2.31a): A6 arm3 n_h=2 ---
D | mean_xcheck_rf90 | std | n
9 | 0.150 | 0.087 | 5
10 | 0.150 | 0.100 | 5
12 | 0.070 | 0.067 | 5
14 | 0.030 | 0.027 | 5
16 | 0.000 | 0.000 | 5
20 | 0.010 | 0.022 | 5
24 | 0.000 | 0.000 | 5
32 | 0.000 | 0.000 | 5
48 | 0.000 | 0.000 | 5
64 | 0.000 | 0.000 | 5

--- M-D1 CROSSCHECK-lens accuracy-vs-depth (decisional per S2.31a): A6 arm3 n_h=4 ---
D | mean_xcheck_rf90 | std | n
9 | 1.000 | 0.000 | 3
10 | 1.000 | 0.000 | 3
12 | 1.000 | 0.000 | 3
14 | 1.000 | 0.000 | 3
16 | 1.000 | 0.000 | 3
20 | 1.000 | 0.000 | 3
24 | 1.000 | 0.000 | 3
32 | 1.000 | 0.000 | 3
48 | 1.000 | 0.000 | 3
64 | 1.000 | 0.000 | 3

================================================================================
QUESTION (b): S5 seed-1 catastrophic non-generalizer vs 4 healthy siblings
================================================================================

--- M-D0 per-depth TRAIN-support profile (PRIMARY lens, existing m_d0_profile field, disclosure per S2.31a): S5 arm3 n_h=4 (all 5 seeds, seed1=catastrophic) (5 cells) ---
seed | final_loss | D=1(rf90/cos) | D=2(rf90/cos) | D=3(rf90/cos) | D=4(rf90/cos) | D=5(rf90/cos) | D=6(rf90/cos) | D=7(rf90/cos) | D=8(rf90/cos)
seed0 | 1.90e-03 | EXCL | EXCL | EXCL | 0.05/+0.14 | 0.00/+0.27 | 0.25/+0.30 | 0.00/+0.10 | 0.10/+0.10
seed1 | 6.41e-03 | EXCL | EXCL | 0.00/+0.02 | 0.15/+0.34 | 0.00/+0.24 | 0.05/+0.32 | 0.00/+0.03 | 0.20/+0.21
seed2 | 1.17e-02 | EXCL | EXCL | EXCL | 0.20/+0.03 | 0.10/+0.12 | 0.30/+0.23 | 0.00/+0.28 | 0.00/-0.11
seed3 | 9.56e-04 | EXCL | EXCL | EXCL | 0.25/+0.36 | 0.05/+0.00 | 0.30/+0.38 | 0.05/+0.24 | 0.00/+0.08
seed4 | 1.21e-03 | EXCL | EXCL | 0.00/-0.23 | 0.15/+0.19 | 0.00/+0.09 | 0.20/+0.30 | 0.00/+0.05 | 0.15/+0.28

--- M-D2 rank-vs-depth (restricted_effective_rank): S5 arm3 n_h=4 (all 5 seeds) ---
D | mean_rank | std | n
9 | 3.911 | 0.162 | 5
10 | 3.890 | 0.192 | 5
12 | 3.850 | 0.288 | 5
14 | 3.856 | 0.267 | 5
16 | 3.833 | 0.311 | 5
20 | 3.811 | 0.327 | 5
24 | 3.813 | 0.300 | 5
32 | 3.803 | 0.297 | 5
48 | 3.716 | 0.368 | 5
64 | 3.708 | 0.347 | 5

--- M-D1 CROSSCHECK-lens accuracy-vs-depth (decisional per S2.31a): S5 arm3 n_h=4 (all 5 seeds) ---
D | mean_xcheck_rf90 | std | n
9 | 0.910 | 0.201 | 5
10 | 0.860 | 0.313 | 5
12 | 0.840 | 0.358 | 5
14 | 0.830 | 0.380 | 5
16 | 0.790 | 0.442 | 5
20 | 0.800 | 0.420 | 5
24 | 0.780 | 0.437 | 5
32 | 0.770 | 0.435 | 5
48 | 0.690 | 0.404 | 5
64 | 0.690 | 0.413 | 5

--- M-D2 rank-vs-depth (restricted_effective_rank): S5 arm3 n_h=4 seed1 ONLY (catastrophic) ---
D | mean_rank | std | n
9 | 3.621 | 0.000 | 1
10 | 3.547 | 0.000 | 1
12 | 3.334 | 0.000 | 1
14 | 3.379 | 0.000 | 1
16 | 3.277 | 0.000 | 1
20 | 3.227 | 0.000 | 1
24 | 3.280 | 0.000 | 1
32 | 3.276 | 0.000 | 1
48 | 3.073 | 0.000 | 1
64 | 3.098 | 0.000 | 1

--- M-D2 rank-vs-depth (restricted_effective_rank): S5 arm3 n_h=4 seeds {0,2,3,4} (healthy) ---
D | mean_rank | std | n
9 | 3.983 | 0.009 | 4
10 | 3.975 | 0.015 | 4
12 | 3.979 | 0.009 | 4
14 | 3.976 | 0.012 | 4
16 | 3.972 | 0.015 | 4
20 | 3.957 | 0.028 | 4
24 | 3.946 | 0.038 | 4
32 | 3.935 | 0.036 | 4
48 | 3.876 | 0.090 | 4
64 | 3.861 | 0.076 | 4

--- M-D1 CROSSCHECK-lens accuracy-vs-depth (decisional per S2.31a): S5 arm3 n_h=4 seed1 ONLY (catastrophic) ---
D | mean_xcheck_rf90 | std | n
9 | 0.550 | 0.000 | 1
10 | 0.300 | 0.000 | 1
12 | 0.200 | 0.000 | 1
14 | 0.150 | 0.000 | 1
16 | 0.000 | 0.000 | 1
20 | 0.050 | 0.000 | 1
24 | 0.000 | 0.000 | 1
32 | 0.000 | 0.000 | 1
48 | 0.000 | 0.000 | 1
64 | 0.000 | 0.000 | 1

--- M-D1 CROSSCHECK-lens accuracy-vs-depth (decisional per S2.31a): S5 arm3 n_h=4 seeds {0,2,3,4} (healthy) ---
D | mean_xcheck_rf90 | std | n
9 | 1.000 | 0.000 | 4
10 | 1.000 | 0.000 | 4
12 | 1.000 | 0.000 | 4
14 | 1.000 | 0.000 | 4
16 | 0.988 | 0.025 | 4
20 | 0.988 | 0.025 | 4
24 | 0.975 | 0.029 | 4
32 | 0.963 | 0.075 | 4
48 | 0.863 | 0.138 | 4
64 | 0.863 | 0.170 | 4

final_loss by seed (S5 arm3 nh4): {0: 0.001895328750833869, 1: 0.006407835055142641, 2: 0.011748338118195534, 3: 0.0009559451136738062, 4: 0.0012131792027503252}

================================================================================
QUESTION (c): A5 3/5 seeds non-converged -- budget artifact or ceiling?
================================================================================

--- M-D0 per-depth TRAIN-support profile (PRIMARY lens, existing m_d0_profile field, disclosure per S2.31a): A5 arm2 n_h=2 (5 seeds) (5 cells) ---
seed | final_loss | D=1(rf90/cos) | D=2(rf90/cos) | D=3(rf90/cos) | D=4(rf90/cos) | D=5(rf90/cos) | D=6(rf90/cos) | D=7(rf90/cos) | D=8(rf90/cos)
seed0 | 1.40e-01 | EXCL | 0.25/+0.42 | 0.00/+0.44 | 0.00/+0.17 | 0.00/+0.37 | 0.05/+0.09 | 0.00/+0.03 | 0.00/-0.06
seed1 | 3.48e-01 | EXCL | 0.25/+0.16 | 0.00/+0.12 | 0.05/+0.10 | 0.00/+0.38 | 0.05/+0.02 | 0.00/-0.13 | 0.00/+0.00
seed2 | 3.30e-01 | EXCL | 0.30/+0.38 | 0.00/+0.12 | 0.00/-0.05 | 0.00/+0.07 | 0.00/+0.07 | 0.00/-0.05 | 0.00/+0.08
seed3 | 2.53e-01 | EXCL | 0.25/+0.26 | 0.00/+0.19 | 0.05/+0.10 | 0.00/+0.22 | 0.00/+0.10 | 0.00/-0.03 | 0.00/+0.05
seed4 | 1.91e-01 | EXCL | 0.40/+0.36 | 0.00/+0.01 | 0.05/+0.00 | 0.00/+0.00 | 0.00/-0.01 | 0.00/-0.04 | 0.00/-0.04

--- M-D0 per-depth TRAIN-support profile (PRIMARY lens, existing m_d0_profile field, disclosure per S2.31a): A5 arm3 n_h=2 (5 seeds) (5 cells) ---
seed | final_loss | D=1(rf90/cos) | D=2(rf90/cos) | D=3(rf90/cos) | D=4(rf90/cos) | D=5(rf90/cos) | D=6(rf90/cos) | D=7(rf90/cos) | D=8(rf90/cos)
seed0 | 3.70e-04 | EXCL | 0.25/+0.08 | 0.00/-0.05 | 0.00/+0.47 | 0.05/+0.05 | 0.20/+0.69 | 0.00/-0.05 | 0.20/+0.07
seed1 | 7.14e-04 | EXCL | 0.25/+0.14 | 0.00/+0.02 | 0.15/+0.03 | 0.00/-0.18 | 0.10/+0.14 | 0.00/+0.12 | 0.10/+0.16
seed2 | 1.57e-01 | EXCL | 0.30/+0.27 | 0.00/+0.24 | 0.15/+0.13 | 0.05/+0.06 | 0.00/+0.18 | 0.00/+0.04 | 0.05/+0.09
seed3 | 7.72e-02 | EXCL | 0.25/+0.17 | 0.05/+0.03 | 0.10/+0.33 | 0.10/+0.27 | 0.15/+0.18 | 0.00/+0.01 | 0.05/+0.16
seed4 | 6.90e-02 | EXCL | 0.40/+0.36 | 0.00/+0.06 | 0.05/+0.01 | 0.00/+0.03 | 0.00/+0.18 | 0.00/+0.18 | 0.05/+0.16

--- M-D2 rank-vs-depth (restricted_effective_rank): A5 arm3 n_h=2 (5 seeds) ---
D | mean_rank | std | n
9 | 2.762 | 0.217 | 5
10 | 2.788 | 0.193 | 5
12 | 2.730 | 0.258 | 5
14 | 2.730 | 0.256 | 5
16 | 2.661 | 0.334 | 5
20 | 2.706 | 0.271 | 5
24 | 2.651 | 0.321 | 5
32 | 2.606 | 0.363 | 5
48 | 2.601 | 0.352 | 5
64 | 2.469 | 0.490 | 5

--- M-D1 CROSSCHECK-lens accuracy-vs-depth (decisional per S2.31a): A5 arm3 n_h=2 (5 seeds) ---
D | mean_xcheck_rf90 | std | n
9 | 0.500 | 0.473 | 5
10 | 0.460 | 0.498 | 5
12 | 0.420 | 0.531 | 5
14 | 0.420 | 0.530 | 5
16 | 0.410 | 0.539 | 5
20 | 0.400 | 0.548 | 5
24 | 0.400 | 0.548 | 5
32 | 0.400 | 0.548 | 5
48 | 0.390 | 0.534 | 5
64 | 0.390 | 0.534 | 5

A5 arm3: converged (final_loss < 0.02) seeds = [0, 1], non-converged seeds = [2, 3, 4]
  final_loss by seed: seed0=3.70e-04, seed1=7.14e-04, seed2=1.57e-01, seed3=7.72e-02, seed4=6.90e-02

--- M-D2 rank-vs-depth (restricted_effective_rank): A5 arm3 converged seeds ---
D | mean_rank | std | n
9 | 2.999 | 0.000 | 2
10 | 2.998 | 0.000 | 2
12 | 2.998 | 0.000 | 2
14 | 2.998 | 0.000 | 2
16 | 2.998 | 0.000 | 2
20 | 2.996 | 0.003 | 2
24 | 2.994 | 0.004 | 2
32 | 2.995 | 0.002 | 2
48 | 2.985 | 0.007 | 2
64 | 2.958 | 0.028 | 2

--- M-D1 CROSSCHECK-lens accuracy-vs-depth (decisional per S2.31a): A5 arm3 converged seeds ---
D | mean_xcheck_rf90 | std | n
9 | 1.000 | 0.000 | 2
10 | 1.000 | 0.000 | 2
12 | 1.000 | 0.000 | 2
14 | 1.000 | 0.000 | 2
16 | 1.000 | 0.000 | 2
20 | 1.000 | 0.000 | 2
24 | 1.000 | 0.000 | 2
32 | 1.000 | 0.000 | 2
48 | 0.975 | 0.035 | 2
64 | 0.975 | 0.035 | 2

--- M-D2 rank-vs-depth (restricted_effective_rank): A5 arm3 non-converged seeds ---
D | mean_rank | std | n
9 | 2.604 | 0.014 | 3
10 | 2.648 | 0.020 | 3
12 | 2.551 | 0.114 | 3
14 | 2.552 | 0.110 | 3
16 | 2.436 | 0.183 | 3
20 | 2.513 | 0.084 | 3
24 | 2.423 | 0.103 | 3
32 | 2.346 | 0.106 | 3
48 | 2.345 | 0.048 | 3
64 | 2.144 | 0.286 | 3

--- M-D1 CROSSCHECK-lens accuracy-vs-depth (decisional per S2.31a): A5 arm3 non-converged seeds ---
D | mean_xcheck_rf90 | std | n
9 | 0.167 | 0.176 | 3
10 | 0.100 | 0.100 | 3
12 | 0.033 | 0.058 | 3
14 | 0.033 | 0.029 | 3
16 | 0.017 | 0.029 | 3
20 | 0.000 | 0.000 | 3
24 | 0.000 | 0.000 | 3
32 | 0.000 | 0.000 | 3
48 | 0.000 | 0.000 | 3
64 | 0.000 | 0.000 | 3

A5 arm2: converged (final_loss < 0.02) seeds = [], non-converged seeds = [0, 1, 2, 3, 4]
  final_loss by seed: seed0=1.40e-01, seed1=3.48e-01, seed2=3.30e-01, seed3=2.53e-01, seed4=1.91e-01

--- M-D2 rank-vs-depth (restricted_effective_rank): A5 arm2 non-converged seeds ---
D | mean_rank | std | n
9 | 2.451 | 0.078 | 5
10 | 2.445 | 0.040 | 5
12 | 2.418 | 0.105 | 5
14 | 2.441 | 0.073 | 5
16 | 2.454 | 0.103 | 5
20 | 2.510 | 0.118 | 5
24 | 2.521 | 0.180 | 5
32 | 2.514 | 0.159 | 5
48 | 2.229 | 0.069 | 5
64 | 2.128 | 0.115 | 5

--- M-D1 CROSSCHECK-lens accuracy-vs-depth (decisional per S2.31a): A5 arm2 non-converged seeds ---
D | mean_xcheck_rf90 | std | n
9 | 0.020 | 0.027 | 5
10 | 0.000 | 0.000 | 5
12 | 0.000 | 0.000 | 5
14 | 0.000 | 0.000 | 5
16 | 0.010 | 0.022 | 5
20 | 0.000 | 0.000 | 5
24 | 0.000 | 0.000 | 5
32 | 0.000 | 0.000 | 5
48 | 0.000 | 0.000 | 5
64 | 0.000 | 0.000 | 5

================================================================================
Full final_loss census (all 64 cells, sorted) -- bimodality check
================================================================================
7.581e-07  S3__arm3_beta02__nh2__seed0  steps=8000
8.843e-06  S3__arm3_beta02__nh2__seed2  steps=8000
1.075e-05  S3__arm3_beta02__nh2__seed4  steps=8000
2.180e-05  S3__arm3_beta02__nh2__seed1  steps=8000
3.199e-05  A6__arm3_beta02__nh4__seed2  steps=40000
7.144e-05  A6__arm3_beta02__nh4__seed1  steps=40000
8.150e-05  A6__arm3_beta02__nh4__seed0  steps=40000
9.847e-05  S4__arm3_beta02__nh2__seed0  steps=20000
1.383e-04  S4__arm3_beta02__nh2__seed3  steps=20000
1.741e-04  S4__arm3_beta02__nh2__seed2  steps=20000
3.110e-04  S4__arm3_beta02__nh2__seed1  steps=20000
3.701e-04  A5__arm3_beta02__nh2__seed0  steps=20000
4.903e-04  S4__arm3_beta02__nh2__seed4  steps=20000
7.135e-04  A5__arm3_beta02__nh2__seed1  steps=20000
9.559e-04  S5__arm3_beta02__nh4__seed3  steps=8000
1.213e-03  S5__arm3_beta02__nh4__seed4  steps=8000
1.895e-03  S5__arm3_beta02__nh4__seed0  steps=8000
6.408e-03  S5__arm3_beta02__nh4__seed1  steps=8000
1.175e-02  S5__arm3_beta02__nh4__seed2  steps=8000
3.683e-02  S3__arm2_beta01__nh2__seed0  steps=8000
5.079e-02  S5__arm3_beta02__nh2__seed1  steps=8000
6.039e-02  S4__arm2_beta01__nh2__seed0  steps=20000
6.903e-02  A5__arm3_beta02__nh2__seed4  steps=20000
7.289e-02  A6__arm3_beta02__nh2__seed0  steps=40000
7.350e-02  S3__arm3_beta02__nh2__seed3  steps=8000
7.721e-02  A5__arm3_beta02__nh2__seed3  steps=20000
1.124e-01  S5__arm2_beta01__nh2__seed1  steps=8000
1.236e-01  S5__arm3_beta02__nh2__seed3  steps=8000
1.288e-01  S5__arm2_beta01__nh2__seed3  steps=8000
1.398e-01  A5__arm2_beta01__nh2__seed0  steps=20000
1.551e-01  S5__arm3_beta02__nh1__seed1  steps=8000
1.566e-01  S5__arm3_beta02__nh2__seed0  steps=8000
1.568e-01  A5__arm3_beta02__nh2__seed2  steps=20000
1.707e-01  A6__arm3_beta02__nh2__seed3  steps=40000
1.769e-01  S5__arm2_beta01__nh2__seed0  steps=8000
1.834e-01  A6__arm2_beta01__nh2__seed0  steps=40000
1.914e-01  A5__arm2_beta01__nh2__seed4  steps=20000
2.086e-01  A6__arm3_beta02__nh1__seed0  steps=40000
2.300e-01  S5__arm3_beta02__nh1__seed0  steps=8000
2.402e-01  A6__arm3_beta02__nh2__seed4  steps=40000
2.418e-01  S5__arm3_beta02__nh2__seed4  steps=8000
2.445e-01  S5__arm2_beta01__nh2__seed4  steps=8000
2.531e-01  A5__arm2_beta01__nh2__seed3  steps=20000
2.594e-01  A6__arm3_beta02__nh2__seed2  steps=40000
2.727e-01  S3__arm2_beta01__nh2__seed2  steps=8000
2.850e-01  S3__arm2_beta01__nh2__seed1  steps=8000
2.918e-01  S3__arm2_beta01__nh2__seed4  steps=8000
2.930e-01  A6__arm3_beta02__nh2__seed1  steps=40000
2.931e-01  S3__arm2_beta01__nh2__seed3  steps=8000
2.999e-01  A6__arm2_beta01__nh2__seed3  steps=40000
3.204e-01  A6__arm2_beta01__nh2__seed1  steps=40000
3.243e-01  S4__arm2_beta01__nh2__seed1  steps=20000
3.278e-01  A6__arm2_beta01__nh2__seed4  steps=40000
3.285e-01  S5__arm3_beta02__nh2__seed2  steps=8000
3.300e-01  A5__arm2_beta01__nh2__seed2  steps=20000
3.345e-01  S4__arm2_beta01__nh2__seed2  steps=20000
3.349e-01  S4__arm2_beta01__nh2__seed3  steps=20000
3.430e-01  S5__arm2_beta01__nh2__seed2  steps=8000
3.458e-01  S5__arm3_beta02__nh1__seed2  steps=8000
3.475e-01  A5__arm2_beta01__nh2__seed1  steps=20000
3.499e-01  A6__arm2_beta01__nh2__seed2  steps=40000
3.515e-01  S4__arm2_beta01__nh2__seed4  steps=20000
3.628e-01  A6__arm3_beta02__nh1__seed2  steps=40000
3.996e-01  A6__arm3_beta02__nh1__seed1  steps=40000
