
========================================================================================
STEP 2 -- calibrated bar selection: largest 5%-of-|G| bar such that
(a) it clears the healthy-sampler 1st-percentile floor (>=99% of
healthy N=50 draws pass) AND (b) it strictly exceeds the
undersampled (L=1 pathological) ceiling -- note undersamp max is a
DETERMINISTIC hard cap at L=1 (== |gens|, never exceedable by
construction, not just a statistical tail), so bar>u_max alone
already guarantees a 100%, not just high-probability, fail rate
for that corruption mode -- both conditions numerically checked.
========================================================================================
Group    |G|  healthy p1   undersamp max  bar (frac)  bar (count)  p1 margin  undersamp mult
--------------------------------------------------------------------------------------------
A6       360          23               4        0.05         18.0        5.0            4.50

========================================================================================
STEP 2 -- calibrated bar selection: largest 5%-of-|G| bar such that
(a) it clears the healthy-sampler 1st-percentile floor (>=99% of
healthy N=50 draws pass) AND (b) it strictly exceeds the
undersampled (L=1 pathological) ceiling -- note undersamp max is a
DETERMINISTIC hard cap at L=1 (== |gens|, never exceedable by
construction, not just a statistical tail), so bar>u_max alone
already guarantees a 100%, not just high-probability, fail rate
for that corruption mode -- both conditions numerically checked.
========================================================================================
Group    |G|  healthy p1   undersamp max  bar (frac)  bar (count)  p1 margin  undersamp mult
--------------------------------------------------------------------------------------------
A6       360          27               4        0.05         18.0        9.0            4.50

========================================================================================
STEP 2 -- calibrated bar selection: largest 5%-of-|G| bar such that
(a) it clears the healthy-sampler 1st-percentile floor (>=99% of
healthy N=50 draws pass) AND (b) it strictly exceeds the
undersampled (L=1 pathological) ceiling -- note undersamp max is a
DETERMINISTIC hard cap at L=1 (== |gens|, never exceedable by
construction, not just a statistical tail), so bar>u_max alone
already guarantees a 100%, not just high-probability, fail rate
for that corruption mode -- both conditions numerically checked.
========================================================================================
Group    |G|  healthy p1   undersamp max  bar (frac)  bar (count)  p1 margin  undersamp mult
--------------------------------------------------------------------------------------------
A6       360          30               4        0.05         18.0       12.0            4.50

========================================================================================
STEP 2 -- calibrated bar selection: largest 5%-of-|G| bar such that
(a) it clears the healthy-sampler 1st-percentile floor (>=99% of
healthy N=50 draws pass) AND (b) it strictly exceeds the
undersampled (L=1 pathological) ceiling -- note undersamp max is a
DETERMINISTIC hard cap at L=1 (== |gens|, never exceedable by
construction, not just a statistical tail), so bar>u_max alone
already guarantees a 100%, not just high-probability, fail rate
for that corruption mode -- both conditions numerically checked.
========================================================================================
Group    |G|  healthy p1   undersamp max  bar (frac)  bar (count)  p1 margin  undersamp mult
--------------------------------------------------------------------------------------------
A6       360          33               4        0.05         18.0       15.0            4.50

========================================================================================
STEP 2 -- calibrated bar selection: largest 5%-of-|G| bar such that
(a) it clears the healthy-sampler 1st-percentile floor (>=99% of
healthy N=50 draws pass) AND (b) it strictly exceeds the
undersampled (L=1 pathological) ceiling -- note undersamp max is a
DETERMINISTIC hard cap at L=1 (== |gens|, never exceedable by
construction, not just a statistical tail), so bar>u_max alone
already guarantees a 100%, not just high-probability, fail rate
for that corruption mode -- both conditions numerically checked.
========================================================================================
Group    |G|  healthy p1   undersamp max  bar (frac)  bar (count)  p1 margin  undersamp mult
--------------------------------------------------------------------------------------------
A6       360          35               4        0.05         18.0       17.0            4.50
[1/26] A6__arm3_beta02__nh1__seed0: D4=0.00 D5=0.00 D6=0.05 D7=0.00 D8=0.00
[2/26] A6__arm3_beta02__nh1__seed1: D4=0.25 D5=0.00 D6=0.00 D7=0.00 D8=0.00
[3/26] A6__arm3_beta02__nh1__seed2: D4=0.00 D5=0.10 D6=0.10 D7=0.00 D8=0.00
[4/26] A6__arm3_beta02__nh2__seed0: D4=0.60 D5=0.50 D6=0.35 D7=0.10 D8=0.20
[5/26] A6__arm3_beta02__nh2__seed1: D4=0.20 D5=0.10 D6=0.10 D7=0.00 D8=0.00
[6/26] A6__arm3_beta02__nh2__seed2: D4=0.75 D5=0.55 D6=0.30 D7=0.25 D8=0.15
[7/26] A6__arm3_beta02__nh2__seed3: D4=0.75 D5=0.40 D6=0.75 D7=0.55 D8=0.25
[8/26] A6__arm3_beta02__nh2__seed4: D4=0.65 D5=0.40 D6=0.50 D7=0.30 D8=0.35
[9/26] A6__arm3_beta02__nh4__seed0: D4=1.00 D5=1.00 D6=1.00 D7=1.00 D8=1.00
[10/26] A6__arm3_beta02__nh4__seed1: D4=1.00 D5=1.00 D6=1.00 D7=1.00 D8=1.00
[11/26] A6__arm3_beta02__nh4__seed2: D4=1.00 D5=1.00 D6=1.00 D7=1.00 D8=1.00

========================================================================================
STEP 2 -- calibrated bar selection: largest 5%-of-|G| bar such that
(a) it clears the healthy-sampler 1st-percentile floor (>=99% of
healthy N=50 draws pass) AND (b) it strictly exceeds the
undersampled (L=1 pathological) ceiling -- note undersamp max is a
DETERMINISTIC hard cap at L=1 (== |gens|, never exceedable by
construction, not just a statistical tail), so bar>u_max alone
already guarantees a 100%, not just high-probability, fail rate
for that corruption mode -- both conditions numerically checked.
========================================================================================
Group    |G|  healthy p1   undersamp max  bar (frac)  bar (count)  p1 margin  undersamp mult
--------------------------------------------------------------------------------------------
S5       120          13               3        0.10         12.0        1.0            4.00

========================================================================================
STEP 2 -- calibrated bar selection: largest 5%-of-|G| bar such that
(a) it clears the healthy-sampler 1st-percentile floor (>=99% of
healthy N=50 draws pass) AND (b) it strictly exceeds the
undersampled (L=1 pathological) ceiling -- note undersamp max is a
DETERMINISTIC hard cap at L=1 (== |gens|, never exceedable by
construction, not just a statistical tail), so bar>u_max alone
already guarantees a 100%, not just high-probability, fail rate
for that corruption mode -- both conditions numerically checked.
========================================================================================
Group    |G|  healthy p1   undersamp max  bar (frac)  bar (count)  p1 margin  undersamp mult
--------------------------------------------------------------------------------------------
S5       120          16               3        0.10         12.0        4.0            4.00

========================================================================================
STEP 2 -- calibrated bar selection: largest 5%-of-|G| bar such that
(a) it clears the healthy-sampler 1st-percentile floor (>=99% of
healthy N=50 draws pass) AND (b) it strictly exceeds the
undersampled (L=1 pathological) ceiling -- note undersamp max is a
DETERMINISTIC hard cap at L=1 (== |gens|, never exceedable by
construction, not just a statistical tail), so bar>u_max alone
already guarantees a 100%, not just high-probability, fail rate
for that corruption mode -- both conditions numerically checked.
========================================================================================
Group    |G|  healthy p1   undersamp max  bar (frac)  bar (count)  p1 margin  undersamp mult
--------------------------------------------------------------------------------------------
S5       120          19               3        0.15         18.0        1.0            6.00

========================================================================================
STEP 2 -- calibrated bar selection: largest 5%-of-|G| bar such that
(a) it clears the healthy-sampler 1st-percentile floor (>=99% of
healthy N=50 draws pass) AND (b) it strictly exceeds the
undersampled (L=1 pathological) ceiling -- note undersamp max is a
DETERMINISTIC hard cap at L=1 (== |gens|, never exceedable by
construction, not just a statistical tail), so bar>u_max alone
already guarantees a 100%, not just high-probability, fail rate
for that corruption mode -- both conditions numerically checked.
========================================================================================
Group    |G|  healthy p1   undersamp max  bar (frac)  bar (count)  p1 margin  undersamp mult
--------------------------------------------------------------------------------------------
S5       120          21               3        0.15         18.0        3.0            6.00

========================================================================================
STEP 2 -- calibrated bar selection: largest 5%-of-|G| bar such that
(a) it clears the healthy-sampler 1st-percentile floor (>=99% of
healthy N=50 draws pass) AND (b) it strictly exceeds the
undersampled (L=1 pathological) ceiling -- note undersamp max is a
DETERMINISTIC hard cap at L=1 (== |gens|, never exceedable by
construction, not just a statistical tail), so bar>u_max alone
already guarantees a 100%, not just high-probability, fail rate
for that corruption mode -- both conditions numerically checked.
========================================================================================
Group    |G|  healthy p1   undersamp max  bar (frac)  bar (count)  p1 margin  undersamp mult
--------------------------------------------------------------------------------------------
S5       120          24               3        0.15         18.0        6.0            6.00
[12/26] S5__arm3_beta02__nh4__seed0: D4=1.00 D5=1.00 D6=1.00 D7=1.00 D8=1.00

========================================================================================
STEP 2 -- calibrated bar selection: largest 5%-of-|G| bar such that
(a) it clears the healthy-sampler 1st-percentile floor (>=99% of
healthy N=50 draws pass) AND (b) it strictly exceeds the
undersampled (L=1 pathological) ceiling -- note undersamp max is a
DETERMINISTIC hard cap at L=1 (== |gens|, never exceedable by
construction, not just a statistical tail), so bar>u_max alone
already guarantees a 100%, not just high-probability, fail rate
for that corruption mode -- both conditions numerically checked.
========================================================================================
Group    |G|  healthy p1   undersamp max  bar (frac)  bar (count)  p1 margin  undersamp mult
--------------------------------------------------------------------------------------------
S5       120          10               3        0.05          6.0        4.0            2.00
[13/26] S5__arm3_beta02__nh4__seed1: D3=1.00 D4=0.95 D5=0.90 D6=0.60 D7=0.35 D8=0.45
[14/26] S5__arm3_beta02__nh4__seed2: D4=1.00 D5=1.00 D6=1.00 D7=1.00 D8=1.00
[15/26] S5__arm3_beta02__nh4__seed3: D4=1.00 D5=1.00 D6=1.00 D7=1.00 D8=1.00
[16/26] S5__arm3_beta02__nh4__seed4: D3=1.00 D4=1.00 D5=1.00 D6=1.00 D7=1.00 D8=1.00

========================================================================================
STEP 2 -- calibrated bar selection: largest 5%-of-|G| bar such that
(a) it clears the healthy-sampler 1st-percentile floor (>=99% of
healthy N=50 draws pass) AND (b) it strictly exceeds the
undersampled (L=1 pathological) ceiling -- note undersamp max is a
DETERMINISTIC hard cap at L=1 (== |gens|, never exceedable by
construction, not just a statistical tail), so bar>u_max alone
already guarantees a 100%, not just high-probability, fail rate
for that corruption mode -- both conditions numerically checked.
========================================================================================
Group    |G|  healthy p1   undersamp max  bar (frac)  bar (count)  p1 margin  undersamp mult
--------------------------------------------------------------------------------------------
A5        60          11               4        0.15          9.0        2.0            2.25

========================================================================================
STEP 2 -- calibrated bar selection: largest 5%-of-|G| bar such that
(a) it clears the healthy-sampler 1st-percentile floor (>=99% of
healthy N=50 draws pass) AND (b) it strictly exceeds the
undersampled (L=1 pathological) ceiling -- note undersamp max is a
DETERMINISTIC hard cap at L=1 (== |gens|, never exceedable by
construction, not just a statistical tail), so bar>u_max alone
already guarantees a 100%, not just high-probability, fail rate
for that corruption mode -- both conditions numerically checked.
========================================================================================
Group    |G|  healthy p1   undersamp max  bar (frac)  bar (count)  p1 margin  undersamp mult
--------------------------------------------------------------------------------------------
A5        60          17               4        0.25         15.0        2.0            3.75

========================================================================================
STEP 2 -- calibrated bar selection: largest 5%-of-|G| bar such that
(a) it clears the healthy-sampler 1st-percentile floor (>=99% of
healthy N=50 draws pass) AND (b) it strictly exceeds the
undersampled (L=1 pathological) ceiling -- note undersamp max is a
DETERMINISTIC hard cap at L=1 (== |gens|, never exceedable by
construction, not just a statistical tail), so bar>u_max alone
already guarantees a 100%, not just high-probability, fail rate
for that corruption mode -- both conditions numerically checked.
========================================================================================
Group    |G|  healthy p1   undersamp max  bar (frac)  bar (count)  p1 margin  undersamp mult
--------------------------------------------------------------------------------------------
A5        60          20               4        0.30         18.0        2.0            4.50

========================================================================================
STEP 2 -- calibrated bar selection: largest 5%-of-|G| bar such that
(a) it clears the healthy-sampler 1st-percentile floor (>=99% of
healthy N=50 draws pass) AND (b) it strictly exceeds the
undersampled (L=1 pathological) ceiling -- note undersamp max is a
DETERMINISTIC hard cap at L=1 (== |gens|, never exceedable by
construction, not just a statistical tail), so bar>u_max alone
already guarantees a 100%, not just high-probability, fail rate
for that corruption mode -- both conditions numerically checked.
========================================================================================
Group    |G|  healthy p1   undersamp max  bar (frac)  bar (count)  p1 margin  undersamp mult
--------------------------------------------------------------------------------------------
A5        60          23               4        0.35         21.0        2.0            5.25

========================================================================================
STEP 2 -- calibrated bar selection: largest 5%-of-|G| bar such that
(a) it clears the healthy-sampler 1st-percentile floor (>=99% of
healthy N=50 draws pass) AND (b) it strictly exceeds the
undersampled (L=1 pathological) ceiling -- note undersamp max is a
DETERMINISTIC hard cap at L=1 (== |gens|, never exceedable by
construction, not just a statistical tail), so bar>u_max alone
already guarantees a 100%, not just high-probability, fail rate
for that corruption mode -- both conditions numerically checked.
========================================================================================
Group    |G|  healthy p1   undersamp max  bar (frac)  bar (count)  p1 margin  undersamp mult
--------------------------------------------------------------------------------------------
A5        60          25               4        0.40         24.0        1.0            6.00

========================================================================================
STEP 2 -- calibrated bar selection: largest 5%-of-|G| bar such that
(a) it clears the healthy-sampler 1st-percentile floor (>=99% of
healthy N=50 draws pass) AND (b) it strictly exceeds the
undersampled (L=1 pathological) ceiling -- note undersamp max is a
DETERMINISTIC hard cap at L=1 (== |gens|, never exceedable by
construction, not just a statistical tail), so bar>u_max alone
already guarantees a 100%, not just high-probability, fail rate
for that corruption mode -- both conditions numerically checked.
========================================================================================
Group    |G|  healthy p1   undersamp max  bar (frac)  bar (count)  p1 margin  undersamp mult
--------------------------------------------------------------------------------------------
A5        60          26               4        0.40         24.0        2.0            6.00

========================================================================================
STEP 2 -- calibrated bar selection: largest 5%-of-|G| bar such that
(a) it clears the healthy-sampler 1st-percentile floor (>=99% of
healthy N=50 draws pass) AND (b) it strictly exceeds the
undersampled (L=1 pathological) ceiling -- note undersamp max is a
DETERMINISTIC hard cap at L=1 (== |gens|, never exceedable by
construction, not just a statistical tail), so bar>u_max alone
already guarantees a 100%, not just high-probability, fail rate
for that corruption mode -- both conditions numerically checked.
========================================================================================
Group    |G|  healthy p1   undersamp max  bar (frac)  bar (count)  p1 margin  undersamp mult
--------------------------------------------------------------------------------------------
A5        60          27               4        0.40         24.0        3.0            6.00
[17/26] A5__arm2_beta01__nh2__seed0: D2=0.95 D3=0.20 D4=0.05 D5=0.00 D6=0.05 D7=0.00 D8=0.00
[18/26] A5__arm2_beta01__nh2__seed1: D2=1.00 D3=0.35 D4=0.20 D5=0.05 D6=0.05 D7=0.00 D8=0.00
[19/26] A5__arm2_beta01__nh2__seed2: D2=0.80 D3=0.35 D4=0.00 D5=0.10 D6=0.00 D7=0.00 D8=0.00
[20/26] A5__arm2_beta01__nh2__seed3: D2=0.85 D3=0.50 D4=0.05 D5=0.00 D6=0.00 D7=0.00 D8=0.00
[21/26] A5__arm2_beta01__nh2__seed4: D2=1.00 D3=0.50 D4=0.15 D5=0.00 D6=0.00 D7=0.00 D8=0.00
[22/26] A5__arm3_beta02__nh2__seed0: D2=1.00 D3=1.00 D4=1.00 D5=1.00 D6=1.00 D7=1.00 D8=1.00
[23/26] A5__arm3_beta02__nh2__seed1: D2=1.00 D3=1.00 D4=1.00 D5=1.00 D6=1.00 D7=1.00 D8=1.00
[24/26] A5__arm3_beta02__nh2__seed2: D2=0.90 D3=0.75 D4=0.55 D5=0.30 D6=0.55 D7=0.05 D8=0.05
[25/26] A5__arm3_beta02__nh2__seed3: D2=1.00 D3=0.85 D4=0.75 D5=0.75 D6=0.55 D7=0.05 D8=0.30
[26/26] A5__arm3_beta02__nh2__seed4: D2=1.00 D3=0.95 D4=0.75 D5=0.00 D6=0.05 D7=0.15 D8=0.10
bit-identical primary reproduction: 152/152 evaluated rows
wrote diag_2p34_md0_xcheck_output.json
DIAG_2P34_MD0_DONE
