fatal: not a git repository (or any of the parent directories): .git
  [ncr_ncr_K8_s0] step      1  cosine_loss 0.9998  elapsed 1s
  [ncr_ncr_K8_s0] step    500  cosine_loss 0.9990  elapsed 25s
  [ncr_ncr_K8_s0] step   1000  cosine_loss 0.9970  elapsed 50s
  [ncr_ncr_K8_s0] step   1500  cosine_loss 1.0090  elapsed 75s
  [ncr_ncr_K8_s0] step   2000  cosine_loss 1.0125  elapsed 100s
  [ncr_ncr_K8_s0] step   2500  cosine_loss 0.9898  elapsed 125s
  [ncr_ncr_K8_s0] step   3000  cosine_loss 1.0051  elapsed 150s
  [ncr_ncr_K8_s0] step   3500  cosine_loss 1.0084  elapsed 176s
  [ncr_ncr_K8_s0] step   4000  cosine_loss 0.9923  elapsed 201s
  [ncr_ncr_K8_s0] step   4500  cosine_loss 1.0148  elapsed 226s
  [ncr_ncr_K8_s0] step   5000  cosine_loss 1.0030  elapsed 251s
  [ncr_ncr_K8_s0] step   5500  cosine_loss 0.9994  elapsed 276s
  [ncr_ncr_K8_s0] step   6000  cosine_loss 0.9960  elapsed 301s
  [ncr_ncr_K8_s0] step   6500  cosine_loss 0.9951  elapsed 326s
  [ncr_ncr_K8_s0] step   7000  cosine_loss 1.0076  elapsed 352s
  [ncr_ncr_K8_s0] step   7500  cosine_loss 1.0153  elapsed 378s
  [ncr_ncr_K8_s0] step   8000  cosine_loss 1.0051  elapsed 403s
  [ncr_ncr_K8_s0] step   8500  cosine_loss 0.9878  elapsed 429s
  [ncr_ncr_K8_s0] step   9000  cosine_loss 1.0055  elapsed 454s
  [ncr_ncr_K8_s0] step   9500  cosine_loss 1.0028  elapsed 479s
  [ncr_ncr_K8_s0] step  10000  cosine_loss 1.0027  elapsed 505s
  [ncr_ncr_K8_s0] step  10500  cosine_loss 0.9941  elapsed 531s
  [ncr_ncr_K8_s0] step  11000  cosine_loss 0.9943  elapsed 556s
  [ncr_ncr_K8_s0] step  11500  cosine_loss 0.9930  elapsed 581s
  [ncr_ncr_K8_s0] step  12000  cosine_loss 0.9936  elapsed 606s
  [ncr_ncr_K8_s0] step  12500  cosine_loss 1.0051  elapsed 631s
  [ncr_ncr_K8_s0] step  13000  cosine_loss 1.0018  elapsed 657s
  [ncr_ncr_K8_s0] step  13500  cosine_loss 0.9978  elapsed 682s
  [ncr_ncr_K8_s0] step  14000  cosine_loss 0.9905  elapsed 706s
  [ncr_ncr_K8_s0] step  14500  cosine_loss 1.0079  elapsed 732s
  [ncr_ncr_K8_s0] step  15000  cosine_loss 0.9898  elapsed 758s
  [ncr_ncr_K8_s0] step  15500  cosine_loss 1.0092  elapsed 783s
  [ncr_ncr_K8_s0] step  16000  cosine_loss 1.0130  elapsed 809s
  [ncr_ncr_K8_s0] step  16500  cosine_loss 0.9986  elapsed 834s
  [ncr_ncr_K8_s0] step  17000  cosine_loss 0.9970  elapsed 860s
  [ncr_ncr_K8_s0] step  17500  cosine_loss 1.0051  elapsed 885s
  [ncr_ncr_K8_s0] step  18000  cosine_loss 1.0032  elapsed 910s
  [ncr_ncr_K8_s0] step  18500  cosine_loss 0.9921  elapsed 936s
  [ncr_ncr_K8_s0] step  19000  cosine_loss 0.9919  elapsed 961s
  [ncr_ncr_K8_s0] step  19500  cosine_loss 0.9929  elapsed 986s
  [ncr_ncr_K8_s0] step  20000  cosine_loss 0.9996  elapsed 1011s
  [ncr_ncr_K8_s0] step  20500  cosine_loss 0.9890  elapsed 1037s
  [ncr_ncr_K8_s0] step  21000  cosine_loss 1.0001  elapsed 1062s
  [ncr_ncr_K8_s0] step  21500  cosine_loss 0.9799  elapsed 1087s
  [ncr_ncr_K8_s0] step  22000  cosine_loss 0.9925  elapsed 1112s
  [ncr_ncr_K8_s0] step  22500  cosine_loss 0.9901  elapsed 1137s
  [ncr_ncr_K8_s0] step  23000  cosine_loss 0.9886  elapsed 1163s
  [ncr_ncr_K8_s0] step  23500  cosine_loss 0.9870  elapsed 1188s
  [ncr_ncr_K8_s0] step  24000  cosine_loss 0.9873  elapsed 1213s
  [ncr_ncr_K8_s0] step  24500  cosine_loss 0.9779  elapsed 1238s
  [ncr_ncr_K8_s0] step  25000  cosine_loss 0.9855  elapsed 1263s
  [ncr_ncr_K8_s0] step  25500  cosine_loss 0.9712  elapsed 1288s
  [ncr_ncr_K8_s0] step  26000  cosine_loss 0.9801  elapsed 1312s
  [ncr_ncr_K8_s0] step  26500  cosine_loss 0.9856  elapsed 1337s
  [ncr_ncr_K8_s0] step  27000  cosine_loss 0.9820  elapsed 1362s
  [ncr_ncr_K8_s0] step  27500  cosine_loss 0.9795  elapsed 1387s
  [ncr_ncr_K8_s0] step  28000  cosine_loss 0.9725  elapsed 1412s
  [ncr_ncr_K8_s0] step  28500  cosine_loss 0.9630  elapsed 1437s
  [ncr_ncr_K8_s0] step  29000  cosine_loss 0.9656  elapsed 1462s
  [ncr_ncr_K8_s0] step  29500  cosine_loss 0.9643  elapsed 1487s
  [ncr_ncr_K8_s0] step  30000  cosine_loss 0.9437  elapsed 1511s
  [ncr_ncr_K8_s0] step  30500  cosine_loss 0.9421  elapsed 1536s
  [ncr_ncr_K8_s0] step  31000  cosine_loss 0.9225  elapsed 1561s
  [ncr_ncr_K8_s0] step  31500  cosine_loss 0.8916  elapsed 1586s
  [ncr_ncr_K8_s0] step  32000  cosine_loss 0.8355  elapsed 1611s
  [ncr_ncr_K8_s0] step  32500  cosine_loss 0.7721  elapsed 1636s
  [ncr_ncr_K8_s0] step  33000  cosine_loss 0.6449  elapsed 1660s
  [ncr_ncr_K8_s0] step  33500  cosine_loss 0.5603  elapsed 1685s
  [ncr_ncr_K8_s0] step  34000  cosine_loss 0.4886  elapsed 1710s
  [ncr_ncr_K8_s0] step  34500  cosine_loss 0.4303  elapsed 1735s
  [ncr_ncr_K8_s0] step  35000  cosine_loss 0.3906  elapsed 1760s
  [ncr_ncr_K8_s0] step  35500  cosine_loss 0.3296  elapsed 1784s
  [ncr_ncr_K8_s0] step  36000  cosine_loss 0.2920  elapsed 1809s
  [ncr_ncr_K8_s0] step  36500  cosine_loss 0.2371  elapsed 1834s
  [ncr_ncr_K8_s0] step  37000  cosine_loss 0.2182  elapsed 1859s
  [ncr_ncr_K8_s0] step  37500  cosine_loss 0.1899  elapsed 1884s
  [ncr_ncr_K8_s0] step  38000  cosine_loss 0.1660  elapsed 1909s
  [ncr_ncr_K8_s0] step  38500  cosine_loss 0.1497  elapsed 1933s
  [ncr_ncr_K8_s0] step  39000  cosine_loss 0.1311  elapsed 1958s
  [ncr_ncr_K8_s0] step  39500  cosine_loss 0.1042  elapsed 1983s
  [ncr_ncr_K8_s0] step  40000  cosine_loss 0.0777  elapsed 2008s
  [ncr_ncr_K8_s0] COMPLETED in 2439s -> /home/nvidia/ncr/results/ncr_ncr_K8_s0.json
