fatal: not a git repository (or any of the parent directories): .git
  [ncr_fwm_K8_s0] step      1  cosine_loss 0.9967  elapsed 1s
  [ncr_fwm_K8_s0] step    500  cosine_loss 0.1294  elapsed 26s
  [ncr_fwm_K8_s0] step   1000  cosine_loss 0.0515  elapsed 51s
  [ncr_fwm_K8_s0] step   1500  cosine_loss 0.0438  elapsed 75s
  [ncr_fwm_K8_s0] step   2000  cosine_loss 0.0382  elapsed 100s
  [ncr_fwm_K8_s0] step   2500  cosine_loss 0.0399  elapsed 125s
  [ncr_fwm_K8_s0] step   3000  cosine_loss 0.0375  elapsed 150s
  [ncr_fwm_K8_s0] step   3500  cosine_loss 0.0354  elapsed 176s
  [ncr_fwm_K8_s0] step   4000  cosine_loss 0.0365  elapsed 201s
  [ncr_fwm_K8_s0] step   4500  cosine_loss 0.0350  elapsed 226s
  [ncr_fwm_K8_s0] step   5000  cosine_loss 0.0385  elapsed 251s
  [ncr_fwm_K8_s0] step   5500  cosine_loss 0.0338  elapsed 276s
  [ncr_fwm_K8_s0] step   6000  cosine_loss 0.0365  elapsed 302s
  [ncr_fwm_K8_s0] step   6500  cosine_loss 0.0347  elapsed 327s
  [ncr_fwm_K8_s0] step   7000  cosine_loss 0.0365  elapsed 353s
  [ncr_fwm_K8_s0] step   7500  cosine_loss 0.0359  elapsed 378s
  [ncr_fwm_K8_s0] step   8000  cosine_loss 0.0369  elapsed 404s
  [ncr_fwm_K8_s0] step   8500  cosine_loss 0.0355  elapsed 429s
  [ncr_fwm_K8_s0] step   9000  cosine_loss 0.0369  elapsed 454s
  [ncr_fwm_K8_s0] step   9500  cosine_loss 0.0354  elapsed 480s
  [ncr_fwm_K8_s0] step  10000  cosine_loss 0.0352  elapsed 505s
  [ncr_fwm_K8_s0] step  10500  cosine_loss 0.0343  elapsed 531s
  [ncr_fwm_K8_s0] step  11000  cosine_loss 0.0331  elapsed 557s
  [ncr_fwm_K8_s0] step  11500  cosine_loss 0.0367  elapsed 582s
  [ncr_fwm_K8_s0] step  12000  cosine_loss 0.0350  elapsed 606s
  [ncr_fwm_K8_s0] step  12500  cosine_loss 0.0347  elapsed 632s
  [ncr_fwm_K8_s0] step  13000  cosine_loss 0.0349  elapsed 657s
  [ncr_fwm_K8_s0] step  13500  cosine_loss 0.0360  elapsed 682s
  [ncr_fwm_K8_s0] step  14000  cosine_loss 0.0344  elapsed 707s
  [ncr_fwm_K8_s0] step  14500  cosine_loss 0.0317  elapsed 733s
  [ncr_fwm_K8_s0] step  15000  cosine_loss 0.0346  elapsed 759s
  [ncr_fwm_K8_s0] step  15500  cosine_loss 0.0336  elapsed 784s
  [ncr_fwm_K8_s0] step  16000  cosine_loss 0.0336  elapsed 809s
  [ncr_fwm_K8_s0] step  16500  cosine_loss 0.0324  elapsed 835s
  [ncr_fwm_K8_s0] step  17000  cosine_loss 0.0323  elapsed 860s
  [ncr_fwm_K8_s0] step  17500  cosine_loss 0.0339  elapsed 885s
  [ncr_fwm_K8_s0] step  18000  cosine_loss 0.0316  elapsed 910s
  [ncr_fwm_K8_s0] step  18500  cosine_loss 0.0327  elapsed 937s
  [ncr_fwm_K8_s0] step  19000  cosine_loss 0.0325  elapsed 962s
  [ncr_fwm_K8_s0] step  19500  cosine_loss 0.0335  elapsed 987s
  [ncr_fwm_K8_s0] step  20000  cosine_loss 0.0336  elapsed 1012s
  [ncr_fwm_K8_s0] step  20500  cosine_loss 0.0313  elapsed 1038s
  [ncr_fwm_K8_s0] step  21000  cosine_loss 0.0315  elapsed 1064s
  [ncr_fwm_K8_s0] step  21500  cosine_loss 0.0329  elapsed 1091s
  [ncr_fwm_K8_s0] step  22000  cosine_loss 0.0318  elapsed 1116s
  [ncr_fwm_K8_s0] step  22500  cosine_loss 0.0328  elapsed 1142s
  [ncr_fwm_K8_s0] step  23000  cosine_loss 0.0340  elapsed 1167s
  [ncr_fwm_K8_s0] step  23500  cosine_loss 0.0340  elapsed 1193s
  [ncr_fwm_K8_s0] step  24000  cosine_loss 0.0352  elapsed 1218s
  [ncr_fwm_K8_s0] step  24500  cosine_loss 0.0328  elapsed 1243s
  [ncr_fwm_K8_s0] step  25000  cosine_loss 0.0329  elapsed 1268s
  [ncr_fwm_K8_s0] step  25500  cosine_loss 0.0334  elapsed 1293s
  [ncr_fwm_K8_s0] step  26000  cosine_loss 0.0341  elapsed 1318s
  [ncr_fwm_K8_s0] step  26500  cosine_loss 0.0311  elapsed 1343s
  [ncr_fwm_K8_s0] step  27000  cosine_loss 0.0314  elapsed 1368s
  [ncr_fwm_K8_s0] step  27500  cosine_loss 0.0314  elapsed 1393s
  [ncr_fwm_K8_s0] step  28000  cosine_loss 0.0316  elapsed 1418s
  [ncr_fwm_K8_s0] step  28500  cosine_loss 0.0319  elapsed 1443s
  [ncr_fwm_K8_s0] step  29000  cosine_loss 0.0319  elapsed 1467s
  [ncr_fwm_K8_s0] step  29500  cosine_loss 0.0317  elapsed 1492s
  [ncr_fwm_K8_s0] step  30000  cosine_loss 0.0316  elapsed 1517s
  [ncr_fwm_K8_s0] step  30500  cosine_loss 0.0315  elapsed 1542s
  [ncr_fwm_K8_s0] step  31000  cosine_loss 0.0322  elapsed 1567s
  [ncr_fwm_K8_s0] step  31500  cosine_loss 0.0315  elapsed 1592s
  [ncr_fwm_K8_s0] step  32000  cosine_loss 0.0306  elapsed 1617s
  [ncr_fwm_K8_s0] step  32500  cosine_loss 0.0310  elapsed 1642s
  [ncr_fwm_K8_s0] step  33000  cosine_loss 0.0318  elapsed 1666s
  [ncr_fwm_K8_s0] step  33500  cosine_loss 0.0291  elapsed 1691s
  [ncr_fwm_K8_s0] step  34000  cosine_loss 0.0299  elapsed 1716s
  [ncr_fwm_K8_s0] step  34500  cosine_loss 0.0296  elapsed 1741s
  [ncr_fwm_K8_s0] step  35000  cosine_loss 0.0287  elapsed 1766s
  [ncr_fwm_K8_s0] step  35500  cosine_loss 0.0289  elapsed 1791s
  [ncr_fwm_K8_s0] step  36000  cosine_loss 0.0292  elapsed 1816s
  [ncr_fwm_K8_s0] step  36500  cosine_loss 0.0301  elapsed 1841s
  [ncr_fwm_K8_s0] step  37000  cosine_loss 0.0305  elapsed 1866s
  [ncr_fwm_K8_s0] step  37500  cosine_loss 0.0294  elapsed 1890s
  [ncr_fwm_K8_s0] step  38000  cosine_loss 0.0291  elapsed 1915s
  [ncr_fwm_K8_s0] step  38500  cosine_loss 0.0298  elapsed 1940s
  [ncr_fwm_K8_s0] step  39000  cosine_loss 0.0267  elapsed 1965s
  [ncr_fwm_K8_s0] step  39500  cosine_loss 0.0296  elapsed 1990s
  [ncr_fwm_K8_s0] step  40000  cosine_loss 0.0282  elapsed 2020s
  [ncr_fwm_K8_s0] COMPLETED in 2262s -> /home/nvidia/ncr/results/ncr_fwm_K8_s0.json
