fatal: not a git repository (or any of the parent directories): .git
  [ncr_loopedvec_K8_s0] step      1  cosine_loss 0.9998  elapsed 1s
  [ncr_loopedvec_K8_s0] step    500  cosine_loss 0.6390  elapsed 26s
  [ncr_loopedvec_K8_s0] step   1000  cosine_loss 0.5776  elapsed 51s
  [ncr_loopedvec_K8_s0] step   1500  cosine_loss 0.5114  elapsed 76s
  [ncr_loopedvec_K8_s0] step   2000  cosine_loss 0.5021  elapsed 100s
  [ncr_loopedvec_K8_s0] step   2500  cosine_loss 0.4342  elapsed 125s
  [ncr_loopedvec_K8_s0] step   3000  cosine_loss 0.4280  elapsed 150s
  [ncr_loopedvec_K8_s0] step   3500  cosine_loss 0.4264  elapsed 176s
  [ncr_loopedvec_K8_s0] step   4000  cosine_loss 0.4265  elapsed 201s
  [ncr_loopedvec_K8_s0] step   4500  cosine_loss 0.4268  elapsed 227s
  [ncr_loopedvec_K8_s0] step   5000  cosine_loss 0.4268  elapsed 251s
  [ncr_loopedvec_K8_s0] step   5500  cosine_loss 0.4254  elapsed 276s
  [ncr_loopedvec_K8_s0] step   6000  cosine_loss 0.4256  elapsed 302s
  [ncr_loopedvec_K8_s0] step   6500  cosine_loss 0.4242  elapsed 327s
  [ncr_loopedvec_K8_s0] step   7000  cosine_loss 0.4232  elapsed 353s
  [ncr_loopedvec_K8_s0] step   7500  cosine_loss 0.4267  elapsed 379s
  [ncr_loopedvec_K8_s0] step   8000  cosine_loss 0.4260  elapsed 404s
  [ncr_loopedvec_K8_s0] step   8500  cosine_loss 0.4239  elapsed 429s
  [ncr_loopedvec_K8_s0] step   9000  cosine_loss 0.4224  elapsed 455s
  [ncr_loopedvec_K8_s0] step   9500  cosine_loss 0.4251  elapsed 480s
  [ncr_loopedvec_K8_s0] step  10000  cosine_loss 0.4226  elapsed 505s
  [ncr_loopedvec_K8_s0] step  10500  cosine_loss 0.4241  elapsed 531s
  [ncr_loopedvec_K8_s0] step  11000  cosine_loss 0.4241  elapsed 557s
  [ncr_loopedvec_K8_s0] step  11500  cosine_loss 0.4234  elapsed 582s
  [ncr_loopedvec_K8_s0] step  12000  cosine_loss 0.4244  elapsed 607s
  [ncr_loopedvec_K8_s0] step  12500  cosine_loss 0.4254  elapsed 632s
  [ncr_loopedvec_K8_s0] step  13000  cosine_loss 0.4209  elapsed 657s
  [ncr_loopedvec_K8_s0] step  13500  cosine_loss 0.4196  elapsed 682s
  [ncr_loopedvec_K8_s0] step  14000  cosine_loss 0.4178  elapsed 707s
  [ncr_loopedvec_K8_s0] step  14500  cosine_loss 0.4149  elapsed 733s
  [ncr_loopedvec_K8_s0] step  15000  cosine_loss 0.4141  elapsed 759s
  [ncr_loopedvec_K8_s0] step  15500  cosine_loss 0.4103  elapsed 784s
  [ncr_loopedvec_K8_s0] step  16000  cosine_loss 0.4062  elapsed 809s
  [ncr_loopedvec_K8_s0] step  16500  cosine_loss 0.4035  elapsed 835s
  [ncr_loopedvec_K8_s0] step  17000  cosine_loss 0.4039  elapsed 860s
  [ncr_loopedvec_K8_s0] step  17500  cosine_loss 0.4034  elapsed 885s
  [ncr_loopedvec_K8_s0] step  18000  cosine_loss 0.3973  elapsed 911s
  [ncr_loopedvec_K8_s0] step  18500  cosine_loss 0.4000  elapsed 937s
  [ncr_loopedvec_K8_s0] step  19000  cosine_loss 0.3972  elapsed 962s
  [ncr_loopedvec_K8_s0] step  19500  cosine_loss 0.4002  elapsed 987s
  [ncr_loopedvec_K8_s0] step  20000  cosine_loss 0.3966  elapsed 1012s
  [ncr_loopedvec_K8_s0] step  20500  cosine_loss 0.3944  elapsed 1038s
  [ncr_loopedvec_K8_s0] step  21000  cosine_loss 0.3937  elapsed 1064s
  [ncr_loopedvec_K8_s0] step  21500  cosine_loss 0.3979  elapsed 1088s
  [ncr_loopedvec_K8_s0] step  22000  cosine_loss 0.3941  elapsed 1114s
  [ncr_loopedvec_K8_s0] step  22500  cosine_loss 0.3969  elapsed 1139s
  [ncr_loopedvec_K8_s0] step  23000  cosine_loss 0.3885  elapsed 1165s
  [ncr_loopedvec_K8_s0] step  23500  cosine_loss 0.3961  elapsed 1190s
  [ncr_loopedvec_K8_s0] step  24000  cosine_loss 0.3976  elapsed 1215s
  [ncr_loopedvec_K8_s0] step  24500  cosine_loss 0.3866  elapsed 1240s
  [ncr_loopedvec_K8_s0] step  25000  cosine_loss 0.3927  elapsed 1265s
  [ncr_loopedvec_K8_s0] step  25500  cosine_loss 0.3894  elapsed 1290s
  [ncr_loopedvec_K8_s0] step  26000  cosine_loss 0.3891  elapsed 1315s
  [ncr_loopedvec_K8_s0] step  26500  cosine_loss 0.3865  elapsed 1340s
  [ncr_loopedvec_K8_s0] step  27000  cosine_loss 0.3897  elapsed 1365s
  [ncr_loopedvec_K8_s0] step  27500  cosine_loss 0.3823  elapsed 1390s
  [ncr_loopedvec_K8_s0] step  28000  cosine_loss 0.3808  elapsed 1415s
  [ncr_loopedvec_K8_s0] step  28500  cosine_loss 0.3851  elapsed 1440s
  [ncr_loopedvec_K8_s0] step  29000  cosine_loss 0.3781  elapsed 1464s
  [ncr_loopedvec_K8_s0] step  29500  cosine_loss 0.3836  elapsed 1489s
  [ncr_loopedvec_K8_s0] step  30000  cosine_loss 0.3812  elapsed 1514s
  [ncr_loopedvec_K8_s0] step  30500  cosine_loss 0.3775  elapsed 1539s
  [ncr_loopedvec_K8_s0] step  31000  cosine_loss 0.3810  elapsed 1564s
  [ncr_loopedvec_K8_s0] step  31500  cosine_loss 0.3719  elapsed 1589s
  [ncr_loopedvec_K8_s0] step  32000  cosine_loss 0.3776  elapsed 1614s
  [ncr_loopedvec_K8_s0] step  32500  cosine_loss 0.3758  elapsed 1638s
  [ncr_loopedvec_K8_s0] step  33000  cosine_loss 0.3780  elapsed 1663s
  [ncr_loopedvec_K8_s0] step  33500  cosine_loss 0.3779  elapsed 1688s
  [ncr_loopedvec_K8_s0] step  34000  cosine_loss 0.3733  elapsed 1713s
  [ncr_loopedvec_K8_s0] step  34500  cosine_loss 0.3758  elapsed 1738s
  [ncr_loopedvec_K8_s0] step  35000  cosine_loss 0.3751  elapsed 1763s
  [ncr_loopedvec_K8_s0] step  35500  cosine_loss 0.3716  elapsed 1788s
  [ncr_loopedvec_K8_s0] step  36000  cosine_loss 0.3746  elapsed 1812s
  [ncr_loopedvec_K8_s0] step  36500  cosine_loss 0.3705  elapsed 1837s
  [ncr_loopedvec_K8_s0] step  37000  cosine_loss 0.3729  elapsed 1862s
  [ncr_loopedvec_K8_s0] step  37500  cosine_loss 0.3698  elapsed 1887s
  [ncr_loopedvec_K8_s0] step  38000  cosine_loss 0.3697  elapsed 1912s
  [ncr_loopedvec_K8_s0] step  38500  cosine_loss 0.3696  elapsed 1937s
  [ncr_loopedvec_K8_s0] step  39000  cosine_loss 0.3656  elapsed 1961s
  [ncr_loopedvec_K8_s0] step  39500  cosine_loss 0.3654  elapsed 1986s
  [ncr_loopedvec_K8_s0] step  40000  cosine_loss 0.3598  elapsed 2012s
  [ncr_loopedvec_K8_s0] COMPLETED in 2507s -> /home/nvidia/ncr/results/ncr_loopedvec_K8_s0.json
