fatal: not a git repository (or any of the parent directories): .git
  [ncr_ncr_K12_s3] step      1  cosine_loss 1.0024  elapsed 1s
  [ncr_ncr_K12_s3] step    500  cosine_loss 1.0034  elapsed 27s
  [ncr_ncr_K12_s3] step   1000  cosine_loss 0.9994  elapsed 53s
  [ncr_ncr_K12_s3] step   1500  cosine_loss 0.9942  elapsed 80s
  [ncr_ncr_K12_s3] step   2000  cosine_loss 1.0035  elapsed 106s
  [ncr_ncr_K12_s3] step   2500  cosine_loss 1.0013  elapsed 132s
  [ncr_ncr_K12_s3] step   3000  cosine_loss 0.9973  elapsed 158s
  [ncr_ncr_K12_s3] step   3500  cosine_loss 0.9979  elapsed 184s
  [ncr_ncr_K12_s3] step   4000  cosine_loss 0.9920  elapsed 210s
  [ncr_ncr_K12_s3] step   4500  cosine_loss 1.0111  elapsed 236s
  [ncr_ncr_K12_s3] step   5000  cosine_loss 0.9871  elapsed 262s
  [ncr_ncr_K12_s3] step   5500  cosine_loss 0.9989  elapsed 288s
  [ncr_ncr_K12_s3] step   6000  cosine_loss 0.9953  elapsed 315s
  [ncr_ncr_K12_s3] step   6500  cosine_loss 1.0024  elapsed 341s
  [ncr_ncr_K12_s3] step   7000  cosine_loss 1.0035  elapsed 367s
  [ncr_ncr_K12_s3] step   7500  cosine_loss 0.9966  elapsed 393s
  [ncr_ncr_K12_s3] step   8000  cosine_loss 0.9970  elapsed 420s
  [ncr_ncr_K12_s3] step   8500  cosine_loss 1.0006  elapsed 445s
  [ncr_ncr_K12_s3] step   9000  cosine_loss 0.9925  elapsed 471s
  [ncr_ncr_K12_s3] step   9500  cosine_loss 1.0029  elapsed 497s
  [ncr_ncr_K12_s3] step  10000  cosine_loss 1.0078  elapsed 523s
  [ncr_ncr_K12_s3] step  10500  cosine_loss 1.0059  elapsed 549s
  [ncr_ncr_K12_s3] step  11000  cosine_loss 0.9952  elapsed 575s
  [ncr_ncr_K12_s3] step  11500  cosine_loss 1.0044  elapsed 602s
  [ncr_ncr_K12_s3] step  12000  cosine_loss 1.0081  elapsed 629s
  [ncr_ncr_K12_s3] step  12500  cosine_loss 0.9925  elapsed 655s
  [ncr_ncr_K12_s3] step  13000  cosine_loss 0.9981  elapsed 681s
  [ncr_ncr_K12_s3] step  13500  cosine_loss 1.0034  elapsed 707s
  [ncr_ncr_K12_s3] step  14000  cosine_loss 1.0002  elapsed 733s
  [ncr_ncr_K12_s3] step  14500  cosine_loss 0.9966  elapsed 758s
  [ncr_ncr_K12_s3] step  15000  cosine_loss 1.0039  elapsed 785s
  [ncr_ncr_K12_s3] step  15500  cosine_loss 1.0025  elapsed 811s
  [ncr_ncr_K12_s3] step  16000  cosine_loss 0.9989  elapsed 838s
  [ncr_ncr_K12_s3] step  16500  cosine_loss 1.0028  elapsed 864s
  [ncr_ncr_K12_s3] step  17000  cosine_loss 0.9957  elapsed 890s
  [ncr_ncr_K12_s3] step  17500  cosine_loss 1.0020  elapsed 915s
  [ncr_ncr_K12_s3] step  18000  cosine_loss 1.0054  elapsed 941s
  [ncr_ncr_K12_s3] step  18500  cosine_loss 1.0006  elapsed 968s
  [ncr_ncr_K12_s3] step  19000  cosine_loss 0.9962  elapsed 994s
  [ncr_ncr_K12_s3] step  19500  cosine_loss 0.9969  elapsed 1020s
  [ncr_ncr_K12_s3] step  20000  cosine_loss 0.9964  elapsed 1046s
  [ncr_ncr_K12_s3] step  20500  cosine_loss 1.0033  elapsed 1072s
  [ncr_ncr_K12_s3] step  21000  cosine_loss 1.0039  elapsed 1098s
  [ncr_ncr_K12_s3] step  21500  cosine_loss 0.9995  elapsed 1124s
  [ncr_ncr_K12_s3] step  22000  cosine_loss 1.0067  elapsed 1150s
  [ncr_ncr_K12_s3] step  22500  cosine_loss 0.9989  elapsed 1176s
  [ncr_ncr_K12_s3] step  23000  cosine_loss 1.0008  elapsed 1202s
  [ncr_ncr_K12_s3] step  23500  cosine_loss 1.0008  elapsed 1228s
  [ncr_ncr_K12_s3] step  24000  cosine_loss 1.0043  elapsed 1255s
  [ncr_ncr_K12_s3] step  24500  cosine_loss 1.0070  elapsed 1282s
  [ncr_ncr_K12_s3] step  25000  cosine_loss 1.0029  elapsed 1308s
  [ncr_ncr_K12_s3] step  25500  cosine_loss 0.9980  elapsed 1335s
  [ncr_ncr_K12_s3] step  26000  cosine_loss 1.0085  elapsed 1361s
  [ncr_ncr_K12_s3] step  26500  cosine_loss 1.0006  elapsed 1387s
  [ncr_ncr_K12_s3] step  27000  cosine_loss 0.9975  elapsed 1414s
  [ncr_ncr_K12_s3] step  27500  cosine_loss 1.0040  elapsed 1441s
  [ncr_ncr_K12_s3] step  28000  cosine_loss 0.9971  elapsed 1468s
  [ncr_ncr_K12_s3] step  28500  cosine_loss 0.9962  elapsed 1495s
  [ncr_ncr_K12_s3] step  29000  cosine_loss 1.0013  elapsed 1521s
  [ncr_ncr_K12_s3] step  29500  cosine_loss 0.9898  elapsed 1548s
  [ncr_ncr_K12_s3] step  30000  cosine_loss 0.9995  elapsed 1574s
  [ncr_ncr_K12_s3] step  30500  cosine_loss 1.0002  elapsed 1600s
  [ncr_ncr_K12_s3] step  31000  cosine_loss 0.9930  elapsed 1627s
  [ncr_ncr_K12_s3] step  31500  cosine_loss 0.9960  elapsed 1653s
  [ncr_ncr_K12_s3] step  32000  cosine_loss 1.0021  elapsed 1678s
  [ncr_ncr_K12_s3] step  32500  cosine_loss 0.9979  elapsed 1704s
  [ncr_ncr_K12_s3] step  33000  cosine_loss 1.0117  elapsed 1731s
  [ncr_ncr_K12_s3] step  33500  cosine_loss 1.0068  elapsed 1757s
  [ncr_ncr_K12_s3] step  34000  cosine_loss 1.0084  elapsed 1783s
  [ncr_ncr_K12_s3] step  34500  cosine_loss 1.0062  elapsed 1809s
  [ncr_ncr_K12_s3] step  35000  cosine_loss 0.9989  elapsed 1835s
  [ncr_ncr_K12_s3] step  35500  cosine_loss 0.9946  elapsed 1861s
  [ncr_ncr_K12_s3] step  36000  cosine_loss 0.9907  elapsed 1887s
  [ncr_ncr_K12_s3] step  36500  cosine_loss 0.9887  elapsed 1913s
  [ncr_ncr_K12_s3] step  37000  cosine_loss 1.0031  elapsed 1939s
  [ncr_ncr_K12_s3] step  37500  cosine_loss 0.9937  elapsed 1965s
  [ncr_ncr_K12_s3] step  38000  cosine_loss 0.9944  elapsed 1991s
  [ncr_ncr_K12_s3] step  38500  cosine_loss 0.9979  elapsed 2017s
  [ncr_ncr_K12_s3] step  39000  cosine_loss 1.0001  elapsed 2043s
  [ncr_ncr_K12_s3] step  39500  cosine_loss 1.0024  elapsed 2068s
  [ncr_ncr_K12_s3] step  40000  cosine_loss 1.0033  elapsed 2094s
  [ncr_ncr_K12_s3] step  40500  cosine_loss 0.9967  elapsed 2120s
  [ncr_ncr_K12_s3] step  41000  cosine_loss 1.0107  elapsed 2147s
  [ncr_ncr_K12_s3] step  41500  cosine_loss 1.0043  elapsed 2172s
  [ncr_ncr_K12_s3] step  42000  cosine_loss 0.9887  elapsed 2199s
  [ncr_ncr_K12_s3] step  42500  cosine_loss 0.9976  elapsed 2225s
  [ncr_ncr_K12_s3] step  43000  cosine_loss 0.9956  elapsed 2251s
  [ncr_ncr_K12_s3] step  43500  cosine_loss 1.0002  elapsed 2277s
  [ncr_ncr_K12_s3] step  44000  cosine_loss 0.9883  elapsed 2303s
  [ncr_ncr_K12_s3] step  44500  cosine_loss 0.9927  elapsed 2329s
  [ncr_ncr_K12_s3] step  45000  cosine_loss 0.9920  elapsed 2355s
  [ncr_ncr_K12_s3] step  45500  cosine_loss 0.9933  elapsed 2381s
  [ncr_ncr_K12_s3] step  46000  cosine_loss 1.0014  elapsed 2407s
  [ncr_ncr_K12_s3] step  46500  cosine_loss 0.9862  elapsed 2433s
  [ncr_ncr_K12_s3] step  47000  cosine_loss 0.9863  elapsed 2459s
  [ncr_ncr_K12_s3] step  47500  cosine_loss 0.9978  elapsed 2485s
  [ncr_ncr_K12_s3] step  48000  cosine_loss 0.9959  elapsed 2512s
  [ncr_ncr_K12_s3] step  48500  cosine_loss 0.9965  elapsed 2538s
  [ncr_ncr_K12_s3] step  49000  cosine_loss 0.9899  elapsed 2564s
  [ncr_ncr_K12_s3] step  49500  cosine_loss 0.9919  elapsed 2590s
  [ncr_ncr_K12_s3] step  50000  cosine_loss 0.9988  elapsed 2616s
  [ncr_ncr_K12_s3] step  50500  cosine_loss 0.9937  elapsed 2642s
  [ncr_ncr_K12_s3] step  51000  cosine_loss 0.9896  elapsed 2668s
  [ncr_ncr_K12_s3] step  51500  cosine_loss 0.9919  elapsed 2694s
  [ncr_ncr_K12_s3] step  52000  cosine_loss 1.0024  elapsed 2720s
  [ncr_ncr_K12_s3] step  52500  cosine_loss 0.9935  elapsed 2746s
  [ncr_ncr_K12_s3] step  53000  cosine_loss 0.9930  elapsed 2772s
  [ncr_ncr_K12_s3] step  53500  cosine_loss 0.9907  elapsed 2798s
  [ncr_ncr_K12_s3] step  54000  cosine_loss 0.9908  elapsed 2825s
  [ncr_ncr_K12_s3] step  54500  cosine_loss 0.9976  elapsed 2851s
  [ncr_ncr_K12_s3] step  55000  cosine_loss 1.0016  elapsed 2877s
  [ncr_ncr_K12_s3] step  55500  cosine_loss 0.9977  elapsed 2904s
  [ncr_ncr_K12_s3] step  56000  cosine_loss 0.9909  elapsed 2930s
  [ncr_ncr_K12_s3] step  56500  cosine_loss 0.9940  elapsed 2956s
  [ncr_ncr_K12_s3] step  57000  cosine_loss 0.9936  elapsed 2982s
  [ncr_ncr_K12_s3] step  57500  cosine_loss 0.9884  elapsed 3008s
  [ncr_ncr_K12_s3] step  58000  cosine_loss 1.0008  elapsed 3034s
  [ncr_ncr_K12_s3] step  58500  cosine_loss 0.9970  elapsed 3061s
  [ncr_ncr_K12_s3] step  59000  cosine_loss 0.9805  elapsed 3087s
  [ncr_ncr_K12_s3] step  59500  cosine_loss 0.9909  elapsed 3113s
  [ncr_ncr_K12_s3] step  60000  cosine_loss 0.9901  elapsed 3139s
  [ncr_ncr_K12_s3] step  60500  cosine_loss 0.9981  elapsed 3165s
  [ncr_ncr_K12_s3] step  61000  cosine_loss 0.9982  elapsed 3192s
  [ncr_ncr_K12_s3] step  61500  cosine_loss 0.9866  elapsed 3218s
  [ncr_ncr_K12_s3] step  62000  cosine_loss 0.9961  elapsed 3244s
  [ncr_ncr_K12_s3] step  62500  cosine_loss 0.9928  elapsed 3270s
  [ncr_ncr_K12_s3] step  63000  cosine_loss 0.9876  elapsed 3296s
  [ncr_ncr_K12_s3] step  63500  cosine_loss 0.9868  elapsed 3322s
  [ncr_ncr_K12_s3] step  64000  cosine_loss 0.9919  elapsed 3348s
  [ncr_ncr_K12_s3] step  64500  cosine_loss 0.9950  elapsed 3374s
  [ncr_ncr_K12_s3] step  65000  cosine_loss 0.9982  elapsed 3400s
  [ncr_ncr_K12_s3] step  65500  cosine_loss 0.9911  elapsed 3426s
  [ncr_ncr_K12_s3] step  66000  cosine_loss 0.9968  elapsed 3452s
  [ncr_ncr_K12_s3] step  66500  cosine_loss 0.9890  elapsed 3478s
  [ncr_ncr_K12_s3] step  67000  cosine_loss 0.9906  elapsed 3504s
  [ncr_ncr_K12_s3] step  67500  cosine_loss 0.9960  elapsed 3530s
  [ncr_ncr_K12_s3] step  68000  cosine_loss 0.9904  elapsed 3556s
  [ncr_ncr_K12_s3] step  68500  cosine_loss 0.9859  elapsed 3582s
  [ncr_ncr_K12_s3] step  69000  cosine_loss 0.9918  elapsed 3608s
  [ncr_ncr_K12_s3] step  69500  cosine_loss 0.9849  elapsed 3634s
  [ncr_ncr_K12_s3] step  70000  cosine_loss 0.9941  elapsed 3660s
  [ncr_ncr_K12_s3] step  70500  cosine_loss 0.9868  elapsed 3686s
  [ncr_ncr_K12_s3] step  71000  cosine_loss 0.9900  elapsed 3711s
  [ncr_ncr_K12_s3] step  71500  cosine_loss 0.9926  elapsed 3737s
  [ncr_ncr_K12_s3] step  72000  cosine_loss 0.9945  elapsed 3763s
  [ncr_ncr_K12_s3] step  72500  cosine_loss 0.9869  elapsed 3789s
  [ncr_ncr_K12_s3] step  73000  cosine_loss 0.9928  elapsed 3815s
  [ncr_ncr_K12_s3] step  73500  cosine_loss 0.9866  elapsed 3841s
  [ncr_ncr_K12_s3] step  74000  cosine_loss 0.9989  elapsed 3867s
  [ncr_ncr_K12_s3] step  74500  cosine_loss 0.9871  elapsed 3893s
  [ncr_ncr_K12_s3] step  75000  cosine_loss 0.9965  elapsed 3919s
  [ncr_ncr_K12_s3] step  75500  cosine_loss 0.9926  elapsed 3945s
  [ncr_ncr_K12_s3] step  76000  cosine_loss 0.9918  elapsed 3972s
  [ncr_ncr_K12_s3] step  76500  cosine_loss 0.9977  elapsed 3998s
  [ncr_ncr_K12_s3] step  77000  cosine_loss 1.0016  elapsed 4024s
  [ncr_ncr_K12_s3] step  77500  cosine_loss 0.9974  elapsed 4050s
  [ncr_ncr_K12_s3] step  78000  cosine_loss 0.9974  elapsed 4076s
  [ncr_ncr_K12_s3] step  78500  cosine_loss 0.9950  elapsed 4102s
  [ncr_ncr_K12_s3] step  79000  cosine_loss 0.9962  elapsed 4128s
  [ncr_ncr_K12_s3] step  79500  cosine_loss 0.9949  elapsed 4154s
  [ncr_ncr_K12_s3] step  80000  cosine_loss 0.9974  elapsed 4180s
  [ncr_ncr_K12_s3] COMPLETED in 4191s -> /home/nvidia/ncr/results_phase2/ncr_ncr_K12_s3.json
