fatal: not a git repository (or any of the parent directories): .git
  [ncr_cmlp_K12_s2] step      1  cosine_loss 0.9857  elapsed 1s
  [ncr_cmlp_K12_s2] step    500  cosine_loss 0.7044  elapsed 28s
  [ncr_cmlp_K12_s2] step   1000  cosine_loss 0.7018  elapsed 55s
  [ncr_cmlp_K12_s2] step   1500  cosine_loss 0.7027  elapsed 82s
  [ncr_cmlp_K12_s2] step   2000  cosine_loss 0.7017  elapsed 109s
  [ncr_cmlp_K12_s2] step   2500  cosine_loss 0.7019  elapsed 135s
  [ncr_cmlp_K12_s2] step   3000  cosine_loss 0.7012  elapsed 162s
  [ncr_cmlp_K12_s2] step   3500  cosine_loss 0.7012  elapsed 189s
  [ncr_cmlp_K12_s2] step   4000  cosine_loss 0.7022  elapsed 216s
  [ncr_cmlp_K12_s2] step   4500  cosine_loss 0.7012  elapsed 242s
  [ncr_cmlp_K12_s2] step   5000  cosine_loss 0.7001  elapsed 269s
  [ncr_cmlp_K12_s2] step   5500  cosine_loss 0.7004  elapsed 296s
  [ncr_cmlp_K12_s2] step   6000  cosine_loss 0.7001  elapsed 323s
  [ncr_cmlp_K12_s2] step   6500  cosine_loss 0.7018  elapsed 351s
  [ncr_cmlp_K12_s2] step   7000  cosine_loss 0.7015  elapsed 380s
  [ncr_cmlp_K12_s2] step   7500  cosine_loss 0.7005  elapsed 406s
  [ncr_cmlp_K12_s2] step   8000  cosine_loss 0.7010  elapsed 433s
  [ncr_cmlp_K12_s2] step   8500  cosine_loss 0.7007  elapsed 460s
  [ncr_cmlp_K12_s2] step   9000  cosine_loss 0.7007  elapsed 487s
  [ncr_cmlp_K12_s2] step   9500  cosine_loss 0.7007  elapsed 514s
  [ncr_cmlp_K12_s2] step  10000  cosine_loss 0.7004  elapsed 541s
  [ncr_cmlp_K12_s2] step  10500  cosine_loss 0.7002  elapsed 567s
  [ncr_cmlp_K12_s2] step  11000  cosine_loss 0.7003  elapsed 594s
  [ncr_cmlp_K12_s2] step  11500  cosine_loss 0.7008  elapsed 621s
  [ncr_cmlp_K12_s2] step  12000  cosine_loss 0.7009  elapsed 648s
  [ncr_cmlp_K12_s2] step  12500  cosine_loss 0.6996  elapsed 675s
  [ncr_cmlp_K12_s2] step  13000  cosine_loss 0.7002  elapsed 702s
  [ncr_cmlp_K12_s2] step  13500  cosine_loss 0.6999  elapsed 728s
  [ncr_cmlp_K12_s2] step  14000  cosine_loss 0.6997  elapsed 755s
  [ncr_cmlp_K12_s2] step  14500  cosine_loss 0.7012  elapsed 782s
  [ncr_cmlp_K12_s2] step  15000  cosine_loss 0.7005  elapsed 809s
  [ncr_cmlp_K12_s2] step  15500  cosine_loss 0.7007  elapsed 835s
  [ncr_cmlp_K12_s2] step  16000  cosine_loss 0.7005  elapsed 862s
  [ncr_cmlp_K12_s2] step  16500  cosine_loss 0.7000  elapsed 889s
  [ncr_cmlp_K12_s2] step  17000  cosine_loss 0.7008  elapsed 916s
  [ncr_cmlp_K12_s2] step  17500  cosine_loss 0.6992  elapsed 942s
  [ncr_cmlp_K12_s2] step  18000  cosine_loss 0.7004  elapsed 969s
  [ncr_cmlp_K12_s2] step  18500  cosine_loss 0.7001  elapsed 996s
  [ncr_cmlp_K12_s2] step  19000  cosine_loss 0.7003  elapsed 1023s
  [ncr_cmlp_K12_s2] step  19500  cosine_loss 0.7011  elapsed 1050s
  [ncr_cmlp_K12_s2] step  20000  cosine_loss 0.7000  elapsed 1076s
  [ncr_cmlp_K12_s2] step  20500  cosine_loss 0.6999  elapsed 1103s
  [ncr_cmlp_K12_s2] step  21000  cosine_loss 0.7011  elapsed 1130s
  [ncr_cmlp_K12_s2] step  21500  cosine_loss 0.7002  elapsed 1157s
  [ncr_cmlp_K12_s2] step  22000  cosine_loss 0.7005  elapsed 1184s
  [ncr_cmlp_K12_s2] step  22500  cosine_loss 0.6994  elapsed 1210s
  [ncr_cmlp_K12_s2] step  23000  cosine_loss 0.6997  elapsed 1237s
  [ncr_cmlp_K12_s2] step  23500  cosine_loss 0.7005  elapsed 1264s
  [ncr_cmlp_K12_s2] step  24000  cosine_loss 0.6996  elapsed 1291s
  [ncr_cmlp_K12_s2] step  24500  cosine_loss 0.6999  elapsed 1318s
  [ncr_cmlp_K12_s2] step  25000  cosine_loss 0.6995  elapsed 1344s
  [ncr_cmlp_K12_s2] step  25500  cosine_loss 0.7004  elapsed 1371s
  [ncr_cmlp_K12_s2] step  26000  cosine_loss 0.6993  elapsed 1398s
  [ncr_cmlp_K12_s2] step  26500  cosine_loss 0.7004  elapsed 1425s
  [ncr_cmlp_K12_s2] step  27000  cosine_loss 0.7000  elapsed 1452s
  [ncr_cmlp_K12_s2] step  27500  cosine_loss 0.7007  elapsed 1478s
  [ncr_cmlp_K12_s2] step  28000  cosine_loss 0.6999  elapsed 1505s
  [ncr_cmlp_K12_s2] step  28500  cosine_loss 0.7002  elapsed 1532s
  [ncr_cmlp_K12_s2] step  29000  cosine_loss 0.7002  elapsed 1559s
  [ncr_cmlp_K12_s2] step  29500  cosine_loss 0.6997  elapsed 1585s
  [ncr_cmlp_K12_s2] step  30000  cosine_loss 0.7006  elapsed 1612s
  [ncr_cmlp_K12_s2] step  30500  cosine_loss 0.6992  elapsed 1639s
  [ncr_cmlp_K12_s2] step  31000  cosine_loss 0.7005  elapsed 1666s
  [ncr_cmlp_K12_s2] step  31500  cosine_loss 0.7002  elapsed 1693s
  [ncr_cmlp_K12_s2] step  32000  cosine_loss 0.7004  elapsed 1720s
  [ncr_cmlp_K12_s2] step  32500  cosine_loss 0.6996  elapsed 1746s
  [ncr_cmlp_K12_s2] step  33000  cosine_loss 0.6998  elapsed 1773s
  [ncr_cmlp_K12_s2] step  33500  cosine_loss 0.6996  elapsed 1800s
  [ncr_cmlp_K12_s2] step  34000  cosine_loss 0.6999  elapsed 1827s
  [ncr_cmlp_K12_s2] step  34500  cosine_loss 0.7000  elapsed 1853s
  [ncr_cmlp_K12_s2] step  35000  cosine_loss 0.7001  elapsed 1880s
  [ncr_cmlp_K12_s2] step  35500  cosine_loss 0.7006  elapsed 1907s
  [ncr_cmlp_K12_s2] step  36000  cosine_loss 0.7003  elapsed 1934s
  [ncr_cmlp_K12_s2] step  36500  cosine_loss 0.6998  elapsed 1961s
  [ncr_cmlp_K12_s2] step  37000  cosine_loss 0.7004  elapsed 1988s
  [ncr_cmlp_K12_s2] step  37500  cosine_loss 0.6999  elapsed 2015s
  [ncr_cmlp_K12_s2] step  38000  cosine_loss 0.6998  elapsed 2041s
  [ncr_cmlp_K12_s2] step  38500  cosine_loss 0.6996  elapsed 2068s
  [ncr_cmlp_K12_s2] step  39000  cosine_loss 0.6999  elapsed 2095s
  [ncr_cmlp_K12_s2] step  39500  cosine_loss 0.7004  elapsed 2122s
  [ncr_cmlp_K12_s2] step  40000  cosine_loss 0.6996  elapsed 2148s
  [ncr_cmlp_K12_s2] step  40500  cosine_loss 0.7000  elapsed 2175s
  [ncr_cmlp_K12_s2] step  41000  cosine_loss 0.7000  elapsed 2202s
  [ncr_cmlp_K12_s2] step  41500  cosine_loss 0.6997  elapsed 2229s
  [ncr_cmlp_K12_s2] step  42000  cosine_loss 0.7004  elapsed 2257s
  [ncr_cmlp_K12_s2] step  42500  cosine_loss 0.7003  elapsed 2284s
  [ncr_cmlp_K12_s2] step  43000  cosine_loss 0.6994  elapsed 2311s
  [ncr_cmlp_K12_s2] step  43500  cosine_loss 0.6999  elapsed 2338s
  [ncr_cmlp_K12_s2] step  44000  cosine_loss 0.7000  elapsed 2364s
  [ncr_cmlp_K12_s2] step  44500  cosine_loss 0.6996  elapsed 2391s
  [ncr_cmlp_K12_s2] step  45000  cosine_loss 0.6997  elapsed 2418s
  [ncr_cmlp_K12_s2] step  45500  cosine_loss 0.6995  elapsed 2445s
  [ncr_cmlp_K12_s2] step  46000  cosine_loss 0.6998  elapsed 2472s
  [ncr_cmlp_K12_s2] step  46500  cosine_loss 0.6998  elapsed 2498s
  [ncr_cmlp_K12_s2] step  47000  cosine_loss 0.7006  elapsed 2525s
  [ncr_cmlp_K12_s2] step  47500  cosine_loss 0.7000  elapsed 2552s
  [ncr_cmlp_K12_s2] step  48000  cosine_loss 0.6994  elapsed 2579s
  [ncr_cmlp_K12_s2] step  48500  cosine_loss 0.6989  elapsed 2607s
  [ncr_cmlp_K12_s2] step  49000  cosine_loss 0.6992  elapsed 2633s
  [ncr_cmlp_K12_s2] step  49500  cosine_loss 0.7001  elapsed 2660s
  [ncr_cmlp_K12_s2] step  50000  cosine_loss 0.7001  elapsed 2687s
  [ncr_cmlp_K12_s2] step  50500  cosine_loss 0.6999  elapsed 2714s
  [ncr_cmlp_K12_s2] step  51000  cosine_loss 0.6992  elapsed 2741s
  [ncr_cmlp_K12_s2] step  51500  cosine_loss 0.6998  elapsed 2768s
  [ncr_cmlp_K12_s2] step  52000  cosine_loss 0.7001  elapsed 2795s
  [ncr_cmlp_K12_s2] step  52500  cosine_loss 0.6990  elapsed 2822s
  [ncr_cmlp_K12_s2] step  53000  cosine_loss 0.6993  elapsed 2849s
  [ncr_cmlp_K12_s2] step  53500  cosine_loss 0.7000  elapsed 2876s
  [ncr_cmlp_K12_s2] step  54000  cosine_loss 0.6996  elapsed 2903s
  [ncr_cmlp_K12_s2] step  54500  cosine_loss 0.6997  elapsed 2930s
  [ncr_cmlp_K12_s2] step  55000  cosine_loss 0.7002  elapsed 2958s
  [ncr_cmlp_K12_s2] step  55500  cosine_loss 0.6998  elapsed 2985s
  [ncr_cmlp_K12_s2] step  56000  cosine_loss 0.6990  elapsed 3012s
  [ncr_cmlp_K12_s2] step  56500  cosine_loss 0.6989  elapsed 3039s
  [ncr_cmlp_K12_s2] step  57000  cosine_loss 0.7003  elapsed 3066s
  [ncr_cmlp_K12_s2] step  57500  cosine_loss 0.6999  elapsed 3093s
  [ncr_cmlp_K12_s2] step  58000  cosine_loss 0.7003  elapsed 3120s
  [ncr_cmlp_K12_s2] step  58500  cosine_loss 0.7004  elapsed 3147s
  [ncr_cmlp_K12_s2] step  59000  cosine_loss 0.7001  elapsed 3174s
  [ncr_cmlp_K12_s2] step  59500  cosine_loss 0.6995  elapsed 3201s
  [ncr_cmlp_K12_s2] step  60000  cosine_loss 0.6992  elapsed 3228s
  [ncr_cmlp_K12_s2] step  60500  cosine_loss 0.6995  elapsed 3255s
  [ncr_cmlp_K12_s2] step  61000  cosine_loss 0.7000  elapsed 3282s
  [ncr_cmlp_K12_s2] step  61500  cosine_loss 0.6991  elapsed 3309s
  [ncr_cmlp_K12_s2] step  62000  cosine_loss 0.6999  elapsed 3336s
  [ncr_cmlp_K12_s2] step  62500  cosine_loss 0.6999  elapsed 3363s
  [ncr_cmlp_K12_s2] step  63000  cosine_loss 0.6998  elapsed 3390s
  [ncr_cmlp_K12_s2] step  63500  cosine_loss 0.6994  elapsed 3416s
  [ncr_cmlp_K12_s2] step  64000  cosine_loss 0.7005  elapsed 3443s
  [ncr_cmlp_K12_s2] step  64500  cosine_loss 0.6991  elapsed 3472s
  [ncr_cmlp_K12_s2] step  65000  cosine_loss 0.6993  elapsed 3499s
  [ncr_cmlp_K12_s2] step  65500  cosine_loss 0.6988  elapsed 3526s
  [ncr_cmlp_K12_s2] step  66000  cosine_loss 0.6995  elapsed 3553s
  [ncr_cmlp_K12_s2] step  66500  cosine_loss 0.6997  elapsed 3581s
  [ncr_cmlp_K12_s2] step  67000  cosine_loss 0.6996  elapsed 3609s
  [ncr_cmlp_K12_s2] step  67500  cosine_loss 0.6992  elapsed 3636s
  [ncr_cmlp_K12_s2] step  68000  cosine_loss 0.6993  elapsed 3663s
  [ncr_cmlp_K12_s2] step  68500  cosine_loss 0.6995  elapsed 3690s
  [ncr_cmlp_K12_s2] step  69000  cosine_loss 0.6995  elapsed 3717s
  [ncr_cmlp_K12_s2] step  69500  cosine_loss 0.6994  elapsed 3744s
  [ncr_cmlp_K12_s2] step  70000  cosine_loss 0.6997  elapsed 3771s
  [ncr_cmlp_K12_s2] step  70500  cosine_loss 0.6993  elapsed 3798s
  [ncr_cmlp_K12_s2] step  71000  cosine_loss 0.6992  elapsed 3825s
  [ncr_cmlp_K12_s2] step  71500  cosine_loss 0.6992  elapsed 3852s
  [ncr_cmlp_K12_s2] step  72000  cosine_loss 0.6993  elapsed 3879s
  [ncr_cmlp_K12_s2] step  72500  cosine_loss 0.6991  elapsed 3907s
  [ncr_cmlp_K12_s2] step  73000  cosine_loss 0.6990  elapsed 3934s
  [ncr_cmlp_K12_s2] step  73500  cosine_loss 0.6993  elapsed 3961s
  [ncr_cmlp_K12_s2] step  74000  cosine_loss 0.7002  elapsed 3989s
  [ncr_cmlp_K12_s2] step  74500  cosine_loss 0.7005  elapsed 4016s
  [ncr_cmlp_K12_s2] step  75000  cosine_loss 0.6993  elapsed 4043s
  [ncr_cmlp_K12_s2] step  75500  cosine_loss 0.6990  elapsed 4071s
  [ncr_cmlp_K12_s2] step  76000  cosine_loss 0.6995  elapsed 4098s
  [ncr_cmlp_K12_s2] step  76500  cosine_loss 0.6990  elapsed 4125s
  [ncr_cmlp_K12_s2] step  77000  cosine_loss 0.7001  elapsed 4152s
  [ncr_cmlp_K12_s2] step  77500  cosine_loss 0.6997  elapsed 4179s
  [ncr_cmlp_K12_s2] step  78000  cosine_loss 0.6996  elapsed 4206s
  [ncr_cmlp_K12_s2] step  78500  cosine_loss 0.6993  elapsed 4233s
  [ncr_cmlp_K12_s2] step  79000  cosine_loss 0.6994  elapsed 4260s
  [ncr_cmlp_K12_s2] step  79500  cosine_loss 0.6994  elapsed 4287s
  [ncr_cmlp_K12_s2] step  80000  cosine_loss 0.6993  elapsed 4313s
  [ncr_cmlp_K12_s2] COMPLETED in 4320s -> /home/nvidia/ncr/results_phase2/ncr_cmlp_K12_s2.json
