fatal: not a git repository (or any of the parent directories): .git
  [ncr_ncr_K12_s0] step      1  cosine_loss 1.0009  elapsed 1s
  [ncr_ncr_K12_s0] step    500  cosine_loss 1.0027  elapsed 27s
  [ncr_ncr_K12_s0] step   1000  cosine_loss 1.0022  elapsed 53s
  [ncr_ncr_K12_s0] step   1500  cosine_loss 1.0069  elapsed 79s
  [ncr_ncr_K12_s0] step   2000  cosine_loss 0.9955  elapsed 105s
  [ncr_ncr_K12_s0] step   2500  cosine_loss 1.0041  elapsed 130s
  [ncr_ncr_K12_s0] step   3000  cosine_loss 0.9992  elapsed 156s
  [ncr_ncr_K12_s0] step   3500  cosine_loss 0.9992  elapsed 181s
  [ncr_ncr_K12_s0] step   4000  cosine_loss 0.9945  elapsed 207s
  [ncr_ncr_K12_s0] step   4500  cosine_loss 1.0033  elapsed 232s
  [ncr_ncr_K12_s0] step   5000  cosine_loss 0.9922  elapsed 258s
  [ncr_ncr_K12_s0] step   5500  cosine_loss 1.0005  elapsed 284s
  [ncr_ncr_K12_s0] step   6000  cosine_loss 1.0001  elapsed 310s
  [ncr_ncr_K12_s0] step   6500  cosine_loss 0.9957  elapsed 335s
  [ncr_ncr_K12_s0] step   7000  cosine_loss 1.0062  elapsed 361s
  [ncr_ncr_K12_s0] step   7500  cosine_loss 0.9911  elapsed 387s
  [ncr_ncr_K12_s0] step   8000  cosine_loss 1.0028  elapsed 412s
  [ncr_ncr_K12_s0] step   8500  cosine_loss 1.0015  elapsed 438s
  [ncr_ncr_K12_s0] step   9000  cosine_loss 0.9928  elapsed 463s
  [ncr_ncr_K12_s0] step   9500  cosine_loss 1.0033  elapsed 488s
  [ncr_ncr_K12_s0] step  10000  cosine_loss 1.0043  elapsed 514s
  [ncr_ncr_K12_s0] step  10500  cosine_loss 1.0018  elapsed 539s
  [ncr_ncr_K12_s0] step  11000  cosine_loss 1.0042  elapsed 565s
  [ncr_ncr_K12_s0] step  11500  cosine_loss 1.0030  elapsed 591s
  [ncr_ncr_K12_s0] step  12000  cosine_loss 1.0115  elapsed 616s
  [ncr_ncr_K12_s0] step  12500  cosine_loss 0.9970  elapsed 642s
  [ncr_ncr_K12_s0] step  13000  cosine_loss 0.9847  elapsed 668s
  [ncr_ncr_K12_s0] step  13500  cosine_loss 0.9940  elapsed 694s
  [ncr_ncr_K12_s0] step  14000  cosine_loss 0.9980  elapsed 720s
  [ncr_ncr_K12_s0] step  14500  cosine_loss 1.0060  elapsed 745s
  [ncr_ncr_K12_s0] step  15000  cosine_loss 0.9970  elapsed 771s
  [ncr_ncr_K12_s0] step  15500  cosine_loss 0.9999  elapsed 796s
  [ncr_ncr_K12_s0] step  16000  cosine_loss 1.0011  elapsed 822s
  [ncr_ncr_K12_s0] step  16500  cosine_loss 1.0020  elapsed 848s
  [ncr_ncr_K12_s0] step  17000  cosine_loss 1.0035  elapsed 873s
  [ncr_ncr_K12_s0] step  17500  cosine_loss 1.0032  elapsed 899s
  [ncr_ncr_K12_s0] step  18000  cosine_loss 0.9925  elapsed 924s
  [ncr_ncr_K12_s0] step  18500  cosine_loss 1.0020  elapsed 950s
  [ncr_ncr_K12_s0] step  19000  cosine_loss 1.0059  elapsed 976s
  [ncr_ncr_K12_s0] step  19500  cosine_loss 0.9965  elapsed 1001s
  [ncr_ncr_K12_s0] step  20000  cosine_loss 0.9924  elapsed 1027s
  [ncr_ncr_K12_s0] step  20500  cosine_loss 1.0054  elapsed 1052s
  [ncr_ncr_K12_s0] step  21000  cosine_loss 0.9966  elapsed 1078s
  [ncr_ncr_K12_s0] step  21500  cosine_loss 1.0006  elapsed 1103s
  [ncr_ncr_K12_s0] step  22000  cosine_loss 1.0002  elapsed 1129s
  [ncr_ncr_K12_s0] step  22500  cosine_loss 1.0012  elapsed 1154s
  [ncr_ncr_K12_s0] step  23000  cosine_loss 0.9919  elapsed 1180s
  [ncr_ncr_K12_s0] step  23500  cosine_loss 1.0012  elapsed 1206s
  [ncr_ncr_K12_s0] step  24000  cosine_loss 0.9928  elapsed 1231s
  [ncr_ncr_K12_s0] step  24500  cosine_loss 0.9931  elapsed 1257s
  [ncr_ncr_K12_s0] step  25000  cosine_loss 1.0007  elapsed 1283s
  [ncr_ncr_K12_s0] step  25500  cosine_loss 1.0028  elapsed 1309s
  [ncr_ncr_K12_s0] step  26000  cosine_loss 0.9983  elapsed 1334s
  [ncr_ncr_K12_s0] step  26500  cosine_loss 1.0015  elapsed 1360s
  [ncr_ncr_K12_s0] step  27000  cosine_loss 1.0013  elapsed 1385s
  [ncr_ncr_K12_s0] step  27500  cosine_loss 1.0004  elapsed 1410s
  [ncr_ncr_K12_s0] step  28000  cosine_loss 1.0005  elapsed 1436s
  [ncr_ncr_K12_s0] step  28500  cosine_loss 1.0008  elapsed 1462s
  [ncr_ncr_K12_s0] step  29000  cosine_loss 1.0061  elapsed 1487s
  [ncr_ncr_K12_s0] step  29500  cosine_loss 0.9994  elapsed 1513s
  [ncr_ncr_K12_s0] step  30000  cosine_loss 0.9988  elapsed 1539s
  [ncr_ncr_K12_s0] step  30500  cosine_loss 0.9984  elapsed 1565s
  [ncr_ncr_K12_s0] step  31000  cosine_loss 0.9957  elapsed 1590s
  [ncr_ncr_K12_s0] step  31500  cosine_loss 0.9922  elapsed 1616s
  [ncr_ncr_K12_s0] step  32000  cosine_loss 0.9945  elapsed 1642s
  [ncr_ncr_K12_s0] step  32500  cosine_loss 0.9956  elapsed 1667s
  [ncr_ncr_K12_s0] step  33000  cosine_loss 0.9983  elapsed 1693s
  [ncr_ncr_K12_s0] step  33500  cosine_loss 1.0022  elapsed 1718s
  [ncr_ncr_K12_s0] step  34000  cosine_loss 0.9931  elapsed 1743s
  [ncr_ncr_K12_s0] step  34500  cosine_loss 0.9969  elapsed 1769s
  [ncr_ncr_K12_s0] step  35000  cosine_loss 0.9927  elapsed 1794s
  [ncr_ncr_K12_s0] step  35500  cosine_loss 0.9961  elapsed 1819s
  [ncr_ncr_K12_s0] step  36000  cosine_loss 0.9830  elapsed 1845s
  [ncr_ncr_K12_s0] step  36500  cosine_loss 0.9924  elapsed 1870s
  [ncr_ncr_K12_s0] step  37000  cosine_loss 0.9928  elapsed 1896s
  [ncr_ncr_K12_s0] step  37500  cosine_loss 0.9842  elapsed 1922s
  [ncr_ncr_K12_s0] step  38000  cosine_loss 0.9905  elapsed 1948s
  [ncr_ncr_K12_s0] step  38500  cosine_loss 0.9796  elapsed 1973s
  [ncr_ncr_K12_s0] step  39000  cosine_loss 0.9891  elapsed 1998s
  [ncr_ncr_K12_s0] step  39500  cosine_loss 0.9881  elapsed 2024s
  [ncr_ncr_K12_s0] step  40000  cosine_loss 0.9837  elapsed 2050s
  [ncr_ncr_K12_s0] step  40500  cosine_loss 0.9856  elapsed 2076s
  [ncr_ncr_K12_s0] step  41000  cosine_loss 0.9772  elapsed 2102s
  [ncr_ncr_K12_s0] step  41500  cosine_loss 0.9842  elapsed 2128s
  [ncr_ncr_K12_s0] step  42000  cosine_loss 0.9899  elapsed 2153s
  [ncr_ncr_K12_s0] step  42500  cosine_loss 0.9851  elapsed 2179s
  [ncr_ncr_K12_s0] step  43000  cosine_loss 0.9788  elapsed 2205s
  [ncr_ncr_K12_s0] step  43500  cosine_loss 0.9759  elapsed 2230s
  [ncr_ncr_K12_s0] step  44000  cosine_loss 0.9901  elapsed 2256s
  [ncr_ncr_K12_s0] step  44500  cosine_loss 0.9744  elapsed 2281s
  [ncr_ncr_K12_s0] step  45000  cosine_loss 0.9829  elapsed 2307s
  [ncr_ncr_K12_s0] step  45500  cosine_loss 0.9797  elapsed 2332s
  [ncr_ncr_K12_s0] step  46000  cosine_loss 0.9779  elapsed 2358s
  [ncr_ncr_K12_s0] step  46500  cosine_loss 0.9739  elapsed 2383s
  [ncr_ncr_K12_s0] step  47000  cosine_loss 0.9693  elapsed 2408s
  [ncr_ncr_K12_s0] step  47500  cosine_loss 0.9731  elapsed 2434s
  [ncr_ncr_K12_s0] step  48000  cosine_loss 0.9765  elapsed 2459s
  [ncr_ncr_K12_s0] step  48500  cosine_loss 0.9674  elapsed 2485s
  [ncr_ncr_K12_s0] step  49000  cosine_loss 0.9731  elapsed 2511s
  [ncr_ncr_K12_s0] step  49500  cosine_loss 0.9633  elapsed 2536s
  [ncr_ncr_K12_s0] step  50000  cosine_loss 0.9506  elapsed 2562s
  [ncr_ncr_K12_s0] step  50500  cosine_loss 0.9492  elapsed 2587s
  [ncr_ncr_K12_s0] step  51000  cosine_loss 0.9481  elapsed 2613s
  [ncr_ncr_K12_s0] step  51500  cosine_loss 0.9398  elapsed 2638s
  [ncr_ncr_K12_s0] step  52000  cosine_loss 0.9435  elapsed 2664s
  [ncr_ncr_K12_s0] step  52500  cosine_loss 0.9270  elapsed 2690s
  [ncr_ncr_K12_s0] step  53000  cosine_loss 0.9254  elapsed 2716s
  [ncr_ncr_K12_s0] step  53500  cosine_loss 0.9125  elapsed 2741s
  [ncr_ncr_K12_s0] step  54000  cosine_loss 0.9113  elapsed 2767s
  [ncr_ncr_K12_s0] step  54500  cosine_loss 0.8934  elapsed 2793s
  [ncr_ncr_K12_s0] step  55000  cosine_loss 0.8835  elapsed 2819s
  [ncr_ncr_K12_s0] step  55500  cosine_loss 0.8526  elapsed 2845s
  [ncr_ncr_K12_s0] step  56000  cosine_loss 0.8193  elapsed 2871s
  [ncr_ncr_K12_s0] step  56500  cosine_loss 0.7786  elapsed 2897s
  [ncr_ncr_K12_s0] step  57000  cosine_loss 0.7461  elapsed 2923s
  [ncr_ncr_K12_s0] step  57500  cosine_loss 0.7028  elapsed 2948s
  [ncr_ncr_K12_s0] step  58000  cosine_loss 0.6572  elapsed 2974s
  [ncr_ncr_K12_s0] step  58500  cosine_loss 0.5760  elapsed 3000s
  [ncr_ncr_K12_s0] step  59000  cosine_loss 0.5046  elapsed 3025s
  [ncr_ncr_K12_s0] step  59500  cosine_loss 0.4448  elapsed 3051s
  [ncr_ncr_K12_s0] step  60000  cosine_loss 0.4022  elapsed 3077s
  [ncr_ncr_K12_s0] step  60500  cosine_loss 0.3641  elapsed 3102s
  [ncr_ncr_K12_s0] step  61000  cosine_loss 0.3490  elapsed 3128s
  [ncr_ncr_K12_s0] step  61500  cosine_loss 0.2871  elapsed 3154s
  [ncr_ncr_K12_s0] step  62000  cosine_loss 0.2304  elapsed 3180s
  [ncr_ncr_K12_s0] step  62500  cosine_loss 0.1776  elapsed 3205s
  [ncr_ncr_K12_s0] step  63000  cosine_loss 0.1513  elapsed 3231s
  [ncr_ncr_K12_s0] step  63500  cosine_loss 0.1132  elapsed 3257s
  [ncr_ncr_K12_s0] step  64000  cosine_loss 0.0694  elapsed 3283s
  [ncr_ncr_K12_s0] step  64500  cosine_loss 0.0483  elapsed 3308s
  [ncr_ncr_K12_s0] step  65000  cosine_loss 0.0437  elapsed 3334s
  [ncr_ncr_K12_s0] step  65500  cosine_loss 0.0394  elapsed 3360s
  [ncr_ncr_K12_s0] step  66000  cosine_loss 0.0273  elapsed 3385s
  [ncr_ncr_K12_s0] step  66500  cosine_loss 0.0255  elapsed 3410s
  [ncr_ncr_K12_s0] step  67000  cosine_loss 0.0219  elapsed 3436s
  [ncr_ncr_K12_s0] step  67500  cosine_loss 0.0174  elapsed 3461s
  [ncr_ncr_K12_s0] step  68000  cosine_loss 0.0184  elapsed 3487s
  [ncr_ncr_K12_s0] step  68500  cosine_loss 0.0146  elapsed 3513s
  [ncr_ncr_K12_s0] step  69000  cosine_loss 0.0169  elapsed 3538s
  [ncr_ncr_K12_s0] step  69500  cosine_loss 0.0102  elapsed 3564s
  [ncr_ncr_K12_s0] step  70000  cosine_loss 0.0091  elapsed 3590s
  [ncr_ncr_K12_s0] step  70500  cosine_loss 0.0106  elapsed 3615s
  [ncr_ncr_K12_s0] step  71000  cosine_loss 0.0067  elapsed 3641s
  [ncr_ncr_K12_s0] step  71500  cosine_loss 0.0124  elapsed 3666s
  [ncr_ncr_K12_s0] step  72000  cosine_loss 0.0066  elapsed 3691s
  [ncr_ncr_K12_s0] step  72500  cosine_loss 0.0063  elapsed 3717s
  [ncr_ncr_K12_s0] step  73000  cosine_loss 0.0059  elapsed 3743s
  [ncr_ncr_K12_s0] step  73500  cosine_loss 0.0063  elapsed 3768s
  [ncr_ncr_K12_s0] step  74000  cosine_loss 0.0048  elapsed 3793s
  [ncr_ncr_K12_s0] step  74500  cosine_loss 0.0040  elapsed 3819s
  [ncr_ncr_K12_s0] step  75000  cosine_loss 0.0040  elapsed 3844s
  [ncr_ncr_K12_s0] step  75500  cosine_loss 0.0040  elapsed 3870s
  [ncr_ncr_K12_s0] step  76000  cosine_loss 0.0035  elapsed 3896s
  [ncr_ncr_K12_s0] step  76500  cosine_loss 0.0023  elapsed 3921s
  [ncr_ncr_K12_s0] step  77000  cosine_loss 0.0030  elapsed 3946s
  [ncr_ncr_K12_s0] step  77500  cosine_loss 0.0017  elapsed 3972s
  [ncr_ncr_K12_s0] step  78000  cosine_loss 0.0023  elapsed 3998s
  [ncr_ncr_K12_s0] step  78500  cosine_loss 0.0021  elapsed 4023s
  [ncr_ncr_K12_s0] step  79000  cosine_loss 0.0018  elapsed 4049s
  [ncr_ncr_K12_s0] step  79500  cosine_loss 0.0014  elapsed 4074s
  [ncr_ncr_K12_s0] step  80000  cosine_loss 0.0013  elapsed 4100s
  [ncr_ncr_K12_s0] COMPLETED in 4112s -> /home/nvidia/ncr/results_phase2/ncr_ncr_K12_s0.json
