fatal: not a git repository (or any of the parent directories): .git
  [ncr_loopedvec_K12_s3] step      1  cosine_loss 1.0032  elapsed 1s
  [ncr_loopedvec_K12_s3] step    500  cosine_loss 0.7049  elapsed 28s
  [ncr_loopedvec_K12_s3] step   1000  cosine_loss 0.6179  elapsed 55s
  [ncr_loopedvec_K12_s3] step   1500  cosine_loss 0.4488  elapsed 81s
  [ncr_loopedvec_K12_s3] step   2000  cosine_loss 0.4321  elapsed 107s
  [ncr_loopedvec_K12_s3] step   2500  cosine_loss 0.4286  elapsed 134s
  [ncr_loopedvec_K12_s3] step   3000  cosine_loss 0.4276  elapsed 160s
  [ncr_loopedvec_K12_s3] step   3500  cosine_loss 0.4267  elapsed 187s
  [ncr_loopedvec_K12_s3] step   4000  cosine_loss 0.4245  elapsed 213s
  [ncr_loopedvec_K12_s3] step   4500  cosine_loss 0.4277  elapsed 240s
  [ncr_loopedvec_K12_s3] step   5000  cosine_loss 0.4236  elapsed 266s
  [ncr_loopedvec_K12_s3] step   5500  cosine_loss 0.4231  elapsed 292s
  [ncr_loopedvec_K12_s3] step   6000  cosine_loss 0.4283  elapsed 319s
  [ncr_loopedvec_K12_s3] step   6500  cosine_loss 0.4232  elapsed 345s
  [ncr_loopedvec_K12_s3] step   7000  cosine_loss 0.4240  elapsed 372s
  [ncr_loopedvec_K12_s3] step   7500  cosine_loss 0.4248  elapsed 398s
  [ncr_loopedvec_K12_s3] step   8000  cosine_loss 0.4240  elapsed 425s
  [ncr_loopedvec_K12_s3] step   8500  cosine_loss 0.4209  elapsed 451s
  [ncr_loopedvec_K12_s3] step   9000  cosine_loss 0.4147  elapsed 478s
  [ncr_loopedvec_K12_s3] step   9500  cosine_loss 0.4145  elapsed 504s
  [ncr_loopedvec_K12_s3] step  10000  cosine_loss 0.4126  elapsed 530s
  [ncr_loopedvec_K12_s3] step  10500  cosine_loss 0.4090  elapsed 557s
  [ncr_loopedvec_K12_s3] step  11000  cosine_loss 0.4073  elapsed 583s
  [ncr_loopedvec_K12_s3] step  11500  cosine_loss 0.4047  elapsed 610s
  [ncr_loopedvec_K12_s3] step  12000  cosine_loss 0.4037  elapsed 636s
  [ncr_loopedvec_K12_s3] step  12500  cosine_loss 0.4068  elapsed 663s
  [ncr_loopedvec_K12_s3] step  13000  cosine_loss 0.4057  elapsed 689s
  [ncr_loopedvec_K12_s3] step  13500  cosine_loss 0.4036  elapsed 716s
  [ncr_loopedvec_K12_s3] step  14000  cosine_loss 0.4022  elapsed 742s
  [ncr_loopedvec_K12_s3] step  14500  cosine_loss 0.3994  elapsed 769s
  [ncr_loopedvec_K12_s3] step  15000  cosine_loss 0.4003  elapsed 796s
  [ncr_loopedvec_K12_s3] step  15500  cosine_loss 0.3984  elapsed 822s
  [ncr_loopedvec_K12_s3] step  16000  cosine_loss 0.3994  elapsed 849s
  [ncr_loopedvec_K12_s3] step  16500  cosine_loss 0.3978  elapsed 875s
  [ncr_loopedvec_K12_s3] step  17000  cosine_loss 0.3942  elapsed 902s
  [ncr_loopedvec_K12_s3] step  17500  cosine_loss 0.3948  elapsed 928s
  [ncr_loopedvec_K12_s3] step  18000  cosine_loss 0.3958  elapsed 954s
  [ncr_loopedvec_K12_s3] step  18500  cosine_loss 0.3944  elapsed 981s
  [ncr_loopedvec_K12_s3] step  19000  cosine_loss 0.3932  elapsed 1008s
  [ncr_loopedvec_K12_s3] step  19500  cosine_loss 0.3923  elapsed 1034s
  [ncr_loopedvec_K12_s3] step  20000  cosine_loss 0.3919  elapsed 1060s
  [ncr_loopedvec_K12_s3] step  20500  cosine_loss 0.3897  elapsed 1087s
  [ncr_loopedvec_K12_s3] step  21000  cosine_loss 0.3910  elapsed 1113s
  [ncr_loopedvec_K12_s3] step  21500  cosine_loss 0.3890  elapsed 1140s
  [ncr_loopedvec_K12_s3] step  22000  cosine_loss 0.3908  elapsed 1166s
  [ncr_loopedvec_K12_s3] step  22500  cosine_loss 0.3892  elapsed 1192s
  [ncr_loopedvec_K12_s3] step  23000  cosine_loss 0.3879  elapsed 1219s
  [ncr_loopedvec_K12_s3] step  23500  cosine_loss 0.3875  elapsed 1245s
  [ncr_loopedvec_K12_s3] step  24000  cosine_loss 0.3895  elapsed 1272s
  [ncr_loopedvec_K12_s3] step  24500  cosine_loss 0.3849  elapsed 1298s
  [ncr_loopedvec_K12_s3] step  25000  cosine_loss 0.3860  elapsed 1325s
  [ncr_loopedvec_K12_s3] step  25500  cosine_loss 0.3837  elapsed 1351s
  [ncr_loopedvec_K12_s3] step  26000  cosine_loss 0.3841  elapsed 1378s
  [ncr_loopedvec_K12_s3] step  26500  cosine_loss 0.3807  elapsed 1404s
  [ncr_loopedvec_K12_s3] step  27000  cosine_loss 0.3826  elapsed 1430s
  [ncr_loopedvec_K12_s3] step  27500  cosine_loss 0.3847  elapsed 1457s
  [ncr_loopedvec_K12_s3] step  28000  cosine_loss 0.3854  elapsed 1483s
  [ncr_loopedvec_K12_s3] step  28500  cosine_loss 0.3846  elapsed 1510s
  [ncr_loopedvec_K12_s3] step  29000  cosine_loss 0.3878  elapsed 1536s
  [ncr_loopedvec_K12_s3] step  29500  cosine_loss 0.3784  elapsed 1562s
  [ncr_loopedvec_K12_s3] step  30000  cosine_loss 0.3805  elapsed 1589s
  [ncr_loopedvec_K12_s3] step  30500  cosine_loss 0.3820  elapsed 1615s
  [ncr_loopedvec_K12_s3] step  31000  cosine_loss 0.3808  elapsed 1642s
  [ncr_loopedvec_K12_s3] step  31500  cosine_loss 0.3795  elapsed 1668s
  [ncr_loopedvec_K12_s3] step  32000  cosine_loss 0.3845  elapsed 1695s
  [ncr_loopedvec_K12_s3] step  32500  cosine_loss 0.3790  elapsed 1721s
  [ncr_loopedvec_K12_s3] step  33000  cosine_loss 0.3808  elapsed 1748s
  [ncr_loopedvec_K12_s3] step  33500  cosine_loss 0.3784  elapsed 1774s
  [ncr_loopedvec_K12_s3] step  34000  cosine_loss 0.3777  elapsed 1801s
  [ncr_loopedvec_K12_s3] step  34500  cosine_loss 0.3775  elapsed 1827s
  [ncr_loopedvec_K12_s3] step  35000  cosine_loss 0.3764  elapsed 1854s
  [ncr_loopedvec_K12_s3] step  35500  cosine_loss 0.3772  elapsed 1880s
  [ncr_loopedvec_K12_s3] step  36000  cosine_loss 0.3784  elapsed 1907s
  [ncr_loopedvec_K12_s3] step  36500  cosine_loss 0.3773  elapsed 1933s
  [ncr_loopedvec_K12_s3] step  37000  cosine_loss 0.3798  elapsed 1960s
  [ncr_loopedvec_K12_s3] step  37500  cosine_loss 0.3788  elapsed 1987s
  [ncr_loopedvec_K12_s3] step  38000  cosine_loss 0.3792  elapsed 2013s
  [ncr_loopedvec_K12_s3] step  38500  cosine_loss 0.3746  elapsed 2039s
  [ncr_loopedvec_K12_s3] step  39000  cosine_loss 0.3761  elapsed 2066s
  [ncr_loopedvec_K12_s3] step  39500  cosine_loss 0.3764  elapsed 2092s
  [ncr_loopedvec_K12_s3] step  40000  cosine_loss 0.3745  elapsed 2119s
  [ncr_loopedvec_K12_s3] step  40500  cosine_loss 0.3756  elapsed 2145s
  [ncr_loopedvec_K12_s3] step  41000  cosine_loss 0.3799  elapsed 2172s
  [ncr_loopedvec_K12_s3] step  41500  cosine_loss 0.3824  elapsed 2198s
  [ncr_loopedvec_K12_s3] step  42000  cosine_loss 0.3781  elapsed 2225s
  [ncr_loopedvec_K12_s3] step  42500  cosine_loss 0.3768  elapsed 2252s
  [ncr_loopedvec_K12_s3] step  43000  cosine_loss 0.3774  elapsed 2278s
  [ncr_loopedvec_K12_s3] step  43500  cosine_loss 0.3740  elapsed 2305s
  [ncr_loopedvec_K12_s3] step  44000  cosine_loss 0.3762  elapsed 2331s
  [ncr_loopedvec_K12_s3] step  44500  cosine_loss 0.3811  elapsed 2358s
  [ncr_loopedvec_K12_s3] step  45000  cosine_loss 0.3783  elapsed 2384s
  [ncr_loopedvec_K12_s3] step  45500  cosine_loss 0.3776  elapsed 2411s
  [ncr_loopedvec_K12_s3] step  46000  cosine_loss 0.3765  elapsed 2437s
  [ncr_loopedvec_K12_s3] step  46500  cosine_loss 0.3801  elapsed 2464s
  [ncr_loopedvec_K12_s3] step  47000  cosine_loss 0.3765  elapsed 2490s
  [ncr_loopedvec_K12_s3] step  47500  cosine_loss 0.3765  elapsed 2517s
  [ncr_loopedvec_K12_s3] step  48000  cosine_loss 0.3723  elapsed 2543s
  [ncr_loopedvec_K12_s3] step  48500  cosine_loss 0.3772  elapsed 2570s
  [ncr_loopedvec_K12_s3] step  49000  cosine_loss 0.3729  elapsed 2596s
  [ncr_loopedvec_K12_s3] step  49500  cosine_loss 0.3756  elapsed 2623s
  [ncr_loopedvec_K12_s3] step  50000  cosine_loss 0.3770  elapsed 2649s
  [ncr_loopedvec_K12_s3] step  50500  cosine_loss 0.3714  elapsed 2676s
  [ncr_loopedvec_K12_s3] step  51000  cosine_loss 0.3753  elapsed 2702s
  [ncr_loopedvec_K12_s3] step  51500  cosine_loss 0.3746  elapsed 2729s
  [ncr_loopedvec_K12_s3] step  52000  cosine_loss 0.3716  elapsed 2755s
  [ncr_loopedvec_K12_s3] step  52500  cosine_loss 0.3742  elapsed 2782s
  [ncr_loopedvec_K12_s3] step  53000  cosine_loss 0.3745  elapsed 2808s
  [ncr_loopedvec_K12_s3] step  53500  cosine_loss 0.3755  elapsed 2835s
  [ncr_loopedvec_K12_s3] step  54000  cosine_loss 0.3757  elapsed 2863s
  [ncr_loopedvec_K12_s3] step  54500  cosine_loss 0.3765  elapsed 2889s
  [ncr_loopedvec_K12_s3] step  55000  cosine_loss 0.3722  elapsed 2916s
  [ncr_loopedvec_K12_s3] step  55500  cosine_loss 0.3741  elapsed 2942s
  [ncr_loopedvec_K12_s3] step  56000  cosine_loss 0.3754  elapsed 2969s
  [ncr_loopedvec_K12_s3] step  56500  cosine_loss 0.3743  elapsed 2995s
  [ncr_loopedvec_K12_s3] step  57000  cosine_loss 0.3755  elapsed 3022s
  [ncr_loopedvec_K12_s3] step  57500  cosine_loss 0.3767  elapsed 3048s
  [ncr_loopedvec_K12_s3] step  58000  cosine_loss 0.3716  elapsed 3075s
  [ncr_loopedvec_K12_s3] step  58500  cosine_loss 0.3746  elapsed 3101s
  [ncr_loopedvec_K12_s3] step  59000  cosine_loss 0.3761  elapsed 3128s
  [ncr_loopedvec_K12_s3] step  59500  cosine_loss 0.3758  elapsed 3154s
  [ncr_loopedvec_K12_s3] step  60000  cosine_loss 0.3770  elapsed 3181s
  [ncr_loopedvec_K12_s3] step  60500  cosine_loss 0.3755  elapsed 3207s
  [ncr_loopedvec_K12_s3] step  61000  cosine_loss 0.3738  elapsed 3234s
  [ncr_loopedvec_K12_s3] step  61500  cosine_loss 0.3734  elapsed 3260s
  [ncr_loopedvec_K12_s3] step  62000  cosine_loss 0.3732  elapsed 3287s
  [ncr_loopedvec_K12_s3] step  62500  cosine_loss 0.3771  elapsed 3313s
  [ncr_loopedvec_K12_s3] step  63000  cosine_loss 0.3717  elapsed 3340s
  [ncr_loopedvec_K12_s3] step  63500  cosine_loss 0.3734  elapsed 3366s
  [ncr_loopedvec_K12_s3] step  64000  cosine_loss 0.3768  elapsed 3393s
  [ncr_loopedvec_K12_s3] step  64500  cosine_loss 0.3748  elapsed 3419s
  [ncr_loopedvec_K12_s3] step  65000  cosine_loss 0.3705  elapsed 3446s
  [ncr_loopedvec_K12_s3] step  65500  cosine_loss 0.3735  elapsed 3472s
  [ncr_loopedvec_K12_s3] step  66000  cosine_loss 0.3743  elapsed 3499s
  [ncr_loopedvec_K12_s3] step  66500  cosine_loss 0.3730  elapsed 3525s
  [ncr_loopedvec_K12_s3] step  67000  cosine_loss 0.3716  elapsed 3552s
  [ncr_loopedvec_K12_s3] step  67500  cosine_loss 0.3723  elapsed 3578s
  [ncr_loopedvec_K12_s3] step  68000  cosine_loss 0.3738  elapsed 3605s
  [ncr_loopedvec_K12_s3] step  68500  cosine_loss 0.3726  elapsed 3631s
  [ncr_loopedvec_K12_s3] step  69000  cosine_loss 0.3753  elapsed 3658s
  [ncr_loopedvec_K12_s3] step  69500  cosine_loss 0.3688  elapsed 3684s
  [ncr_loopedvec_K12_s3] step  70000  cosine_loss 0.3747  elapsed 3711s
  [ncr_loopedvec_K12_s3] step  70500  cosine_loss 0.3727  elapsed 3737s
  [ncr_loopedvec_K12_s3] step  71000  cosine_loss 0.3753  elapsed 3763s
  [ncr_loopedvec_K12_s3] step  71500  cosine_loss 0.3732  elapsed 3790s
  [ncr_loopedvec_K12_s3] step  72000  cosine_loss 0.3715  elapsed 3816s
  [ncr_loopedvec_K12_s3] step  72500  cosine_loss 0.3745  elapsed 3843s
  [ncr_loopedvec_K12_s3] step  73000  cosine_loss 0.3734  elapsed 3869s
  [ncr_loopedvec_K12_s3] step  73500  cosine_loss 0.3722  elapsed 3896s
  [ncr_loopedvec_K12_s3] step  74000  cosine_loss 0.3763  elapsed 3922s
  [ncr_loopedvec_K12_s3] step  74500  cosine_loss 0.3748  elapsed 3949s
  [ncr_loopedvec_K12_s3] step  75000  cosine_loss 0.3693  elapsed 3975s
  [ncr_loopedvec_K12_s3] step  75500  cosine_loss 0.3723  elapsed 4001s
  [ncr_loopedvec_K12_s3] step  76000  cosine_loss 0.3736  elapsed 4028s
  [ncr_loopedvec_K12_s3] step  76500  cosine_loss 0.3755  elapsed 4054s
  [ncr_loopedvec_K12_s3] step  77000  cosine_loss 0.3750  elapsed 4081s
  [ncr_loopedvec_K12_s3] step  77500  cosine_loss 0.3734  elapsed 4107s
  [ncr_loopedvec_K12_s3] step  78000  cosine_loss 0.3726  elapsed 4133s
  [ncr_loopedvec_K12_s3] step  78500  cosine_loss 0.3721  elapsed 4160s
  [ncr_loopedvec_K12_s3] step  79000  cosine_loss 0.3717  elapsed 4186s
  [ncr_loopedvec_K12_s3] step  79500  cosine_loss 0.3702  elapsed 4213s
  [ncr_loopedvec_K12_s3] step  80000  cosine_loss 0.3734  elapsed 4239s
  [ncr_loopedvec_K12_s3] COMPLETED in 4255s -> /home/nvidia/ncr/results_phase2/ncr_loopedvec_K12_s3.json
