fatal: not a git repository (or any of the parent directories): .git
  [ncr_fwm_K12_s2] step      1  cosine_loss 0.9976  elapsed 1s
  [ncr_fwm_K12_s2] step    500  cosine_loss 0.4904  elapsed 27s
  [ncr_fwm_K12_s2] step   1000  cosine_loss 0.0560  elapsed 55s
  [ncr_fwm_K12_s2] step   1500  cosine_loss 0.0600  elapsed 81s
  [ncr_fwm_K12_s2] step   2000  cosine_loss 0.0562  elapsed 108s
  [ncr_fwm_K12_s2] step   2500  cosine_loss 0.0521  elapsed 135s
  [ncr_fwm_K12_s2] step   3000  cosine_loss 0.0445  elapsed 161s
  [ncr_fwm_K12_s2] step   3500  cosine_loss 0.0452  elapsed 188s
  [ncr_fwm_K12_s2] step   4000  cosine_loss 0.0428  elapsed 214s
  [ncr_fwm_K12_s2] step   4500  cosine_loss 0.0439  elapsed 241s
  [ncr_fwm_K12_s2] step   5000  cosine_loss 0.0417  elapsed 267s
  [ncr_fwm_K12_s2] step   5500  cosine_loss 0.0415  elapsed 294s
  [ncr_fwm_K12_s2] step   6000  cosine_loss 0.0417  elapsed 320s
  [ncr_fwm_K12_s2] step   6500  cosine_loss 0.0417  elapsed 347s
  [ncr_fwm_K12_s2] step   7000  cosine_loss 0.0398  elapsed 373s
  [ncr_fwm_K12_s2] step   7500  cosine_loss 0.0417  elapsed 400s
  [ncr_fwm_K12_s2] step   8000  cosine_loss 0.0388  elapsed 427s
  [ncr_fwm_K12_s2] step   8500  cosine_loss 0.0379  elapsed 454s
  [ncr_fwm_K12_s2] step   9000  cosine_loss 0.0381  elapsed 481s
  [ncr_fwm_K12_s2] step   9500  cosine_loss 0.0382  elapsed 508s
  [ncr_fwm_K12_s2] step  10000  cosine_loss 0.0371  elapsed 535s
  [ncr_fwm_K12_s2] step  10500  cosine_loss 0.0369  elapsed 562s
  [ncr_fwm_K12_s2] step  11000  cosine_loss 0.0362  elapsed 590s
  [ncr_fwm_K12_s2] step  11500  cosine_loss 0.0361  elapsed 617s
  [ncr_fwm_K12_s2] step  12000  cosine_loss 0.0358  elapsed 644s
  [ncr_fwm_K12_s2] step  12500  cosine_loss 0.0342  elapsed 672s
  [ncr_fwm_K12_s2] step  13000  cosine_loss 0.0345  elapsed 699s
  [ncr_fwm_K12_s2] step  13500  cosine_loss 0.0353  elapsed 725s
  [ncr_fwm_K12_s2] step  14000  cosine_loss 0.0348  elapsed 752s
  [ncr_fwm_K12_s2] step  14500  cosine_loss 0.0356  elapsed 778s
  [ncr_fwm_K12_s2] step  15000  cosine_loss 0.0350  elapsed 805s
  [ncr_fwm_K12_s2] step  15500  cosine_loss 0.0348  elapsed 831s
  [ncr_fwm_K12_s2] step  16000  cosine_loss 0.0363  elapsed 858s
  [ncr_fwm_K12_s2] step  16500  cosine_loss 0.0363  elapsed 884s
  [ncr_fwm_K12_s2] step  17000  cosine_loss 0.0345  elapsed 910s
  [ncr_fwm_K12_s2] step  17500  cosine_loss 0.0327  elapsed 937s
  [ncr_fwm_K12_s2] step  18000  cosine_loss 0.0338  elapsed 963s
  [ncr_fwm_K12_s2] step  18500  cosine_loss 0.0353  elapsed 990s
  [ncr_fwm_K12_s2] step  19000  cosine_loss 0.0332  elapsed 1017s
  [ncr_fwm_K12_s2] step  19500  cosine_loss 0.0353  elapsed 1043s
  [ncr_fwm_K12_s2] step  20000  cosine_loss 0.0336  elapsed 1069s
  [ncr_fwm_K12_s2] step  20500  cosine_loss 0.0326  elapsed 1096s
  [ncr_fwm_K12_s2] step  21000  cosine_loss 0.0352  elapsed 1122s
  [ncr_fwm_K12_s2] step  21500  cosine_loss 0.0352  elapsed 1148s
  [ncr_fwm_K12_s2] step  22000  cosine_loss 0.0335  elapsed 1175s
  [ncr_fwm_K12_s2] step  22500  cosine_loss 0.0350  elapsed 1201s
  [ncr_fwm_K12_s2] step  23000  cosine_loss 0.0335  elapsed 1228s
  [ncr_fwm_K12_s2] step  23500  cosine_loss 0.0340  elapsed 1254s
  [ncr_fwm_K12_s2] step  24000  cosine_loss 0.0332  elapsed 1281s
  [ncr_fwm_K12_s2] step  24500  cosine_loss 0.0357  elapsed 1308s
  [ncr_fwm_K12_s2] step  25000  cosine_loss 0.0342  elapsed 1334s
  [ncr_fwm_K12_s2] step  25500  cosine_loss 0.0328  elapsed 1361s
  [ncr_fwm_K12_s2] step  26000  cosine_loss 0.0345  elapsed 1388s
  [ncr_fwm_K12_s2] step  26500  cosine_loss 0.0341  elapsed 1415s
  [ncr_fwm_K12_s2] step  27000  cosine_loss 0.0325  elapsed 1441s
  [ncr_fwm_K12_s2] step  27500  cosine_loss 0.0346  elapsed 1468s
  [ncr_fwm_K12_s2] step  28000  cosine_loss 0.0341  elapsed 1495s
  [ncr_fwm_K12_s2] step  28500  cosine_loss 0.0337  elapsed 1521s
  [ncr_fwm_K12_s2] step  29000  cosine_loss 0.0334  elapsed 1548s
  [ncr_fwm_K12_s2] step  29500  cosine_loss 0.0349  elapsed 1575s
  [ncr_fwm_K12_s2] step  30000  cosine_loss 0.0344  elapsed 1601s
  [ncr_fwm_K12_s2] step  30500  cosine_loss 0.0332  elapsed 1628s
  [ncr_fwm_K12_s2] step  31000  cosine_loss 0.0337  elapsed 1654s
  [ncr_fwm_K12_s2] step  31500  cosine_loss 0.0339  elapsed 1680s
  [ncr_fwm_K12_s2] step  32000  cosine_loss 0.0328  elapsed 1707s
  [ncr_fwm_K12_s2] step  32500  cosine_loss 0.0343  elapsed 1733s
  [ncr_fwm_K12_s2] step  33000  cosine_loss 0.0330  elapsed 1760s
  [ncr_fwm_K12_s2] step  33500  cosine_loss 0.0337  elapsed 1786s
  [ncr_fwm_K12_s2] step  34000  cosine_loss 0.0325  elapsed 1812s
  [ncr_fwm_K12_s2] step  34500  cosine_loss 0.0327  elapsed 1839s
  [ncr_fwm_K12_s2] step  35000  cosine_loss 0.0350  elapsed 1865s
  [ncr_fwm_K12_s2] step  35500  cosine_loss 0.0343  elapsed 1892s
  [ncr_fwm_K12_s2] step  36000  cosine_loss 0.0344  elapsed 1918s
  [ncr_fwm_K12_s2] step  36500  cosine_loss 0.0340  elapsed 1945s
  [ncr_fwm_K12_s2] step  37000  cosine_loss 0.0352  elapsed 1971s
  [ncr_fwm_K12_s2] step  37500  cosine_loss 0.0332  elapsed 1997s
  [ncr_fwm_K12_s2] step  38000  cosine_loss 0.0313  elapsed 2024s
  [ncr_fwm_K12_s2] step  38500  cosine_loss 0.0343  elapsed 2050s
  [ncr_fwm_K12_s2] step  39000  cosine_loss 0.0348  elapsed 2077s
  [ncr_fwm_K12_s2] step  39500  cosine_loss 0.0351  elapsed 2103s
  [ncr_fwm_K12_s2] step  40000  cosine_loss 0.0343  elapsed 2129s
  [ncr_fwm_K12_s2] step  40500  cosine_loss 0.0345  elapsed 2156s
  [ncr_fwm_K12_s2] step  41000  cosine_loss 0.0346  elapsed 2183s
  [ncr_fwm_K12_s2] step  41500  cosine_loss 0.0335  elapsed 2210s
  [ncr_fwm_K12_s2] step  42000  cosine_loss 0.0336  elapsed 2238s
  [ncr_fwm_K12_s2] step  42500  cosine_loss 0.0329  elapsed 2264s
  [ncr_fwm_K12_s2] step  43000  cosine_loss 0.0351  elapsed 2290s
  [ncr_fwm_K12_s2] step  43500  cosine_loss 0.0327  elapsed 2317s
  [ncr_fwm_K12_s2] step  44000  cosine_loss 0.0345  elapsed 2343s
  [ncr_fwm_K12_s2] step  44500  cosine_loss 0.0332  elapsed 2370s
  [ncr_fwm_K12_s2] step  45000  cosine_loss 0.0328  elapsed 2396s
  [ncr_fwm_K12_s2] step  45500  cosine_loss 0.0331  elapsed 2423s
  [ncr_fwm_K12_s2] step  46000  cosine_loss 0.0337  elapsed 2450s
  [ncr_fwm_K12_s2] step  46500  cosine_loss 0.0345  elapsed 2476s
  [ncr_fwm_K12_s2] step  47000  cosine_loss 0.0333  elapsed 2503s
  [ncr_fwm_K12_s2] step  47500  cosine_loss 0.0323  elapsed 2529s
  [ncr_fwm_K12_s2] step  48000  cosine_loss 0.0333  elapsed 2556s
  [ncr_fwm_K12_s2] step  48500  cosine_loss 0.0322  elapsed 2583s
  [ncr_fwm_K12_s2] step  49000  cosine_loss 0.0330  elapsed 2609s
  [ncr_fwm_K12_s2] step  49500  cosine_loss 0.0336  elapsed 2636s
  [ncr_fwm_K12_s2] step  50000  cosine_loss 0.0343  elapsed 2662s
  [ncr_fwm_K12_s2] step  50500  cosine_loss 0.0322  elapsed 2689s
  [ncr_fwm_K12_s2] step  51000  cosine_loss 0.0340  elapsed 2716s
  [ncr_fwm_K12_s2] step  51500  cosine_loss 0.0332  elapsed 2742s
  [ncr_fwm_K12_s2] step  52000  cosine_loss 0.0343  elapsed 2769s
  [ncr_fwm_K12_s2] step  52500  cosine_loss 0.0353  elapsed 2796s
  [ncr_fwm_K12_s2] step  53000  cosine_loss 0.0329  elapsed 2822s
  [ncr_fwm_K12_s2] step  53500  cosine_loss 0.0341  elapsed 2849s
  [ncr_fwm_K12_s2] step  54000  cosine_loss 0.0348  elapsed 2876s
  [ncr_fwm_K12_s2] step  54500  cosine_loss 0.0356  elapsed 2903s
  [ncr_fwm_K12_s2] step  55000  cosine_loss 0.0327  elapsed 2930s
  [ncr_fwm_K12_s2] step  55500  cosine_loss 0.0342  elapsed 2956s
  [ncr_fwm_K12_s2] step  56000  cosine_loss 0.0336  elapsed 2983s
  [ncr_fwm_K12_s2] step  56500  cosine_loss 0.0337  elapsed 3009s
  [ncr_fwm_K12_s2] step  57000  cosine_loss 0.0330  elapsed 3036s
  [ncr_fwm_K12_s2] step  57500  cosine_loss 0.0321  elapsed 3063s
  [ncr_fwm_K12_s2] step  58000  cosine_loss 0.0323  elapsed 3090s
  [ncr_fwm_K12_s2] step  58500  cosine_loss 0.0337  elapsed 3116s
  [ncr_fwm_K12_s2] step  59000  cosine_loss 0.0343  elapsed 3143s
  [ncr_fwm_K12_s2] step  59500  cosine_loss 0.0345  elapsed 3170s
  [ncr_fwm_K12_s2] step  60000  cosine_loss 0.0326  elapsed 3197s
  [ncr_fwm_K12_s2] step  60500  cosine_loss 0.0327  elapsed 3224s
  [ncr_fwm_K12_s2] step  61000  cosine_loss 0.0347  elapsed 3251s
  [ncr_fwm_K12_s2] step  61500  cosine_loss 0.0328  elapsed 3278s
  [ncr_fwm_K12_s2] step  62000  cosine_loss 0.0335  elapsed 3305s
  [ncr_fwm_K12_s2] step  62500  cosine_loss 0.0330  elapsed 3331s
  [ncr_fwm_K12_s2] step  63000  cosine_loss 0.0338  elapsed 3358s
  [ncr_fwm_K12_s2] step  63500  cosine_loss 0.0341  elapsed 3385s
  [ncr_fwm_K12_s2] step  64000  cosine_loss 0.0340  elapsed 3412s
  [ncr_fwm_K12_s2] step  64500  cosine_loss 0.0340  elapsed 3439s
  [ncr_fwm_K12_s2] step  65000  cosine_loss 0.0330  elapsed 3465s
  [ncr_fwm_K12_s2] step  65500  cosine_loss 0.0334  elapsed 3492s
  [ncr_fwm_K12_s2] step  66000  cosine_loss 0.0353  elapsed 3518s
  [ncr_fwm_K12_s2] step  66500  cosine_loss 0.0340  elapsed 3546s
  [ncr_fwm_K12_s2] step  67000  cosine_loss 0.0355  elapsed 3572s
  [ncr_fwm_K12_s2] step  67500  cosine_loss 0.0337  elapsed 3600s
  [ncr_fwm_K12_s2] step  68000  cosine_loss 0.0332  elapsed 3628s
  [ncr_fwm_K12_s2] step  68500  cosine_loss 0.0331  elapsed 3654s
  [ncr_fwm_K12_s2] step  69000  cosine_loss 0.0346  elapsed 3681s
  [ncr_fwm_K12_s2] step  69500  cosine_loss 0.0330  elapsed 3708s
  [ncr_fwm_K12_s2] step  70000  cosine_loss 0.0348  elapsed 3734s
  [ncr_fwm_K12_s2] step  70500  cosine_loss 0.0339  elapsed 3761s
  [ncr_fwm_K12_s2] step  71000  cosine_loss 0.0324  elapsed 3787s
  [ncr_fwm_K12_s2] step  71500  cosine_loss 0.0338  elapsed 3814s
  [ncr_fwm_K12_s2] step  72000  cosine_loss 0.0339  elapsed 3840s
  [ncr_fwm_K12_s2] step  72500  cosine_loss 0.0334  elapsed 3867s
  [ncr_fwm_K12_s2] step  73000  cosine_loss 0.0324  elapsed 3894s
  [ncr_fwm_K12_s2] step  73500  cosine_loss 0.0327  elapsed 3922s
  [ncr_fwm_K12_s2] step  74000  cosine_loss 0.0343  elapsed 3949s
  [ncr_fwm_K12_s2] step  74500  cosine_loss 0.0331  elapsed 3976s
  [ncr_fwm_K12_s2] step  75000  cosine_loss 0.0337  elapsed 4002s
  [ncr_fwm_K12_s2] step  75500  cosine_loss 0.0336  elapsed 4029s
  [ncr_fwm_K12_s2] step  76000  cosine_loss 0.0349  elapsed 4056s
  [ncr_fwm_K12_s2] step  76500  cosine_loss 0.0324  elapsed 4083s
  [ncr_fwm_K12_s2] step  77000  cosine_loss 0.0333  elapsed 4109s
  [ncr_fwm_K12_s2] step  77500  cosine_loss 0.0340  elapsed 4137s
  [ncr_fwm_K12_s2] step  78000  cosine_loss 0.0337  elapsed 4164s
  [ncr_fwm_K12_s2] step  78500  cosine_loss 0.0349  elapsed 4191s
  [ncr_fwm_K12_s2] step  79000  cosine_loss 0.0335  elapsed 4218s
  [ncr_fwm_K12_s2] step  79500  cosine_loss 0.0330  elapsed 4244s
  [ncr_fwm_K12_s2] step  80000  cosine_loss 0.0334  elapsed 4271s
  [ncr_fwm_K12_s2] COMPLETED in 4280s -> /home/nvidia/ncr/results_phase2/ncr_fwm_K12_s2.json
