fatal: not a git repository (or any of the parent directories): .git
  [ncr_loopedvec_K12_s1] step      1  cosine_loss 0.9834  elapsed 1s
  [ncr_loopedvec_K12_s1] step    500  cosine_loss 0.6977  elapsed 28s
  [ncr_loopedvec_K12_s1] step   1000  cosine_loss 0.5976  elapsed 55s
  [ncr_loopedvec_K12_s1] step   1500  cosine_loss 0.4456  elapsed 81s
  [ncr_loopedvec_K12_s1] step   2000  cosine_loss 0.4327  elapsed 108s
  [ncr_loopedvec_K12_s1] step   2500  cosine_loss 0.4278  elapsed 134s
  [ncr_loopedvec_K12_s1] step   3000  cosine_loss 0.4275  elapsed 160s
  [ncr_loopedvec_K12_s1] step   3500  cosine_loss 0.4227  elapsed 187s
  [ncr_loopedvec_K12_s1] step   4000  cosine_loss 0.4248  elapsed 214s
  [ncr_loopedvec_K12_s1] step   4500  cosine_loss 0.4249  elapsed 240s
  [ncr_loopedvec_K12_s1] step   5000  cosine_loss 0.4258  elapsed 266s
  [ncr_loopedvec_K12_s1] step   5500  cosine_loss 0.4249  elapsed 293s
  [ncr_loopedvec_K12_s1] step   6000  cosine_loss 0.4259  elapsed 319s
  [ncr_loopedvec_K12_s1] step   6500  cosine_loss 0.4241  elapsed 346s
  [ncr_loopedvec_K12_s1] step   7000  cosine_loss 0.4248  elapsed 372s
  [ncr_loopedvec_K12_s1] step   7500  cosine_loss 0.4237  elapsed 399s
  [ncr_loopedvec_K12_s1] step   8000  cosine_loss 0.4233  elapsed 425s
  [ncr_loopedvec_K12_s1] step   8500  cosine_loss 0.4221  elapsed 451s
  [ncr_loopedvec_K12_s1] step   9000  cosine_loss 0.4239  elapsed 478s
  [ncr_loopedvec_K12_s1] step   9500  cosine_loss 0.4233  elapsed 504s
  [ncr_loopedvec_K12_s1] step  10000  cosine_loss 0.4226  elapsed 531s
  [ncr_loopedvec_K12_s1] step  10500  cosine_loss 0.4174  elapsed 557s
  [ncr_loopedvec_K12_s1] step  11000  cosine_loss 0.4194  elapsed 584s
  [ncr_loopedvec_K12_s1] step  11500  cosine_loss 0.4161  elapsed 610s
  [ncr_loopedvec_K12_s1] step  12000  cosine_loss 0.4135  elapsed 637s
  [ncr_loopedvec_K12_s1] step  12500  cosine_loss 0.4108  elapsed 663s
  [ncr_loopedvec_K12_s1] step  13000  cosine_loss 0.4099  elapsed 690s
  [ncr_loopedvec_K12_s1] step  13500  cosine_loss 0.4090  elapsed 716s
  [ncr_loopedvec_K12_s1] step  14000  cosine_loss 0.4068  elapsed 743s
  [ncr_loopedvec_K12_s1] step  14500  cosine_loss 0.4074  elapsed 770s
  [ncr_loopedvec_K12_s1] step  15000  cosine_loss 0.4066  elapsed 796s
  [ncr_loopedvec_K12_s1] step  15500  cosine_loss 0.4083  elapsed 823s
  [ncr_loopedvec_K12_s1] step  16000  cosine_loss 0.4049  elapsed 849s
  [ncr_loopedvec_K12_s1] step  16500  cosine_loss 0.4078  elapsed 876s
  [ncr_loopedvec_K12_s1] step  17000  cosine_loss 0.4032  elapsed 902s
  [ncr_loopedvec_K12_s1] step  17500  cosine_loss 0.4040  elapsed 928s
  [ncr_loopedvec_K12_s1] step  18000  cosine_loss 0.4012  elapsed 955s
  [ncr_loopedvec_K12_s1] step  18500  cosine_loss 0.4058  elapsed 981s
  [ncr_loopedvec_K12_s1] step  19000  cosine_loss 0.4001  elapsed 1008s
  [ncr_loopedvec_K12_s1] step  19500  cosine_loss 0.4038  elapsed 1035s
  [ncr_loopedvec_K12_s1] step  20000  cosine_loss 0.4007  elapsed 1061s
  [ncr_loopedvec_K12_s1] step  20500  cosine_loss 0.4019  elapsed 1087s
  [ncr_loopedvec_K12_s1] step  21000  cosine_loss 0.3987  elapsed 1114s
  [ncr_loopedvec_K12_s1] step  21500  cosine_loss 0.3999  elapsed 1140s
  [ncr_loopedvec_K12_s1] step  22000  cosine_loss 0.3978  elapsed 1167s
  [ncr_loopedvec_K12_s1] step  22500  cosine_loss 0.3978  elapsed 1193s
  [ncr_loopedvec_K12_s1] step  23000  cosine_loss 0.3958  elapsed 1219s
  [ncr_loopedvec_K12_s1] step  23500  cosine_loss 0.3954  elapsed 1246s
  [ncr_loopedvec_K12_s1] step  24000  cosine_loss 0.3953  elapsed 1272s
  [ncr_loopedvec_K12_s1] step  24500  cosine_loss 0.3948  elapsed 1299s
  [ncr_loopedvec_K12_s1] step  25000  cosine_loss 0.3960  elapsed 1325s
  [ncr_loopedvec_K12_s1] step  25500  cosine_loss 0.3939  elapsed 1352s
  [ncr_loopedvec_K12_s1] step  26000  cosine_loss 0.3975  elapsed 1378s
  [ncr_loopedvec_K12_s1] step  26500  cosine_loss 0.3947  elapsed 1405s
  [ncr_loopedvec_K12_s1] step  27000  cosine_loss 0.3930  elapsed 1431s
  [ncr_loopedvec_K12_s1] step  27500  cosine_loss 0.3941  elapsed 1457s
  [ncr_loopedvec_K12_s1] step  28000  cosine_loss 0.3887  elapsed 1484s
  [ncr_loopedvec_K12_s1] step  28500  cosine_loss 0.3908  elapsed 1510s
  [ncr_loopedvec_K12_s1] step  29000  cosine_loss 0.3941  elapsed 1537s
  [ncr_loopedvec_K12_s1] step  29500  cosine_loss 0.3903  elapsed 1563s
  [ncr_loopedvec_K12_s1] step  30000  cosine_loss 0.3882  elapsed 1589s
  [ncr_loopedvec_K12_s1] step  30500  cosine_loss 0.3902  elapsed 1616s
  [ncr_loopedvec_K12_s1] step  31000  cosine_loss 0.3871  elapsed 1643s
  [ncr_loopedvec_K12_s1] step  31500  cosine_loss 0.3889  elapsed 1669s
  [ncr_loopedvec_K12_s1] step  32000  cosine_loss 0.3871  elapsed 1695s
  [ncr_loopedvec_K12_s1] step  32500  cosine_loss 0.3830  elapsed 1722s
  [ncr_loopedvec_K12_s1] step  33000  cosine_loss 0.3882  elapsed 1748s
  [ncr_loopedvec_K12_s1] step  33500  cosine_loss 0.3895  elapsed 1775s
  [ncr_loopedvec_K12_s1] step  34000  cosine_loss 0.3881  elapsed 1802s
  [ncr_loopedvec_K12_s1] step  34500  cosine_loss 0.3827  elapsed 1828s
  [ncr_loopedvec_K12_s1] step  35000  cosine_loss 0.3858  elapsed 1855s
  [ncr_loopedvec_K12_s1] step  35500  cosine_loss 0.3890  elapsed 1881s
  [ncr_loopedvec_K12_s1] step  36000  cosine_loss 0.3836  elapsed 1908s
  [ncr_loopedvec_K12_s1] step  36500  cosine_loss 0.3836  elapsed 1934s
  [ncr_loopedvec_K12_s1] step  37000  cosine_loss 0.3838  elapsed 1961s
  [ncr_loopedvec_K12_s1] step  37500  cosine_loss 0.3848  elapsed 1988s
  [ncr_loopedvec_K12_s1] step  38000  cosine_loss 0.3879  elapsed 2014s
  [ncr_loopedvec_K12_s1] step  38500  cosine_loss 0.3855  elapsed 2040s
  [ncr_loopedvec_K12_s1] step  39000  cosine_loss 0.3839  elapsed 2067s
  [ncr_loopedvec_K12_s1] step  39500  cosine_loss 0.3810  elapsed 2093s
  [ncr_loopedvec_K12_s1] step  40000  cosine_loss 0.3849  elapsed 2120s
  [ncr_loopedvec_K12_s1] step  40500  cosine_loss 0.3815  elapsed 2146s
  [ncr_loopedvec_K12_s1] step  41000  cosine_loss 0.3847  elapsed 2173s
  [ncr_loopedvec_K12_s1] step  41500  cosine_loss 0.3796  elapsed 2199s
  [ncr_loopedvec_K12_s1] step  42000  cosine_loss 0.3811  elapsed 2226s
  [ncr_loopedvec_K12_s1] step  42500  cosine_loss 0.3824  elapsed 2253s
  [ncr_loopedvec_K12_s1] step  43000  cosine_loss 0.3794  elapsed 2279s
  [ncr_loopedvec_K12_s1] step  43500  cosine_loss 0.3795  elapsed 2306s
  [ncr_loopedvec_K12_s1] step  44000  cosine_loss 0.3772  elapsed 2333s
  [ncr_loopedvec_K12_s1] step  44500  cosine_loss 0.3784  elapsed 2359s
  [ncr_loopedvec_K12_s1] step  45000  cosine_loss 0.3772  elapsed 2386s
  [ncr_loopedvec_K12_s1] step  45500  cosine_loss 0.3772  elapsed 2412s
  [ncr_loopedvec_K12_s1] step  46000  cosine_loss 0.3791  elapsed 2438s
  [ncr_loopedvec_K12_s1] step  46500  cosine_loss 0.3770  elapsed 2465s
  [ncr_loopedvec_K12_s1] step  47000  cosine_loss 0.3777  elapsed 2492s
  [ncr_loopedvec_K12_s1] step  47500  cosine_loss 0.3755  elapsed 2518s
  [ncr_loopedvec_K12_s1] step  48000  cosine_loss 0.3752  elapsed 2545s
  [ncr_loopedvec_K12_s1] step  48500  cosine_loss 0.3738  elapsed 2571s
  [ncr_loopedvec_K12_s1] step  49000  cosine_loss 0.3738  elapsed 2598s
  [ncr_loopedvec_K12_s1] step  49500  cosine_loss 0.3763  elapsed 2624s
  [ncr_loopedvec_K12_s1] step  50000  cosine_loss 0.3765  elapsed 2651s
  [ncr_loopedvec_K12_s1] step  50500  cosine_loss 0.3734  elapsed 2677s
  [ncr_loopedvec_K12_s1] step  51000  cosine_loss 0.3778  elapsed 2703s
  [ncr_loopedvec_K12_s1] step  51500  cosine_loss 0.3786  elapsed 2730s
  [ncr_loopedvec_K12_s1] step  52000  cosine_loss 0.3731  elapsed 2757s
  [ncr_loopedvec_K12_s1] step  52500  cosine_loss 0.3698  elapsed 2783s
  [ncr_loopedvec_K12_s1] step  53000  cosine_loss 0.3751  elapsed 2810s
  [ncr_loopedvec_K12_s1] step  53500  cosine_loss 0.3716  elapsed 2837s
  [ncr_loopedvec_K12_s1] step  54000  cosine_loss 0.3761  elapsed 2864s
  [ncr_loopedvec_K12_s1] step  54500  cosine_loss 0.3740  elapsed 2891s
  [ncr_loopedvec_K12_s1] step  55000  cosine_loss 0.3724  elapsed 2918s
  [ncr_loopedvec_K12_s1] step  55500  cosine_loss 0.3694  elapsed 2944s
  [ncr_loopedvec_K12_s1] step  56000  cosine_loss 0.3715  elapsed 2971s
  [ncr_loopedvec_K12_s1] step  56500  cosine_loss 0.3704  elapsed 2997s
  [ncr_loopedvec_K12_s1] step  57000  cosine_loss 0.3728  elapsed 3024s
  [ncr_loopedvec_K12_s1] step  57500  cosine_loss 0.3703  elapsed 3050s
  [ncr_loopedvec_K12_s1] step  58000  cosine_loss 0.3687  elapsed 3077s
  [ncr_loopedvec_K12_s1] step  58500  cosine_loss 0.3682  elapsed 3103s
  [ncr_loopedvec_K12_s1] step  59000  cosine_loss 0.3706  elapsed 3130s
  [ncr_loopedvec_K12_s1] step  59500  cosine_loss 0.3666  elapsed 3156s
  [ncr_loopedvec_K12_s1] step  60000  cosine_loss 0.3695  elapsed 3183s
  [ncr_loopedvec_K12_s1] step  60500  cosine_loss 0.3675  elapsed 3209s
  [ncr_loopedvec_K12_s1] step  61000  cosine_loss 0.3666  elapsed 3236s
  [ncr_loopedvec_K12_s1] step  61500  cosine_loss 0.3669  elapsed 3262s
  [ncr_loopedvec_K12_s1] step  62000  cosine_loss 0.3703  elapsed 3289s
  [ncr_loopedvec_K12_s1] step  62500  cosine_loss 0.3658  elapsed 3315s
  [ncr_loopedvec_K12_s1] step  63000  cosine_loss 0.3698  elapsed 3342s
  [ncr_loopedvec_K12_s1] step  63500  cosine_loss 0.3686  elapsed 3368s
  [ncr_loopedvec_K12_s1] step  64000  cosine_loss 0.3677  elapsed 3395s
  [ncr_loopedvec_K12_s1] step  64500  cosine_loss 0.3708  elapsed 3421s
  [ncr_loopedvec_K12_s1] step  65000  cosine_loss 0.3659  elapsed 3448s
  [ncr_loopedvec_K12_s1] step  65500  cosine_loss 0.3667  elapsed 3474s
  [ncr_loopedvec_K12_s1] step  66000  cosine_loss 0.3648  elapsed 3501s
  [ncr_loopedvec_K12_s1] step  66500  cosine_loss 0.3685  elapsed 3527s
  [ncr_loopedvec_K12_s1] step  67000  cosine_loss 0.3619  elapsed 3554s
  [ncr_loopedvec_K12_s1] step  67500  cosine_loss 0.3662  elapsed 3580s
  [ncr_loopedvec_K12_s1] step  68000  cosine_loss 0.3662  elapsed 3607s
  [ncr_loopedvec_K12_s1] step  68500  cosine_loss 0.3596  elapsed 3633s
  [ncr_loopedvec_K12_s1] step  69000  cosine_loss 0.3605  elapsed 3660s
  [ncr_loopedvec_K12_s1] step  69500  cosine_loss 0.3641  elapsed 3686s
  [ncr_loopedvec_K12_s1] step  70000  cosine_loss 0.3667  elapsed 3713s
  [ncr_loopedvec_K12_s1] step  70500  cosine_loss 0.3638  elapsed 3739s
  [ncr_loopedvec_K12_s1] step  71000  cosine_loss 0.3608  elapsed 3766s
  [ncr_loopedvec_K12_s1] step  71500  cosine_loss 0.3595  elapsed 3792s
  [ncr_loopedvec_K12_s1] step  72000  cosine_loss 0.3599  elapsed 3819s
  [ncr_loopedvec_K12_s1] step  72500  cosine_loss 0.3611  elapsed 3845s
  [ncr_loopedvec_K12_s1] step  73000  cosine_loss 0.3595  elapsed 3871s
  [ncr_loopedvec_K12_s1] step  73500  cosine_loss 0.3612  elapsed 3898s
  [ncr_loopedvec_K12_s1] step  74000  cosine_loss 0.3621  elapsed 3924s
  [ncr_loopedvec_K12_s1] step  74500  cosine_loss 0.3570  elapsed 3951s
  [ncr_loopedvec_K12_s1] step  75000  cosine_loss 0.3595  elapsed 3977s
  [ncr_loopedvec_K12_s1] step  75500  cosine_loss 0.3618  elapsed 4004s
  [ncr_loopedvec_K12_s1] step  76000  cosine_loss 0.3583  elapsed 4030s
  [ncr_loopedvec_K12_s1] step  76500  cosine_loss 0.3664  elapsed 4057s
  [ncr_loopedvec_K12_s1] step  77000  cosine_loss 0.3612  elapsed 4083s
  [ncr_loopedvec_K12_s1] step  77500  cosine_loss 0.3592  elapsed 4109s
  [ncr_loopedvec_K12_s1] step  78000  cosine_loss 0.3595  elapsed 4136s
  [ncr_loopedvec_K12_s1] step  78500  cosine_loss 0.3555  elapsed 4162s
  [ncr_loopedvec_K12_s1] step  79000  cosine_loss 0.3613  elapsed 4189s
  [ncr_loopedvec_K12_s1] step  79500  cosine_loss 0.3602  elapsed 4215s
  [ncr_loopedvec_K12_s1] step  80000  cosine_loss 0.3623  elapsed 4246s
  [ncr_loopedvec_K12_s1] COMPLETED in 4259s -> /home/nvidia/ncr/results_phase2/ncr_loopedvec_K12_s1.json
