fatal: not a git repository (or any of the parent directories): .git
  [ncr_loopedvec_K12_s0] step      1  cosine_loss 1.0005  elapsed 1s
  [ncr_loopedvec_K12_s0] step    500  cosine_loss 0.7080  elapsed 27s
  [ncr_loopedvec_K12_s0] step   1000  cosine_loss 0.5802  elapsed 53s
  [ncr_loopedvec_K12_s0] step   1500  cosine_loss 0.4518  elapsed 80s
  [ncr_loopedvec_K12_s0] step   2000  cosine_loss 0.4343  elapsed 106s
  [ncr_loopedvec_K12_s0] step   2500  cosine_loss 0.4297  elapsed 132s
  [ncr_loopedvec_K12_s0] step   3000  cosine_loss 0.4268  elapsed 158s
  [ncr_loopedvec_K12_s0] step   3500  cosine_loss 0.4257  elapsed 184s
  [ncr_loopedvec_K12_s0] step   4000  cosine_loss 0.4236  elapsed 210s
  [ncr_loopedvec_K12_s0] step   4500  cosine_loss 0.4229  elapsed 236s
  [ncr_loopedvec_K12_s0] step   5000  cosine_loss 0.4245  elapsed 262s
  [ncr_loopedvec_K12_s0] step   5500  cosine_loss 0.4254  elapsed 288s
  [ncr_loopedvec_K12_s0] step   6000  cosine_loss 0.4262  elapsed 315s
  [ncr_loopedvec_K12_s0] step   6500  cosine_loss 0.4250  elapsed 341s
  [ncr_loopedvec_K12_s0] step   7000  cosine_loss 0.4235  elapsed 367s
  [ncr_loopedvec_K12_s0] step   7500  cosine_loss 0.4227  elapsed 393s
  [ncr_loopedvec_K12_s0] step   8000  cosine_loss 0.4204  elapsed 420s
  [ncr_loopedvec_K12_s0] step   8500  cosine_loss 0.4224  elapsed 445s
  [ncr_loopedvec_K12_s0] step   9000  cosine_loss 0.4204  elapsed 471s
  [ncr_loopedvec_K12_s0] step   9500  cosine_loss 0.4182  elapsed 497s
  [ncr_loopedvec_K12_s0] step  10000  cosine_loss 0.4080  elapsed 523s
  [ncr_loopedvec_K12_s0] step  10500  cosine_loss 0.4080  elapsed 549s
  [ncr_loopedvec_K12_s0] step  11000  cosine_loss 0.4061  elapsed 575s
  [ncr_loopedvec_K12_s0] step  11500  cosine_loss 0.4033  elapsed 602s
  [ncr_loopedvec_K12_s0] step  12000  cosine_loss 0.4075  elapsed 629s
  [ncr_loopedvec_K12_s0] step  12500  cosine_loss 0.4018  elapsed 655s
  [ncr_loopedvec_K12_s0] step  13000  cosine_loss 0.4022  elapsed 681s
  [ncr_loopedvec_K12_s0] step  13500  cosine_loss 0.3996  elapsed 707s
  [ncr_loopedvec_K12_s0] step  14000  cosine_loss 0.3969  elapsed 733s
  [ncr_loopedvec_K12_s0] step  14500  cosine_loss 0.3940  elapsed 759s
  [ncr_loopedvec_K12_s0] step  15000  cosine_loss 0.3955  elapsed 785s
  [ncr_loopedvec_K12_s0] step  15500  cosine_loss 0.3899  elapsed 812s
  [ncr_loopedvec_K12_s0] step  16000  cosine_loss 0.3983  elapsed 838s
  [ncr_loopedvec_K12_s0] step  16500  cosine_loss 0.3900  elapsed 864s
  [ncr_loopedvec_K12_s0] step  17000  cosine_loss 0.3889  elapsed 890s
  [ncr_loopedvec_K12_s0] step  17500  cosine_loss 0.3891  elapsed 916s
  [ncr_loopedvec_K12_s0] step  18000  cosine_loss 0.3858  elapsed 942s
  [ncr_loopedvec_K12_s0] step  18500  cosine_loss 0.3920  elapsed 968s
  [ncr_loopedvec_K12_s0] step  19000  cosine_loss 0.3886  elapsed 994s
  [ncr_loopedvec_K12_s0] step  19500  cosine_loss 0.3840  elapsed 1020s
  [ncr_loopedvec_K12_s0] step  20000  cosine_loss 0.3850  elapsed 1047s
  [ncr_loopedvec_K12_s0] step  20500  cosine_loss 0.3854  elapsed 1073s
  [ncr_loopedvec_K12_s0] step  21000  cosine_loss 0.3849  elapsed 1099s
  [ncr_loopedvec_K12_s0] step  21500  cosine_loss 0.3813  elapsed 1125s
  [ncr_loopedvec_K12_s0] step  22000  cosine_loss 0.3875  elapsed 1151s
  [ncr_loopedvec_K12_s0] step  22500  cosine_loss 0.3826  elapsed 1177s
  [ncr_loopedvec_K12_s0] step  23000  cosine_loss 0.3854  elapsed 1203s
  [ncr_loopedvec_K12_s0] step  23500  cosine_loss 0.3840  elapsed 1229s
  [ncr_loopedvec_K12_s0] step  24000  cosine_loss 0.3847  elapsed 1256s
  [ncr_loopedvec_K12_s0] step  24500  cosine_loss 0.3824  elapsed 1283s
  [ncr_loopedvec_K12_s0] step  25000  cosine_loss 0.3799  elapsed 1309s
  [ncr_loopedvec_K12_s0] step  25500  cosine_loss 0.3808  elapsed 1335s
  [ncr_loopedvec_K12_s0] step  26000  cosine_loss 0.3802  elapsed 1361s
  [ncr_loopedvec_K12_s0] step  26500  cosine_loss 0.3781  elapsed 1388s
  [ncr_loopedvec_K12_s0] step  27000  cosine_loss 0.3780  elapsed 1415s
  [ncr_loopedvec_K12_s0] step  27500  cosine_loss 0.3816  elapsed 1442s
  [ncr_loopedvec_K12_s0] step  28000  cosine_loss 0.3804  elapsed 1469s
  [ncr_loopedvec_K12_s0] step  28500  cosine_loss 0.3766  elapsed 1495s
  [ncr_loopedvec_K12_s0] step  29000  cosine_loss 0.3804  elapsed 1522s
  [ncr_loopedvec_K12_s0] step  29500  cosine_loss 0.3728  elapsed 1549s
  [ncr_loopedvec_K12_s0] step  30000  cosine_loss 0.3758  elapsed 1575s
  [ncr_loopedvec_K12_s0] step  30500  cosine_loss 0.3767  elapsed 1601s
  [ncr_loopedvec_K12_s0] step  31000  cosine_loss 0.3771  elapsed 1627s
  [ncr_loopedvec_K12_s0] step  31500  cosine_loss 0.3715  elapsed 1653s
  [ncr_loopedvec_K12_s0] step  32000  cosine_loss 0.3720  elapsed 1679s
  [ncr_loopedvec_K12_s0] step  32500  cosine_loss 0.3725  elapsed 1705s
  [ncr_loopedvec_K12_s0] step  33000  cosine_loss 0.3728  elapsed 1731s
  [ncr_loopedvec_K12_s0] step  33500  cosine_loss 0.3671  elapsed 1758s
  [ncr_loopedvec_K12_s0] step  34000  cosine_loss 0.3700  elapsed 1783s
  [ncr_loopedvec_K12_s0] step  34500  cosine_loss 0.3668  elapsed 1809s
  [ncr_loopedvec_K12_s0] step  35000  cosine_loss 0.3711  elapsed 1836s
  [ncr_loopedvec_K12_s0] step  35500  cosine_loss 0.3650  elapsed 1862s
  [ncr_loopedvec_K12_s0] step  36000  cosine_loss 0.3678  elapsed 1888s
  [ncr_loopedvec_K12_s0] step  36500  cosine_loss 0.3721  elapsed 1914s
  [ncr_loopedvec_K12_s0] step  37000  cosine_loss 0.3630  elapsed 1940s
  [ncr_loopedvec_K12_s0] step  37500  cosine_loss 0.3630  elapsed 1966s
  [ncr_loopedvec_K12_s0] step  38000  cosine_loss 0.3633  elapsed 1992s
  [ncr_loopedvec_K12_s0] step  38500  cosine_loss 0.3630  elapsed 2018s
  [ncr_loopedvec_K12_s0] step  39000  cosine_loss 0.3616  elapsed 2044s
  [ncr_loopedvec_K12_s0] step  39500  cosine_loss 0.3670  elapsed 2069s
  [ncr_loopedvec_K12_s0] step  40000  cosine_loss 0.3638  elapsed 2095s
  [ncr_loopedvec_K12_s0] step  40500  cosine_loss 0.3619  elapsed 2121s
  [ncr_loopedvec_K12_s0] step  41000  cosine_loss 0.3648  elapsed 2148s
  [ncr_loopedvec_K12_s0] step  41500  cosine_loss 0.3608  elapsed 2174s
  [ncr_loopedvec_K12_s0] step  42000  cosine_loss 0.3640  elapsed 2200s
  [ncr_loopedvec_K12_s0] step  42500  cosine_loss 0.3648  elapsed 2226s
  [ncr_loopedvec_K12_s0] step  43000  cosine_loss 0.3635  elapsed 2252s
  [ncr_loopedvec_K12_s0] step  43500  cosine_loss 0.3696  elapsed 2278s
  [ncr_loopedvec_K12_s0] step  44000  cosine_loss 0.3561  elapsed 2304s
  [ncr_loopedvec_K12_s0] step  44500  cosine_loss 0.3607  elapsed 2330s
  [ncr_loopedvec_K12_s0] step  45000  cosine_loss 0.3615  elapsed 2356s
  [ncr_loopedvec_K12_s0] step  45500  cosine_loss 0.3587  elapsed 2382s
  [ncr_loopedvec_K12_s0] step  46000  cosine_loss 0.3610  elapsed 2409s
  [ncr_loopedvec_K12_s0] step  46500  cosine_loss 0.3581  elapsed 2434s
  [ncr_loopedvec_K12_s0] step  47000  cosine_loss 0.3616  elapsed 2460s
  [ncr_loopedvec_K12_s0] step  47500  cosine_loss 0.3545  elapsed 2486s
  [ncr_loopedvec_K12_s0] step  48000  cosine_loss 0.3595  elapsed 2513s
  [ncr_loopedvec_K12_s0] step  48500  cosine_loss 0.3601  elapsed 2539s
  [ncr_loopedvec_K12_s0] step  49000  cosine_loss 0.3583  elapsed 2565s
  [ncr_loopedvec_K12_s0] step  49500  cosine_loss 0.3557  elapsed 2591s
  [ncr_loopedvec_K12_s0] step  50000  cosine_loss 0.3520  elapsed 2617s
  [ncr_loopedvec_K12_s0] step  50500  cosine_loss 0.3569  elapsed 2644s
  [ncr_loopedvec_K12_s0] step  51000  cosine_loss 0.3516  elapsed 2670s
  [ncr_loopedvec_K12_s0] step  51500  cosine_loss 0.3540  elapsed 2695s
  [ncr_loopedvec_K12_s0] step  52000  cosine_loss 0.3567  elapsed 2722s
  [ncr_loopedvec_K12_s0] step  52500  cosine_loss 0.3511  elapsed 2748s
  [ncr_loopedvec_K12_s0] step  53000  cosine_loss 0.3471  elapsed 2774s
  [ncr_loopedvec_K12_s0] step  53500  cosine_loss 0.3497  elapsed 2800s
  [ncr_loopedvec_K12_s0] step  54000  cosine_loss 0.3535  elapsed 2827s
  [ncr_loopedvec_K12_s0] step  54500  cosine_loss 0.3497  elapsed 2853s
  [ncr_loopedvec_K12_s0] step  55000  cosine_loss 0.3472  elapsed 2879s
  [ncr_loopedvec_K12_s0] step  55500  cosine_loss 0.3476  elapsed 2906s
  [ncr_loopedvec_K12_s0] step  56000  cosine_loss 0.3449  elapsed 2932s
  [ncr_loopedvec_K12_s0] step  56500  cosine_loss 0.3412  elapsed 2958s
  [ncr_loopedvec_K12_s0] step  57000  cosine_loss 0.3485  elapsed 2984s
  [ncr_loopedvec_K12_s0] step  57500  cosine_loss 0.3444  elapsed 3010s
  [ncr_loopedvec_K12_s0] step  58000  cosine_loss 0.3388  elapsed 3037s
  [ncr_loopedvec_K12_s0] step  58500  cosine_loss 0.3447  elapsed 3063s
  [ncr_loopedvec_K12_s0] step  59000  cosine_loss 0.3520  elapsed 3089s
  [ncr_loopedvec_K12_s0] step  59500  cosine_loss 0.3483  elapsed 3115s
  [ncr_loopedvec_K12_s0] step  60000  cosine_loss 0.3461  elapsed 3141s
  [ncr_loopedvec_K12_s0] step  60500  cosine_loss 0.3411  elapsed 3168s
  [ncr_loopedvec_K12_s0] step  61000  cosine_loss 0.3446  elapsed 3194s
  [ncr_loopedvec_K12_s0] step  61500  cosine_loss 0.3425  elapsed 3220s
  [ncr_loopedvec_K12_s0] step  62000  cosine_loss 0.3396  elapsed 3247s
  [ncr_loopedvec_K12_s0] step  62500  cosine_loss 0.3462  elapsed 3273s
  [ncr_loopedvec_K12_s0] step  63000  cosine_loss 0.3423  elapsed 3299s
  [ncr_loopedvec_K12_s0] step  63500  cosine_loss 0.3448  elapsed 3325s
  [ncr_loopedvec_K12_s0] step  64000  cosine_loss 0.3399  elapsed 3352s
  [ncr_loopedvec_K12_s0] step  64500  cosine_loss 0.3446  elapsed 3378s
  [ncr_loopedvec_K12_s0] step  65000  cosine_loss 0.3474  elapsed 3403s
  [ncr_loopedvec_K12_s0] step  65500  cosine_loss 0.3434  elapsed 3429s
  [ncr_loopedvec_K12_s0] step  66000  cosine_loss 0.3443  elapsed 3455s
  [ncr_loopedvec_K12_s0] step  66500  cosine_loss 0.3400  elapsed 3481s
  [ncr_loopedvec_K12_s0] step  67000  cosine_loss 0.3460  elapsed 3507s
  [ncr_loopedvec_K12_s0] step  67500  cosine_loss 0.3386  elapsed 3533s
  [ncr_loopedvec_K12_s0] step  68000  cosine_loss 0.3419  elapsed 3560s
  [ncr_loopedvec_K12_s0] step  68500  cosine_loss 0.3421  elapsed 3586s
  [ncr_loopedvec_K12_s0] step  69000  cosine_loss 0.3447  elapsed 3612s
  [ncr_loopedvec_K12_s0] step  69500  cosine_loss 0.3410  elapsed 3638s
  [ncr_loopedvec_K12_s0] step  70000  cosine_loss 0.3385  elapsed 3664s
  [ncr_loopedvec_K12_s0] step  70500  cosine_loss 0.3432  elapsed 3690s
  [ncr_loopedvec_K12_s0] step  71000  cosine_loss 0.3407  elapsed 3716s
  [ncr_loopedvec_K12_s0] step  71500  cosine_loss 0.3442  elapsed 3742s
  [ncr_loopedvec_K12_s0] step  72000  cosine_loss 0.3453  elapsed 3767s
  [ncr_loopedvec_K12_s0] step  72500  cosine_loss 0.3444  elapsed 3793s
  [ncr_loopedvec_K12_s0] step  73000  cosine_loss 0.3395  elapsed 3819s
  [ncr_loopedvec_K12_s0] step  73500  cosine_loss 0.3439  elapsed 3846s
  [ncr_loopedvec_K12_s0] step  74000  cosine_loss 0.3376  elapsed 3872s
  [ncr_loopedvec_K12_s0] step  74500  cosine_loss 0.3396  elapsed 3898s
  [ncr_loopedvec_K12_s0] step  75000  cosine_loss 0.3370  elapsed 3924s
  [ncr_loopedvec_K12_s0] step  75500  cosine_loss 0.3403  elapsed 3950s
  [ncr_loopedvec_K12_s0] step  76000  cosine_loss 0.3391  elapsed 3977s
  [ncr_loopedvec_K12_s0] step  76500  cosine_loss 0.3412  elapsed 4003s
  [ncr_loopedvec_K12_s0] step  77000  cosine_loss 0.3346  elapsed 4029s
  [ncr_loopedvec_K12_s0] step  77500  cosine_loss 0.3415  elapsed 4055s
  [ncr_loopedvec_K12_s0] step  78000  cosine_loss 0.3352  elapsed 4081s
  [ncr_loopedvec_K12_s0] step  78500  cosine_loss 0.3361  elapsed 4107s
  [ncr_loopedvec_K12_s0] step  79000  cosine_loss 0.3379  elapsed 4133s
  [ncr_loopedvec_K12_s0] step  79500  cosine_loss 0.3325  elapsed 4159s
  [ncr_loopedvec_K12_s0] step  80000  cosine_loss 0.3331  elapsed 4188s
  [ncr_loopedvec_K12_s0] COMPLETED in 4198s -> /home/nvidia/ncr/results_phase2/ncr_loopedvec_K12_s0.json
