fatal: not a git repository (or any of the parent directories): .git
  [ncr_ncr_K12_s4] step      1  cosine_loss 1.0004  elapsed 1s
  [ncr_ncr_K12_s4] step    500  cosine_loss 0.9973  elapsed 27s
  [ncr_ncr_K12_s4] step   1000  cosine_loss 1.0032  elapsed 53s
  [ncr_ncr_K12_s4] step   1500  cosine_loss 1.0072  elapsed 80s
  [ncr_ncr_K12_s4] step   2000  cosine_loss 1.0021  elapsed 106s
  [ncr_ncr_K12_s4] step   2500  cosine_loss 0.9997  elapsed 132s
  [ncr_ncr_K12_s4] step   3000  cosine_loss 1.0097  elapsed 158s
  [ncr_ncr_K12_s4] step   3500  cosine_loss 1.0121  elapsed 184s
  [ncr_ncr_K12_s4] step   4000  cosine_loss 1.0090  elapsed 210s
  [ncr_ncr_K12_s4] step   4500  cosine_loss 1.0089  elapsed 236s
  [ncr_ncr_K12_s4] step   5000  cosine_loss 1.0034  elapsed 262s
  [ncr_ncr_K12_s4] step   5500  cosine_loss 1.0014  elapsed 288s
  [ncr_ncr_K12_s4] step   6000  cosine_loss 1.0069  elapsed 315s
  [ncr_ncr_K12_s4] step   6500  cosine_loss 1.0008  elapsed 341s
  [ncr_ncr_K12_s4] step   7000  cosine_loss 0.9964  elapsed 367s
  [ncr_ncr_K12_s4] step   7500  cosine_loss 1.0001  elapsed 393s
  [ncr_ncr_K12_s4] step   8000  cosine_loss 1.0094  elapsed 420s
  [ncr_ncr_K12_s4] step   8500  cosine_loss 0.9985  elapsed 445s
  [ncr_ncr_K12_s4] step   9000  cosine_loss 1.0048  elapsed 471s
  [ncr_ncr_K12_s4] step   9500  cosine_loss 1.0090  elapsed 497s
  [ncr_ncr_K12_s4] step  10000  cosine_loss 0.9951  elapsed 523s
  [ncr_ncr_K12_s4] step  10500  cosine_loss 1.0042  elapsed 549s
  [ncr_ncr_K12_s4] step  11000  cosine_loss 0.9994  elapsed 575s
  [ncr_ncr_K12_s4] step  11500  cosine_loss 0.9988  elapsed 602s
  [ncr_ncr_K12_s4] step  12000  cosine_loss 1.0005  elapsed 629s
  [ncr_ncr_K12_s4] step  12500  cosine_loss 0.9960  elapsed 655s
  [ncr_ncr_K12_s4] step  13000  cosine_loss 0.9951  elapsed 681s
  [ncr_ncr_K12_s4] step  13500  cosine_loss 1.0013  elapsed 707s
  [ncr_ncr_K12_s4] step  14000  cosine_loss 0.9953  elapsed 733s
  [ncr_ncr_K12_s4] step  14500  cosine_loss 0.9977  elapsed 759s
  [ncr_ncr_K12_s4] step  15000  cosine_loss 0.9979  elapsed 785s
  [ncr_ncr_K12_s4] step  15500  cosine_loss 1.0059  elapsed 811s
  [ncr_ncr_K12_s4] step  16000  cosine_loss 1.0069  elapsed 838s
  [ncr_ncr_K12_s4] step  16500  cosine_loss 1.0124  elapsed 864s
  [ncr_ncr_K12_s4] step  17000  cosine_loss 0.9975  elapsed 890s
  [ncr_ncr_K12_s4] step  17500  cosine_loss 1.0038  elapsed 915s
  [ncr_ncr_K12_s4] step  18000  cosine_loss 1.0066  elapsed 941s
  [ncr_ncr_K12_s4] step  18500  cosine_loss 1.0041  elapsed 968s
  [ncr_ncr_K12_s4] step  19000  cosine_loss 0.9993  elapsed 994s
  [ncr_ncr_K12_s4] step  19500  cosine_loss 0.9959  elapsed 1020s
  [ncr_ncr_K12_s4] step  20000  cosine_loss 1.0021  elapsed 1046s
  [ncr_ncr_K12_s4] step  20500  cosine_loss 0.9975  elapsed 1072s
  [ncr_ncr_K12_s4] step  21000  cosine_loss 1.0046  elapsed 1098s
  [ncr_ncr_K12_s4] step  21500  cosine_loss 1.0061  elapsed 1124s
  [ncr_ncr_K12_s4] step  22000  cosine_loss 1.0017  elapsed 1150s
  [ncr_ncr_K12_s4] step  22500  cosine_loss 1.0018  elapsed 1176s
  [ncr_ncr_K12_s4] step  23000  cosine_loss 0.9975  elapsed 1202s
  [ncr_ncr_K12_s4] step  23500  cosine_loss 0.9977  elapsed 1228s
  [ncr_ncr_K12_s4] step  24000  cosine_loss 1.0018  elapsed 1255s
  [ncr_ncr_K12_s4] step  24500  cosine_loss 1.0021  elapsed 1282s
  [ncr_ncr_K12_s4] step  25000  cosine_loss 1.0022  elapsed 1308s
  [ncr_ncr_K12_s4] step  25500  cosine_loss 1.0093  elapsed 1335s
  [ncr_ncr_K12_s4] step  26000  cosine_loss 0.9985  elapsed 1361s
  [ncr_ncr_K12_s4] step  26500  cosine_loss 0.9945  elapsed 1388s
  [ncr_ncr_K12_s4] step  27000  cosine_loss 0.9973  elapsed 1414s
  [ncr_ncr_K12_s4] step  27500  cosine_loss 0.9884  elapsed 1441s
  [ncr_ncr_K12_s4] step  28000  cosine_loss 0.9979  elapsed 1468s
  [ncr_ncr_K12_s4] step  28500  cosine_loss 0.9984  elapsed 1495s
  [ncr_ncr_K12_s4] step  29000  cosine_loss 0.9944  elapsed 1521s
  [ncr_ncr_K12_s4] step  29500  cosine_loss 0.9869  elapsed 1548s
  [ncr_ncr_K12_s4] step  30000  cosine_loss 0.9930  elapsed 1574s
  [ncr_ncr_K12_s4] step  30500  cosine_loss 0.9987  elapsed 1601s
  [ncr_ncr_K12_s4] step  31000  cosine_loss 0.9945  elapsed 1627s
  [ncr_ncr_K12_s4] step  31500  cosine_loss 0.9843  elapsed 1653s
  [ncr_ncr_K12_s4] step  32000  cosine_loss 0.9926  elapsed 1678s
  [ncr_ncr_K12_s4] step  32500  cosine_loss 0.9864  elapsed 1704s
  [ncr_ncr_K12_s4] step  33000  cosine_loss 0.9795  elapsed 1731s
  [ncr_ncr_K12_s4] step  33500  cosine_loss 0.9918  elapsed 1757s
  [ncr_ncr_K12_s4] step  34000  cosine_loss 0.9859  elapsed 1783s
  [ncr_ncr_K12_s4] step  34500  cosine_loss 0.9794  elapsed 1809s
  [ncr_ncr_K12_s4] step  35000  cosine_loss 0.9686  elapsed 1835s
  [ncr_ncr_K12_s4] step  35500  cosine_loss 0.9740  elapsed 1861s
  [ncr_ncr_K12_s4] step  36000  cosine_loss 0.9703  elapsed 1887s
  [ncr_ncr_K12_s4] step  36500  cosine_loss 0.9631  elapsed 1913s
  [ncr_ncr_K12_s4] step  37000  cosine_loss 0.9545  elapsed 1939s
  [ncr_ncr_K12_s4] step  37500  cosine_loss 0.9623  elapsed 1965s
  [ncr_ncr_K12_s4] step  38000  cosine_loss 0.9432  elapsed 1991s
  [ncr_ncr_K12_s4] step  38500  cosine_loss 0.9418  elapsed 2017s
  [ncr_ncr_K12_s4] step  39000  cosine_loss 0.9202  elapsed 2043s
  [ncr_ncr_K12_s4] step  39500  cosine_loss 0.8987  elapsed 2068s
  [ncr_ncr_K12_s4] step  40000  cosine_loss 0.8678  elapsed 2094s
  [ncr_ncr_K12_s4] step  40500  cosine_loss 0.8427  elapsed 2120s
  [ncr_ncr_K12_s4] step  41000  cosine_loss 0.7597  elapsed 2147s
  [ncr_ncr_K12_s4] step  41500  cosine_loss 0.6905  elapsed 2172s
  [ncr_ncr_K12_s4] step  42000  cosine_loss 0.6215  elapsed 2199s
  [ncr_ncr_K12_s4] step  42500  cosine_loss 0.5225  elapsed 2225s
  [ncr_ncr_K12_s4] step  43000  cosine_loss 0.3633  elapsed 2251s
  [ncr_ncr_K12_s4] step  43500  cosine_loss 0.2471  elapsed 2277s
  [ncr_ncr_K12_s4] step  44000  cosine_loss 0.1528  elapsed 2303s
  [ncr_ncr_K12_s4] step  44500  cosine_loss 0.0913  elapsed 2329s
  [ncr_ncr_K12_s4] step  45000  cosine_loss 0.0430  elapsed 2355s
  [ncr_ncr_K12_s4] step  45500  cosine_loss 0.0276  elapsed 2381s
  [ncr_ncr_K12_s4] step  46000  cosine_loss 0.0153  elapsed 2407s
  [ncr_ncr_K12_s4] step  46500  cosine_loss 0.0099  elapsed 2433s
  [ncr_ncr_K12_s4] step  47000  cosine_loss 0.0081  elapsed 2459s
  [ncr_ncr_K12_s4] step  47500  cosine_loss 0.0062  elapsed 2485s
  [ncr_ncr_K12_s4] step  48000  cosine_loss 0.0051  elapsed 2512s
  [ncr_ncr_K12_s4] step  48500  cosine_loss 0.0040  elapsed 2538s
  [ncr_ncr_K12_s4] step  49000  cosine_loss 0.0039  elapsed 2564s
  [ncr_ncr_K12_s4] step  49500  cosine_loss 0.0018  elapsed 2590s
  [ncr_ncr_K12_s4] step  50000  cosine_loss 0.0016  elapsed 2616s
  [ncr_ncr_K12_s4] step  50500  cosine_loss 0.0012  elapsed 2642s
  [ncr_ncr_K12_s4] step  51000  cosine_loss 0.0014  elapsed 2668s
  [ncr_ncr_K12_s4] step  51500  cosine_loss 0.0010  elapsed 2694s
  [ncr_ncr_K12_s4] step  52000  cosine_loss 0.0010  elapsed 2720s
  [ncr_ncr_K12_s4] step  52500  cosine_loss 0.0012  elapsed 2746s
  [ncr_ncr_K12_s4] step  53000  cosine_loss 0.0011  elapsed 2772s
  [ncr_ncr_K12_s4] step  53500  cosine_loss 0.0006  elapsed 2798s
  [ncr_ncr_K12_s4] step  54000  cosine_loss 0.0009  elapsed 2825s
  [ncr_ncr_K12_s4] step  54500  cosine_loss 0.0009  elapsed 2851s
  [ncr_ncr_K12_s4] step  55000  cosine_loss 0.0007  elapsed 2877s
  [ncr_ncr_K12_s4] step  55500  cosine_loss 0.0009  elapsed 2904s
  [ncr_ncr_K12_s4] step  56000  cosine_loss 0.0004  elapsed 2930s
  [ncr_ncr_K12_s4] step  56500  cosine_loss 0.0005  elapsed 2956s
  [ncr_ncr_K12_s4] step  57000  cosine_loss 0.0005  elapsed 2982s
  [ncr_ncr_K12_s4] step  57500  cosine_loss 0.0004  elapsed 3008s
  [ncr_ncr_K12_s4] step  58000  cosine_loss 0.0005  elapsed 3035s
  [ncr_ncr_K12_s4] step  58500  cosine_loss 0.0005  elapsed 3061s
  [ncr_ncr_K12_s4] step  59000  cosine_loss 0.0005  elapsed 3087s
  [ncr_ncr_K12_s4] step  59500  cosine_loss 0.0004  elapsed 3113s
  [ncr_ncr_K12_s4] step  60000  cosine_loss 0.0004  elapsed 3139s
  [ncr_ncr_K12_s4] step  60500  cosine_loss 0.0003  elapsed 3165s
  [ncr_ncr_K12_s4] step  61000  cosine_loss 0.0003  elapsed 3192s
  [ncr_ncr_K12_s4] step  61500  cosine_loss 0.0003  elapsed 3218s
  [ncr_ncr_K12_s4] step  62000  cosine_loss 0.0003  elapsed 3244s
  [ncr_ncr_K12_s4] step  62500  cosine_loss 0.0002  elapsed 3270s
  [ncr_ncr_K12_s4] step  63000  cosine_loss 0.0003  elapsed 3296s
  [ncr_ncr_K12_s4] step  63500  cosine_loss 0.0005  elapsed 3322s
  [ncr_ncr_K12_s4] step  64000  cosine_loss 0.0002  elapsed 3348s
  [ncr_ncr_K12_s4] step  64500  cosine_loss 0.0002  elapsed 3374s
  [ncr_ncr_K12_s4] step  65000  cosine_loss 0.0004  elapsed 3400s
  [ncr_ncr_K12_s4] step  65500  cosine_loss 0.0002  elapsed 3426s
  [ncr_ncr_K12_s4] step  66000  cosine_loss 0.0002  elapsed 3452s
  [ncr_ncr_K12_s4] step  66500  cosine_loss 0.0002  elapsed 3478s
  [ncr_ncr_K12_s4] step  67000  cosine_loss 0.0002  elapsed 3504s
  [ncr_ncr_K12_s4] step  67500  cosine_loss 0.0003  elapsed 3530s
  [ncr_ncr_K12_s4] step  68000  cosine_loss 0.0002  elapsed 3556s
  [ncr_ncr_K12_s4] step  68500  cosine_loss 0.0002  elapsed 3582s
  [ncr_ncr_K12_s4] step  69000  cosine_loss 0.0002  elapsed 3608s
  [ncr_ncr_K12_s4] step  69500  cosine_loss 0.0002  elapsed 3634s
  [ncr_ncr_K12_s4] step  70000  cosine_loss 0.0002  elapsed 3660s
  [ncr_ncr_K12_s4] step  70500  cosine_loss 0.0002  elapsed 3686s
  [ncr_ncr_K12_s4] step  71000  cosine_loss 0.0001  elapsed 3712s
  [ncr_ncr_K12_s4] step  71500  cosine_loss 0.0002  elapsed 3737s
  [ncr_ncr_K12_s4] step  72000  cosine_loss 0.0002  elapsed 3763s
  [ncr_ncr_K12_s4] step  72500  cosine_loss 0.0001  elapsed 3789s
  [ncr_ncr_K12_s4] step  73000  cosine_loss 0.0002  elapsed 3815s
  [ncr_ncr_K12_s4] step  73500  cosine_loss 0.0001  elapsed 3841s
  [ncr_ncr_K12_s4] step  74000  cosine_loss 0.0002  elapsed 3867s
  [ncr_ncr_K12_s4] step  74500  cosine_loss 0.0001  elapsed 3894s
  [ncr_ncr_K12_s4] step  75000  cosine_loss 0.0002  elapsed 3919s
  [ncr_ncr_K12_s4] step  75500  cosine_loss 0.0001  elapsed 3946s
  [ncr_ncr_K12_s4] step  76000  cosine_loss 0.0001  elapsed 3972s
  [ncr_ncr_K12_s4] step  76500  cosine_loss 0.0001  elapsed 3998s
  [ncr_ncr_K12_s4] step  77000  cosine_loss 0.0001  elapsed 4024s
  [ncr_ncr_K12_s4] step  77500  cosine_loss 0.0001  elapsed 4050s
  [ncr_ncr_K12_s4] step  78000  cosine_loss 0.0001  elapsed 4076s
  [ncr_ncr_K12_s4] step  78500  cosine_loss 0.0001  elapsed 4102s
  [ncr_ncr_K12_s4] step  79000  cosine_loss 0.0001  elapsed 4128s
  [ncr_ncr_K12_s4] step  79500  cosine_loss 0.0001  elapsed 4154s
  [ncr_ncr_K12_s4] step  80000  cosine_loss 0.0001  elapsed 4180s
  [ncr_ncr_K12_s4] COMPLETED in 4192s -> /home/nvidia/ncr/results_phase2/ncr_ncr_K12_s4.json
