fatal: not a git repository (or any of the parent directories): .git
  [ncr_fwm_K12_s1] step      1  cosine_loss 1.0052  elapsed 1s
  [ncr_fwm_K12_s1] step    500  cosine_loss 0.3707  elapsed 27s
  [ncr_fwm_K12_s1] step   1000  cosine_loss 0.0600  elapsed 53s
  [ncr_fwm_K12_s1] step   1500  cosine_loss 0.0647  elapsed 79s
  [ncr_fwm_K12_s1] step   2000  cosine_loss 0.0632  elapsed 105s
  [ncr_fwm_K12_s1] step   2500  cosine_loss 0.0569  elapsed 133s
  [ncr_fwm_K12_s1] step   3000  cosine_loss 0.0519  elapsed 160s
  [ncr_fwm_K12_s1] step   3500  cosine_loss 0.0505  elapsed 187s
  [ncr_fwm_K12_s1] step   4000  cosine_loss 0.0493  elapsed 214s
  [ncr_fwm_K12_s1] step   4500  cosine_loss 0.0472  elapsed 240s
  [ncr_fwm_K12_s1] step   5000  cosine_loss 0.0477  elapsed 266s
  [ncr_fwm_K12_s1] step   5500  cosine_loss 0.0472  elapsed 292s
  [ncr_fwm_K12_s1] step   6000  cosine_loss 0.0443  elapsed 318s
  [ncr_fwm_K12_s1] step   6500  cosine_loss 0.0435  elapsed 344s
  [ncr_fwm_K12_s1] step   7000  cosine_loss 0.0405  elapsed 370s
  [ncr_fwm_K12_s1] step   7500  cosine_loss 0.0410  elapsed 396s
  [ncr_fwm_K12_s1] step   8000  cosine_loss 0.0415  elapsed 422s
  [ncr_fwm_K12_s1] step   8500  cosine_loss 0.0372  elapsed 448s
  [ncr_fwm_K12_s1] step   9000  cosine_loss 0.0358  elapsed 474s
  [ncr_fwm_K12_s1] step   9500  cosine_loss 0.0372  elapsed 500s
  [ncr_fwm_K12_s1] step  10000  cosine_loss 0.0360  elapsed 525s
  [ncr_fwm_K12_s1] step  10500  cosine_loss 0.0348  elapsed 551s
  [ncr_fwm_K12_s1] step  11000  cosine_loss 0.0361  elapsed 577s
  [ncr_fwm_K12_s1] step  11500  cosine_loss 0.0368  elapsed 603s
  [ncr_fwm_K12_s1] step  12000  cosine_loss 0.0360  elapsed 629s
  [ncr_fwm_K12_s1] step  12500  cosine_loss 0.0357  elapsed 655s
  [ncr_fwm_K12_s1] step  13000  cosine_loss 0.0352  elapsed 681s
  [ncr_fwm_K12_s1] step  13500  cosine_loss 0.0346  elapsed 707s
  [ncr_fwm_K12_s1] step  14000  cosine_loss 0.0362  elapsed 733s
  [ncr_fwm_K12_s1] step  14500  cosine_loss 0.0352  elapsed 758s
  [ncr_fwm_K12_s1] step  15000  cosine_loss 0.0353  elapsed 784s
  [ncr_fwm_K12_s1] step  15500  cosine_loss 0.0341  elapsed 810s
  [ncr_fwm_K12_s1] step  16000  cosine_loss 0.0340  elapsed 836s
  [ncr_fwm_K12_s1] step  16500  cosine_loss 0.0351  elapsed 863s
  [ncr_fwm_K12_s1] step  17000  cosine_loss 0.0356  elapsed 890s
  [ncr_fwm_K12_s1] step  17500  cosine_loss 0.0352  elapsed 916s
  [ncr_fwm_K12_s1] step  18000  cosine_loss 0.0347  elapsed 942s
  [ncr_fwm_K12_s1] step  18500  cosine_loss 0.0351  elapsed 968s
  [ncr_fwm_K12_s1] step  19000  cosine_loss 0.0363  elapsed 994s
  [ncr_fwm_K12_s1] step  19500  cosine_loss 0.0348  elapsed 1020s
  [ncr_fwm_K12_s1] step  20000  cosine_loss 0.0341  elapsed 1046s
  [ncr_fwm_K12_s1] step  20500  cosine_loss 0.0333  elapsed 1073s
  [ncr_fwm_K12_s1] step  21000  cosine_loss 0.0344  elapsed 1100s
  [ncr_fwm_K12_s1] step  21500  cosine_loss 0.0336  elapsed 1126s
  [ncr_fwm_K12_s1] step  22000  cosine_loss 0.0345  elapsed 1151s
  [ncr_fwm_K12_s1] step  22500  cosine_loss 0.0370  elapsed 1177s
  [ncr_fwm_K12_s1] step  23000  cosine_loss 0.0355  elapsed 1203s
  [ncr_fwm_K12_s1] step  23500  cosine_loss 0.0345  elapsed 1229s
  [ncr_fwm_K12_s1] step  24000  cosine_loss 0.0332  elapsed 1255s
  [ncr_fwm_K12_s1] step  24500  cosine_loss 0.0334  elapsed 1281s
  [ncr_fwm_K12_s1] step  25000  cosine_loss 0.0341  elapsed 1307s
  [ncr_fwm_K12_s1] step  25500  cosine_loss 0.0328  elapsed 1333s
  [ncr_fwm_K12_s1] step  26000  cosine_loss 0.0358  elapsed 1358s
  [ncr_fwm_K12_s1] step  26500  cosine_loss 0.0352  elapsed 1386s
  [ncr_fwm_K12_s1] step  27000  cosine_loss 0.0350  elapsed 1413s
  [ncr_fwm_K12_s1] step  27500  cosine_loss 0.0360  elapsed 1440s
  [ncr_fwm_K12_s1] step  28000  cosine_loss 0.0333  elapsed 1467s
  [ncr_fwm_K12_s1] step  28500  cosine_loss 0.0342  elapsed 1493s
  [ncr_fwm_K12_s1] step  29000  cosine_loss 0.0321  elapsed 1519s
  [ncr_fwm_K12_s1] step  29500  cosine_loss 0.0329  elapsed 1545s
  [ncr_fwm_K12_s1] step  30000  cosine_loss 0.0361  elapsed 1571s
  [ncr_fwm_K12_s1] step  30500  cosine_loss 0.0329  elapsed 1597s
  [ncr_fwm_K12_s1] step  31000  cosine_loss 0.0349  elapsed 1623s
  [ncr_fwm_K12_s1] step  31500  cosine_loss 0.0328  elapsed 1649s
  [ncr_fwm_K12_s1] step  32000  cosine_loss 0.0334  elapsed 1674s
  [ncr_fwm_K12_s1] step  32500  cosine_loss 0.0339  elapsed 1700s
  [ncr_fwm_K12_s1] step  33000  cosine_loss 0.0335  elapsed 1726s
  [ncr_fwm_K12_s1] step  33500  cosine_loss 0.0354  elapsed 1752s
  [ncr_fwm_K12_s1] step  34000  cosine_loss 0.0365  elapsed 1778s
  [ncr_fwm_K12_s1] step  34500  cosine_loss 0.0334  elapsed 1804s
  [ncr_fwm_K12_s1] step  35000  cosine_loss 0.0326  elapsed 1830s
  [ncr_fwm_K12_s1] step  35500  cosine_loss 0.0346  elapsed 1856s
  [ncr_fwm_K12_s1] step  36000  cosine_loss 0.0336  elapsed 1881s
  [ncr_fwm_K12_s1] step  36500  cosine_loss 0.0333  elapsed 1907s
  [ncr_fwm_K12_s1] step  37000  cosine_loss 0.0333  elapsed 1934s
  [ncr_fwm_K12_s1] step  37500  cosine_loss 0.0336  elapsed 1959s
  [ncr_fwm_K12_s1] step  38000  cosine_loss 0.0329  elapsed 1985s
  [ncr_fwm_K12_s1] step  38500  cosine_loss 0.0330  elapsed 2013s
  [ncr_fwm_K12_s1] step  39000  cosine_loss 0.0328  elapsed 2040s
  [ncr_fwm_K12_s1] step  39500  cosine_loss 0.0329  elapsed 2067s
  [ncr_fwm_K12_s1] step  40000  cosine_loss 0.0327  elapsed 2094s
  [ncr_fwm_K12_s1] step  40500  cosine_loss 0.0321  elapsed 2120s
  [ncr_fwm_K12_s1] step  41000  cosine_loss 0.0333  elapsed 2145s
  [ncr_fwm_K12_s1] step  41500  cosine_loss 0.0334  elapsed 2171s
  [ncr_fwm_K12_s1] step  42000  cosine_loss 0.0333  elapsed 2197s
  [ncr_fwm_K12_s1] step  42500  cosine_loss 0.0318  elapsed 2223s
  [ncr_fwm_K12_s1] step  43000  cosine_loss 0.0339  elapsed 2249s
  [ncr_fwm_K12_s1] step  43500  cosine_loss 0.0346  elapsed 2275s
  [ncr_fwm_K12_s1] step  44000  cosine_loss 0.0326  elapsed 2301s
  [ncr_fwm_K12_s1] step  44500  cosine_loss 0.0325  elapsed 2327s
  [ncr_fwm_K12_s1] step  45000  cosine_loss 0.0323  elapsed 2353s
  [ncr_fwm_K12_s1] step  45500  cosine_loss 0.0335  elapsed 2379s
  [ncr_fwm_K12_s1] step  46000  cosine_loss 0.0320  elapsed 2404s
  [ncr_fwm_K12_s1] step  46500  cosine_loss 0.0322  elapsed 2430s
  [ncr_fwm_K12_s1] step  47000  cosine_loss 0.0325  elapsed 2456s
  [ncr_fwm_K12_s1] step  47500  cosine_loss 0.0320  elapsed 2482s
  [ncr_fwm_K12_s1] step  48000  cosine_loss 0.0330  elapsed 2508s
  [ncr_fwm_K12_s1] step  48500  cosine_loss 0.0338  elapsed 2534s
  [ncr_fwm_K12_s1] step  49000  cosine_loss 0.0339  elapsed 2560s
  [ncr_fwm_K12_s1] step  49500  cosine_loss 0.0302  elapsed 2586s
  [ncr_fwm_K12_s1] step  50000  cosine_loss 0.0320  elapsed 2612s
  [ncr_fwm_K12_s1] step  50500  cosine_loss 0.0324  elapsed 2638s
  [ncr_fwm_K12_s1] step  51000  cosine_loss 0.0320  elapsed 2664s
  [ncr_fwm_K12_s1] step  51500  cosine_loss 0.0308  elapsed 2690s
  [ncr_fwm_K12_s1] step  52000  cosine_loss 0.0326  elapsed 2715s
  [ncr_fwm_K12_s1] step  52500  cosine_loss 0.0318  elapsed 2742s
  [ncr_fwm_K12_s1] step  53000  cosine_loss 0.0319  elapsed 2769s
  [ncr_fwm_K12_s1] step  53500  cosine_loss 0.0304  elapsed 2795s
  [ncr_fwm_K12_s1] step  54000  cosine_loss 0.0330  elapsed 2821s
  [ncr_fwm_K12_s1] step  54500  cosine_loss 0.0318  elapsed 2848s
  [ncr_fwm_K12_s1] step  55000  cosine_loss 0.0314  elapsed 2874s
  [ncr_fwm_K12_s1] step  55500  cosine_loss 0.0316  elapsed 2901s
  [ncr_fwm_K12_s1] step  56000  cosine_loss 0.0330  elapsed 2927s
  [ncr_fwm_K12_s1] step  56500  cosine_loss 0.0331  elapsed 2953s
  [ncr_fwm_K12_s1] step  57000  cosine_loss 0.0331  elapsed 2979s
  [ncr_fwm_K12_s1] step  57500  cosine_loss 0.0322  elapsed 3005s
  [ncr_fwm_K12_s1] step  58000  cosine_loss 0.0324  elapsed 3032s
  [ncr_fwm_K12_s1] step  58500  cosine_loss 0.0317  elapsed 3058s
  [ncr_fwm_K12_s1] step  59000  cosine_loss 0.0325  elapsed 3084s
  [ncr_fwm_K12_s1] step  59500  cosine_loss 0.0324  elapsed 3111s
  [ncr_fwm_K12_s1] step  60000  cosine_loss 0.0315  elapsed 3137s
  [ncr_fwm_K12_s1] step  60500  cosine_loss 0.0316  elapsed 3163s
  [ncr_fwm_K12_s1] step  61000  cosine_loss 0.0330  elapsed 3189s
  [ncr_fwm_K12_s1] step  61500  cosine_loss 0.0322  elapsed 3216s
  [ncr_fwm_K12_s1] step  62000  cosine_loss 0.0313  elapsed 3242s
  [ncr_fwm_K12_s1] step  62500  cosine_loss 0.0333  elapsed 3269s
  [ncr_fwm_K12_s1] step  63000  cosine_loss 0.0333  elapsed 3295s
  [ncr_fwm_K12_s1] step  63500  cosine_loss 0.0334  elapsed 3320s
  [ncr_fwm_K12_s1] step  64000  cosine_loss 0.0326  elapsed 3347s
  [ncr_fwm_K12_s1] step  64500  cosine_loss 0.0334  elapsed 3373s
  [ncr_fwm_K12_s1] step  65000  cosine_loss 0.0333  elapsed 3399s
  [ncr_fwm_K12_s1] step  65500  cosine_loss 0.0328  elapsed 3425s
  [ncr_fwm_K12_s1] step  66000  cosine_loss 0.0308  elapsed 3451s
  [ncr_fwm_K12_s1] step  66500  cosine_loss 0.0320  elapsed 3477s
  [ncr_fwm_K12_s1] step  67000  cosine_loss 0.0319  elapsed 3503s
  [ncr_fwm_K12_s1] step  67500  cosine_loss 0.0327  elapsed 3530s
  [ncr_fwm_K12_s1] step  68000  cosine_loss 0.0325  elapsed 3556s
  [ncr_fwm_K12_s1] step  68500  cosine_loss 0.0306  elapsed 3582s
  [ncr_fwm_K12_s1] step  69000  cosine_loss 0.0312  elapsed 3608s
  [ncr_fwm_K12_s1] step  69500  cosine_loss 0.0311  elapsed 3634s
  [ncr_fwm_K12_s1] step  70000  cosine_loss 0.0328  elapsed 3660s
  [ncr_fwm_K12_s1] step  70500  cosine_loss 0.0319  elapsed 3685s
  [ncr_fwm_K12_s1] step  71000  cosine_loss 0.0332  elapsed 3711s
  [ncr_fwm_K12_s1] step  71500  cosine_loss 0.0325  elapsed 3737s
  [ncr_fwm_K12_s1] step  72000  cosine_loss 0.0326  elapsed 3763s
  [ncr_fwm_K12_s1] step  72500  cosine_loss 0.0328  elapsed 3789s
  [ncr_fwm_K12_s1] step  73000  cosine_loss 0.0302  elapsed 3815s
  [ncr_fwm_K12_s1] step  73500  cosine_loss 0.0314  elapsed 3841s
  [ncr_fwm_K12_s1] step  74000  cosine_loss 0.0313  elapsed 3866s
  [ncr_fwm_K12_s1] step  74500  cosine_loss 0.0317  elapsed 3892s
  [ncr_fwm_K12_s1] step  75000  cosine_loss 0.0310  elapsed 3918s
  [ncr_fwm_K12_s1] step  75500  cosine_loss 0.0310  elapsed 3944s
  [ncr_fwm_K12_s1] step  76000  cosine_loss 0.0315  elapsed 3970s
  [ncr_fwm_K12_s1] step  76500  cosine_loss 0.0314  elapsed 3996s
  [ncr_fwm_K12_s1] step  77000  cosine_loss 0.0322  elapsed 4022s
  [ncr_fwm_K12_s1] step  77500  cosine_loss 0.0325  elapsed 4047s
  [ncr_fwm_K12_s1] step  78000  cosine_loss 0.0316  elapsed 4073s
  [ncr_fwm_K12_s1] step  78500  cosine_loss 0.0320  elapsed 4099s
  [ncr_fwm_K12_s1] step  79000  cosine_loss 0.0332  elapsed 4125s
  [ncr_fwm_K12_s1] step  79500  cosine_loss 0.0327  elapsed 4151s
  [ncr_fwm_K12_s1] step  80000  cosine_loss 0.0335  elapsed 4181s
  [ncr_fwm_K12_s1] COMPLETED in 4189s -> /home/nvidia/ncr/results_phase2/ncr_fwm_K12_s1.json
