fatal: not a git repository (or any of the parent directories): .git
  [ncr_ncr_K12_s2] step      1  cosine_loss 0.9990  elapsed 1s
  [ncr_ncr_K12_s2] step    500  cosine_loss 0.9986  elapsed 27s
  [ncr_ncr_K12_s2] step   1000  cosine_loss 1.0041  elapsed 53s
  [ncr_ncr_K12_s2] step   1500  cosine_loss 0.9906  elapsed 79s
  [ncr_ncr_K12_s2] step   2000  cosine_loss 0.9949  elapsed 105s
  [ncr_ncr_K12_s2] step   2500  cosine_loss 1.0040  elapsed 130s
  [ncr_ncr_K12_s2] step   3000  cosine_loss 0.9963  elapsed 156s
  [ncr_ncr_K12_s2] step   3500  cosine_loss 0.9967  elapsed 181s
  [ncr_ncr_K12_s2] step   4000  cosine_loss 1.0036  elapsed 207s
  [ncr_ncr_K12_s2] step   4500  cosine_loss 0.9944  elapsed 232s
  [ncr_ncr_K12_s2] step   5000  cosine_loss 0.9997  elapsed 258s
  [ncr_ncr_K12_s2] step   5500  cosine_loss 0.9955  elapsed 284s
  [ncr_ncr_K12_s2] step   6000  cosine_loss 0.9983  elapsed 310s
  [ncr_ncr_K12_s2] step   6500  cosine_loss 1.0069  elapsed 335s
  [ncr_ncr_K12_s2] step   7000  cosine_loss 0.9899  elapsed 361s
  [ncr_ncr_K12_s2] step   7500  cosine_loss 1.0007  elapsed 387s
  [ncr_ncr_K12_s2] step   8000  cosine_loss 0.9974  elapsed 412s
  [ncr_ncr_K12_s2] step   8500  cosine_loss 0.9889  elapsed 438s
  [ncr_ncr_K12_s2] step   9000  cosine_loss 0.9940  elapsed 463s
  [ncr_ncr_K12_s2] step   9500  cosine_loss 0.9972  elapsed 489s
  [ncr_ncr_K12_s2] step  10000  cosine_loss 0.9958  elapsed 514s
  [ncr_ncr_K12_s2] step  10500  cosine_loss 1.0129  elapsed 540s
  [ncr_ncr_K12_s2] step  11000  cosine_loss 1.0048  elapsed 565s
  [ncr_ncr_K12_s2] step  11500  cosine_loss 0.9975  elapsed 591s
  [ncr_ncr_K12_s2] step  12000  cosine_loss 1.0070  elapsed 617s
  [ncr_ncr_K12_s2] step  12500  cosine_loss 1.0005  elapsed 642s
  [ncr_ncr_K12_s2] step  13000  cosine_loss 1.0007  elapsed 668s
  [ncr_ncr_K12_s2] step  13500  cosine_loss 0.9985  elapsed 694s
  [ncr_ncr_K12_s2] step  14000  cosine_loss 0.9962  elapsed 720s
  [ncr_ncr_K12_s2] step  14500  cosine_loss 0.9996  elapsed 745s
  [ncr_ncr_K12_s2] step  15000  cosine_loss 1.0002  elapsed 771s
  [ncr_ncr_K12_s2] step  15500  cosine_loss 1.0019  elapsed 796s
  [ncr_ncr_K12_s2] step  16000  cosine_loss 1.0016  elapsed 822s
  [ncr_ncr_K12_s2] step  16500  cosine_loss 1.0080  elapsed 848s
  [ncr_ncr_K12_s2] step  17000  cosine_loss 0.9979  elapsed 873s
  [ncr_ncr_K12_s2] step  17500  cosine_loss 0.9970  elapsed 899s
  [ncr_ncr_K12_s2] step  18000  cosine_loss 1.0036  elapsed 924s
  [ncr_ncr_K12_s2] step  18500  cosine_loss 0.9985  elapsed 950s
  [ncr_ncr_K12_s2] step  19000  cosine_loss 1.0033  elapsed 976s
  [ncr_ncr_K12_s2] step  19500  cosine_loss 0.9867  elapsed 1001s
  [ncr_ncr_K12_s2] step  20000  cosine_loss 1.0010  elapsed 1027s
  [ncr_ncr_K12_s2] step  20500  cosine_loss 0.9860  elapsed 1052s
  [ncr_ncr_K12_s2] step  21000  cosine_loss 0.9989  elapsed 1078s
  [ncr_ncr_K12_s2] step  21500  cosine_loss 1.0094  elapsed 1103s
  [ncr_ncr_K12_s2] step  22000  cosine_loss 1.0056  elapsed 1129s
  [ncr_ncr_K12_s2] step  22500  cosine_loss 0.9929  elapsed 1154s
  [ncr_ncr_K12_s2] step  23000  cosine_loss 0.9944  elapsed 1180s
  [ncr_ncr_K12_s2] step  23500  cosine_loss 0.9989  elapsed 1206s
  [ncr_ncr_K12_s2] step  24000  cosine_loss 1.0026  elapsed 1231s
  [ncr_ncr_K12_s2] step  24500  cosine_loss 0.9947  elapsed 1257s
  [ncr_ncr_K12_s2] step  25000  cosine_loss 0.9993  elapsed 1283s
  [ncr_ncr_K12_s2] step  25500  cosine_loss 1.0011  elapsed 1309s
  [ncr_ncr_K12_s2] step  26000  cosine_loss 1.0040  elapsed 1334s
  [ncr_ncr_K12_s2] step  26500  cosine_loss 0.9969  elapsed 1360s
  [ncr_ncr_K12_s2] step  27000  cosine_loss 1.0024  elapsed 1385s
  [ncr_ncr_K12_s2] step  27500  cosine_loss 0.9952  elapsed 1411s
  [ncr_ncr_K12_s2] step  28000  cosine_loss 0.9889  elapsed 1436s
  [ncr_ncr_K12_s2] step  28500  cosine_loss 0.9988  elapsed 1462s
  [ncr_ncr_K12_s2] step  29000  cosine_loss 1.0001  elapsed 1488s
  [ncr_ncr_K12_s2] step  29500  cosine_loss 0.9979  elapsed 1513s
  [ncr_ncr_K12_s2] step  30000  cosine_loss 1.0002  elapsed 1539s
  [ncr_ncr_K12_s2] step  30500  cosine_loss 0.9977  elapsed 1565s
  [ncr_ncr_K12_s2] step  31000  cosine_loss 1.0069  elapsed 1590s
  [ncr_ncr_K12_s2] step  31500  cosine_loss 0.9973  elapsed 1616s
  [ncr_ncr_K12_s2] step  32000  cosine_loss 1.0052  elapsed 1642s
  [ncr_ncr_K12_s2] step  32500  cosine_loss 1.0008  elapsed 1667s
  [ncr_ncr_K12_s2] step  33000  cosine_loss 0.9999  elapsed 1693s
  [ncr_ncr_K12_s2] step  33500  cosine_loss 1.0040  elapsed 1718s
  [ncr_ncr_K12_s2] step  34000  cosine_loss 1.0070  elapsed 1744s
  [ncr_ncr_K12_s2] step  34500  cosine_loss 0.9960  elapsed 1769s
  [ncr_ncr_K12_s2] step  35000  cosine_loss 0.9947  elapsed 1794s
  [ncr_ncr_K12_s2] step  35500  cosine_loss 1.0054  elapsed 1820s
  [ncr_ncr_K12_s2] step  36000  cosine_loss 0.9947  elapsed 1845s
  [ncr_ncr_K12_s2] step  36500  cosine_loss 0.9956  elapsed 1871s
  [ncr_ncr_K12_s2] step  37000  cosine_loss 1.0017  elapsed 1896s
  [ncr_ncr_K12_s2] step  37500  cosine_loss 0.9963  elapsed 1922s
  [ncr_ncr_K12_s2] step  38000  cosine_loss 0.9882  elapsed 1948s
  [ncr_ncr_K12_s2] step  38500  cosine_loss 0.9954  elapsed 1974s
  [ncr_ncr_K12_s2] step  39000  cosine_loss 0.9951  elapsed 1999s
  [ncr_ncr_K12_s2] step  39500  cosine_loss 0.9942  elapsed 2025s
  [ncr_ncr_K12_s2] step  40000  cosine_loss 1.0033  elapsed 2050s
  [ncr_ncr_K12_s2] step  40500  cosine_loss 0.9899  elapsed 2076s
  [ncr_ncr_K12_s2] step  41000  cosine_loss 0.9922  elapsed 2102s
  [ncr_ncr_K12_s2] step  41500  cosine_loss 0.9930  elapsed 2128s
  [ncr_ncr_K12_s2] step  42000  cosine_loss 0.9922  elapsed 2154s
  [ncr_ncr_K12_s2] step  42500  cosine_loss 0.9829  elapsed 2180s
  [ncr_ncr_K12_s2] step  43000  cosine_loss 1.0017  elapsed 2205s
  [ncr_ncr_K12_s2] step  43500  cosine_loss 0.9907  elapsed 2231s
  [ncr_ncr_K12_s2] step  44000  cosine_loss 0.9891  elapsed 2256s
  [ncr_ncr_K12_s2] step  44500  cosine_loss 0.9970  elapsed 2282s
  [ncr_ncr_K12_s2] step  45000  cosine_loss 0.9881  elapsed 2307s
  [ncr_ncr_K12_s2] step  45500  cosine_loss 0.9854  elapsed 2333s
  [ncr_ncr_K12_s2] step  46000  cosine_loss 0.9720  elapsed 2358s
  [ncr_ncr_K12_s2] step  46500  cosine_loss 0.9726  elapsed 2383s
  [ncr_ncr_K12_s2] step  47000  cosine_loss 0.9816  elapsed 2409s
  [ncr_ncr_K12_s2] step  47500  cosine_loss 0.9799  elapsed 2434s
  [ncr_ncr_K12_s2] step  48000  cosine_loss 0.9803  elapsed 2459s
  [ncr_ncr_K12_s2] step  48500  cosine_loss 0.9878  elapsed 2485s
  [ncr_ncr_K12_s2] step  49000  cosine_loss 0.9742  elapsed 2511s
  [ncr_ncr_K12_s2] step  49500  cosine_loss 0.9700  elapsed 2537s
  [ncr_ncr_K12_s2] step  50000  cosine_loss 0.9699  elapsed 2562s
  [ncr_ncr_K12_s2] step  50500  cosine_loss 0.9660  elapsed 2588s
  [ncr_ncr_K12_s2] step  51000  cosine_loss 0.9565  elapsed 2613s
  [ncr_ncr_K12_s2] step  51500  cosine_loss 0.9369  elapsed 2639s
  [ncr_ncr_K12_s2] step  52000  cosine_loss 0.9318  elapsed 2665s
  [ncr_ncr_K12_s2] step  52500  cosine_loss 0.9262  elapsed 2690s
  [ncr_ncr_K12_s2] step  53000  cosine_loss 0.9124  elapsed 2716s
  [ncr_ncr_K12_s2] step  53500  cosine_loss 0.8926  elapsed 2742s
  [ncr_ncr_K12_s2] step  54000  cosine_loss 0.8758  elapsed 2768s
  [ncr_ncr_K12_s2] step  54500  cosine_loss 0.7927  elapsed 2793s
  [ncr_ncr_K12_s2] step  55000  cosine_loss 0.7248  elapsed 2819s
  [ncr_ncr_K12_s2] step  55500  cosine_loss 0.6793  elapsed 2845s
  [ncr_ncr_K12_s2] step  56000  cosine_loss 0.6386  elapsed 2871s
  [ncr_ncr_K12_s2] step  56500  cosine_loss 0.5956  elapsed 2897s
  [ncr_ncr_K12_s2] step  57000  cosine_loss 0.5054  elapsed 2923s
  [ncr_ncr_K12_s2] step  57500  cosine_loss 0.4397  elapsed 2949s
  [ncr_ncr_K12_s2] step  58000  cosine_loss 0.3841  elapsed 2974s
  [ncr_ncr_K12_s2] step  58500  cosine_loss 0.3020  elapsed 3000s
  [ncr_ncr_K12_s2] step  59000  cosine_loss 0.2169  elapsed 3025s
  [ncr_ncr_K12_s2] step  59500  cosine_loss 0.1728  elapsed 3051s
  [ncr_ncr_K12_s2] step  60000  cosine_loss 0.1083  elapsed 3077s
  [ncr_ncr_K12_s2] step  60500  cosine_loss 0.0589  elapsed 3102s
  [ncr_ncr_K12_s2] step  61000  cosine_loss 0.0467  elapsed 3128s
  [ncr_ncr_K12_s2] step  61500  cosine_loss 0.0265  elapsed 3154s
  [ncr_ncr_K12_s2] step  62000  cosine_loss 0.0217  elapsed 3180s
  [ncr_ncr_K12_s2] step  62500  cosine_loss 0.0187  elapsed 3205s
  [ncr_ncr_K12_s2] step  63000  cosine_loss 0.0161  elapsed 3231s
  [ncr_ncr_K12_s2] step  63500  cosine_loss 0.0106  elapsed 3257s
  [ncr_ncr_K12_s2] step  64000  cosine_loss 0.0103  elapsed 3283s
  [ncr_ncr_K12_s2] step  64500  cosine_loss 0.0052  elapsed 3308s
  [ncr_ncr_K12_s2] step  65000  cosine_loss 0.0057  elapsed 3334s
  [ncr_ncr_K12_s2] step  65500  cosine_loss 0.0049  elapsed 3359s
  [ncr_ncr_K12_s2] step  66000  cosine_loss 0.0044  elapsed 3385s
  [ncr_ncr_K12_s2] step  66500  cosine_loss 0.0034  elapsed 3410s
  [ncr_ncr_K12_s2] step  67000  cosine_loss 0.0034  elapsed 3436s
  [ncr_ncr_K12_s2] step  67500  cosine_loss 0.0028  elapsed 3461s
  [ncr_ncr_K12_s2] step  68000  cosine_loss 0.0021  elapsed 3487s
  [ncr_ncr_K12_s2] step  68500  cosine_loss 0.0028  elapsed 3513s
  [ncr_ncr_K12_s2] step  69000  cosine_loss 0.0031  elapsed 3538s
  [ncr_ncr_K12_s2] step  69500  cosine_loss 0.0041  elapsed 3564s
  [ncr_ncr_K12_s2] step  70000  cosine_loss 0.0018  elapsed 3590s
  [ncr_ncr_K12_s2] step  70500  cosine_loss 0.0016  elapsed 3615s
  [ncr_ncr_K12_s2] step  71000  cosine_loss 0.0013  elapsed 3640s
  [ncr_ncr_K12_s2] step  71500  cosine_loss 0.0022  elapsed 3666s
  [ncr_ncr_K12_s2] step  72000  cosine_loss 0.0014  elapsed 3691s
  [ncr_ncr_K12_s2] step  72500  cosine_loss 0.0012  elapsed 3717s
  [ncr_ncr_K12_s2] step  73000  cosine_loss 0.0013  elapsed 3742s
  [ncr_ncr_K12_s2] step  73500  cosine_loss 0.0011  elapsed 3768s
  [ncr_ncr_K12_s2] step  74000  cosine_loss 0.0012  elapsed 3793s
  [ncr_ncr_K12_s2] step  74500  cosine_loss 0.0011  elapsed 3819s
  [ncr_ncr_K12_s2] step  75000  cosine_loss 0.0010  elapsed 3845s
  [ncr_ncr_K12_s2] step  75500  cosine_loss 0.0007  elapsed 3870s
  [ncr_ncr_K12_s2] step  76000  cosine_loss 0.0011  elapsed 3896s
  [ncr_ncr_K12_s2] step  76500  cosine_loss 0.0010  elapsed 3921s
  [ncr_ncr_K12_s2] step  77000  cosine_loss 0.0005  elapsed 3946s
  [ncr_ncr_K12_s2] step  77500  cosine_loss 0.0006  elapsed 3972s
  [ncr_ncr_K12_s2] step  78000  cosine_loss 0.0007  elapsed 3998s
  [ncr_ncr_K12_s2] step  78500  cosine_loss 0.0005  elapsed 4023s
  [ncr_ncr_K12_s2] step  79000  cosine_loss 0.0012  elapsed 4049s
  [ncr_ncr_K12_s2] step  79500  cosine_loss 0.0005  elapsed 4074s
  [ncr_ncr_K12_s2] step  80000  cosine_loss 0.0007  elapsed 4100s
  [ncr_ncr_K12_s2] COMPLETED in 4112s -> /home/nvidia/ncr/results_phase2/ncr_ncr_K12_s2.json
