fatal: not a git repository (or any of the parent directories): .git
  [ncr_fwm_K12_s0] step      1  cosine_loss 0.9935  elapsed 1s
  [ncr_fwm_K12_s0] step    500  cosine_loss 0.2381  elapsed 27s
  [ncr_fwm_K12_s0] step   1000  cosine_loss 0.0626  elapsed 53s
  [ncr_fwm_K12_s0] step   1500  cosine_loss 0.0594  elapsed 79s
  [ncr_fwm_K12_s0] step   2000  cosine_loss 0.0532  elapsed 105s
  [ncr_fwm_K12_s0] step   2500  cosine_loss 0.0486  elapsed 132s
  [ncr_fwm_K12_s0] step   3000  cosine_loss 0.0450  elapsed 160s
  [ncr_fwm_K12_s0] step   3500  cosine_loss 0.0442  elapsed 187s
  [ncr_fwm_K12_s0] step   4000  cosine_loss 0.0440  elapsed 214s
  [ncr_fwm_K12_s0] step   4500  cosine_loss 0.0434  elapsed 240s
  [ncr_fwm_K12_s0] step   5000  cosine_loss 0.0447  elapsed 266s
  [ncr_fwm_K12_s0] step   5500  cosine_loss 0.0416  elapsed 291s
  [ncr_fwm_K12_s0] step   6000  cosine_loss 0.0402  elapsed 318s
  [ncr_fwm_K12_s0] step   6500  cosine_loss 0.0426  elapsed 344s
  [ncr_fwm_K12_s0] step   7000  cosine_loss 0.0406  elapsed 370s
  [ncr_fwm_K12_s0] step   7500  cosine_loss 0.0407  elapsed 396s
  [ncr_fwm_K12_s0] step   8000  cosine_loss 0.0391  elapsed 422s
  [ncr_fwm_K12_s0] step   8500  cosine_loss 0.0393  elapsed 448s
  [ncr_fwm_K12_s0] step   9000  cosine_loss 0.0383  elapsed 474s
  [ncr_fwm_K12_s0] step   9500  cosine_loss 0.0402  elapsed 499s
  [ncr_fwm_K12_s0] step  10000  cosine_loss 0.0399  elapsed 525s
  [ncr_fwm_K12_s0] step  10500  cosine_loss 0.0376  elapsed 551s
  [ncr_fwm_K12_s0] step  11000  cosine_loss 0.0365  elapsed 577s
  [ncr_fwm_K12_s0] step  11500  cosine_loss 0.0400  elapsed 603s
  [ncr_fwm_K12_s0] step  12000  cosine_loss 0.0368  elapsed 629s
  [ncr_fwm_K12_s0] step  12500  cosine_loss 0.0354  elapsed 655s
  [ncr_fwm_K12_s0] step  13000  cosine_loss 0.0356  elapsed 680s
  [ncr_fwm_K12_s0] step  13500  cosine_loss 0.0381  elapsed 706s
  [ncr_fwm_K12_s0] step  14000  cosine_loss 0.0380  elapsed 732s
  [ncr_fwm_K12_s0] step  14500  cosine_loss 0.0349  elapsed 758s
  [ncr_fwm_K12_s0] step  15000  cosine_loss 0.0349  elapsed 784s
  [ncr_fwm_K12_s0] step  15500  cosine_loss 0.0348  elapsed 810s
  [ncr_fwm_K12_s0] step  16000  cosine_loss 0.0343  elapsed 836s
  [ncr_fwm_K12_s0] step  16500  cosine_loss 0.0347  elapsed 863s
  [ncr_fwm_K12_s0] step  17000  cosine_loss 0.0363  elapsed 890s
  [ncr_fwm_K12_s0] step  17500  cosine_loss 0.0356  elapsed 916s
  [ncr_fwm_K12_s0] step  18000  cosine_loss 0.0352  elapsed 942s
  [ncr_fwm_K12_s0] step  18500  cosine_loss 0.0352  elapsed 967s
  [ncr_fwm_K12_s0] step  19000  cosine_loss 0.0338  elapsed 993s
  [ncr_fwm_K12_s0] step  19500  cosine_loss 0.0344  elapsed 1019s
  [ncr_fwm_K12_s0] step  20000  cosine_loss 0.0348  elapsed 1045s
  [ncr_fwm_K12_s0] step  20500  cosine_loss 0.0345  elapsed 1072s
  [ncr_fwm_K12_s0] step  21000  cosine_loss 0.0336  elapsed 1099s
  [ncr_fwm_K12_s0] step  21500  cosine_loss 0.0351  elapsed 1125s
  [ncr_fwm_K12_s0] step  22000  cosine_loss 0.0347  elapsed 1151s
  [ncr_fwm_K12_s0] step  22500  cosine_loss 0.0339  elapsed 1177s
  [ncr_fwm_K12_s0] step  23000  cosine_loss 0.0370  elapsed 1202s
  [ncr_fwm_K12_s0] step  23500  cosine_loss 0.0350  elapsed 1228s
  [ncr_fwm_K12_s0] step  24000  cosine_loss 0.0349  elapsed 1254s
  [ncr_fwm_K12_s0] step  24500  cosine_loss 0.0355  elapsed 1280s
  [ncr_fwm_K12_s0] step  25000  cosine_loss 0.0362  elapsed 1306s
  [ncr_fwm_K12_s0] step  25500  cosine_loss 0.0338  elapsed 1332s
  [ncr_fwm_K12_s0] step  26000  cosine_loss 0.0332  elapsed 1358s
  [ncr_fwm_K12_s0] step  26500  cosine_loss 0.0356  elapsed 1385s
  [ncr_fwm_K12_s0] step  27000  cosine_loss 0.0342  elapsed 1412s
  [ncr_fwm_K12_s0] step  27500  cosine_loss 0.0335  elapsed 1439s
  [ncr_fwm_K12_s0] step  28000  cosine_loss 0.0353  elapsed 1467s
  [ncr_fwm_K12_s0] step  28500  cosine_loss 0.0343  elapsed 1492s
  [ncr_fwm_K12_s0] step  29000  cosine_loss 0.0331  elapsed 1518s
  [ncr_fwm_K12_s0] step  29500  cosine_loss 0.0331  elapsed 1544s
  [ncr_fwm_K12_s0] step  30000  cosine_loss 0.0346  elapsed 1570s
  [ncr_fwm_K12_s0] step  30500  cosine_loss 0.0341  elapsed 1596s
  [ncr_fwm_K12_s0] step  31000  cosine_loss 0.0351  elapsed 1622s
  [ncr_fwm_K12_s0] step  31500  cosine_loss 0.0347  elapsed 1648s
  [ncr_fwm_K12_s0] step  32000  cosine_loss 0.0346  elapsed 1674s
  [ncr_fwm_K12_s0] step  32500  cosine_loss 0.0336  elapsed 1699s
  [ncr_fwm_K12_s0] step  33000  cosine_loss 0.0339  elapsed 1725s
  [ncr_fwm_K12_s0] step  33500  cosine_loss 0.0340  elapsed 1751s
  [ncr_fwm_K12_s0] step  34000  cosine_loss 0.0347  elapsed 1777s
  [ncr_fwm_K12_s0] step  34500  cosine_loss 0.0337  elapsed 1803s
  [ncr_fwm_K12_s0] step  35000  cosine_loss 0.0345  elapsed 1829s
  [ncr_fwm_K12_s0] step  35500  cosine_loss 0.0344  elapsed 1855s
  [ncr_fwm_K12_s0] step  36000  cosine_loss 0.0339  elapsed 1880s
  [ncr_fwm_K12_s0] step  36500  cosine_loss 0.0321  elapsed 1906s
  [ncr_fwm_K12_s0] step  37000  cosine_loss 0.0322  elapsed 1932s
  [ncr_fwm_K12_s0] step  37500  cosine_loss 0.0337  elapsed 1958s
  [ncr_fwm_K12_s0] step  38000  cosine_loss 0.0334  elapsed 1984s
  [ncr_fwm_K12_s0] step  38500  cosine_loss 0.0344  elapsed 2011s
  [ncr_fwm_K12_s0] step  39000  cosine_loss 0.0334  elapsed 2038s
  [ncr_fwm_K12_s0] step  39500  cosine_loss 0.0341  elapsed 2066s
  [ncr_fwm_K12_s0] step  40000  cosine_loss 0.0356  elapsed 2093s
  [ncr_fwm_K12_s0] step  40500  cosine_loss 0.0338  elapsed 2118s
  [ncr_fwm_K12_s0] step  41000  cosine_loss 0.0355  elapsed 2144s
  [ncr_fwm_K12_s0] step  41500  cosine_loss 0.0332  elapsed 2170s
  [ncr_fwm_K12_s0] step  42000  cosine_loss 0.0342  elapsed 2196s
  [ncr_fwm_K12_s0] step  42500  cosine_loss 0.0355  elapsed 2222s
  [ncr_fwm_K12_s0] step  43000  cosine_loss 0.0344  elapsed 2248s
  [ncr_fwm_K12_s0] step  43500  cosine_loss 0.0345  elapsed 2274s
  [ncr_fwm_K12_s0] step  44000  cosine_loss 0.0345  elapsed 2300s
  [ncr_fwm_K12_s0] step  44500  cosine_loss 0.0350  elapsed 2326s
  [ncr_fwm_K12_s0] step  45000  cosine_loss 0.0323  elapsed 2352s
  [ncr_fwm_K12_s0] step  45500  cosine_loss 0.0319  elapsed 2377s
  [ncr_fwm_K12_s0] step  46000  cosine_loss 0.0325  elapsed 2403s
  [ncr_fwm_K12_s0] step  46500  cosine_loss 0.0330  elapsed 2429s
  [ncr_fwm_K12_s0] step  47000  cosine_loss 0.0349  elapsed 2455s
  [ncr_fwm_K12_s0] step  47500  cosine_loss 0.0350  elapsed 2481s
  [ncr_fwm_K12_s0] step  48000  cosine_loss 0.0327  elapsed 2507s
  [ncr_fwm_K12_s0] step  48500  cosine_loss 0.0341  elapsed 2533s
  [ncr_fwm_K12_s0] step  49000  cosine_loss 0.0342  elapsed 2559s
  [ncr_fwm_K12_s0] step  49500  cosine_loss 0.0330  elapsed 2584s
  [ncr_fwm_K12_s0] step  50000  cosine_loss 0.0344  elapsed 2610s
  [ncr_fwm_K12_s0] step  50500  cosine_loss 0.0359  elapsed 2636s
  [ncr_fwm_K12_s0] step  51000  cosine_loss 0.0337  elapsed 2662s
  [ncr_fwm_K12_s0] step  51500  cosine_loss 0.0352  elapsed 2688s
  [ncr_fwm_K12_s0] step  52000  cosine_loss 0.0323  elapsed 2714s
  [ncr_fwm_K12_s0] step  52500  cosine_loss 0.0344  elapsed 2741s
  [ncr_fwm_K12_s0] step  53000  cosine_loss 0.0330  elapsed 2767s
  [ncr_fwm_K12_s0] step  53500  cosine_loss 0.0344  elapsed 2793s
  [ncr_fwm_K12_s0] step  54000  cosine_loss 0.0339  elapsed 2820s
  [ncr_fwm_K12_s0] step  54500  cosine_loss 0.0337  elapsed 2846s
  [ncr_fwm_K12_s0] step  55000  cosine_loss 0.0333  elapsed 2873s
  [ncr_fwm_K12_s0] step  55500  cosine_loss 0.0335  elapsed 2899s
  [ncr_fwm_K12_s0] step  56000  cosine_loss 0.0352  elapsed 2926s
  [ncr_fwm_K12_s0] step  56500  cosine_loss 0.0338  elapsed 2952s
  [ncr_fwm_K12_s0] step  57000  cosine_loss 0.0335  elapsed 2978s
  [ncr_fwm_K12_s0] step  57500  cosine_loss 0.0335  elapsed 3004s
  [ncr_fwm_K12_s0] step  58000  cosine_loss 0.0338  elapsed 3031s
  [ncr_fwm_K12_s0] step  58500  cosine_loss 0.0333  elapsed 3057s
  [ncr_fwm_K12_s0] step  59000  cosine_loss 0.0332  elapsed 3083s
  [ncr_fwm_K12_s0] step  59500  cosine_loss 0.0331  elapsed 3110s
  [ncr_fwm_K12_s0] step  60000  cosine_loss 0.0340  elapsed 3136s
  [ncr_fwm_K12_s0] step  60500  cosine_loss 0.0321  elapsed 3162s
  [ncr_fwm_K12_s0] step  61000  cosine_loss 0.0322  elapsed 3188s
  [ncr_fwm_K12_s0] step  61500  cosine_loss 0.0335  elapsed 3215s
  [ncr_fwm_K12_s0] step  62000  cosine_loss 0.0337  elapsed 3241s
  [ncr_fwm_K12_s0] step  62500  cosine_loss 0.0341  elapsed 3268s
  [ncr_fwm_K12_s0] step  63000  cosine_loss 0.0327  elapsed 3294s
  [ncr_fwm_K12_s0] step  63500  cosine_loss 0.0342  elapsed 3320s
  [ncr_fwm_K12_s0] step  64000  cosine_loss 0.0331  elapsed 3346s
  [ncr_fwm_K12_s0] step  64500  cosine_loss 0.0324  elapsed 3372s
  [ncr_fwm_K12_s0] step  65000  cosine_loss 0.0334  elapsed 3398s
  [ncr_fwm_K12_s0] step  65500  cosine_loss 0.0332  elapsed 3424s
  [ncr_fwm_K12_s0] step  66000  cosine_loss 0.0326  elapsed 3450s
  [ncr_fwm_K12_s0] step  66500  cosine_loss 0.0341  elapsed 3476s
  [ncr_fwm_K12_s0] step  67000  cosine_loss 0.0341  elapsed 3502s
  [ncr_fwm_K12_s0] step  67500  cosine_loss 0.0336  elapsed 3528s
  [ncr_fwm_K12_s0] step  68000  cosine_loss 0.0331  elapsed 3555s
  [ncr_fwm_K12_s0] step  68500  cosine_loss 0.0328  elapsed 3581s
  [ncr_fwm_K12_s0] step  69000  cosine_loss 0.0320  elapsed 3607s
  [ncr_fwm_K12_s0] step  69500  cosine_loss 0.0328  elapsed 3633s
  [ncr_fwm_K12_s0] step  70000  cosine_loss 0.0345  elapsed 3659s
  [ncr_fwm_K12_s0] step  70500  cosine_loss 0.0338  elapsed 3685s
  [ncr_fwm_K12_s0] step  71000  cosine_loss 0.0333  elapsed 3710s
  [ncr_fwm_K12_s0] step  71500  cosine_loss 0.0323  elapsed 3736s
  [ncr_fwm_K12_s0] step  72000  cosine_loss 0.0329  elapsed 3762s
  [ncr_fwm_K12_s0] step  72500  cosine_loss 0.0339  elapsed 3788s
  [ncr_fwm_K12_s0] step  73000  cosine_loss 0.0323  elapsed 3814s
  [ncr_fwm_K12_s0] step  73500  cosine_loss 0.0329  elapsed 3840s
  [ncr_fwm_K12_s0] step  74000  cosine_loss 0.0333  elapsed 3866s
  [ncr_fwm_K12_s0] step  74500  cosine_loss 0.0341  elapsed 3892s
  [ncr_fwm_K12_s0] step  75000  cosine_loss 0.0328  elapsed 3918s
  [ncr_fwm_K12_s0] step  75500  cosine_loss 0.0333  elapsed 3943s
  [ncr_fwm_K12_s0] step  76000  cosine_loss 0.0335  elapsed 3969s
  [ncr_fwm_K12_s0] step  76500  cosine_loss 0.0345  elapsed 3995s
  [ncr_fwm_K12_s0] step  77000  cosine_loss 0.0331  elapsed 4021s
  [ncr_fwm_K12_s0] step  77500  cosine_loss 0.0328  elapsed 4047s
  [ncr_fwm_K12_s0] step  78000  cosine_loss 0.0319  elapsed 4073s
  [ncr_fwm_K12_s0] step  78500  cosine_loss 0.0341  elapsed 4099s
  [ncr_fwm_K12_s0] step  79000  cosine_loss 0.0320  elapsed 4125s
  [ncr_fwm_K12_s0] step  79500  cosine_loss 0.0332  elapsed 4150s
  [ncr_fwm_K12_s0] step  80000  cosine_loss 0.0322  elapsed 4180s
  [ncr_fwm_K12_s0] COMPLETED in 4188s -> /home/nvidia/ncr/results_phase2/ncr_fwm_K12_s0.json
