fatal: not a git repository (or any of the parent directories): .git
  [ncr_loopedvec_K12_s2] step      1  cosine_loss 0.9988  elapsed 1s
  [ncr_loopedvec_K12_s2] step    500  cosine_loss 0.7066  elapsed 28s
  [ncr_loopedvec_K12_s2] step   1000  cosine_loss 0.6031  elapsed 55s
  [ncr_loopedvec_K12_s2] step   1500  cosine_loss 0.4590  elapsed 81s
  [ncr_loopedvec_K12_s2] step   2000  cosine_loss 0.4343  elapsed 107s
  [ncr_loopedvec_K12_s2] step   2500  cosine_loss 0.4293  elapsed 134s
  [ncr_loopedvec_K12_s2] step   3000  cosine_loss 0.4252  elapsed 160s
  [ncr_loopedvec_K12_s2] step   3500  cosine_loss 0.4260  elapsed 187s
  [ncr_loopedvec_K12_s2] step   4000  cosine_loss 0.4261  elapsed 213s
  [ncr_loopedvec_K12_s2] step   4500  cosine_loss 0.4259  elapsed 240s
  [ncr_loopedvec_K12_s2] step   5000  cosine_loss 0.4249  elapsed 266s
  [ncr_loopedvec_K12_s2] step   5500  cosine_loss 0.4258  elapsed 292s
  [ncr_loopedvec_K12_s2] step   6000  cosine_loss 0.4253  elapsed 319s
  [ncr_loopedvec_K12_s2] step   6500  cosine_loss 0.4237  elapsed 345s
  [ncr_loopedvec_K12_s2] step   7000  cosine_loss 0.4246  elapsed 372s
  [ncr_loopedvec_K12_s2] step   7500  cosine_loss 0.4214  elapsed 398s
  [ncr_loopedvec_K12_s2] step   8000  cosine_loss 0.4197  elapsed 425s
  [ncr_loopedvec_K12_s2] step   8500  cosine_loss 0.4164  elapsed 451s
  [ncr_loopedvec_K12_s2] step   9000  cosine_loss 0.4107  elapsed 477s
  [ncr_loopedvec_K12_s2] step   9500  cosine_loss 0.4069  elapsed 504s
  [ncr_loopedvec_K12_s2] step  10000  cosine_loss 0.4048  elapsed 530s
  [ncr_loopedvec_K12_s2] step  10500  cosine_loss 0.4029  elapsed 557s
  [ncr_loopedvec_K12_s2] step  11000  cosine_loss 0.4038  elapsed 583s
  [ncr_loopedvec_K12_s2] step  11500  cosine_loss 0.4044  elapsed 610s
  [ncr_loopedvec_K12_s2] step  12000  cosine_loss 0.4045  elapsed 636s
  [ncr_loopedvec_K12_s2] step  12500  cosine_loss 0.4018  elapsed 663s
  [ncr_loopedvec_K12_s2] step  13000  cosine_loss 0.4018  elapsed 689s
  [ncr_loopedvec_K12_s2] step  13500  cosine_loss 0.4005  elapsed 716s
  [ncr_loopedvec_K12_s2] step  14000  cosine_loss 0.3950  elapsed 742s
  [ncr_loopedvec_K12_s2] step  14500  cosine_loss 0.3985  elapsed 769s
  [ncr_loopedvec_K12_s2] step  15000  cosine_loss 0.3979  elapsed 796s
  [ncr_loopedvec_K12_s2] step  15500  cosine_loss 0.3948  elapsed 822s
  [ncr_loopedvec_K12_s2] step  16000  cosine_loss 0.3974  elapsed 849s
  [ncr_loopedvec_K12_s2] step  16500  cosine_loss 0.3971  elapsed 875s
  [ncr_loopedvec_K12_s2] step  17000  cosine_loss 0.3972  elapsed 901s
  [ncr_loopedvec_K12_s2] step  17500  cosine_loss 0.3883  elapsed 928s
  [ncr_loopedvec_K12_s2] step  18000  cosine_loss 0.3882  elapsed 954s
  [ncr_loopedvec_K12_s2] step  18500  cosine_loss 0.3910  elapsed 981s
  [ncr_loopedvec_K12_s2] step  19000  cosine_loss 0.3934  elapsed 1007s
  [ncr_loopedvec_K12_s2] step  19500  cosine_loss 0.3885  elapsed 1034s
  [ncr_loopedvec_K12_s2] step  20000  cosine_loss 0.3867  elapsed 1060s
  [ncr_loopedvec_K12_s2] step  20500  cosine_loss 0.3855  elapsed 1087s
  [ncr_loopedvec_K12_s2] step  21000  cosine_loss 0.3861  elapsed 1113s
  [ncr_loopedvec_K12_s2] step  21500  cosine_loss 0.3910  elapsed 1140s
  [ncr_loopedvec_K12_s2] step  22000  cosine_loss 0.3815  elapsed 1166s
  [ncr_loopedvec_K12_s2] step  22500  cosine_loss 0.3842  elapsed 1192s
  [ncr_loopedvec_K12_s2] step  23000  cosine_loss 0.3778  elapsed 1219s
  [ncr_loopedvec_K12_s2] step  23500  cosine_loss 0.3828  elapsed 1245s
  [ncr_loopedvec_K12_s2] step  24000  cosine_loss 0.3812  elapsed 1272s
  [ncr_loopedvec_K12_s2] step  24500  cosine_loss 0.3765  elapsed 1298s
  [ncr_loopedvec_K12_s2] step  25000  cosine_loss 0.3815  elapsed 1325s
  [ncr_loopedvec_K12_s2] step  25500  cosine_loss 0.3773  elapsed 1351s
  [ncr_loopedvec_K12_s2] step  26000  cosine_loss 0.3779  elapsed 1378s
  [ncr_loopedvec_K12_s2] step  26500  cosine_loss 0.3783  elapsed 1404s
  [ncr_loopedvec_K12_s2] step  27000  cosine_loss 0.3753  elapsed 1430s
  [ncr_loopedvec_K12_s2] step  27500  cosine_loss 0.3741  elapsed 1457s
  [ncr_loopedvec_K12_s2] step  28000  cosine_loss 0.3696  elapsed 1483s
  [ncr_loopedvec_K12_s2] step  28500  cosine_loss 0.3760  elapsed 1510s
  [ncr_loopedvec_K12_s2] step  29000  cosine_loss 0.3674  elapsed 1536s
  [ncr_loopedvec_K12_s2] step  29500  cosine_loss 0.3687  elapsed 1562s
  [ncr_loopedvec_K12_s2] step  30000  cosine_loss 0.3745  elapsed 1589s
  [ncr_loopedvec_K12_s2] step  30500  cosine_loss 0.3698  elapsed 1615s
  [ncr_loopedvec_K12_s2] step  31000  cosine_loss 0.3721  elapsed 1642s
  [ncr_loopedvec_K12_s2] step  31500  cosine_loss 0.3671  elapsed 1668s
  [ncr_loopedvec_K12_s2] step  32000  cosine_loss 0.3679  elapsed 1695s
  [ncr_loopedvec_K12_s2] step  32500  cosine_loss 0.3590  elapsed 1721s
  [ncr_loopedvec_K12_s2] step  33000  cosine_loss 0.3622  elapsed 1748s
  [ncr_loopedvec_K12_s2] step  33500  cosine_loss 0.3598  elapsed 1774s
  [ncr_loopedvec_K12_s2] step  34000  cosine_loss 0.3571  elapsed 1801s
  [ncr_loopedvec_K12_s2] step  34500  cosine_loss 0.3597  elapsed 1828s
  [ncr_loopedvec_K12_s2] step  35000  cosine_loss 0.3511  elapsed 1854s
  [ncr_loopedvec_K12_s2] step  35500  cosine_loss 0.3524  elapsed 1880s
  [ncr_loopedvec_K12_s2] step  36000  cosine_loss 0.3515  elapsed 1907s
  [ncr_loopedvec_K12_s2] step  36500  cosine_loss 0.3494  elapsed 1934s
  [ncr_loopedvec_K12_s2] step  37000  cosine_loss 0.3504  elapsed 1960s
  [ncr_loopedvec_K12_s2] step  37500  cosine_loss 0.3505  elapsed 1987s
  [ncr_loopedvec_K12_s2] step  38000  cosine_loss 0.3471  elapsed 2013s
  [ncr_loopedvec_K12_s2] step  38500  cosine_loss 0.3437  elapsed 2040s
  [ncr_loopedvec_K12_s2] step  39000  cosine_loss 0.3398  elapsed 2066s
  [ncr_loopedvec_K12_s2] step  39500  cosine_loss 0.3412  elapsed 2092s
  [ncr_loopedvec_K12_s2] step  40000  cosine_loss 0.3399  elapsed 2119s
  [ncr_loopedvec_K12_s2] step  40500  cosine_loss 0.3448  elapsed 2145s
  [ncr_loopedvec_K12_s2] step  41000  cosine_loss 0.3385  elapsed 2172s
  [ncr_loopedvec_K12_s2] step  41500  cosine_loss 0.3393  elapsed 2198s
  [ncr_loopedvec_K12_s2] step  42000  cosine_loss 0.3394  elapsed 2225s
  [ncr_loopedvec_K12_s2] step  42500  cosine_loss 0.3368  elapsed 2252s
  [ncr_loopedvec_K12_s2] step  43000  cosine_loss 0.3373  elapsed 2278s
  [ncr_loopedvec_K12_s2] step  43500  cosine_loss 0.3357  elapsed 2305s
  [ncr_loopedvec_K12_s2] step  44000  cosine_loss 0.3360  elapsed 2332s
  [ncr_loopedvec_K12_s2] step  44500  cosine_loss 0.3321  elapsed 2358s
  [ncr_loopedvec_K12_s2] step  45000  cosine_loss 0.3389  elapsed 2385s
  [ncr_loopedvec_K12_s2] step  45500  cosine_loss 0.3383  elapsed 2411s
  [ncr_loopedvec_K12_s2] step  46000  cosine_loss 0.3355  elapsed 2438s
  [ncr_loopedvec_K12_s2] step  46500  cosine_loss 0.3394  elapsed 2464s
  [ncr_loopedvec_K12_s2] step  47000  cosine_loss 0.3397  elapsed 2491s
  [ncr_loopedvec_K12_s2] step  47500  cosine_loss 0.3365  elapsed 2517s
  [ncr_loopedvec_K12_s2] step  48000  cosine_loss 0.3333  elapsed 2544s
  [ncr_loopedvec_K12_s2] step  48500  cosine_loss 0.3373  elapsed 2570s
  [ncr_loopedvec_K12_s2] step  49000  cosine_loss 0.3338  elapsed 2597s
  [ncr_loopedvec_K12_s2] step  49500  cosine_loss 0.3353  elapsed 2623s
  [ncr_loopedvec_K12_s2] step  50000  cosine_loss 0.3340  elapsed 2650s
  [ncr_loopedvec_K12_s2] step  50500  cosine_loss 0.3345  elapsed 2676s
  [ncr_loopedvec_K12_s2] step  51000  cosine_loss 0.3371  elapsed 2702s
  [ncr_loopedvec_K12_s2] step  51500  cosine_loss 0.3349  elapsed 2729s
  [ncr_loopedvec_K12_s2] step  52000  cosine_loss 0.3328  elapsed 2755s
  [ncr_loopedvec_K12_s2] step  52500  cosine_loss 0.3267  elapsed 2782s
  [ncr_loopedvec_K12_s2] step  53000  cosine_loss 0.3278  elapsed 2809s
  [ncr_loopedvec_K12_s2] step  53500  cosine_loss 0.3346  elapsed 2835s
  [ncr_loopedvec_K12_s2] step  54000  cosine_loss 0.3336  elapsed 2863s
  [ncr_loopedvec_K12_s2] step  54500  cosine_loss 0.3339  elapsed 2889s
  [ncr_loopedvec_K12_s2] step  55000  cosine_loss 0.3341  elapsed 2916s
  [ncr_loopedvec_K12_s2] step  55500  cosine_loss 0.3327  elapsed 2942s
  [ncr_loopedvec_K12_s2] step  56000  cosine_loss 0.3263  elapsed 2969s
  [ncr_loopedvec_K12_s2] step  56500  cosine_loss 0.3354  elapsed 2995s
  [ncr_loopedvec_K12_s2] step  57000  cosine_loss 0.3311  elapsed 3022s
  [ncr_loopedvec_K12_s2] step  57500  cosine_loss 0.3334  elapsed 3048s
  [ncr_loopedvec_K12_s2] step  58000  cosine_loss 0.3350  elapsed 3075s
  [ncr_loopedvec_K12_s2] step  58500  cosine_loss 0.3290  elapsed 3101s
  [ncr_loopedvec_K12_s2] step  59000  cosine_loss 0.3297  elapsed 3128s
  [ncr_loopedvec_K12_s2] step  59500  cosine_loss 0.3313  elapsed 3154s
  [ncr_loopedvec_K12_s2] step  60000  cosine_loss 0.3302  elapsed 3181s
  [ncr_loopedvec_K12_s2] step  60500  cosine_loss 0.3362  elapsed 3207s
  [ncr_loopedvec_K12_s2] step  61000  cosine_loss 0.3385  elapsed 3234s
  [ncr_loopedvec_K12_s2] step  61500  cosine_loss 0.3307  elapsed 3260s
  [ncr_loopedvec_K12_s2] step  62000  cosine_loss 0.3302  elapsed 3287s
  [ncr_loopedvec_K12_s2] step  62500  cosine_loss 0.3352  elapsed 3313s
  [ncr_loopedvec_K12_s2] step  63000  cosine_loss 0.3260  elapsed 3340s
  [ncr_loopedvec_K12_s2] step  63500  cosine_loss 0.3362  elapsed 3366s
  [ncr_loopedvec_K12_s2] step  64000  cosine_loss 0.3313  elapsed 3393s
  [ncr_loopedvec_K12_s2] step  64500  cosine_loss 0.3336  elapsed 3419s
  [ncr_loopedvec_K12_s2] step  65000  cosine_loss 0.3321  elapsed 3446s
  [ncr_loopedvec_K12_s2] step  65500  cosine_loss 0.3251  elapsed 3472s
  [ncr_loopedvec_K12_s2] step  66000  cosine_loss 0.3284  elapsed 3499s
  [ncr_loopedvec_K12_s2] step  66500  cosine_loss 0.3313  elapsed 3525s
  [ncr_loopedvec_K12_s2] step  67000  cosine_loss 0.3320  elapsed 3552s
  [ncr_loopedvec_K12_s2] step  67500  cosine_loss 0.3344  elapsed 3578s
  [ncr_loopedvec_K12_s2] step  68000  cosine_loss 0.3315  elapsed 3605s
  [ncr_loopedvec_K12_s2] step  68500  cosine_loss 0.3329  elapsed 3631s
  [ncr_loopedvec_K12_s2] step  69000  cosine_loss 0.3256  elapsed 3658s
  [ncr_loopedvec_K12_s2] step  69500  cosine_loss 0.3312  elapsed 3684s
  [ncr_loopedvec_K12_s2] step  70000  cosine_loss 0.3271  elapsed 3711s
  [ncr_loopedvec_K12_s2] step  70500  cosine_loss 0.3336  elapsed 3737s
  [ncr_loopedvec_K12_s2] step  71000  cosine_loss 0.3300  elapsed 3764s
  [ncr_loopedvec_K12_s2] step  71500  cosine_loss 0.3255  elapsed 3790s
  [ncr_loopedvec_K12_s2] step  72000  cosine_loss 0.3315  elapsed 3817s
  [ncr_loopedvec_K12_s2] step  72500  cosine_loss 0.3283  elapsed 3843s
  [ncr_loopedvec_K12_s2] step  73000  cosine_loss 0.3344  elapsed 3870s
  [ncr_loopedvec_K12_s2] step  73500  cosine_loss 0.3303  elapsed 3896s
  [ncr_loopedvec_K12_s2] step  74000  cosine_loss 0.3343  elapsed 3922s
  [ncr_loopedvec_K12_s2] step  74500  cosine_loss 0.3273  elapsed 3949s
  [ncr_loopedvec_K12_s2] step  75000  cosine_loss 0.3257  elapsed 3975s
  [ncr_loopedvec_K12_s2] step  75500  cosine_loss 0.3302  elapsed 4002s
  [ncr_loopedvec_K12_s2] step  76000  cosine_loss 0.3315  elapsed 4028s
  [ncr_loopedvec_K12_s2] step  76500  cosine_loss 0.3293  elapsed 4055s
  [ncr_loopedvec_K12_s2] step  77000  cosine_loss 0.3306  elapsed 4081s
  [ncr_loopedvec_K12_s2] step  77500  cosine_loss 0.3264  elapsed 4107s
  [ncr_loopedvec_K12_s2] step  78000  cosine_loss 0.3298  elapsed 4134s
  [ncr_loopedvec_K12_s2] step  78500  cosine_loss 0.3302  elapsed 4160s
  [ncr_loopedvec_K12_s2] step  79000  cosine_loss 0.3303  elapsed 4187s
  [ncr_loopedvec_K12_s2] step  79500  cosine_loss 0.3295  elapsed 4213s
  [ncr_loopedvec_K12_s2] step  80000  cosine_loss 0.3299  elapsed 4240s
  [ncr_loopedvec_K12_s2] COMPLETED in 4255s -> /home/nvidia/ncr/results_phase2/ncr_loopedvec_K12_s2.json
