fatal: not a git repository (or any of the parent directories): .git
  [ncr_fwm_K12_s3] step      1  cosine_loss 1.0013  elapsed 1s
  [ncr_fwm_K12_s3] step    500  cosine_loss 0.4705  elapsed 28s
  [ncr_fwm_K12_s3] step   1000  cosine_loss 0.0615  elapsed 55s
  [ncr_fwm_K12_s3] step   1500  cosine_loss 0.0562  elapsed 82s
  [ncr_fwm_K12_s3] step   2000  cosine_loss 0.0572  elapsed 108s
  [ncr_fwm_K12_s3] step   2500  cosine_loss 0.0557  elapsed 135s
  [ncr_fwm_K12_s3] step   3000  cosine_loss 0.0515  elapsed 161s
  [ncr_fwm_K12_s3] step   3500  cosine_loss 0.0468  elapsed 188s
  [ncr_fwm_K12_s3] step   4000  cosine_loss 0.0448  elapsed 214s
  [ncr_fwm_K12_s3] step   4500  cosine_loss 0.0434  elapsed 241s
  [ncr_fwm_K12_s3] step   5000  cosine_loss 0.0436  elapsed 267s
  [ncr_fwm_K12_s3] step   5500  cosine_loss 0.0430  elapsed 294s
  [ncr_fwm_K12_s3] step   6000  cosine_loss 0.0415  elapsed 320s
  [ncr_fwm_K12_s3] step   6500  cosine_loss 0.0419  elapsed 347s
  [ncr_fwm_K12_s3] step   7000  cosine_loss 0.0393  elapsed 373s
  [ncr_fwm_K12_s3] step   7500  cosine_loss 0.0411  elapsed 400s
  [ncr_fwm_K12_s3] step   8000  cosine_loss 0.0410  elapsed 427s
  [ncr_fwm_K12_s3] step   8500  cosine_loss 0.0430  elapsed 454s
  [ncr_fwm_K12_s3] step   9000  cosine_loss 0.0431  elapsed 481s
  [ncr_fwm_K12_s3] step   9500  cosine_loss 0.0396  elapsed 508s
  [ncr_fwm_K12_s3] step  10000  cosine_loss 0.0397  elapsed 534s
  [ncr_fwm_K12_s3] step  10500  cosine_loss 0.0399  elapsed 562s
  [ncr_fwm_K12_s3] step  11000  cosine_loss 0.0390  elapsed 590s
  [ncr_fwm_K12_s3] step  11500  cosine_loss 0.0384  elapsed 617s
  [ncr_fwm_K12_s3] step  12000  cosine_loss 0.0367  elapsed 644s
  [ncr_fwm_K12_s3] step  12500  cosine_loss 0.0401  elapsed 672s
  [ncr_fwm_K12_s3] step  13000  cosine_loss 0.0375  elapsed 699s
  [ncr_fwm_K12_s3] step  13500  cosine_loss 0.0364  elapsed 725s
  [ncr_fwm_K12_s3] step  14000  cosine_loss 0.0359  elapsed 751s
  [ncr_fwm_K12_s3] step  14500  cosine_loss 0.0371  elapsed 778s
  [ncr_fwm_K12_s3] step  15000  cosine_loss 0.0376  elapsed 805s
  [ncr_fwm_K12_s3] step  15500  cosine_loss 0.0344  elapsed 831s
  [ncr_fwm_K12_s3] step  16000  cosine_loss 0.0383  elapsed 857s
  [ncr_fwm_K12_s3] step  16500  cosine_loss 0.0357  elapsed 884s
  [ncr_fwm_K12_s3] step  17000  cosine_loss 0.0372  elapsed 910s
  [ncr_fwm_K12_s3] step  17500  cosine_loss 0.0358  elapsed 936s
  [ncr_fwm_K12_s3] step  18000  cosine_loss 0.0363  elapsed 963s
  [ncr_fwm_K12_s3] step  18500  cosine_loss 0.0349  elapsed 989s
  [ncr_fwm_K12_s3] step  19000  cosine_loss 0.0336  elapsed 1016s
  [ncr_fwm_K12_s3] step  19500  cosine_loss 0.0347  elapsed 1043s
  [ncr_fwm_K12_s3] step  20000  cosine_loss 0.0343  elapsed 1069s
  [ncr_fwm_K12_s3] step  20500  cosine_loss 0.0340  elapsed 1095s
  [ncr_fwm_K12_s3] step  21000  cosine_loss 0.0335  elapsed 1122s
  [ncr_fwm_K12_s3] step  21500  cosine_loss 0.0344  elapsed 1148s
  [ncr_fwm_K12_s3] step  22000  cosine_loss 0.0338  elapsed 1174s
  [ncr_fwm_K12_s3] step  22500  cosine_loss 0.0345  elapsed 1201s
  [ncr_fwm_K12_s3] step  23000  cosine_loss 0.0342  elapsed 1227s
  [ncr_fwm_K12_s3] step  23500  cosine_loss 0.0347  elapsed 1254s
  [ncr_fwm_K12_s3] step  24000  cosine_loss 0.0336  elapsed 1281s
  [ncr_fwm_K12_s3] step  24500  cosine_loss 0.0341  elapsed 1307s
  [ncr_fwm_K12_s3] step  25000  cosine_loss 0.0346  elapsed 1334s
  [ncr_fwm_K12_s3] step  25500  cosine_loss 0.0331  elapsed 1361s
  [ncr_fwm_K12_s3] step  26000  cosine_loss 0.0346  elapsed 1388s
  [ncr_fwm_K12_s3] step  26500  cosine_loss 0.0348  elapsed 1414s
  [ncr_fwm_K12_s3] step  27000  cosine_loss 0.0338  elapsed 1441s
  [ncr_fwm_K12_s3] step  27500  cosine_loss 0.0325  elapsed 1468s
  [ncr_fwm_K12_s3] step  28000  cosine_loss 0.0348  elapsed 1494s
  [ncr_fwm_K12_s3] step  28500  cosine_loss 0.0340  elapsed 1521s
  [ncr_fwm_K12_s3] step  29000  cosine_loss 0.0345  elapsed 1548s
  [ncr_fwm_K12_s3] step  29500  cosine_loss 0.0347  elapsed 1574s
  [ncr_fwm_K12_s3] step  30000  cosine_loss 0.0342  elapsed 1601s
  [ncr_fwm_K12_s3] step  30500  cosine_loss 0.0348  elapsed 1627s
  [ncr_fwm_K12_s3] step  31000  cosine_loss 0.0345  elapsed 1654s
  [ncr_fwm_K12_s3] step  31500  cosine_loss 0.0327  elapsed 1680s
  [ncr_fwm_K12_s3] step  32000  cosine_loss 0.0341  elapsed 1706s
  [ncr_fwm_K12_s3] step  32500  cosine_loss 0.0334  elapsed 1733s
  [ncr_fwm_K12_s3] step  33000  cosine_loss 0.0328  elapsed 1759s
  [ncr_fwm_K12_s3] step  33500  cosine_loss 0.0342  elapsed 1785s
  [ncr_fwm_K12_s3] step  34000  cosine_loss 0.0350  elapsed 1812s
  [ncr_fwm_K12_s3] step  34500  cosine_loss 0.0348  elapsed 1838s
  [ncr_fwm_K12_s3] step  35000  cosine_loss 0.0344  elapsed 1865s
  [ncr_fwm_K12_s3] step  35500  cosine_loss 0.0340  elapsed 1891s
  [ncr_fwm_K12_s3] step  36000  cosine_loss 0.0333  elapsed 1917s
  [ncr_fwm_K12_s3] step  36500  cosine_loss 0.0336  elapsed 1944s
  [ncr_fwm_K12_s3] step  37000  cosine_loss 0.0327  elapsed 1970s
  [ncr_fwm_K12_s3] step  37500  cosine_loss 0.0326  elapsed 1997s
  [ncr_fwm_K12_s3] step  38000  cosine_loss 0.0338  elapsed 2023s
  [ncr_fwm_K12_s3] step  38500  cosine_loss 0.0347  elapsed 2050s
  [ncr_fwm_K12_s3] step  39000  cosine_loss 0.0332  elapsed 2076s
  [ncr_fwm_K12_s3] step  39500  cosine_loss 0.0333  elapsed 2102s
  [ncr_fwm_K12_s3] step  40000  cosine_loss 0.0327  elapsed 2129s
  [ncr_fwm_K12_s3] step  40500  cosine_loss 0.0339  elapsed 2155s
  [ncr_fwm_K12_s3] step  41000  cosine_loss 0.0344  elapsed 2182s
  [ncr_fwm_K12_s3] step  41500  cosine_loss 0.0338  elapsed 2210s
  [ncr_fwm_K12_s3] step  42000  cosine_loss 0.0347  elapsed 2237s
  [ncr_fwm_K12_s3] step  42500  cosine_loss 0.0336  elapsed 2263s
  [ncr_fwm_K12_s3] step  43000  cosine_loss 0.0346  elapsed 2290s
  [ncr_fwm_K12_s3] step  43500  cosine_loss 0.0342  elapsed 2316s
  [ncr_fwm_K12_s3] step  44000  cosine_loss 0.0338  elapsed 2343s
  [ncr_fwm_K12_s3] step  44500  cosine_loss 0.0341  elapsed 2369s
  [ncr_fwm_K12_s3] step  45000  cosine_loss 0.0313  elapsed 2395s
  [ncr_fwm_K12_s3] step  45500  cosine_loss 0.0329  elapsed 2422s
  [ncr_fwm_K12_s3] step  46000  cosine_loss 0.0342  elapsed 2449s
  [ncr_fwm_K12_s3] step  46500  cosine_loss 0.0343  elapsed 2475s
  [ncr_fwm_K12_s3] step  47000  cosine_loss 0.0341  elapsed 2502s
  [ncr_fwm_K12_s3] step  47500  cosine_loss 0.0354  elapsed 2529s
  [ncr_fwm_K12_s3] step  48000  cosine_loss 0.0329  elapsed 2556s
  [ncr_fwm_K12_s3] step  48500  cosine_loss 0.0341  elapsed 2582s
  [ncr_fwm_K12_s3] step  49000  cosine_loss 0.0350  elapsed 2609s
  [ncr_fwm_K12_s3] step  49500  cosine_loss 0.0320  elapsed 2635s
  [ncr_fwm_K12_s3] step  50000  cosine_loss 0.0345  elapsed 2662s
  [ncr_fwm_K12_s3] step  50500  cosine_loss 0.0360  elapsed 2688s
  [ncr_fwm_K12_s3] step  51000  cosine_loss 0.0334  elapsed 2715s
  [ncr_fwm_K12_s3] step  51500  cosine_loss 0.0345  elapsed 2742s
  [ncr_fwm_K12_s3] step  52000  cosine_loss 0.0336  elapsed 2768s
  [ncr_fwm_K12_s3] step  52500  cosine_loss 0.0328  elapsed 2795s
  [ncr_fwm_K12_s3] step  53000  cosine_loss 0.0338  elapsed 2822s
  [ncr_fwm_K12_s3] step  53500  cosine_loss 0.0328  elapsed 2849s
  [ncr_fwm_K12_s3] step  54000  cosine_loss 0.0348  elapsed 2875s
  [ncr_fwm_K12_s3] step  54500  cosine_loss 0.0327  elapsed 2902s
  [ncr_fwm_K12_s3] step  55000  cosine_loss 0.0337  elapsed 2929s
  [ncr_fwm_K12_s3] step  55500  cosine_loss 0.0335  elapsed 2956s
  [ncr_fwm_K12_s3] step  56000  cosine_loss 0.0328  elapsed 2982s
  [ncr_fwm_K12_s3] step  56500  cosine_loss 0.0321  elapsed 3009s
  [ncr_fwm_K12_s3] step  57000  cosine_loss 0.0331  elapsed 3035s
  [ncr_fwm_K12_s3] step  57500  cosine_loss 0.0347  elapsed 3062s
  [ncr_fwm_K12_s3] step  58000  cosine_loss 0.0332  elapsed 3089s
  [ncr_fwm_K12_s3] step  58500  cosine_loss 0.0343  elapsed 3115s
  [ncr_fwm_K12_s3] step  59000  cosine_loss 0.0336  elapsed 3142s
  [ncr_fwm_K12_s3] step  59500  cosine_loss 0.0326  elapsed 3169s
  [ncr_fwm_K12_s3] step  60000  cosine_loss 0.0338  elapsed 3196s
  [ncr_fwm_K12_s3] step  60500  cosine_loss 0.0314  elapsed 3223s
  [ncr_fwm_K12_s3] step  61000  cosine_loss 0.0345  elapsed 3250s
  [ncr_fwm_K12_s3] step  61500  cosine_loss 0.0339  elapsed 3277s
  [ncr_fwm_K12_s3] step  62000  cosine_loss 0.0337  elapsed 3304s
  [ncr_fwm_K12_s3] step  62500  cosine_loss 0.0328  elapsed 3330s
  [ncr_fwm_K12_s3] step  63000  cosine_loss 0.0319  elapsed 3358s
  [ncr_fwm_K12_s3] step  63500  cosine_loss 0.0335  elapsed 3384s
  [ncr_fwm_K12_s3] step  64000  cosine_loss 0.0340  elapsed 3411s
  [ncr_fwm_K12_s3] step  64500  cosine_loss 0.0352  elapsed 3438s
  [ncr_fwm_K12_s3] step  65000  cosine_loss 0.0351  elapsed 3464s
  [ncr_fwm_K12_s3] step  65500  cosine_loss 0.0336  elapsed 3491s
  [ncr_fwm_K12_s3] step  66000  cosine_loss 0.0317  elapsed 3518s
  [ncr_fwm_K12_s3] step  66500  cosine_loss 0.0340  elapsed 3545s
  [ncr_fwm_K12_s3] step  67000  cosine_loss 0.0336  elapsed 3572s
  [ncr_fwm_K12_s3] step  67500  cosine_loss 0.0327  elapsed 3599s
  [ncr_fwm_K12_s3] step  68000  cosine_loss 0.0331  elapsed 3627s
  [ncr_fwm_K12_s3] step  68500  cosine_loss 0.0349  elapsed 3654s
  [ncr_fwm_K12_s3] step  69000  cosine_loss 0.0336  elapsed 3680s
  [ncr_fwm_K12_s3] step  69500  cosine_loss 0.0332  elapsed 3707s
  [ncr_fwm_K12_s3] step  70000  cosine_loss 0.0324  elapsed 3733s
  [ncr_fwm_K12_s3] step  70500  cosine_loss 0.0334  elapsed 3760s
  [ncr_fwm_K12_s3] step  71000  cosine_loss 0.0329  elapsed 3787s
  [ncr_fwm_K12_s3] step  71500  cosine_loss 0.0324  elapsed 3813s
  [ncr_fwm_K12_s3] step  72000  cosine_loss 0.0303  elapsed 3840s
  [ncr_fwm_K12_s3] step  72500  cosine_loss 0.0345  elapsed 3866s
  [ncr_fwm_K12_s3] step  73000  cosine_loss 0.0328  elapsed 3894s
  [ncr_fwm_K12_s3] step  73500  cosine_loss 0.0331  elapsed 3921s
  [ncr_fwm_K12_s3] step  74000  cosine_loss 0.0332  elapsed 3949s
  [ncr_fwm_K12_s3] step  74500  cosine_loss 0.0323  elapsed 3975s
  [ncr_fwm_K12_s3] step  75000  cosine_loss 0.0341  elapsed 4002s
  [ncr_fwm_K12_s3] step  75500  cosine_loss 0.0332  elapsed 4028s
  [ncr_fwm_K12_s3] step  76000  cosine_loss 0.0346  elapsed 4055s
  [ncr_fwm_K12_s3] step  76500  cosine_loss 0.0341  elapsed 4082s
  [ncr_fwm_K12_s3] step  77000  cosine_loss 0.0326  elapsed 4109s
  [ncr_fwm_K12_s3] step  77500  cosine_loss 0.0334  elapsed 4136s
  [ncr_fwm_K12_s3] step  78000  cosine_loss 0.0326  elapsed 4164s
  [ncr_fwm_K12_s3] step  78500  cosine_loss 0.0331  elapsed 4190s
  [ncr_fwm_K12_s3] step  79000  cosine_loss 0.0326  elapsed 4217s
  [ncr_fwm_K12_s3] step  79500  cosine_loss 0.0326  elapsed 4243s
  [ncr_fwm_K12_s3] step  80000  cosine_loss 0.0345  elapsed 4270s
  [ncr_fwm_K12_s3] COMPLETED in 4279s -> /home/nvidia/ncr/results_phase2/ncr_fwm_K12_s3.json
