fatal: not a git repository (or any of the parent directories): .git
  [ncr_ncr_K12_s1] step      1  cosine_loss 1.0033  elapsed 1s
  [ncr_ncr_K12_s1] step    500  cosine_loss 0.9983  elapsed 27s
  [ncr_ncr_K12_s1] step   1000  cosine_loss 0.9960  elapsed 53s
  [ncr_ncr_K12_s1] step   1500  cosine_loss 0.9985  elapsed 79s
  [ncr_ncr_K12_s1] step   2000  cosine_loss 1.0136  elapsed 105s
  [ncr_ncr_K12_s1] step   2500  cosine_loss 1.0004  elapsed 130s
  [ncr_ncr_K12_s1] step   3000  cosine_loss 0.9988  elapsed 156s
  [ncr_ncr_K12_s1] step   3500  cosine_loss 1.0007  elapsed 181s
  [ncr_ncr_K12_s1] step   4000  cosine_loss 0.9975  elapsed 207s
  [ncr_ncr_K12_s1] step   4500  cosine_loss 1.0038  elapsed 232s
  [ncr_ncr_K12_s1] step   5000  cosine_loss 1.0142  elapsed 258s
  [ncr_ncr_K12_s1] step   5500  cosine_loss 0.9954  elapsed 284s
  [ncr_ncr_K12_s1] step   6000  cosine_loss 0.9995  elapsed 310s
  [ncr_ncr_K12_s1] step   6500  cosine_loss 1.0009  elapsed 335s
  [ncr_ncr_K12_s1] step   7000  cosine_loss 1.0033  elapsed 361s
  [ncr_ncr_K12_s1] step   7500  cosine_loss 1.0064  elapsed 387s
  [ncr_ncr_K12_s1] step   8000  cosine_loss 0.9935  elapsed 412s
  [ncr_ncr_K12_s1] step   8500  cosine_loss 1.0040  elapsed 438s
  [ncr_ncr_K12_s1] step   9000  cosine_loss 0.9924  elapsed 463s
  [ncr_ncr_K12_s1] step   9500  cosine_loss 0.9953  elapsed 488s
  [ncr_ncr_K12_s1] step  10000  cosine_loss 1.0115  elapsed 514s
  [ncr_ncr_K12_s1] step  10500  cosine_loss 1.0033  elapsed 539s
  [ncr_ncr_K12_s1] step  11000  cosine_loss 0.9942  elapsed 565s
  [ncr_ncr_K12_s1] step  11500  cosine_loss 1.0033  elapsed 591s
  [ncr_ncr_K12_s1] step  12000  cosine_loss 0.9910  elapsed 616s
  [ncr_ncr_K12_s1] step  12500  cosine_loss 1.0052  elapsed 642s
  [ncr_ncr_K12_s1] step  13000  cosine_loss 0.9949  elapsed 668s
  [ncr_ncr_K12_s1] step  13500  cosine_loss 0.9995  elapsed 694s
  [ncr_ncr_K12_s1] step  14000  cosine_loss 0.9980  elapsed 719s
  [ncr_ncr_K12_s1] step  14500  cosine_loss 0.9940  elapsed 745s
  [ncr_ncr_K12_s1] step  15000  cosine_loss 1.0053  elapsed 771s
  [ncr_ncr_K12_s1] step  15500  cosine_loss 1.0056  elapsed 796s
  [ncr_ncr_K12_s1] step  16000  cosine_loss 1.0110  elapsed 822s
  [ncr_ncr_K12_s1] step  16500  cosine_loss 1.0046  elapsed 847s
  [ncr_ncr_K12_s1] step  17000  cosine_loss 0.9893  elapsed 873s
  [ncr_ncr_K12_s1] step  17500  cosine_loss 0.9985  elapsed 899s
  [ncr_ncr_K12_s1] step  18000  cosine_loss 1.0039  elapsed 924s
  [ncr_ncr_K12_s1] step  18500  cosine_loss 1.0066  elapsed 950s
  [ncr_ncr_K12_s1] step  19000  cosine_loss 1.0008  elapsed 975s
  [ncr_ncr_K12_s1] step  19500  cosine_loss 1.0053  elapsed 1001s
  [ncr_ncr_K12_s1] step  20000  cosine_loss 0.9920  elapsed 1027s
  [ncr_ncr_K12_s1] step  20500  cosine_loss 0.9967  elapsed 1052s
  [ncr_ncr_K12_s1] step  21000  cosine_loss 1.0078  elapsed 1077s
  [ncr_ncr_K12_s1] step  21500  cosine_loss 1.0004  elapsed 1103s
  [ncr_ncr_K12_s1] step  22000  cosine_loss 0.9929  elapsed 1128s
  [ncr_ncr_K12_s1] step  22500  cosine_loss 1.0062  elapsed 1154s
  [ncr_ncr_K12_s1] step  23000  cosine_loss 0.9993  elapsed 1179s
  [ncr_ncr_K12_s1] step  23500  cosine_loss 0.9938  elapsed 1205s
  [ncr_ncr_K12_s1] step  24000  cosine_loss 1.0031  elapsed 1231s
  [ncr_ncr_K12_s1] step  24500  cosine_loss 0.9979  elapsed 1256s
  [ncr_ncr_K12_s1] step  25000  cosine_loss 1.0085  elapsed 1282s
  [ncr_ncr_K12_s1] step  25500  cosine_loss 1.0097  elapsed 1308s
  [ncr_ncr_K12_s1] step  26000  cosine_loss 0.9994  elapsed 1334s
  [ncr_ncr_K12_s1] step  26500  cosine_loss 1.0061  elapsed 1359s
  [ncr_ncr_K12_s1] step  27000  cosine_loss 0.9991  elapsed 1384s
  [ncr_ncr_K12_s1] step  27500  cosine_loss 0.9994  elapsed 1410s
  [ncr_ncr_K12_s1] step  28000  cosine_loss 0.9917  elapsed 1435s
  [ncr_ncr_K12_s1] step  28500  cosine_loss 0.9989  elapsed 1461s
  [ncr_ncr_K12_s1] step  29000  cosine_loss 0.9949  elapsed 1487s
  [ncr_ncr_K12_s1] step  29500  cosine_loss 1.0025  elapsed 1513s
  [ncr_ncr_K12_s1] step  30000  cosine_loss 0.9994  elapsed 1538s
  [ncr_ncr_K12_s1] step  30500  cosine_loss 0.9851  elapsed 1564s
  [ncr_ncr_K12_s1] step  31000  cosine_loss 0.9890  elapsed 1590s
  [ncr_ncr_K12_s1] step  31500  cosine_loss 1.0133  elapsed 1615s
  [ncr_ncr_K12_s1] step  32000  cosine_loss 1.0032  elapsed 1641s
  [ncr_ncr_K12_s1] step  32500  cosine_loss 1.0057  elapsed 1667s
  [ncr_ncr_K12_s1] step  33000  cosine_loss 0.9949  elapsed 1692s
  [ncr_ncr_K12_s1] step  33500  cosine_loss 0.9969  elapsed 1717s
  [ncr_ncr_K12_s1] step  34000  cosine_loss 0.9920  elapsed 1743s
  [ncr_ncr_K12_s1] step  34500  cosine_loss 0.9990  elapsed 1768s
  [ncr_ncr_K12_s1] step  35000  cosine_loss 0.9914  elapsed 1793s
  [ncr_ncr_K12_s1] step  35500  cosine_loss 1.0003  elapsed 1819s
  [ncr_ncr_K12_s1] step  36000  cosine_loss 0.9955  elapsed 1844s
  [ncr_ncr_K12_s1] step  36500  cosine_loss 0.9883  elapsed 1870s
  [ncr_ncr_K12_s1] step  37000  cosine_loss 0.9893  elapsed 1895s
  [ncr_ncr_K12_s1] step  37500  cosine_loss 0.9838  elapsed 1921s
  [ncr_ncr_K12_s1] step  38000  cosine_loss 0.9986  elapsed 1947s
  [ncr_ncr_K12_s1] step  38500  cosine_loss 0.9866  elapsed 1972s
  [ncr_ncr_K12_s1] step  39000  cosine_loss 0.9867  elapsed 1998s
  [ncr_ncr_K12_s1] step  39500  cosine_loss 0.9945  elapsed 2024s
  [ncr_ncr_K12_s1] step  40000  cosine_loss 0.9831  elapsed 2049s
  [ncr_ncr_K12_s1] step  40500  cosine_loss 0.9835  elapsed 2075s
  [ncr_ncr_K12_s1] step  41000  cosine_loss 0.9793  elapsed 2101s
  [ncr_ncr_K12_s1] step  41500  cosine_loss 0.9841  elapsed 2127s
  [ncr_ncr_K12_s1] step  42000  cosine_loss 0.9833  elapsed 2153s
  [ncr_ncr_K12_s1] step  42500  cosine_loss 0.9802  elapsed 2179s
  [ncr_ncr_K12_s1] step  43000  cosine_loss 0.9821  elapsed 2204s
  [ncr_ncr_K12_s1] step  43500  cosine_loss 0.9669  elapsed 2230s
  [ncr_ncr_K12_s1] step  44000  cosine_loss 0.9757  elapsed 2255s
  [ncr_ncr_K12_s1] step  44500  cosine_loss 0.9650  elapsed 2281s
  [ncr_ncr_K12_s1] step  45000  cosine_loss 0.9684  elapsed 2306s
  [ncr_ncr_K12_s1] step  45500  cosine_loss 0.9552  elapsed 2332s
  [ncr_ncr_K12_s1] step  46000  cosine_loss 0.9556  elapsed 2357s
  [ncr_ncr_K12_s1] step  46500  cosine_loss 0.9321  elapsed 2382s
  [ncr_ncr_K12_s1] step  47000  cosine_loss 0.9304  elapsed 2408s
  [ncr_ncr_K12_s1] step  47500  cosine_loss 0.9216  elapsed 2433s
  [ncr_ncr_K12_s1] step  48000  cosine_loss 0.9178  elapsed 2458s
  [ncr_ncr_K12_s1] step  48500  cosine_loss 0.8863  elapsed 2484s
  [ncr_ncr_K12_s1] step  49000  cosine_loss 0.8610  elapsed 2510s
  [ncr_ncr_K12_s1] step  49500  cosine_loss 0.8384  elapsed 2535s
  [ncr_ncr_K12_s1] step  50000  cosine_loss 0.7946  elapsed 2561s
  [ncr_ncr_K12_s1] step  50500  cosine_loss 0.7419  elapsed 2587s
  [ncr_ncr_K12_s1] step  51000  cosine_loss 0.6666  elapsed 2612s
  [ncr_ncr_K12_s1] step  51500  cosine_loss 0.5988  elapsed 2638s
  [ncr_ncr_K12_s1] step  52000  cosine_loss 0.5250  elapsed 2663s
  [ncr_ncr_K12_s1] step  52500  cosine_loss 0.4651  elapsed 2689s
  [ncr_ncr_K12_s1] step  53000  cosine_loss 0.3812  elapsed 2715s
  [ncr_ncr_K12_s1] step  53500  cosine_loss 0.3200  elapsed 2740s
  [ncr_ncr_K12_s1] step  54000  cosine_loss 0.2520  elapsed 2766s
  [ncr_ncr_K12_s1] step  54500  cosine_loss 0.1912  elapsed 2792s
  [ncr_ncr_K12_s1] step  55000  cosine_loss 0.1464  elapsed 2818s
  [ncr_ncr_K12_s1] step  55500  cosine_loss 0.1050  elapsed 2844s
  [ncr_ncr_K12_s1] step  56000  cosine_loss 0.0459  elapsed 2870s
  [ncr_ncr_K12_s1] step  56500  cosine_loss 0.0326  elapsed 2896s
  [ncr_ncr_K12_s1] step  57000  cosine_loss 0.0217  elapsed 2922s
  [ncr_ncr_K12_s1] step  57500  cosine_loss 0.0172  elapsed 2948s
  [ncr_ncr_K12_s1] step  58000  cosine_loss 0.0101  elapsed 2973s
  [ncr_ncr_K12_s1] step  58500  cosine_loss 0.0066  elapsed 2999s
  [ncr_ncr_K12_s1] step  59000  cosine_loss 0.0075  elapsed 3024s
  [ncr_ncr_K12_s1] step  59500  cosine_loss 0.0037  elapsed 3050s
  [ncr_ncr_K12_s1] step  60000  cosine_loss 0.0037  elapsed 3076s
  [ncr_ncr_K12_s1] step  60500  cosine_loss 0.0026  elapsed 3101s
  [ncr_ncr_K12_s1] step  61000  cosine_loss 0.0020  elapsed 3127s
  [ncr_ncr_K12_s1] step  61500  cosine_loss 0.0019  elapsed 3153s
  [ncr_ncr_K12_s1] step  62000  cosine_loss 0.0017  elapsed 3179s
  [ncr_ncr_K12_s1] step  62500  cosine_loss 0.0020  elapsed 3205s
  [ncr_ncr_K12_s1] step  63000  cosine_loss 0.0015  elapsed 3231s
  [ncr_ncr_K12_s1] step  63500  cosine_loss 0.0009  elapsed 3257s
  [ncr_ncr_K12_s1] step  64000  cosine_loss 0.0009  elapsed 3282s
  [ncr_ncr_K12_s1] step  64500  cosine_loss 0.0012  elapsed 3308s
  [ncr_ncr_K12_s1] step  65000  cosine_loss 0.0008  elapsed 3333s
  [ncr_ncr_K12_s1] step  65500  cosine_loss 0.0010  elapsed 3359s
  [ncr_ncr_K12_s1] step  66000  cosine_loss 0.0011  elapsed 3384s
  [ncr_ncr_K12_s1] step  66500  cosine_loss 0.0005  elapsed 3410s
  [ncr_ncr_K12_s1] step  67000  cosine_loss 0.0006  elapsed 3435s
  [ncr_ncr_K12_s1] step  67500  cosine_loss 0.0004  elapsed 3461s
  [ncr_ncr_K12_s1] step  68000  cosine_loss 0.0004  elapsed 3486s
  [ncr_ncr_K12_s1] step  68500  cosine_loss 0.0004  elapsed 3512s
  [ncr_ncr_K12_s1] step  69000  cosine_loss 0.0005  elapsed 3538s
  [ncr_ncr_K12_s1] step  69500  cosine_loss 0.0007  elapsed 3564s
  [ncr_ncr_K12_s1] step  70000  cosine_loss 0.0005  elapsed 3589s
  [ncr_ncr_K12_s1] step  70500  cosine_loss 0.0003  elapsed 3615s
  [ncr_ncr_K12_s1] step  71000  cosine_loss 0.0011  elapsed 3640s
  [ncr_ncr_K12_s1] step  71500  cosine_loss 0.0002  elapsed 3665s
  [ncr_ncr_K12_s1] step  72000  cosine_loss 0.0003  elapsed 3691s
  [ncr_ncr_K12_s1] step  72500  cosine_loss 0.0003  elapsed 3717s
  [ncr_ncr_K12_s1] step  73000  cosine_loss 0.0002  elapsed 3742s
  [ncr_ncr_K12_s1] step  73500  cosine_loss 0.0002  elapsed 3768s
  [ncr_ncr_K12_s1] step  74000  cosine_loss 0.0002  elapsed 3793s
  [ncr_ncr_K12_s1] step  74500  cosine_loss 0.0002  elapsed 3819s
  [ncr_ncr_K12_s1] step  75000  cosine_loss 0.0111  elapsed 3844s
  [ncr_ncr_K12_s1] step  75500  cosine_loss 0.0001  elapsed 3870s
  [ncr_ncr_K12_s1] step  76000  cosine_loss 0.0001  elapsed 3896s
  [ncr_ncr_K12_s1] step  76500  cosine_loss 0.0002  elapsed 3921s
  [ncr_ncr_K12_s1] step  77000  cosine_loss 0.0002  elapsed 3946s
  [ncr_ncr_K12_s1] step  77500  cosine_loss 0.0002  elapsed 3972s
  [ncr_ncr_K12_s1] step  78000  cosine_loss 0.0002  elapsed 3998s
  [ncr_ncr_K12_s1] step  78500  cosine_loss 0.0001  elapsed 4023s
  [ncr_ncr_K12_s1] step  79000  cosine_loss 0.0002  elapsed 4049s
  [ncr_ncr_K12_s1] step  79500  cosine_loss 0.0001  elapsed 4074s
  [ncr_ncr_K12_s1] step  80000  cosine_loss 0.0001  elapsed 4100s
  [ncr_ncr_K12_s1] COMPLETED in 4112s -> /home/nvidia/ncr/results_phase2/ncr_ncr_K12_s1.json
