fatal: not a git repository (or any of the parent directories): .git
  [ncr_loopedvec_K12_s4] step      1  cosine_loss 1.0074  elapsed 1s
  [ncr_loopedvec_K12_s4] step    500  cosine_loss 0.7019  elapsed 27s
  [ncr_loopedvec_K12_s4] step   1000  cosine_loss 0.5686  elapsed 53s
  [ncr_loopedvec_K12_s4] step   1500  cosine_loss 0.4393  elapsed 79s
  [ncr_loopedvec_K12_s4] step   2000  cosine_loss 0.4287  elapsed 105s
  [ncr_loopedvec_K12_s4] step   2500  cosine_loss 0.4292  elapsed 132s
  [ncr_loopedvec_K12_s4] step   3000  cosine_loss 0.4275  elapsed 159s
  [ncr_loopedvec_K12_s4] step   3500  cosine_loss 0.4289  elapsed 187s
  [ncr_loopedvec_K12_s4] step   4000  cosine_loss 0.4240  elapsed 214s
  [ncr_loopedvec_K12_s4] step   4500  cosine_loss 0.4250  elapsed 240s
  [ncr_loopedvec_K12_s4] step   5000  cosine_loss 0.4251  elapsed 265s
  [ncr_loopedvec_K12_s4] step   5500  cosine_loss 0.4240  elapsed 291s
  [ncr_loopedvec_K12_s4] step   6000  cosine_loss 0.4228  elapsed 318s
  [ncr_loopedvec_K12_s4] step   6500  cosine_loss 0.4240  elapsed 344s
  [ncr_loopedvec_K12_s4] step   7000  cosine_loss 0.4215  elapsed 370s
  [ncr_loopedvec_K12_s4] step   7500  cosine_loss 0.4237  elapsed 396s
  [ncr_loopedvec_K12_s4] step   8000  cosine_loss 0.4230  elapsed 422s
  [ncr_loopedvec_K12_s4] step   8500  cosine_loss 0.4241  elapsed 447s
  [ncr_loopedvec_K12_s4] step   9000  cosine_loss 0.4237  elapsed 473s
  [ncr_loopedvec_K12_s4] step   9500  cosine_loss 0.4207  elapsed 499s
  [ncr_loopedvec_K12_s4] step  10000  cosine_loss 0.4177  elapsed 525s
  [ncr_loopedvec_K12_s4] step  10500  cosine_loss 0.4153  elapsed 551s
  [ncr_loopedvec_K12_s4] step  11000  cosine_loss 0.4088  elapsed 576s
  [ncr_loopedvec_K12_s4] step  11500  cosine_loss 0.4075  elapsed 602s
  [ncr_loopedvec_K12_s4] step  12000  cosine_loss 0.4053  elapsed 628s
  [ncr_loopedvec_K12_s4] step  12500  cosine_loss 0.4008  elapsed 654s
  [ncr_loopedvec_K12_s4] step  13000  cosine_loss 0.4012  elapsed 680s
  [ncr_loopedvec_K12_s4] step  13500  cosine_loss 0.4038  elapsed 706s
  [ncr_loopedvec_K12_s4] step  14000  cosine_loss 0.3981  elapsed 732s
  [ncr_loopedvec_K12_s4] step  14500  cosine_loss 0.3980  elapsed 758s
  [ncr_loopedvec_K12_s4] step  15000  cosine_loss 0.3965  elapsed 783s
  [ncr_loopedvec_K12_s4] step  15500  cosine_loss 0.4006  elapsed 809s
  [ncr_loopedvec_K12_s4] step  16000  cosine_loss 0.3935  elapsed 835s
  [ncr_loopedvec_K12_s4] step  16500  cosine_loss 0.3936  elapsed 862s
  [ncr_loopedvec_K12_s4] step  17000  cosine_loss 0.3900  elapsed 889s
  [ncr_loopedvec_K12_s4] step  17500  cosine_loss 0.3904  elapsed 915s
  [ncr_loopedvec_K12_s4] step  18000  cosine_loss 0.3900  elapsed 941s
  [ncr_loopedvec_K12_s4] step  18500  cosine_loss 0.3897  elapsed 967s
  [ncr_loopedvec_K12_s4] step  19000  cosine_loss 0.3895  elapsed 993s
  [ncr_loopedvec_K12_s4] step  19500  cosine_loss 0.3914  elapsed 1019s
  [ncr_loopedvec_K12_s4] step  20000  cosine_loss 0.3932  elapsed 1045s
  [ncr_loopedvec_K12_s4] step  20500  cosine_loss 0.3848  elapsed 1072s
  [ncr_loopedvec_K12_s4] step  21000  cosine_loss 0.3853  elapsed 1099s
  [ncr_loopedvec_K12_s4] step  21500  cosine_loss 0.3868  elapsed 1124s
  [ncr_loopedvec_K12_s4] step  22000  cosine_loss 0.3866  elapsed 1150s
  [ncr_loopedvec_K12_s4] step  22500  cosine_loss 0.3831  elapsed 1176s
  [ncr_loopedvec_K12_s4] step  23000  cosine_loss 0.3836  elapsed 1202s
  [ncr_loopedvec_K12_s4] step  23500  cosine_loss 0.3850  elapsed 1228s
  [ncr_loopedvec_K12_s4] step  24000  cosine_loss 0.3876  elapsed 1253s
  [ncr_loopedvec_K12_s4] step  24500  cosine_loss 0.3799  elapsed 1279s
  [ncr_loopedvec_K12_s4] step  25000  cosine_loss 0.3795  elapsed 1305s
  [ncr_loopedvec_K12_s4] step  25500  cosine_loss 0.3848  elapsed 1331s
  [ncr_loopedvec_K12_s4] step  26000  cosine_loss 0.3836  elapsed 1357s
  [ncr_loopedvec_K12_s4] step  26500  cosine_loss 0.3818  elapsed 1384s
  [ncr_loopedvec_K12_s4] step  27000  cosine_loss 0.3803  elapsed 1411s
  [ncr_loopedvec_K12_s4] step  27500  cosine_loss 0.3801  elapsed 1439s
  [ncr_loopedvec_K12_s4] step  28000  cosine_loss 0.3809  elapsed 1466s
  [ncr_loopedvec_K12_s4] step  28500  cosine_loss 0.3831  elapsed 1492s
  [ncr_loopedvec_K12_s4] step  29000  cosine_loss 0.3802  elapsed 1517s
  [ncr_loopedvec_K12_s4] step  29500  cosine_loss 0.3780  elapsed 1543s
  [ncr_loopedvec_K12_s4] step  30000  cosine_loss 0.3787  elapsed 1569s
  [ncr_loopedvec_K12_s4] step  30500  cosine_loss 0.3841  elapsed 1595s
  [ncr_loopedvec_K12_s4] step  31000  cosine_loss 0.3761  elapsed 1621s
  [ncr_loopedvec_K12_s4] step  31500  cosine_loss 0.3745  elapsed 1647s
  [ncr_loopedvec_K12_s4] step  32000  cosine_loss 0.3821  elapsed 1673s
  [ncr_loopedvec_K12_s4] step  32500  cosine_loss 0.3765  elapsed 1699s
  [ncr_loopedvec_K12_s4] step  33000  cosine_loss 0.3738  elapsed 1724s
  [ncr_loopedvec_K12_s4] step  33500  cosine_loss 0.3723  elapsed 1750s
  [ncr_loopedvec_K12_s4] step  34000  cosine_loss 0.3765  elapsed 1776s
  [ncr_loopedvec_K12_s4] step  34500  cosine_loss 0.3759  elapsed 1802s
  [ncr_loopedvec_K12_s4] step  35000  cosine_loss 0.3710  elapsed 1828s
  [ncr_loopedvec_K12_s4] step  35500  cosine_loss 0.3746  elapsed 1854s
  [ncr_loopedvec_K12_s4] step  36000  cosine_loss 0.3704  elapsed 1879s
  [ncr_loopedvec_K12_s4] step  36500  cosine_loss 0.3703  elapsed 1905s
  [ncr_loopedvec_K12_s4] step  37000  cosine_loss 0.3708  elapsed 1931s
  [ncr_loopedvec_K12_s4] step  37500  cosine_loss 0.3753  elapsed 1957s
  [ncr_loopedvec_K12_s4] step  38000  cosine_loss 0.3724  elapsed 1983s
  [ncr_loopedvec_K12_s4] step  38500  cosine_loss 0.3691  elapsed 2010s
  [ncr_loopedvec_K12_s4] step  39000  cosine_loss 0.3720  elapsed 2037s
  [ncr_loopedvec_K12_s4] step  39500  cosine_loss 0.3731  elapsed 2065s
  [ncr_loopedvec_K12_s4] step  40000  cosine_loss 0.3739  elapsed 2092s
  [ncr_loopedvec_K12_s4] step  40500  cosine_loss 0.3672  elapsed 2117s
  [ncr_loopedvec_K12_s4] step  41000  cosine_loss 0.3708  elapsed 2143s
  [ncr_loopedvec_K12_s4] step  41500  cosine_loss 0.3675  elapsed 2169s
  [ncr_loopedvec_K12_s4] step  42000  cosine_loss 0.3672  elapsed 2195s
  [ncr_loopedvec_K12_s4] step  42500  cosine_loss 0.3685  elapsed 2221s
  [ncr_loopedvec_K12_s4] step  43000  cosine_loss 0.3670  elapsed 2247s
  [ncr_loopedvec_K12_s4] step  43500  cosine_loss 0.3641  elapsed 2273s
  [ncr_loopedvec_K12_s4] step  44000  cosine_loss 0.3645  elapsed 2299s
  [ncr_loopedvec_K12_s4] step  44500  cosine_loss 0.3726  elapsed 2325s
  [ncr_loopedvec_K12_s4] step  45000  cosine_loss 0.3658  elapsed 2350s
  [ncr_loopedvec_K12_s4] step  45500  cosine_loss 0.3654  elapsed 2376s
  [ncr_loopedvec_K12_s4] step  46000  cosine_loss 0.3655  elapsed 2402s
  [ncr_loopedvec_K12_s4] step  46500  cosine_loss 0.3662  elapsed 2428s
  [ncr_loopedvec_K12_s4] step  47000  cosine_loss 0.3655  elapsed 2454s
  [ncr_loopedvec_K12_s4] step  47500  cosine_loss 0.3663  elapsed 2479s
  [ncr_loopedvec_K12_s4] step  48000  cosine_loss 0.3620  elapsed 2506s
  [ncr_loopedvec_K12_s4] step  48500  cosine_loss 0.3635  elapsed 2531s
  [ncr_loopedvec_K12_s4] step  49000  cosine_loss 0.3590  elapsed 2557s
  [ncr_loopedvec_K12_s4] step  49500  cosine_loss 0.3610  elapsed 2583s
  [ncr_loopedvec_K12_s4] step  50000  cosine_loss 0.3653  elapsed 2609s
  [ncr_loopedvec_K12_s4] step  50500  cosine_loss 0.3643  elapsed 2635s
  [ncr_loopedvec_K12_s4] step  51000  cosine_loss 0.3621  elapsed 2661s
  [ncr_loopedvec_K12_s4] step  51500  cosine_loss 0.3584  elapsed 2687s
  [ncr_loopedvec_K12_s4] step  52000  cosine_loss 0.3594  elapsed 2713s
  [ncr_loopedvec_K12_s4] step  52500  cosine_loss 0.3553  elapsed 2739s
  [ncr_loopedvec_K12_s4] step  53000  cosine_loss 0.3610  elapsed 2766s
  [ncr_loopedvec_K12_s4] step  53500  cosine_loss 0.3560  elapsed 2792s
  [ncr_loopedvec_K12_s4] step  54000  cosine_loss 0.3577  elapsed 2818s
  [ncr_loopedvec_K12_s4] step  54500  cosine_loss 0.3549  elapsed 2844s
  [ncr_loopedvec_K12_s4] step  55000  cosine_loss 0.3552  elapsed 2871s
  [ncr_loopedvec_K12_s4] step  55500  cosine_loss 0.3516  elapsed 2897s
  [ncr_loopedvec_K12_s4] step  56000  cosine_loss 0.3531  elapsed 2923s
  [ncr_loopedvec_K12_s4] step  56500  cosine_loss 0.3549  elapsed 2949s
  [ncr_loopedvec_K12_s4] step  57000  cosine_loss 0.3558  elapsed 2976s
  [ncr_loopedvec_K12_s4] step  57500  cosine_loss 0.3537  elapsed 3002s
  [ncr_loopedvec_K12_s4] step  58000  cosine_loss 0.3540  elapsed 3028s
  [ncr_loopedvec_K12_s4] step  58500  cosine_loss 0.3512  elapsed 3055s
  [ncr_loopedvec_K12_s4] step  59000  cosine_loss 0.3543  elapsed 3080s
  [ncr_loopedvec_K12_s4] step  59500  cosine_loss 0.3496  elapsed 3107s
  [ncr_loopedvec_K12_s4] step  60000  cosine_loss 0.3523  elapsed 3133s
  [ncr_loopedvec_K12_s4] step  60500  cosine_loss 0.3509  elapsed 3159s
  [ncr_loopedvec_K12_s4] step  61000  cosine_loss 0.3508  elapsed 3185s
  [ncr_loopedvec_K12_s4] step  61500  cosine_loss 0.3463  elapsed 3211s
  [ncr_loopedvec_K12_s4] step  62000  cosine_loss 0.3471  elapsed 3238s
  [ncr_loopedvec_K12_s4] step  62500  cosine_loss 0.3486  elapsed 3265s
  [ncr_loopedvec_K12_s4] step  63000  cosine_loss 0.3518  elapsed 3291s
  [ncr_loopedvec_K12_s4] step  63500  cosine_loss 0.3459  elapsed 3316s
  [ncr_loopedvec_K12_s4] step  64000  cosine_loss 0.3457  elapsed 3342s
  [ncr_loopedvec_K12_s4] step  64500  cosine_loss 0.3440  elapsed 3368s
  [ncr_loopedvec_K12_s4] step  65000  cosine_loss 0.3454  elapsed 3395s
  [ncr_loopedvec_K12_s4] step  65500  cosine_loss 0.3438  elapsed 3420s
  [ncr_loopedvec_K12_s4] step  66000  cosine_loss 0.3417  elapsed 3446s
  [ncr_loopedvec_K12_s4] step  66500  cosine_loss 0.3370  elapsed 3472s
  [ncr_loopedvec_K12_s4] step  67000  cosine_loss 0.3421  elapsed 3499s
  [ncr_loopedvec_K12_s4] step  67500  cosine_loss 0.3364  elapsed 3525s
  [ncr_loopedvec_K12_s4] step  68000  cosine_loss 0.3374  elapsed 3551s
  [ncr_loopedvec_K12_s4] step  68500  cosine_loss 0.3397  elapsed 3577s
  [ncr_loopedvec_K12_s4] step  69000  cosine_loss 0.3419  elapsed 3603s
  [ncr_loopedvec_K12_s4] step  69500  cosine_loss 0.3423  elapsed 3629s
  [ncr_loopedvec_K12_s4] step  70000  cosine_loss 0.3351  elapsed 3655s
  [ncr_loopedvec_K12_s4] step  70500  cosine_loss 0.3329  elapsed 3680s
  [ncr_loopedvec_K12_s4] step  71000  cosine_loss 0.3355  elapsed 3706s
  [ncr_loopedvec_K12_s4] step  71500  cosine_loss 0.3417  elapsed 3732s
  [ncr_loopedvec_K12_s4] step  72000  cosine_loss 0.3349  elapsed 3758s
  [ncr_loopedvec_K12_s4] step  72500  cosine_loss 0.3332  elapsed 3784s
  [ncr_loopedvec_K12_s4] step  73000  cosine_loss 0.3381  elapsed 3810s
  [ncr_loopedvec_K12_s4] step  73500  cosine_loss 0.3367  elapsed 3836s
  [ncr_loopedvec_K12_s4] step  74000  cosine_loss 0.3343  elapsed 3861s
  [ncr_loopedvec_K12_s4] step  74500  cosine_loss 0.3324  elapsed 3887s
  [ncr_loopedvec_K12_s4] step  75000  cosine_loss 0.3363  elapsed 3913s
  [ncr_loopedvec_K12_s4] step  75500  cosine_loss 0.3346  elapsed 3939s
  [ncr_loopedvec_K12_s4] step  76000  cosine_loss 0.3316  elapsed 3965s
  [ncr_loopedvec_K12_s4] step  76500  cosine_loss 0.3321  elapsed 3991s
  [ncr_loopedvec_K12_s4] step  77000  cosine_loss 0.3263  elapsed 4016s
  [ncr_loopedvec_K12_s4] step  77500  cosine_loss 0.3264  elapsed 4042s
  [ncr_loopedvec_K12_s4] step  78000  cosine_loss 0.3248  elapsed 4068s
  [ncr_loopedvec_K12_s4] step  78500  cosine_loss 0.3263  elapsed 4094s
  [ncr_loopedvec_K12_s4] step  79000  cosine_loss 0.3207  elapsed 4120s
  [ncr_loopedvec_K12_s4] step  79500  cosine_loss 0.3241  elapsed 4146s
  [ncr_loopedvec_K12_s4] step  80000  cosine_loss 0.3216  elapsed 4171s
  [ncr_loopedvec_K12_s4] COMPLETED in 4182s -> /home/nvidia/ncr/results_phase2/ncr_loopedvec_K12_s4.json
