fatal: not a git repository (or any of the parent directories): .git
  [ncr_fwm_K12_s4] step      1  cosine_loss 0.9941  elapsed 1s
  [ncr_fwm_K12_s4] step    500  cosine_loss 0.5395  elapsed 28s
  [ncr_fwm_K12_s4] step   1000  cosine_loss 0.0655  elapsed 55s
  [ncr_fwm_K12_s4] step   1500  cosine_loss 0.0617  elapsed 82s
  [ncr_fwm_K12_s4] step   2000  cosine_loss 0.0589  elapsed 108s
  [ncr_fwm_K12_s4] step   2500  cosine_loss 0.0528  elapsed 135s
  [ncr_fwm_K12_s4] step   3000  cosine_loss 0.0520  elapsed 161s
  [ncr_fwm_K12_s4] step   3500  cosine_loss 0.0499  elapsed 188s
  [ncr_fwm_K12_s4] step   4000  cosine_loss 0.0507  elapsed 214s
  [ncr_fwm_K12_s4] step   4500  cosine_loss 0.0532  elapsed 241s
  [ncr_fwm_K12_s4] step   5000  cosine_loss 0.0491  elapsed 267s
  [ncr_fwm_K12_s4] step   5500  cosine_loss 0.0468  elapsed 294s
  [ncr_fwm_K12_s4] step   6000  cosine_loss 0.0501  elapsed 320s
  [ncr_fwm_K12_s4] step   6500  cosine_loss 0.0446  elapsed 347s
  [ncr_fwm_K12_s4] step   7000  cosine_loss 0.0483  elapsed 373s
  [ncr_fwm_K12_s4] step   7500  cosine_loss 0.0436  elapsed 400s
  [ncr_fwm_K12_s4] step   8000  cosine_loss 0.0429  elapsed 427s
  [ncr_fwm_K12_s4] step   8500  cosine_loss 0.0408  elapsed 454s
  [ncr_fwm_K12_s4] step   9000  cosine_loss 0.0387  elapsed 481s
  [ncr_fwm_K12_s4] step   9500  cosine_loss 0.0375  elapsed 508s
  [ncr_fwm_K12_s4] step  10000  cosine_loss 0.0374  elapsed 534s
  [ncr_fwm_K12_s4] step  10500  cosine_loss 0.0358  elapsed 562s
  [ncr_fwm_K12_s4] step  11000  cosine_loss 0.0375  elapsed 590s
  [ncr_fwm_K12_s4] step  11500  cosine_loss 0.0351  elapsed 617s
  [ncr_fwm_K12_s4] step  12000  cosine_loss 0.0374  elapsed 644s
  [ncr_fwm_K12_s4] step  12500  cosine_loss 0.0339  elapsed 672s
  [ncr_fwm_K12_s4] step  13000  cosine_loss 0.0348  elapsed 699s
  [ncr_fwm_K12_s4] step  13500  cosine_loss 0.0350  elapsed 725s
  [ncr_fwm_K12_s4] step  14000  cosine_loss 0.0347  elapsed 751s
  [ncr_fwm_K12_s4] step  14500  cosine_loss 0.0350  elapsed 778s
  [ncr_fwm_K12_s4] step  15000  cosine_loss 0.0355  elapsed 805s
  [ncr_fwm_K12_s4] step  15500  cosine_loss 0.0325  elapsed 831s
  [ncr_fwm_K12_s4] step  16000  cosine_loss 0.0357  elapsed 857s
  [ncr_fwm_K12_s4] step  16500  cosine_loss 0.0333  elapsed 884s
  [ncr_fwm_K12_s4] step  17000  cosine_loss 0.0339  elapsed 910s
  [ncr_fwm_K12_s4] step  17500  cosine_loss 0.0347  elapsed 936s
  [ncr_fwm_K12_s4] step  18000  cosine_loss 0.0341  elapsed 963s
  [ncr_fwm_K12_s4] step  18500  cosine_loss 0.0341  elapsed 989s
  [ncr_fwm_K12_s4] step  19000  cosine_loss 0.0349  elapsed 1016s
  [ncr_fwm_K12_s4] step  19500  cosine_loss 0.0348  elapsed 1043s
  [ncr_fwm_K12_s4] step  20000  cosine_loss 0.0335  elapsed 1069s
  [ncr_fwm_K12_s4] step  20500  cosine_loss 0.0349  elapsed 1095s
  [ncr_fwm_K12_s4] step  21000  cosine_loss 0.0340  elapsed 1122s
  [ncr_fwm_K12_s4] step  21500  cosine_loss 0.0337  elapsed 1148s
  [ncr_fwm_K12_s4] step  22000  cosine_loss 0.0345  elapsed 1174s
  [ncr_fwm_K12_s4] step  22500  cosine_loss 0.0349  elapsed 1201s
  [ncr_fwm_K12_s4] step  23000  cosine_loss 0.0334  elapsed 1227s
  [ncr_fwm_K12_s4] step  23500  cosine_loss 0.0340  elapsed 1254s
  [ncr_fwm_K12_s4] step  24000  cosine_loss 0.0347  elapsed 1281s
  [ncr_fwm_K12_s4] step  24500  cosine_loss 0.0346  elapsed 1307s
  [ncr_fwm_K12_s4] step  25000  cosine_loss 0.0335  elapsed 1334s
  [ncr_fwm_K12_s4] step  25500  cosine_loss 0.0347  elapsed 1361s
  [ncr_fwm_K12_s4] step  26000  cosine_loss 0.0346  elapsed 1388s
  [ncr_fwm_K12_s4] step  26500  cosine_loss 0.0347  elapsed 1414s
  [ncr_fwm_K12_s4] step  27000  cosine_loss 0.0335  elapsed 1441s
  [ncr_fwm_K12_s4] step  27500  cosine_loss 0.0329  elapsed 1468s
  [ncr_fwm_K12_s4] step  28000  cosine_loss 0.0328  elapsed 1495s
  [ncr_fwm_K12_s4] step  28500  cosine_loss 0.0319  elapsed 1521s
  [ncr_fwm_K12_s4] step  29000  cosine_loss 0.0347  elapsed 1548s
  [ncr_fwm_K12_s4] step  29500  cosine_loss 0.0343  elapsed 1575s
  [ncr_fwm_K12_s4] step  30000  cosine_loss 0.0332  elapsed 1601s
  [ncr_fwm_K12_s4] step  30500  cosine_loss 0.0352  elapsed 1628s
  [ncr_fwm_K12_s4] step  31000  cosine_loss 0.0330  elapsed 1654s
  [ncr_fwm_K12_s4] step  31500  cosine_loss 0.0338  elapsed 1680s
  [ncr_fwm_K12_s4] step  32000  cosine_loss 0.0331  elapsed 1707s
  [ncr_fwm_K12_s4] step  32500  cosine_loss 0.0345  elapsed 1733s
  [ncr_fwm_K12_s4] step  33000  cosine_loss 0.0351  elapsed 1759s
  [ncr_fwm_K12_s4] step  33500  cosine_loss 0.0337  elapsed 1786s
  [ncr_fwm_K12_s4] step  34000  cosine_loss 0.0328  elapsed 1812s
  [ncr_fwm_K12_s4] step  34500  cosine_loss 0.0342  elapsed 1838s
  [ncr_fwm_K12_s4] step  35000  cosine_loss 0.0326  elapsed 1865s
  [ncr_fwm_K12_s4] step  35500  cosine_loss 0.0328  elapsed 1891s
  [ncr_fwm_K12_s4] step  36000  cosine_loss 0.0345  elapsed 1918s
  [ncr_fwm_K12_s4] step  36500  cosine_loss 0.0346  elapsed 1944s
  [ncr_fwm_K12_s4] step  37000  cosine_loss 0.0339  elapsed 1971s
  [ncr_fwm_K12_s4] step  37500  cosine_loss 0.0337  elapsed 1997s
  [ncr_fwm_K12_s4] step  38000  cosine_loss 0.0352  elapsed 2023s
  [ncr_fwm_K12_s4] step  38500  cosine_loss 0.0346  elapsed 2050s
  [ncr_fwm_K12_s4] step  39000  cosine_loss 0.0338  elapsed 2076s
  [ncr_fwm_K12_s4] step  39500  cosine_loss 0.0354  elapsed 2103s
  [ncr_fwm_K12_s4] step  40000  cosine_loss 0.0330  elapsed 2129s
  [ncr_fwm_K12_s4] step  40500  cosine_loss 0.0337  elapsed 2155s
  [ncr_fwm_K12_s4] step  41000  cosine_loss 0.0360  elapsed 2182s
  [ncr_fwm_K12_s4] step  41500  cosine_loss 0.0346  elapsed 2210s
  [ncr_fwm_K12_s4] step  42000  cosine_loss 0.0334  elapsed 2237s
  [ncr_fwm_K12_s4] step  42500  cosine_loss 0.0324  elapsed 2264s
  [ncr_fwm_K12_s4] step  43000  cosine_loss 0.0326  elapsed 2290s
  [ncr_fwm_K12_s4] step  43500  cosine_loss 0.0315  elapsed 2316s
  [ncr_fwm_K12_s4] step  44000  cosine_loss 0.0333  elapsed 2343s
  [ncr_fwm_K12_s4] step  44500  cosine_loss 0.0351  elapsed 2369s
  [ncr_fwm_K12_s4] step  45000  cosine_loss 0.0329  elapsed 2396s
  [ncr_fwm_K12_s4] step  45500  cosine_loss 0.0345  elapsed 2423s
  [ncr_fwm_K12_s4] step  46000  cosine_loss 0.0326  elapsed 2449s
  [ncr_fwm_K12_s4] step  46500  cosine_loss 0.0346  elapsed 2476s
  [ncr_fwm_K12_s4] step  47000  cosine_loss 0.0334  elapsed 2502s
  [ncr_fwm_K12_s4] step  47500  cosine_loss 0.0343  elapsed 2529s
  [ncr_fwm_K12_s4] step  48000  cosine_loss 0.0331  elapsed 2556s
  [ncr_fwm_K12_s4] step  48500  cosine_loss 0.0354  elapsed 2583s
  [ncr_fwm_K12_s4] step  49000  cosine_loss 0.0343  elapsed 2609s
  [ncr_fwm_K12_s4] step  49500  cosine_loss 0.0322  elapsed 2636s
  [ncr_fwm_K12_s4] step  50000  cosine_loss 0.0346  elapsed 2662s
  [ncr_fwm_K12_s4] step  50500  cosine_loss 0.0336  elapsed 2689s
  [ncr_fwm_K12_s4] step  51000  cosine_loss 0.0343  elapsed 2716s
  [ncr_fwm_K12_s4] step  51500  cosine_loss 0.0337  elapsed 2742s
  [ncr_fwm_K12_s4] step  52000  cosine_loss 0.0347  elapsed 2769s
  [ncr_fwm_K12_s4] step  52500  cosine_loss 0.0347  elapsed 2796s
  [ncr_fwm_K12_s4] step  53000  cosine_loss 0.0332  elapsed 2823s
  [ncr_fwm_K12_s4] step  53500  cosine_loss 0.0344  elapsed 2850s
  [ncr_fwm_K12_s4] step  54000  cosine_loss 0.0334  elapsed 2877s
  [ncr_fwm_K12_s4] step  54500  cosine_loss 0.0337  elapsed 2904s
  [ncr_fwm_K12_s4] step  55000  cosine_loss 0.0343  elapsed 2930s
  [ncr_fwm_K12_s4] step  55500  cosine_loss 0.0329  elapsed 2957s
  [ncr_fwm_K12_s4] step  56000  cosine_loss 0.0351  elapsed 2984s
  [ncr_fwm_K12_s4] step  56500  cosine_loss 0.0340  elapsed 3010s
  [ncr_fwm_K12_s4] step  57000  cosine_loss 0.0331  elapsed 3037s
  [ncr_fwm_K12_s4] step  57500  cosine_loss 0.0332  elapsed 3064s
  [ncr_fwm_K12_s4] step  58000  cosine_loss 0.0324  elapsed 3091s
  [ncr_fwm_K12_s4] step  58500  cosine_loss 0.0341  elapsed 3117s
  [ncr_fwm_K12_s4] step  59000  cosine_loss 0.0345  elapsed 3144s
  [ncr_fwm_K12_s4] step  59500  cosine_loss 0.0325  elapsed 3171s
  [ncr_fwm_K12_s4] step  60000  cosine_loss 0.0332  elapsed 3198s
  [ncr_fwm_K12_s4] step  60500  cosine_loss 0.0321  elapsed 3226s
  [ncr_fwm_K12_s4] step  61000  cosine_loss 0.0354  elapsed 3252s
  [ncr_fwm_K12_s4] step  61500  cosine_loss 0.0339  elapsed 3279s
  [ncr_fwm_K12_s4] step  62000  cosine_loss 0.0329  elapsed 3306s
  [ncr_fwm_K12_s4] step  62500  cosine_loss 0.0351  elapsed 3333s
  [ncr_fwm_K12_s4] step  63000  cosine_loss 0.0329  elapsed 3360s
  [ncr_fwm_K12_s4] step  63500  cosine_loss 0.0329  elapsed 3386s
  [ncr_fwm_K12_s4] step  64000  cosine_loss 0.0337  elapsed 3413s
  [ncr_fwm_K12_s4] step  64500  cosine_loss 0.0329  elapsed 3440s
  [ncr_fwm_K12_s4] step  65000  cosine_loss 0.0335  elapsed 3466s
  [ncr_fwm_K12_s4] step  65500  cosine_loss 0.0331  elapsed 3493s
  [ncr_fwm_K12_s4] step  66000  cosine_loss 0.0319  elapsed 3520s
  [ncr_fwm_K12_s4] step  66500  cosine_loss 0.0338  elapsed 3547s
  [ncr_fwm_K12_s4] step  67000  cosine_loss 0.0325  elapsed 3574s
  [ncr_fwm_K12_s4] step  67500  cosine_loss 0.0341  elapsed 3602s
  [ncr_fwm_K12_s4] step  68000  cosine_loss 0.0326  elapsed 3629s
  [ncr_fwm_K12_s4] step  68500  cosine_loss 0.0331  elapsed 3656s
  [ncr_fwm_K12_s4] step  69000  cosine_loss 0.0336  elapsed 3683s
  [ncr_fwm_K12_s4] step  69500  cosine_loss 0.0336  elapsed 3709s
  [ncr_fwm_K12_s4] step  70000  cosine_loss 0.0329  elapsed 3736s
  [ncr_fwm_K12_s4] step  70500  cosine_loss 0.0342  elapsed 3762s
  [ncr_fwm_K12_s4] step  71000  cosine_loss 0.0340  elapsed 3789s
  [ncr_fwm_K12_s4] step  71500  cosine_loss 0.0343  elapsed 3816s
  [ncr_fwm_K12_s4] step  72000  cosine_loss 0.0350  elapsed 3842s
  [ncr_fwm_K12_s4] step  72500  cosine_loss 0.0335  elapsed 3869s
  [ncr_fwm_K12_s4] step  73000  cosine_loss 0.0326  elapsed 3896s
  [ncr_fwm_K12_s4] step  73500  cosine_loss 0.0333  elapsed 3924s
  [ncr_fwm_K12_s4] step  74000  cosine_loss 0.0339  elapsed 3951s
  [ncr_fwm_K12_s4] step  74500  cosine_loss 0.0322  elapsed 3978s
  [ncr_fwm_K12_s4] step  75000  cosine_loss 0.0338  elapsed 4004s
  [ncr_fwm_K12_s4] step  75500  cosine_loss 0.0333  elapsed 4031s
  [ncr_fwm_K12_s4] step  76000  cosine_loss 0.0325  elapsed 4057s
  [ncr_fwm_K12_s4] step  76500  cosine_loss 0.0334  elapsed 4084s
  [ncr_fwm_K12_s4] step  77000  cosine_loss 0.0337  elapsed 4111s
  [ncr_fwm_K12_s4] step  77500  cosine_loss 0.0349  elapsed 4139s
  [ncr_fwm_K12_s4] step  78000  cosine_loss 0.0334  elapsed 4166s
  [ncr_fwm_K12_s4] step  78500  cosine_loss 0.0326  elapsed 4193s
  [ncr_fwm_K12_s4] step  79000  cosine_loss 0.0331  elapsed 4219s
  [ncr_fwm_K12_s4] step  79500  cosine_loss 0.0335  elapsed 4246s
  [ncr_fwm_K12_s4] step  80000  cosine_loss 0.0331  elapsed 4276s
  [ncr_fwm_K12_s4] COMPLETED in 4283s -> /home/nvidia/ncr/results_phase2/ncr_fwm_K12_s4.json
