fatal: not a git repository (or any of the parent directories): .git
  [ncr_loopedvec_K8_s3] step      1  cosine_loss 1.0129  elapsed 1s
  [ncr_loopedvec_K8_s3] step    500  cosine_loss 0.6376  elapsed 26s
  [ncr_loopedvec_K8_s3] step   1000  cosine_loss 0.5957  elapsed 51s
  [ncr_loopedvec_K8_s3] step   1500  cosine_loss 0.5807  elapsed 76s
  [ncr_loopedvec_K8_s3] step   2000  cosine_loss 0.4425  elapsed 101s
  [ncr_loopedvec_K8_s3] step   2500  cosine_loss 0.4272  elapsed 127s
  [ncr_loopedvec_K8_s3] step   3000  cosine_loss 0.4251  elapsed 152s
  [ncr_loopedvec_K8_s3] step   3500  cosine_loss 0.4291  elapsed 177s
  [ncr_loopedvec_K8_s3] step   4000  cosine_loss 0.4244  elapsed 202s
  [ncr_loopedvec_K8_s3] step   4500  cosine_loss 0.4250  elapsed 227s
  [ncr_loopedvec_K8_s3] step   5000  cosine_loss 0.4256  elapsed 253s
  [ncr_loopedvec_K8_s3] step   5500  cosine_loss 0.4267  elapsed 278s
  [ncr_loopedvec_K8_s3] step   6000  cosine_loss 0.4252  elapsed 303s
  [ncr_loopedvec_K8_s3] step   6500  cosine_loss 0.4237  elapsed 328s
  [ncr_loopedvec_K8_s3] step   7000  cosine_loss 0.4255  elapsed 354s
  [ncr_loopedvec_K8_s3] step   7500  cosine_loss 0.4262  elapsed 379s
  [ncr_loopedvec_K8_s3] step   8000  cosine_loss 0.4201  elapsed 404s
  [ncr_loopedvec_K8_s3] step   8500  cosine_loss 0.4243  elapsed 429s
  [ncr_loopedvec_K8_s3] step   9000  cosine_loss 0.4262  elapsed 454s
  [ncr_loopedvec_K8_s3] step   9500  cosine_loss 0.4288  elapsed 480s
  [ncr_loopedvec_K8_s3] step  10000  cosine_loss 0.4243  elapsed 505s
  [ncr_loopedvec_K8_s3] step  10500  cosine_loss 0.4230  elapsed 530s
  [ncr_loopedvec_K8_s3] step  11000  cosine_loss 0.4268  elapsed 555s
  [ncr_loopedvec_K8_s3] step  11500  cosine_loss 0.4196  elapsed 580s
  [ncr_loopedvec_K8_s3] step  12000  cosine_loss 0.4114  elapsed 605s
  [ncr_loopedvec_K8_s3] step  12500  cosine_loss 0.4087  elapsed 630s
  [ncr_loopedvec_K8_s3] step  13000  cosine_loss 0.4069  elapsed 656s
  [ncr_loopedvec_K8_s3] step  13500  cosine_loss 0.4084  elapsed 681s
  [ncr_loopedvec_K8_s3] step  14000  cosine_loss 0.4079  elapsed 706s
  [ncr_loopedvec_K8_s3] step  14500  cosine_loss 0.4071  elapsed 732s
  [ncr_loopedvec_K8_s3] step  15000  cosine_loss 0.4084  elapsed 757s
  [ncr_loopedvec_K8_s3] step  15500  cosine_loss 0.4046  elapsed 782s
  [ncr_loopedvec_K8_s3] step  16000  cosine_loss 0.4071  elapsed 807s
  [ncr_loopedvec_K8_s3] step  16500  cosine_loss 0.4060  elapsed 833s
  [ncr_loopedvec_K8_s3] step  17000  cosine_loss 0.4073  elapsed 858s
  [ncr_loopedvec_K8_s3] step  17500  cosine_loss 0.4053  elapsed 884s
  [ncr_loopedvec_K8_s3] step  18000  cosine_loss 0.4013  elapsed 909s
  [ncr_loopedvec_K8_s3] step  18500  cosine_loss 0.4023  elapsed 934s
  [ncr_loopedvec_K8_s3] step  19000  cosine_loss 0.4011  elapsed 959s
  [ncr_loopedvec_K8_s3] step  19500  cosine_loss 0.4008  elapsed 984s
  [ncr_loopedvec_K8_s3] step  20000  cosine_loss 0.3990  elapsed 1009s
  [ncr_loopedvec_K8_s3] step  20500  cosine_loss 0.3979  elapsed 1035s
  [ncr_loopedvec_K8_s3] step  21000  cosine_loss 0.3980  elapsed 1060s
  [ncr_loopedvec_K8_s3] step  21500  cosine_loss 0.3944  elapsed 1085s
  [ncr_loopedvec_K8_s3] step  22000  cosine_loss 0.3908  elapsed 1110s
  [ncr_loopedvec_K8_s3] step  22500  cosine_loss 0.3920  elapsed 1136s
  [ncr_loopedvec_K8_s3] step  23000  cosine_loss 0.3913  elapsed 1162s
  [ncr_loopedvec_K8_s3] step  23500  cosine_loss 0.3880  elapsed 1187s
  [ncr_loopedvec_K8_s3] step  24000  cosine_loss 0.3891  elapsed 1212s
  [ncr_loopedvec_K8_s3] step  24500  cosine_loss 0.3920  elapsed 1238s
  [ncr_loopedvec_K8_s3] step  25000  cosine_loss 0.3850  elapsed 1263s
  [ncr_loopedvec_K8_s3] step  25500  cosine_loss 0.3886  elapsed 1288s
  [ncr_loopedvec_K8_s3] step  26000  cosine_loss 0.3885  elapsed 1313s
  [ncr_loopedvec_K8_s3] step  26500  cosine_loss 0.3847  elapsed 1339s
  [ncr_loopedvec_K8_s3] step  27000  cosine_loss 0.3923  elapsed 1364s
  [ncr_loopedvec_K8_s3] step  27500  cosine_loss 0.3847  elapsed 1390s
  [ncr_loopedvec_K8_s3] step  28000  cosine_loss 0.3840  elapsed 1415s
  [ncr_loopedvec_K8_s3] step  28500  cosine_loss 0.3823  elapsed 1440s
  [ncr_loopedvec_K8_s3] step  29000  cosine_loss 0.3791  elapsed 1466s
  [ncr_loopedvec_K8_s3] step  29500  cosine_loss 0.3847  elapsed 1492s
  [ncr_loopedvec_K8_s3] step  30000  cosine_loss 0.3845  elapsed 1518s
  [ncr_loopedvec_K8_s3] step  30500  cosine_loss 0.3865  elapsed 1543s
  [ncr_loopedvec_K8_s3] step  31000  cosine_loss 0.3794  elapsed 1568s
  [ncr_loopedvec_K8_s3] step  31500  cosine_loss 0.3831  elapsed 1593s
  [ncr_loopedvec_K8_s3] step  32000  cosine_loss 0.3816  elapsed 1618s
  [ncr_loopedvec_K8_s3] step  32500  cosine_loss 0.3786  elapsed 1644s
  [ncr_loopedvec_K8_s3] step  33000  cosine_loss 0.3801  elapsed 1669s
  [ncr_loopedvec_K8_s3] step  33500  cosine_loss 0.3841  elapsed 1694s
  [ncr_loopedvec_K8_s3] step  34000  cosine_loss 0.3836  elapsed 1719s
  [ncr_loopedvec_K8_s3] step  34500  cosine_loss 0.3836  elapsed 1744s
  [ncr_loopedvec_K8_s3] step  35000  cosine_loss 0.3829  elapsed 1770s
  [ncr_loopedvec_K8_s3] step  35500  cosine_loss 0.3840  elapsed 1795s
  [ncr_loopedvec_K8_s3] step  36000  cosine_loss 0.3841  elapsed 1820s
  [ncr_loopedvec_K8_s3] step  36500  cosine_loss 0.3824  elapsed 1845s
  [ncr_loopedvec_K8_s3] step  37000  cosine_loss 0.3848  elapsed 1871s
  [ncr_loopedvec_K8_s3] step  37500  cosine_loss 0.3815  elapsed 1896s
  [ncr_loopedvec_K8_s3] step  38000  cosine_loss 0.3869  elapsed 1922s
  [ncr_loopedvec_K8_s3] step  38500  cosine_loss 0.3779  elapsed 1947s
  [ncr_loopedvec_K8_s3] step  39000  cosine_loss 0.3829  elapsed 1973s
  [ncr_loopedvec_K8_s3] step  39500  cosine_loss 0.3845  elapsed 1998s
  [ncr_loopedvec_K8_s3] step  40000  cosine_loss 0.3844  elapsed 2023s
  [ncr_loopedvec_K8_s3] step  40500  cosine_loss 0.3840  elapsed 2048s
  [ncr_loopedvec_K8_s3] step  41000  cosine_loss 0.3836  elapsed 2074s
  [ncr_loopedvec_K8_s3] step  41500  cosine_loss 0.3809  elapsed 2100s
  [ncr_loopedvec_K8_s3] step  42000  cosine_loss 0.3840  elapsed 2125s
  [ncr_loopedvec_K8_s3] step  42500  cosine_loss 0.3816  elapsed 2150s
  [ncr_loopedvec_K8_s3] step  43000  cosine_loss 0.3779  elapsed 2175s
  [ncr_loopedvec_K8_s3] step  43500  cosine_loss 0.3824  elapsed 2200s
  [ncr_loopedvec_K8_s3] step  44000  cosine_loss 0.3788  elapsed 2226s
  [ncr_loopedvec_K8_s3] step  44500  cosine_loss 0.3819  elapsed 2251s
  [ncr_loopedvec_K8_s3] step  45000  cosine_loss 0.3819  elapsed 2276s
  [ncr_loopedvec_K8_s3] step  45500  cosine_loss 0.3815  elapsed 2301s
  [ncr_loopedvec_K8_s3] step  46000  cosine_loss 0.3754  elapsed 2326s
  [ncr_loopedvec_K8_s3] step  46500  cosine_loss 0.3806  elapsed 2351s
  [ncr_loopedvec_K8_s3] step  47000  cosine_loss 0.3776  elapsed 2377s
  [ncr_loopedvec_K8_s3] step  47500  cosine_loss 0.3819  elapsed 2402s
  [ncr_loopedvec_K8_s3] step  48000  cosine_loss 0.3762  elapsed 2427s
  [ncr_loopedvec_K8_s3] step  48500  cosine_loss 0.3777  elapsed 2452s
  [ncr_loopedvec_K8_s3] step  49000  cosine_loss 0.3818  elapsed 2477s
  [ncr_loopedvec_K8_s3] step  49500  cosine_loss 0.3800  elapsed 2502s
  [ncr_loopedvec_K8_s3] step  50000  cosine_loss 0.3808  elapsed 2528s
  [ncr_loopedvec_K8_s3] step  50500  cosine_loss 0.3811  elapsed 2553s
  [ncr_loopedvec_K8_s3] step  51000  cosine_loss 0.3835  elapsed 2578s
  [ncr_loopedvec_K8_s3] step  51500  cosine_loss 0.3796  elapsed 2603s
  [ncr_loopedvec_K8_s3] step  52000  cosine_loss 0.3797  elapsed 2628s
  [ncr_loopedvec_K8_s3] step  52500  cosine_loss 0.3788  elapsed 2653s
  [ncr_loopedvec_K8_s3] step  53000  cosine_loss 0.3796  elapsed 2678s
  [ncr_loopedvec_K8_s3] step  53500  cosine_loss 0.3775  elapsed 2704s
  [ncr_loopedvec_K8_s3] step  54000  cosine_loss 0.3814  elapsed 2729s
  [ncr_loopedvec_K8_s3] step  54500  cosine_loss 0.3756  elapsed 2754s
  [ncr_loopedvec_K8_s3] step  55000  cosine_loss 0.3805  elapsed 2780s
  [ncr_loopedvec_K8_s3] step  55500  cosine_loss 0.3819  elapsed 2805s
  [ncr_loopedvec_K8_s3] step  56000  cosine_loss 0.3824  elapsed 2830s
  [ncr_loopedvec_K8_s3] step  56500  cosine_loss 0.3744  elapsed 2855s
  [ncr_loopedvec_K8_s3] step  57000  cosine_loss 0.3794  elapsed 2880s
  [ncr_loopedvec_K8_s3] step  57500  cosine_loss 0.3793  elapsed 2905s
  [ncr_loopedvec_K8_s3] step  58000  cosine_loss 0.3813  elapsed 2931s
  [ncr_loopedvec_K8_s3] step  58500  cosine_loss 0.3777  elapsed 2956s
  [ncr_loopedvec_K8_s3] step  59000  cosine_loss 0.3794  elapsed 2981s
  [ncr_loopedvec_K8_s3] step  59500  cosine_loss 0.3796  elapsed 3006s
  [ncr_loopedvec_K8_s3] step  60000  cosine_loss 0.3746  elapsed 3031s
  [ncr_loopedvec_K8_s3] step  60500  cosine_loss 0.3818  elapsed 3056s
  [ncr_loopedvec_K8_s3] step  61000  cosine_loss 0.3767  elapsed 3081s
  [ncr_loopedvec_K8_s3] step  61500  cosine_loss 0.3783  elapsed 3106s
  [ncr_loopedvec_K8_s3] step  62000  cosine_loss 0.3781  elapsed 3132s
  [ncr_loopedvec_K8_s3] step  62500  cosine_loss 0.3778  elapsed 3157s
  [ncr_loopedvec_K8_s3] step  63000  cosine_loss 0.3798  elapsed 3182s
  [ncr_loopedvec_K8_s3] step  63500  cosine_loss 0.3760  elapsed 3207s
  [ncr_loopedvec_K8_s3] step  64000  cosine_loss 0.3784  elapsed 3232s
  [ncr_loopedvec_K8_s3] step  64500  cosine_loss 0.3769  elapsed 3258s
  [ncr_loopedvec_K8_s3] step  65000  cosine_loss 0.3767  elapsed 3283s
  [ncr_loopedvec_K8_s3] step  65500  cosine_loss 0.3773  elapsed 3308s
  [ncr_loopedvec_K8_s3] step  66000  cosine_loss 0.3713  elapsed 3333s
  [ncr_loopedvec_K8_s3] step  66500  cosine_loss 0.3779  elapsed 3358s
  [ncr_loopedvec_K8_s3] step  67000  cosine_loss 0.3806  elapsed 3383s
  [ncr_loopedvec_K8_s3] step  67500  cosine_loss 0.3730  elapsed 3408s
  [ncr_loopedvec_K8_s3] step  68000  cosine_loss 0.3744  elapsed 3434s
  [ncr_loopedvec_K8_s3] step  68500  cosine_loss 0.3754  elapsed 3459s
  [ncr_loopedvec_K8_s3] step  69000  cosine_loss 0.3734  elapsed 3485s
  [ncr_loopedvec_K8_s3] step  69500  cosine_loss 0.3739  elapsed 3510s
  [ncr_loopedvec_K8_s3] step  70000  cosine_loss 0.3706  elapsed 3535s
  [ncr_loopedvec_K8_s3] step  70500  cosine_loss 0.3742  elapsed 3561s
  [ncr_loopedvec_K8_s3] step  71000  cosine_loss 0.3779  elapsed 3587s
  [ncr_loopedvec_K8_s3] step  71500  cosine_loss 0.3821  elapsed 3613s
  [ncr_loopedvec_K8_s3] step  72000  cosine_loss 0.3757  elapsed 3638s
  [ncr_loopedvec_K8_s3] step  72500  cosine_loss 0.3721  elapsed 3664s
  [ncr_loopedvec_K8_s3] step  73000  cosine_loss 0.3774  elapsed 3689s
  [ncr_loopedvec_K8_s3] step  73500  cosine_loss 0.3762  elapsed 3714s
  [ncr_loopedvec_K8_s3] step  74000  cosine_loss 0.3755  elapsed 3739s
  [ncr_loopedvec_K8_s3] step  74500  cosine_loss 0.3788  elapsed 3764s
  [ncr_loopedvec_K8_s3] step  75000  cosine_loss 0.3792  elapsed 3790s
  [ncr_loopedvec_K8_s3] step  75500  cosine_loss 0.3746  elapsed 3815s
  [ncr_loopedvec_K8_s3] step  76000  cosine_loss 0.3763  elapsed 3840s
  [ncr_loopedvec_K8_s3] step  76500  cosine_loss 0.3809  elapsed 3865s
  [ncr_loopedvec_K8_s3] step  77000  cosine_loss 0.3735  elapsed 3890s
  [ncr_loopedvec_K8_s3] step  77500  cosine_loss 0.3772  elapsed 3915s
  [ncr_loopedvec_K8_s3] step  78000  cosine_loss 0.3740  elapsed 3941s
  [ncr_loopedvec_K8_s3] step  78500  cosine_loss 0.3734  elapsed 3966s
  [ncr_loopedvec_K8_s3] step  79000  cosine_loss 0.3779  elapsed 3991s
  [ncr_loopedvec_K8_s3] step  79500  cosine_loss 0.3756  elapsed 4018s
  [ncr_loopedvec_K8_s3] step  80000  cosine_loss 0.3732  elapsed 4043s
  [ncr_loopedvec_K8_s3] COMPLETED in 4580s -> /home/nvidia/ncr/results_wave1/ncr_loopedvec_K8_s3.json
  [ncr_loopedvec_K8_s3] already COMPLETED -- skipping (resume-safe)
  [ncr_loopedvec_K8_s3] already COMPLETED -- skipping (resume-safe)
  [ncr_loopedvec_K8_s3] already COMPLETED -- skipping (resume-safe)
  [ncr_loopedvec_K8_s3] already COMPLETED -- skipping (resume-safe)
  [ncr_loopedvec_K8_s3] already COMPLETED -- skipping (resume-safe)
  [ncr_loopedvec_K8_s3] already COMPLETED -- skipping (resume-safe)
  [ncr_loopedvec_K8_s3] already COMPLETED -- skipping (resume-safe)
  [ncr_loopedvec_K8_s3] already COMPLETED -- skipping (resume-safe)
  [ncr_loopedvec_K8_s3] already COMPLETED -- skipping (resume-safe)
  [ncr_loopedvec_K8_s3] already COMPLETED -- skipping (resume-safe)
  [ncr_loopedvec_K8_s3] already COMPLETED -- skipping (resume-safe)
  [ncr_loopedvec_K8_s3] already COMPLETED -- skipping (resume-safe)
  [ncr_loopedvec_K8_s3] already COMPLETED -- skipping (resume-safe)
  [ncr_loopedvec_K8_s3] already COMPLETED -- skipping (resume-safe)
  [ncr_loopedvec_K8_s3] already COMPLETED -- skipping (resume-safe)
  [ncr_loopedvec_K8_s3] already COMPLETED -- skipping (resume-safe)
  [ncr_loopedvec_K8_s3] already COMPLETED -- skipping (resume-safe)
  [ncr_loopedvec_K8_s3] already COMPLETED -- skipping (resume-safe)
  [ncr_loopedvec_K8_s3] already COMPLETED -- skipping (resume-safe)
  [ncr_loopedvec_K8_s3] already COMPLETED -- skipping (resume-safe)
  [ncr_loopedvec_K8_s3] already COMPLETED -- skipping (resume-safe)
  [ncr_loopedvec_K8_s3] already COMPLETED -- skipping (resume-safe)
  [ncr_loopedvec_K8_s3] already COMPLETED -- skipping (resume-safe)
  [ncr_loopedvec_K8_s3] already COMPLETED -- skipping (resume-safe)
  [ncr_loopedvec_K8_s3] already COMPLETED -- skipping (resume-safe)
  [ncr_loopedvec_K8_s3] already COMPLETED -- skipping (resume-safe)
  [ncr_loopedvec_K8_s3] already COMPLETED -- skipping (resume-safe)
  [ncr_loopedvec_K8_s3] already COMPLETED -- skipping (resume-safe)
  [ncr_loopedvec_K8_s3] already COMPLETED -- skipping (resume-safe)
  [ncr_loopedvec_K8_s3] already COMPLETED -- skipping (resume-safe)
  [ncr_loopedvec_K8_s3] already COMPLETED -- skipping (resume-safe)
  [ncr_loopedvec_K8_s3] already COMPLETED -- skipping (resume-safe)
  [ncr_loopedvec_K8_s3] already COMPLETED -- skipping (resume-safe)
  [ncr_loopedvec_K8_s3] already COMPLETED -- skipping (resume-safe)
  [ncr_loopedvec_K8_s3] already COMPLETED -- skipping (resume-safe)
  [ncr_loopedvec_K8_s3] already COMPLETED -- skipping (resume-safe)
  [ncr_loopedvec_K8_s3] already COMPLETED -- skipping (resume-safe)
  [ncr_loopedvec_K8_s3] already COMPLETED -- skipping (resume-safe)
  [ncr_loopedvec_K8_s3] already COMPLETED -- skipping (resume-safe)
  [ncr_loopedvec_K8_s3] already COMPLETED -- skipping (resume-safe)
  [ncr_loopedvec_K8_s3] already COMPLETED -- skipping (resume-safe)
  [ncr_loopedvec_K8_s3] already COMPLETED -- skipping (resume-safe)
  [ncr_loopedvec_K8_s3] already COMPLETED -- skipping (resume-safe)
  [ncr_loopedvec_K8_s3] already COMPLETED -- skipping (resume-safe)
  [ncr_loopedvec_K8_s3] already COMPLETED -- skipping (resume-safe)
  [ncr_loopedvec_K8_s3] already COMPLETED -- skipping (resume-safe)
  [ncr_loopedvec_K8_s3] already COMPLETED -- skipping (resume-safe)
  [ncr_loopedvec_K8_s3] already COMPLETED -- skipping (resume-safe)
  [ncr_loopedvec_K8_s3] already COMPLETED -- skipping (resume-safe)
  [ncr_loopedvec_K8_s3] already COMPLETED -- skipping (resume-safe)
  [ncr_loopedvec_K8_s3] already COMPLETED -- skipping (resume-safe)
  [ncr_loopedvec_K8_s3] already COMPLETED -- skipping (resume-safe)
  [ncr_loopedvec_K8_s3] already COMPLETED -- skipping (resume-safe)
  [ncr_loopedvec_K8_s3] already COMPLETED -- skipping (resume-safe)
  [ncr_loopedvec_K8_s3] already COMPLETED -- skipping (resume-safe)
  [ncr_loopedvec_K8_s3] already COMPLETED -- skipping (resume-safe)
  [ncr_loopedvec_K8_s3] already COMPLETED -- skipping (resume-safe)
  [ncr_loopedvec_K8_s3] already COMPLETED -- skipping (resume-safe)
  [ncr_loopedvec_K8_s3] already COMPLETED -- skipping (resume-safe)
  [ncr_loopedvec_K8_s3] already COMPLETED -- skipping (resume-safe)
  [ncr_loopedvec_K8_s3] already COMPLETED -- skipping (resume-safe)
  [ncr_loopedvec_K8_s3] already COMPLETED -- skipping (resume-safe)
  [ncr_loopedvec_K8_s3] already COMPLETED -- skipping (resume-safe)
  [ncr_loopedvec_K8_s3] already COMPLETED -- skipping (resume-safe)
  [ncr_loopedvec_K8_s3] already COMPLETED -- skipping (resume-safe)
  [ncr_loopedvec_K8_s3] already COMPLETED -- skipping (resume-safe)
  [ncr_loopedvec_K8_s3] already COMPLETED -- skipping (resume-safe)
  [ncr_loopedvec_K8_s3] already COMPLETED -- skipping (resume-safe)
  [ncr_loopedvec_K8_s3] already COMPLETED -- skipping (resume-safe)
  [ncr_loopedvec_K8_s3] already COMPLETED -- skipping (resume-safe)
  [ncr_loopedvec_K8_s3] already COMPLETED -- skipping (resume-safe)
  [ncr_loopedvec_K8_s3] already COMPLETED -- skipping (resume-safe)
  [ncr_loopedvec_K8_s3] already COMPLETED -- skipping (resume-safe)
  [ncr_loopedvec_K8_s3] already COMPLETED -- skipping (resume-safe)
  [ncr_loopedvec_K8_s3] already COMPLETED -- skipping (resume-safe)
  [ncr_loopedvec_K8_s3] already COMPLETED -- skipping (resume-safe)
  [ncr_loopedvec_K8_s3] already COMPLETED -- skipping (resume-safe)
  [ncr_loopedvec_K8_s3] already COMPLETED -- skipping (resume-safe)
  [ncr_loopedvec_K8_s3] already COMPLETED -- skipping (resume-safe)
  [ncr_loopedvec_K8_s3] already COMPLETED -- skipping (resume-safe)
  [ncr_loopedvec_K8_s3] already COMPLETED -- skipping (resume-safe)
  [ncr_loopedvec_K8_s3] already COMPLETED -- skipping (resume-safe)
  [ncr_loopedvec_K8_s3] already COMPLETED -- skipping (resume-safe)
  [ncr_loopedvec_K8_s3] already COMPLETED -- skipping (resume-safe)
  [ncr_loopedvec_K8_s3] already COMPLETED -- skipping (resume-safe)
  [ncr_loopedvec_K8_s3] already COMPLETED -- skipping (resume-safe)
  [ncr_loopedvec_K8_s3] already COMPLETED -- skipping (resume-safe)
  [ncr_loopedvec_K8_s3] already COMPLETED -- skipping (resume-safe)
  [ncr_loopedvec_K8_s3] already COMPLETED -- skipping (resume-safe)
  [ncr_loopedvec_K8_s3] already COMPLETED -- skipping (resume-safe)
  [ncr_loopedvec_K8_s3] already COMPLETED -- skipping (resume-safe)
  [ncr_loopedvec_K8_s3] already COMPLETED -- skipping (resume-safe)
  [ncr_loopedvec_K8_s3] already COMPLETED -- skipping (resume-safe)
  [ncr_loopedvec_K8_s3] already COMPLETED -- skipping (resume-safe)
  [ncr_loopedvec_K8_s3] already COMPLETED -- skipping (resume-safe)
  [ncr_loopedvec_K8_s3] already COMPLETED -- skipping (resume-safe)
  [ncr_loopedvec_K8_s3] already COMPLETED -- skipping (resume-safe)
  [ncr_loopedvec_K8_s3] already COMPLETED -- skipping (resume-safe)
  [ncr_loopedvec_K8_s3] already COMPLETED -- skipping (resume-safe)
  [ncr_loopedvec_K8_s3] already COMPLETED -- skipping (resume-safe)
  [ncr_loopedvec_K8_s3] already COMPLETED -- skipping (resume-safe)
  [ncr_loopedvec_K8_s3] already COMPLETED -- skipping (resume-safe)
  [ncr_loopedvec_K8_s3] already COMPLETED -- skipping (resume-safe)
  [ncr_loopedvec_K8_s3] already COMPLETED -- skipping (resume-safe)
  [ncr_loopedvec_K8_s3] already COMPLETED -- skipping (resume-safe)
  [ncr_loopedvec_K8_s3] already COMPLETED -- skipping (resume-safe)
  [ncr_loopedvec_K8_s3] already COMPLETED -- skipping (resume-safe)
  [ncr_loopedvec_K8_s3] already COMPLETED -- skipping (resume-safe)
  [ncr_loopedvec_K8_s3] already COMPLETED -- skipping (resume-safe)
  [ncr_loopedvec_K8_s3] already COMPLETED -- skipping (resume-safe)
  [ncr_loopedvec_K8_s3] already COMPLETED -- skipping (resume-safe)
  [ncr_loopedvec_K8_s3] already COMPLETED -- skipping (resume-safe)
  [ncr_loopedvec_K8_s3] already COMPLETED -- skipping (resume-safe)
  [ncr_loopedvec_K8_s3] already COMPLETED -- skipping (resume-safe)
  [ncr_loopedvec_K8_s3] already COMPLETED -- skipping (resume-safe)
  [ncr_loopedvec_K8_s3] already COMPLETED -- skipping (resume-safe)
  [ncr_loopedvec_K8_s3] already COMPLETED -- skipping (resume-safe)
  [ncr_loopedvec_K8_s3] already COMPLETED -- skipping (resume-safe)
  [ncr_loopedvec_K8_s3] already COMPLETED -- skipping (resume-safe)
  [ncr_loopedvec_K8_s3] already COMPLETED -- skipping (resume-safe)
  [ncr_loopedvec_K8_s3] already COMPLETED -- skipping (resume-safe)
  [ncr_loopedvec_K8_s3] already COMPLETED -- skipping (resume-safe)
  [ncr_loopedvec_K8_s3] already COMPLETED -- skipping (resume-safe)
  [ncr_loopedvec_K8_s3] already COMPLETED -- skipping (resume-safe)
  [ncr_loopedvec_K8_s3] already COMPLETED -- skipping (resume-safe)
  [ncr_loopedvec_K8_s3] already COMPLETED -- skipping (resume-safe)
  [ncr_loopedvec_K8_s3] already COMPLETED -- skipping (resume-safe)
  [ncr_loopedvec_K8_s3] already COMPLETED -- skipping (resume-safe)
  [ncr_loopedvec_K8_s3] already COMPLETED -- skipping (resume-safe)
  [ncr_loopedvec_K8_s3] already COMPLETED -- skipping (resume-safe)
  [ncr_loopedvec_K8_s3] already COMPLETED -- skipping (resume-safe)
  [ncr_loopedvec_K8_s3] already COMPLETED -- skipping (resume-safe)
  [ncr_loopedvec_K8_s3] already COMPLETED -- skipping (resume-safe)
  [ncr_loopedvec_K8_s3] already COMPLETED -- skipping (resume-safe)
  [ncr_loopedvec_K8_s3] already COMPLETED -- skipping (resume-safe)
  [ncr_loopedvec_K8_s3] already COMPLETED -- skipping (resume-safe)
  [ncr_loopedvec_K8_s3] already COMPLETED -- skipping (resume-safe)
  [ncr_loopedvec_K8_s3] already COMPLETED -- skipping (resume-safe)
  [ncr_loopedvec_K8_s3] already COMPLETED -- skipping (resume-safe)
  [ncr_loopedvec_K8_s3] already COMPLETED -- skipping (resume-safe)
  [ncr_loopedvec_K8_s3] already COMPLETED -- skipping (resume-safe)
  [ncr_loopedvec_K8_s3] already COMPLETED -- skipping (resume-safe)
  [ncr_loopedvec_K8_s3] already COMPLETED -- skipping (resume-safe)
  [ncr_loopedvec_K8_s3] already COMPLETED -- skipping (resume-safe)
  [ncr_loopedvec_K8_s3] already COMPLETED -- skipping (resume-safe)
  [ncr_loopedvec_K8_s3] already COMPLETED -- skipping (resume-safe)
  [ncr_loopedvec_K8_s3] already COMPLETED -- skipping (resume-safe)
  [ncr_loopedvec_K8_s3] already COMPLETED -- skipping (resume-safe)
  [ncr_loopedvec_K8_s3] already COMPLETED -- skipping (resume-safe)
  [ncr_loopedvec_K8_s3] already COMPLETED -- skipping (resume-safe)
  [ncr_loopedvec_K8_s3] already COMPLETED -- skipping (resume-safe)
  [ncr_loopedvec_K8_s3] already COMPLETED -- skipping (resume-safe)
  [ncr_loopedvec_K8_s3] already COMPLETED -- skipping (resume-safe)
  [ncr_loopedvec_K8_s3] already COMPLETED -- skipping (resume-safe)
  [ncr_loopedvec_K8_s3] already COMPLETED -- skipping (resume-safe)
  [ncr_loopedvec_K8_s3] already COMPLETED -- skipping (resume-safe)
  [ncr_loopedvec_K8_s3] already COMPLETED -- skipping (resume-safe)
  [ncr_loopedvec_K8_s3] already COMPLETED -- skipping (resume-safe)
  [ncr_loopedvec_K8_s3] already COMPLETED -- skipping (resume-safe)
  [ncr_loopedvec_K8_s3] already COMPLETED -- skipping (resume-safe)
  [ncr_loopedvec_K8_s3] already COMPLETED -- skipping (resume-safe)
  [ncr_loopedvec_K8_s3] already COMPLETED -- skipping (resume-safe)
  [ncr_loopedvec_K8_s3] already COMPLETED -- skipping (resume-safe)
  [ncr_loopedvec_K8_s3] already COMPLETED -- skipping (resume-safe)
  [ncr_loopedvec_K8_s3] already COMPLETED -- skipping (resume-safe)
  [ncr_loopedvec_K8_s3] already COMPLETED -- skipping (resume-safe)
  [ncr_loopedvec_K8_s3] already COMPLETED -- skipping (resume-safe)
  [ncr_loopedvec_K8_s3] already COMPLETED -- skipping (resume-safe)
  [ncr_loopedvec_K8_s3] already COMPLETED -- skipping (resume-safe)
  [ncr_loopedvec_K8_s3] already COMPLETED -- skipping (resume-safe)
  [ncr_loopedvec_K8_s3] already COMPLETED -- skipping (resume-safe)
  [ncr_loopedvec_K8_s3] already COMPLETED -- skipping (resume-safe)
  [ncr_loopedvec_K8_s3] already COMPLETED -- skipping (resume-safe)
  [ncr_loopedvec_K8_s3] already COMPLETED -- skipping (resume-safe)
  [ncr_loopedvec_K8_s3] already COMPLETED -- skipping (resume-safe)
  [ncr_loopedvec_K8_s3] already COMPLETED -- skipping (resume-safe)
  [ncr_loopedvec_K8_s3] already COMPLETED -- skipping (resume-safe)
  [ncr_loopedvec_K8_s3] already COMPLETED -- skipping (resume-safe)
  [ncr_loopedvec_K8_s3] already COMPLETED -- skipping (resume-safe)
  [ncr_loopedvec_K8_s3] already COMPLETED -- skipping (resume-safe)
  [ncr_loopedvec_K8_s3] already COMPLETED -- skipping (resume-safe)
  [ncr_loopedvec_K8_s3] already COMPLETED -- skipping (resume-safe)
  [ncr_loopedvec_K8_s3] already COMPLETED -- skipping (resume-safe)
  [ncr_loopedvec_K8_s3] already COMPLETED -- skipping (resume-safe)
  [ncr_loopedvec_K8_s3] already COMPLETED -- skipping (resume-safe)
  [ncr_loopedvec_K8_s3] already COMPLETED -- skipping (resume-safe)
  [ncr_loopedvec_K8_s3] already COMPLETED -- skipping (resume-safe)
  [ncr_loopedvec_K8_s3] already COMPLETED -- skipping (resume-safe)
  [ncr_loopedvec_K8_s3] already COMPLETED -- skipping (resume-safe)
  [ncr_loopedvec_K8_s3] already COMPLETED -- skipping (resume-safe)
  [ncr_loopedvec_K8_s3] already COMPLETED -- skipping (resume-safe)
  [ncr_loopedvec_K8_s3] already COMPLETED -- skipping (resume-safe)
  [ncr_loopedvec_K8_s3] already COMPLETED -- skipping (resume-safe)
  [ncr_loopedvec_K8_s3] already COMPLETED -- skipping (resume-safe)
  [ncr_loopedvec_K8_s3] already COMPLETED -- skipping (resume-safe)
  [ncr_loopedvec_K8_s3] already COMPLETED -- skipping (resume-safe)
  [ncr_loopedvec_K8_s3] already COMPLETED -- skipping (resume-safe)
  [ncr_loopedvec_K8_s3] already COMPLETED -- skipping (resume-safe)
  [ncr_loopedvec_K8_s3] already COMPLETED -- skipping (resume-safe)
  [ncr_loopedvec_K8_s3] already COMPLETED -- skipping (resume-safe)
  [ncr_loopedvec_K8_s3] already COMPLETED -- skipping (resume-safe)
  [ncr_loopedvec_K8_s3] already COMPLETED -- skipping (resume-safe)
  [ncr_loopedvec_K8_s3] already COMPLETED -- skipping (resume-safe)
  [ncr_loopedvec_K8_s3] already COMPLETED -- skipping (resume-safe)
  [ncr_loopedvec_K8_s3] already COMPLETED -- skipping (resume-safe)
  [ncr_loopedvec_K8_s3] already COMPLETED -- skipping (resume-safe)
  [ncr_loopedvec_K8_s3] already COMPLETED -- skipping (resume-safe)
  [ncr_loopedvec_K8_s3] already COMPLETED -- skipping (resume-safe)
  [ncr_loopedvec_K8_s3] already COMPLETED -- skipping (resume-safe)
  [ncr_loopedvec_K8_s3] already COMPLETED -- skipping (resume-safe)
  [ncr_loopedvec_K8_s3] already COMPLETED -- skipping (resume-safe)
  [ncr_loopedvec_K8_s3] already COMPLETED -- skipping (resume-safe)
  [ncr_loopedvec_K8_s3] already COMPLETED -- skipping (resume-safe)
  [ncr_loopedvec_K8_s3] already COMPLETED -- skipping (resume-safe)
  [ncr_loopedvec_K8_s3] already COMPLETED -- skipping (resume-safe)
  [ncr_loopedvec_K8_s3] already COMPLETED -- skipping (resume-safe)
  [ncr_loopedvec_K8_s3] already COMPLETED -- skipping (resume-safe)
  [ncr_loopedvec_K8_s3] already COMPLETED -- skipping (resume-safe)
  [ncr_loopedvec_K8_s3] already COMPLETED -- skipping (resume-safe)
  [ncr_loopedvec_K8_s3] already COMPLETED -- skipping (resume-safe)
  [ncr_loopedvec_K8_s3] already COMPLETED -- skipping (resume-safe)
  [ncr_loopedvec_K8_s3] already COMPLETED -- skipping (resume-safe)
  [ncr_loopedvec_K8_s3] already COMPLETED -- skipping (resume-safe)
  [ncr_loopedvec_K8_s3] already COMPLETED -- skipping (resume-safe)
  [ncr_loopedvec_K8_s3] already COMPLETED -- skipping (resume-safe)
  [ncr_loopedvec_K8_s3] already COMPLETED -- skipping (resume-safe)
  [ncr_loopedvec_K8_s3] already COMPLETED -- skipping (resume-safe)
  [ncr_loopedvec_K8_s3] already COMPLETED -- skipping (resume-safe)
  [ncr_loopedvec_K8_s3] already COMPLETED -- skipping (resume-safe)
  [ncr_loopedvec_K8_s3] already COMPLETED -- skipping (resume-safe)
  [ncr_loopedvec_K8_s3] already COMPLETED -- skipping (resume-safe)
  [ncr_loopedvec_K8_s3] already COMPLETED -- skipping (resume-safe)
