fatal: not a git repository (or any of the parent directories): .git
  [ncr_ncr_K8_s0] step      1  cosine_loss 0.9998  elapsed 1s
  [ncr_ncr_K8_s0] step    500  cosine_loss 0.9990  elapsed 26s
  [ncr_ncr_K8_s0] step   1000  cosine_loss 0.9970  elapsed 51s
  [ncr_ncr_K8_s0] step   1500  cosine_loss 1.0090  elapsed 76s
  [ncr_ncr_K8_s0] step   2000  cosine_loss 1.0125  elapsed 101s
  [ncr_ncr_K8_s0] step   2500  cosine_loss 0.9898  elapsed 126s
  [ncr_ncr_K8_s0] step   3000  cosine_loss 1.0051  elapsed 150s
  [ncr_ncr_K8_s0] step   3500  cosine_loss 1.0084  elapsed 176s
  [ncr_ncr_K8_s0] step   4000  cosine_loss 0.9923  elapsed 200s
  [ncr_ncr_K8_s0] step   4500  cosine_loss 1.0148  elapsed 225s
  [ncr_ncr_K8_s0] step   5000  cosine_loss 1.0030  elapsed 250s
  [ncr_ncr_K8_s0] step   5500  cosine_loss 0.9994  elapsed 274s
  [ncr_ncr_K8_s0] step   6000  cosine_loss 0.9960  elapsed 299s
  [ncr_ncr_K8_s0] step   6500  cosine_loss 0.9951  elapsed 324s
  [ncr_ncr_K8_s0] step   7000  cosine_loss 1.0076  elapsed 350s
  [ncr_ncr_K8_s0] step   7500  cosine_loss 1.0153  elapsed 375s
  [ncr_ncr_K8_s0] step   8000  cosine_loss 1.0051  elapsed 400s
  [ncr_ncr_K8_s0] step   8500  cosine_loss 0.9878  elapsed 425s
  [ncr_ncr_K8_s0] step   9000  cosine_loss 1.0055  elapsed 449s
  [ncr_ncr_K8_s0] step   9500  cosine_loss 1.0028  elapsed 474s
  [ncr_ncr_K8_s0] step  10000  cosine_loss 1.0027  elapsed 499s
  [ncr_ncr_K8_s0] step  10500  cosine_loss 0.9941  elapsed 524s
  [ncr_ncr_K8_s0] step  11000  cosine_loss 0.9943  elapsed 548s
  [ncr_ncr_K8_s0] step  11500  cosine_loss 0.9930  elapsed 573s
  [ncr_ncr_K8_s0] step  12000  cosine_loss 0.9936  elapsed 598s
  [ncr_ncr_K8_s0] step  12500  cosine_loss 1.0051  elapsed 622s
  [ncr_ncr_K8_s0] step  13000  cosine_loss 1.0018  elapsed 648s
  [ncr_ncr_K8_s0] step  13500  cosine_loss 0.9978  elapsed 672s
  [ncr_ncr_K8_s0] step  14000  cosine_loss 0.9905  elapsed 697s
  [ncr_ncr_K8_s0] step  14500  cosine_loss 1.0079  elapsed 722s
  [ncr_ncr_K8_s0] step  15000  cosine_loss 0.9898  elapsed 747s
  [ncr_ncr_K8_s0] step  15500  cosine_loss 1.0092  elapsed 772s
  [ncr_ncr_K8_s0] step  16000  cosine_loss 1.0130  elapsed 797s
  [ncr_ncr_K8_s0] step  16500  cosine_loss 0.9986  elapsed 822s
  [ncr_ncr_K8_s0] step  17000  cosine_loss 0.9970  elapsed 846s
  [ncr_ncr_K8_s0] step  17500  cosine_loss 1.0051  elapsed 871s
  [ncr_ncr_K8_s0] step  18000  cosine_loss 1.0032  elapsed 896s
  [ncr_ncr_K8_s0] step  18500  cosine_loss 0.9921  elapsed 920s
  [ncr_ncr_K8_s0] step  19000  cosine_loss 0.9919  elapsed 945s
  [ncr_ncr_K8_s0] step  19500  cosine_loss 0.9929  elapsed 970s
  [ncr_ncr_K8_s0] step  20000  cosine_loss 0.9996  elapsed 995s
  [ncr_ncr_K8_s0] step  20500  cosine_loss 0.9890  elapsed 1020s
  [ncr_ncr_K8_s0] step  21000  cosine_loss 1.0001  elapsed 1044s
  [ncr_ncr_K8_s0] step  21500  cosine_loss 0.9799  elapsed 1069s
  [ncr_ncr_K8_s0] step  22000  cosine_loss 0.9925  elapsed 1094s
  [ncr_ncr_K8_s0] step  22500  cosine_loss 0.9901  elapsed 1118s
  [ncr_ncr_K8_s0] step  23000  cosine_loss 0.9886  elapsed 1143s
  [ncr_ncr_K8_s0] step  23500  cosine_loss 0.9870  elapsed 1168s
  [ncr_ncr_K8_s0] step  24000  cosine_loss 0.9873  elapsed 1193s
  [ncr_ncr_K8_s0] step  24500  cosine_loss 0.9779  elapsed 1217s
  [ncr_ncr_K8_s0] step  25000  cosine_loss 0.9855  elapsed 1242s
  [ncr_ncr_K8_s0] step  25500  cosine_loss 0.9712  elapsed 1267s
  [ncr_ncr_K8_s0] step  26000  cosine_loss 0.9801  elapsed 1291s
  [ncr_ncr_K8_s0] step  26500  cosine_loss 0.9856  elapsed 1316s
  [ncr_ncr_K8_s0] step  27000  cosine_loss 0.9820  elapsed 1341s
  [ncr_ncr_K8_s0] step  27500  cosine_loss 0.9795  elapsed 1366s
  [ncr_ncr_K8_s0] step  28000  cosine_loss 0.9725  elapsed 1390s
  [ncr_ncr_K8_s0] step  28500  cosine_loss 0.9630  elapsed 1415s
  [ncr_ncr_K8_s0] step  29000  cosine_loss 0.9656  elapsed 1440s
  [ncr_ncr_K8_s0] step  29500  cosine_loss 0.9643  elapsed 1464s
  [ncr_ncr_K8_s0] step  30000  cosine_loss 0.9437  elapsed 1489s
  [ncr_ncr_K8_s0] step  30500  cosine_loss 0.9421  elapsed 1514s
  [ncr_ncr_K8_s0] step  31000  cosine_loss 0.9225  elapsed 1539s
  [ncr_ncr_K8_s0] step  31500  cosine_loss 0.8916  elapsed 1564s
  [ncr_ncr_K8_s0] step  32000  cosine_loss 0.8355  elapsed 1588s
  [ncr_ncr_K8_s0] step  32500  cosine_loss 0.7721  elapsed 1613s
  [ncr_ncr_K8_s0] step  33000  cosine_loss 0.6449  elapsed 1638s
  [ncr_ncr_K8_s0] step  33500  cosine_loss 0.5603  elapsed 1662s
  [ncr_ncr_K8_s0] step  34000  cosine_loss 0.4886  elapsed 1687s
  [ncr_ncr_K8_s0] step  34500  cosine_loss 0.4303  elapsed 1712s
  [ncr_ncr_K8_s0] step  35000  cosine_loss 0.3906  elapsed 1737s
  [ncr_ncr_K8_s0] step  35500  cosine_loss 0.3296  elapsed 1762s
  [ncr_ncr_K8_s0] step  36000  cosine_loss 0.2920  elapsed 1788s
  [ncr_ncr_K8_s0] step  36500  cosine_loss 0.2371  elapsed 1812s
  [ncr_ncr_K8_s0] step  37000  cosine_loss 0.2182  elapsed 1837s
  [ncr_ncr_K8_s0] step  37500  cosine_loss 0.1899  elapsed 1862s
  [ncr_ncr_K8_s0] step  38000  cosine_loss 0.1660  elapsed 1887s
  [ncr_ncr_K8_s0] step  38500  cosine_loss 0.1497  elapsed 1911s
  [ncr_ncr_K8_s0] step  39000  cosine_loss 0.1311  elapsed 1936s
  [ncr_ncr_K8_s0] step  39500  cosine_loss 0.1042  elapsed 1961s
  [ncr_ncr_K8_s0] step  40000  cosine_loss 0.0777  elapsed 1985s
  [ncr_ncr_K8_s0] step  40500  cosine_loss 0.0560  elapsed 2010s
  [ncr_ncr_K8_s0] step  41000  cosine_loss 0.0333  elapsed 2035s
  [ncr_ncr_K8_s0] step  41500  cosine_loss 0.0257  elapsed 2060s
  [ncr_ncr_K8_s0] step  42000  cosine_loss 0.0201  elapsed 2084s
  [ncr_ncr_K8_s0] step  42500  cosine_loss 0.0164  elapsed 2110s
  [ncr_ncr_K8_s0] step  43000  cosine_loss 0.0121  elapsed 2134s
  [ncr_ncr_K8_s0] step  43500  cosine_loss 0.0101  elapsed 2159s
  [ncr_ncr_K8_s0] step  44000  cosine_loss 0.0099  elapsed 2184s
  [ncr_ncr_K8_s0] step  44500  cosine_loss 0.0085  elapsed 2208s
  [ncr_ncr_K8_s0] step  45000  cosine_loss 0.0086  elapsed 2233s
  [ncr_ncr_K8_s0] step  45500  cosine_loss 0.0063  elapsed 2258s
  [ncr_ncr_K8_s0] step  46000  cosine_loss 0.0051  elapsed 2282s
  [ncr_ncr_K8_s0] step  46500  cosine_loss 0.0070  elapsed 2307s
  [ncr_ncr_K8_s0] step  47000  cosine_loss 0.0046  elapsed 2332s
  [ncr_ncr_K8_s0] step  47500  cosine_loss 0.0046  elapsed 2357s
  [ncr_ncr_K8_s0] step  48000  cosine_loss 0.0036  elapsed 2382s
  [ncr_ncr_K8_s0] step  48500  cosine_loss 0.0017  elapsed 2407s
  [ncr_ncr_K8_s0] step  49000  cosine_loss 0.0028  elapsed 2432s
  [ncr_ncr_K8_s0] step  49500  cosine_loss 0.0010  elapsed 2456s
  [ncr_ncr_K8_s0] step  50000  cosine_loss 0.0022  elapsed 2481s
  [ncr_ncr_K8_s0] step  50500  cosine_loss 0.0009  elapsed 2506s
  [ncr_ncr_K8_s0] step  51000  cosine_loss 0.0023  elapsed 2531s
  [ncr_ncr_K8_s0] step  51500  cosine_loss 0.0007  elapsed 2555s
  [ncr_ncr_K8_s0] step  52000  cosine_loss 0.0008  elapsed 2580s
  [ncr_ncr_K8_s0] step  52500  cosine_loss 0.0007  elapsed 2605s
  [ncr_ncr_K8_s0] step  53000  cosine_loss 0.0007  elapsed 2630s
  [ncr_ncr_K8_s0] step  53500  cosine_loss 0.0012  elapsed 2655s
  [ncr_ncr_K8_s0] step  54000  cosine_loss 0.0007  elapsed 2680s
  [ncr_ncr_K8_s0] step  54500  cosine_loss 0.0006  elapsed 2705s
  [ncr_ncr_K8_s0] step  55000  cosine_loss 0.0004  elapsed 2730s
  [ncr_ncr_K8_s0] step  55500  cosine_loss 0.0004  elapsed 2754s
  [ncr_ncr_K8_s0] step  56000  cosine_loss 0.0005  elapsed 2779s
  [ncr_ncr_K8_s0] step  56500  cosine_loss 0.0005  elapsed 2804s
  [ncr_ncr_K8_s0] step  57000  cosine_loss 0.0003  elapsed 2829s
  [ncr_ncr_K8_s0] step  57500  cosine_loss 0.0003  elapsed 2854s
  [ncr_ncr_K8_s0] step  58000  cosine_loss 0.0003  elapsed 2879s
  [ncr_ncr_K8_s0] step  58500  cosine_loss 0.0002  elapsed 2903s
  [ncr_ncr_K8_s0] step  59000  cosine_loss 0.0003  elapsed 2928s
  [ncr_ncr_K8_s0] step  59500  cosine_loss 0.0003  elapsed 2953s
  [ncr_ncr_K8_s0] step  60000  cosine_loss 0.0002  elapsed 2977s
  [ncr_ncr_K8_s0] step  60500  cosine_loss 0.0003  elapsed 3002s
  [ncr_ncr_K8_s0] step  61000  cosine_loss 0.0005  elapsed 3027s
  [ncr_ncr_K8_s0] step  61500  cosine_loss 0.0003  elapsed 3053s
  [ncr_ncr_K8_s0] step  62000  cosine_loss 0.0003  elapsed 3077s
  [ncr_ncr_K8_s0] step  62500  cosine_loss 0.0004  elapsed 3102s
  [ncr_ncr_K8_s0] step  63000  cosine_loss 0.0003  elapsed 3128s
  [ncr_ncr_K8_s0] step  63500  cosine_loss 0.0002  elapsed 3153s
  [ncr_ncr_K8_s0] step  64000  cosine_loss 0.0002  elapsed 3177s
  [ncr_ncr_K8_s0] step  64500  cosine_loss 0.0003  elapsed 3202s
  [ncr_ncr_K8_s0] step  65000  cosine_loss 0.0006  elapsed 3227s
  [ncr_ncr_K8_s0] step  65500  cosine_loss 0.0002  elapsed 3252s
  [ncr_ncr_K8_s0] step  66000  cosine_loss 0.0002  elapsed 3276s
  [ncr_ncr_K8_s0] step  66500  cosine_loss 0.0002  elapsed 3301s
  [ncr_ncr_K8_s0] step  67000  cosine_loss 0.0001  elapsed 3326s
  [ncr_ncr_K8_s0] step  67500  cosine_loss 0.0003  elapsed 3351s
  [ncr_ncr_K8_s0] step  68000  cosine_loss 0.0002  elapsed 3376s
  [ncr_ncr_K8_s0] step  68500  cosine_loss 0.0002  elapsed 3401s
  [ncr_ncr_K8_s0] step  69000  cosine_loss 0.0001  elapsed 3426s
  [ncr_ncr_K8_s0] step  69500  cosine_loss 0.0002  elapsed 3451s
  [ncr_ncr_K8_s0] step  70000  cosine_loss 0.0002  elapsed 3477s
  [ncr_ncr_K8_s0] step  70500  cosine_loss 0.0002  elapsed 3502s
  [ncr_ncr_K8_s0] step  71000  cosine_loss 0.0001  elapsed 3526s
  [ncr_ncr_K8_s0] step  71500  cosine_loss 0.0002  elapsed 3551s
  [ncr_ncr_K8_s0] step  72000  cosine_loss 0.0001  elapsed 3576s
  [ncr_ncr_K8_s0] step  72500  cosine_loss 0.0001  elapsed 3601s
  [ncr_ncr_K8_s0] step  73000  cosine_loss 0.0001  elapsed 3625s
  [ncr_ncr_K8_s0] step  73500  cosine_loss 0.0001  elapsed 3650s
  [ncr_ncr_K8_s0] step  74000  cosine_loss 0.0001  elapsed 3676s
  [ncr_ncr_K8_s0] step  74500  cosine_loss 0.0001  elapsed 3701s
  [ncr_ncr_K8_s0] step  75000  cosine_loss 0.0001  elapsed 3726s
  [ncr_ncr_K8_s0] step  75500  cosine_loss 0.0002  elapsed 3751s
  [ncr_ncr_K8_s0] step  76000  cosine_loss 0.0001  elapsed 3776s
  [ncr_ncr_K8_s0] step  76500  cosine_loss 0.0001  elapsed 3800s
  [ncr_ncr_K8_s0] step  77000  cosine_loss 0.0002  elapsed 3825s
  [ncr_ncr_K8_s0] step  77500  cosine_loss 0.0001  elapsed 3850s
  [ncr_ncr_K8_s0] step  78000  cosine_loss 0.0002  elapsed 3875s
  [ncr_ncr_K8_s0] step  78500  cosine_loss 0.0001  elapsed 3900s
  [ncr_ncr_K8_s0] step  79000  cosine_loss 0.0001  elapsed 3924s
  [ncr_ncr_K8_s0] step  79500  cosine_loss 0.0001  elapsed 3949s
  [ncr_ncr_K8_s0] step  80000  cosine_loss 0.0001  elapsed 3974s
  [ncr_ncr_K8_s0] COMPLETED in 4409s -> /home/nvidia/ncr/results_wave1/ncr_ncr_K8_s0.json
  [ncr_ncr_K8_s0] already COMPLETED -- skipping (resume-safe)
  [ncr_ncr_K8_s0] already COMPLETED -- skipping (resume-safe)
  [ncr_ncr_K8_s0] already COMPLETED -- skipping (resume-safe)
  [ncr_ncr_K8_s0] already COMPLETED -- skipping (resume-safe)
  [ncr_ncr_K8_s0] already COMPLETED -- skipping (resume-safe)
  [ncr_ncr_K8_s0] already COMPLETED -- skipping (resume-safe)
  [ncr_ncr_K8_s0] already COMPLETED -- skipping (resume-safe)
  [ncr_ncr_K8_s0] already COMPLETED -- skipping (resume-safe)
  [ncr_ncr_K8_s0] already COMPLETED -- skipping (resume-safe)
  [ncr_ncr_K8_s0] already COMPLETED -- skipping (resume-safe)
  [ncr_ncr_K8_s0] already COMPLETED -- skipping (resume-safe)
  [ncr_ncr_K8_s0] already COMPLETED -- skipping (resume-safe)
  [ncr_ncr_K8_s0] already COMPLETED -- skipping (resume-safe)
  [ncr_ncr_K8_s0] already COMPLETED -- skipping (resume-safe)
  [ncr_ncr_K8_s0] already COMPLETED -- skipping (resume-safe)
  [ncr_ncr_K8_s0] already COMPLETED -- skipping (resume-safe)
  [ncr_ncr_K8_s0] already COMPLETED -- skipping (resume-safe)
  [ncr_ncr_K8_s0] already COMPLETED -- skipping (resume-safe)
  [ncr_ncr_K8_s0] already COMPLETED -- skipping (resume-safe)
  [ncr_ncr_K8_s0] already COMPLETED -- skipping (resume-safe)
  [ncr_ncr_K8_s0] already COMPLETED -- skipping (resume-safe)
  [ncr_ncr_K8_s0] already COMPLETED -- skipping (resume-safe)
  [ncr_ncr_K8_s0] already COMPLETED -- skipping (resume-safe)
  [ncr_ncr_K8_s0] already COMPLETED -- skipping (resume-safe)
  [ncr_ncr_K8_s0] already COMPLETED -- skipping (resume-safe)
  [ncr_ncr_K8_s0] already COMPLETED -- skipping (resume-safe)
  [ncr_ncr_K8_s0] already COMPLETED -- skipping (resume-safe)
  [ncr_ncr_K8_s0] already COMPLETED -- skipping (resume-safe)
  [ncr_ncr_K8_s0] already COMPLETED -- skipping (resume-safe)
  [ncr_ncr_K8_s0] already COMPLETED -- skipping (resume-safe)
  [ncr_ncr_K8_s0] already COMPLETED -- skipping (resume-safe)
  [ncr_ncr_K8_s0] already COMPLETED -- skipping (resume-safe)
  [ncr_ncr_K8_s0] already COMPLETED -- skipping (resume-safe)
  [ncr_ncr_K8_s0] already COMPLETED -- skipping (resume-safe)
  [ncr_ncr_K8_s0] already COMPLETED -- skipping (resume-safe)
  [ncr_ncr_K8_s0] already COMPLETED -- skipping (resume-safe)
  [ncr_ncr_K8_s0] already COMPLETED -- skipping (resume-safe)
  [ncr_ncr_K8_s0] already COMPLETED -- skipping (resume-safe)
  [ncr_ncr_K8_s0] already COMPLETED -- skipping (resume-safe)
  [ncr_ncr_K8_s0] already COMPLETED -- skipping (resume-safe)
  [ncr_ncr_K8_s0] already COMPLETED -- skipping (resume-safe)
  [ncr_ncr_K8_s0] already COMPLETED -- skipping (resume-safe)
  [ncr_ncr_K8_s0] already COMPLETED -- skipping (resume-safe)
  [ncr_ncr_K8_s0] already COMPLETED -- skipping (resume-safe)
  [ncr_ncr_K8_s0] already COMPLETED -- skipping (resume-safe)
  [ncr_ncr_K8_s0] already COMPLETED -- skipping (resume-safe)
  [ncr_ncr_K8_s0] already COMPLETED -- skipping (resume-safe)
  [ncr_ncr_K8_s0] already COMPLETED -- skipping (resume-safe)
  [ncr_ncr_K8_s0] already COMPLETED -- skipping (resume-safe)
  [ncr_ncr_K8_s0] already COMPLETED -- skipping (resume-safe)
  [ncr_ncr_K8_s0] already COMPLETED -- skipping (resume-safe)
  [ncr_ncr_K8_s0] already COMPLETED -- skipping (resume-safe)
  [ncr_ncr_K8_s0] already COMPLETED -- skipping (resume-safe)
  [ncr_ncr_K8_s0] already COMPLETED -- skipping (resume-safe)
  [ncr_ncr_K8_s0] already COMPLETED -- skipping (resume-safe)
  [ncr_ncr_K8_s0] already COMPLETED -- skipping (resume-safe)
  [ncr_ncr_K8_s0] already COMPLETED -- skipping (resume-safe)
  [ncr_ncr_K8_s0] already COMPLETED -- skipping (resume-safe)
  [ncr_ncr_K8_s0] already COMPLETED -- skipping (resume-safe)
  [ncr_ncr_K8_s0] already COMPLETED -- skipping (resume-safe)
  [ncr_ncr_K8_s0] already COMPLETED -- skipping (resume-safe)
  [ncr_ncr_K8_s0] already COMPLETED -- skipping (resume-safe)
  [ncr_ncr_K8_s0] already COMPLETED -- skipping (resume-safe)
  [ncr_ncr_K8_s0] already COMPLETED -- skipping (resume-safe)
  [ncr_ncr_K8_s0] already COMPLETED -- skipping (resume-safe)
  [ncr_ncr_K8_s0] already COMPLETED -- skipping (resume-safe)
  [ncr_ncr_K8_s0] already COMPLETED -- skipping (resume-safe)
  [ncr_ncr_K8_s0] already COMPLETED -- skipping (resume-safe)
  [ncr_ncr_K8_s0] already COMPLETED -- skipping (resume-safe)
  [ncr_ncr_K8_s0] already COMPLETED -- skipping (resume-safe)
  [ncr_ncr_K8_s0] already COMPLETED -- skipping (resume-safe)
  [ncr_ncr_K8_s0] already COMPLETED -- skipping (resume-safe)
  [ncr_ncr_K8_s0] already COMPLETED -- skipping (resume-safe)
  [ncr_ncr_K8_s0] already COMPLETED -- skipping (resume-safe)
  [ncr_ncr_K8_s0] already COMPLETED -- skipping (resume-safe)
  [ncr_ncr_K8_s0] already COMPLETED -- skipping (resume-safe)
  [ncr_ncr_K8_s0] already COMPLETED -- skipping (resume-safe)
  [ncr_ncr_K8_s0] already COMPLETED -- skipping (resume-safe)
  [ncr_ncr_K8_s0] already COMPLETED -- skipping (resume-safe)
  [ncr_ncr_K8_s0] already COMPLETED -- skipping (resume-safe)
  [ncr_ncr_K8_s0] already COMPLETED -- skipping (resume-safe)
  [ncr_ncr_K8_s0] already COMPLETED -- skipping (resume-safe)
  [ncr_ncr_K8_s0] already COMPLETED -- skipping (resume-safe)
  [ncr_ncr_K8_s0] already COMPLETED -- skipping (resume-safe)
  [ncr_ncr_K8_s0] already COMPLETED -- skipping (resume-safe)
  [ncr_ncr_K8_s0] already COMPLETED -- skipping (resume-safe)
  [ncr_ncr_K8_s0] already COMPLETED -- skipping (resume-safe)
  [ncr_ncr_K8_s0] already COMPLETED -- skipping (resume-safe)
  [ncr_ncr_K8_s0] already COMPLETED -- skipping (resume-safe)
  [ncr_ncr_K8_s0] already COMPLETED -- skipping (resume-safe)
  [ncr_ncr_K8_s0] already COMPLETED -- skipping (resume-safe)
  [ncr_ncr_K8_s0] already COMPLETED -- skipping (resume-safe)
  [ncr_ncr_K8_s0] already COMPLETED -- skipping (resume-safe)
  [ncr_ncr_K8_s0] already COMPLETED -- skipping (resume-safe)
  [ncr_ncr_K8_s0] already COMPLETED -- skipping (resume-safe)
  [ncr_ncr_K8_s0] already COMPLETED -- skipping (resume-safe)
  [ncr_ncr_K8_s0] already COMPLETED -- skipping (resume-safe)
  [ncr_ncr_K8_s0] already COMPLETED -- skipping (resume-safe)
  [ncr_ncr_K8_s0] already COMPLETED -- skipping (resume-safe)
  [ncr_ncr_K8_s0] already COMPLETED -- skipping (resume-safe)
  [ncr_ncr_K8_s0] already COMPLETED -- skipping (resume-safe)
  [ncr_ncr_K8_s0] already COMPLETED -- skipping (resume-safe)
  [ncr_ncr_K8_s0] already COMPLETED -- skipping (resume-safe)
  [ncr_ncr_K8_s0] already COMPLETED -- skipping (resume-safe)
  [ncr_ncr_K8_s0] already COMPLETED -- skipping (resume-safe)
  [ncr_ncr_K8_s0] already COMPLETED -- skipping (resume-safe)
  [ncr_ncr_K8_s0] already COMPLETED -- skipping (resume-safe)
  [ncr_ncr_K8_s0] already COMPLETED -- skipping (resume-safe)
  [ncr_ncr_K8_s0] already COMPLETED -- skipping (resume-safe)
  [ncr_ncr_K8_s0] already COMPLETED -- skipping (resume-safe)
  [ncr_ncr_K8_s0] already COMPLETED -- skipping (resume-safe)
  [ncr_ncr_K8_s0] already COMPLETED -- skipping (resume-safe)
  [ncr_ncr_K8_s0] already COMPLETED -- skipping (resume-safe)
  [ncr_ncr_K8_s0] already COMPLETED -- skipping (resume-safe)
  [ncr_ncr_K8_s0] already COMPLETED -- skipping (resume-safe)
  [ncr_ncr_K8_s0] already COMPLETED -- skipping (resume-safe)
  [ncr_ncr_K8_s0] already COMPLETED -- skipping (resume-safe)
  [ncr_ncr_K8_s0] already COMPLETED -- skipping (resume-safe)
  [ncr_ncr_K8_s0] already COMPLETED -- skipping (resume-safe)
  [ncr_ncr_K8_s0] already COMPLETED -- skipping (resume-safe)
  [ncr_ncr_K8_s0] already COMPLETED -- skipping (resume-safe)
  [ncr_ncr_K8_s0] already COMPLETED -- skipping (resume-safe)
  [ncr_ncr_K8_s0] already COMPLETED -- skipping (resume-safe)
  [ncr_ncr_K8_s0] already COMPLETED -- skipping (resume-safe)
  [ncr_ncr_K8_s0] already COMPLETED -- skipping (resume-safe)
  [ncr_ncr_K8_s0] already COMPLETED -- skipping (resume-safe)
  [ncr_ncr_K8_s0] already COMPLETED -- skipping (resume-safe)
  [ncr_ncr_K8_s0] already COMPLETED -- skipping (resume-safe)
  [ncr_ncr_K8_s0] already COMPLETED -- skipping (resume-safe)
  [ncr_ncr_K8_s0] already COMPLETED -- skipping (resume-safe)
  [ncr_ncr_K8_s0] already COMPLETED -- skipping (resume-safe)
  [ncr_ncr_K8_s0] already COMPLETED -- skipping (resume-safe)
  [ncr_ncr_K8_s0] already COMPLETED -- skipping (resume-safe)
  [ncr_ncr_K8_s0] already COMPLETED -- skipping (resume-safe)
  [ncr_ncr_K8_s0] already COMPLETED -- skipping (resume-safe)
  [ncr_ncr_K8_s0] already COMPLETED -- skipping (resume-safe)
  [ncr_ncr_K8_s0] already COMPLETED -- skipping (resume-safe)
  [ncr_ncr_K8_s0] already COMPLETED -- skipping (resume-safe)
  [ncr_ncr_K8_s0] already COMPLETED -- skipping (resume-safe)
  [ncr_ncr_K8_s0] already COMPLETED -- skipping (resume-safe)
  [ncr_ncr_K8_s0] already COMPLETED -- skipping (resume-safe)
  [ncr_ncr_K8_s0] already COMPLETED -- skipping (resume-safe)
  [ncr_ncr_K8_s0] already COMPLETED -- skipping (resume-safe)
  [ncr_ncr_K8_s0] already COMPLETED -- skipping (resume-safe)
  [ncr_ncr_K8_s0] already COMPLETED -- skipping (resume-safe)
  [ncr_ncr_K8_s0] already COMPLETED -- skipping (resume-safe)
  [ncr_ncr_K8_s0] already COMPLETED -- skipping (resume-safe)
  [ncr_ncr_K8_s0] already COMPLETED -- skipping (resume-safe)
  [ncr_ncr_K8_s0] already COMPLETED -- skipping (resume-safe)
  [ncr_ncr_K8_s0] already COMPLETED -- skipping (resume-safe)
  [ncr_ncr_K8_s0] already COMPLETED -- skipping (resume-safe)
  [ncr_ncr_K8_s0] already COMPLETED -- skipping (resume-safe)
  [ncr_ncr_K8_s0] already COMPLETED -- skipping (resume-safe)
  [ncr_ncr_K8_s0] already COMPLETED -- skipping (resume-safe)
  [ncr_ncr_K8_s0] already COMPLETED -- skipping (resume-safe)
  [ncr_ncr_K8_s0] already COMPLETED -- skipping (resume-safe)
  [ncr_ncr_K8_s0] already COMPLETED -- skipping (resume-safe)
  [ncr_ncr_K8_s0] already COMPLETED -- skipping (resume-safe)
  [ncr_ncr_K8_s0] already COMPLETED -- skipping (resume-safe)
  [ncr_ncr_K8_s0] already COMPLETED -- skipping (resume-safe)
  [ncr_ncr_K8_s0] already COMPLETED -- skipping (resume-safe)
  [ncr_ncr_K8_s0] already COMPLETED -- skipping (resume-safe)
  [ncr_ncr_K8_s0] already COMPLETED -- skipping (resume-safe)
  [ncr_ncr_K8_s0] already COMPLETED -- skipping (resume-safe)
  [ncr_ncr_K8_s0] already COMPLETED -- skipping (resume-safe)
  [ncr_ncr_K8_s0] already COMPLETED -- skipping (resume-safe)
  [ncr_ncr_K8_s0] already COMPLETED -- skipping (resume-safe)
  [ncr_ncr_K8_s0] already COMPLETED -- skipping (resume-safe)
  [ncr_ncr_K8_s0] already COMPLETED -- skipping (resume-safe)
  [ncr_ncr_K8_s0] already COMPLETED -- skipping (resume-safe)
  [ncr_ncr_K8_s0] already COMPLETED -- skipping (resume-safe)
  [ncr_ncr_K8_s0] already COMPLETED -- skipping (resume-safe)
  [ncr_ncr_K8_s0] already COMPLETED -- skipping (resume-safe)
  [ncr_ncr_K8_s0] already COMPLETED -- skipping (resume-safe)
  [ncr_ncr_K8_s0] already COMPLETED -- skipping (resume-safe)
  [ncr_ncr_K8_s0] already COMPLETED -- skipping (resume-safe)
  [ncr_ncr_K8_s0] already COMPLETED -- skipping (resume-safe)
  [ncr_ncr_K8_s0] already COMPLETED -- skipping (resume-safe)
  [ncr_ncr_K8_s0] already COMPLETED -- skipping (resume-safe)
  [ncr_ncr_K8_s0] already COMPLETED -- skipping (resume-safe)
  [ncr_ncr_K8_s0] already COMPLETED -- skipping (resume-safe)
  [ncr_ncr_K8_s0] already COMPLETED -- skipping (resume-safe)
  [ncr_ncr_K8_s0] already COMPLETED -- skipping (resume-safe)
  [ncr_ncr_K8_s0] already COMPLETED -- skipping (resume-safe)
  [ncr_ncr_K8_s0] already COMPLETED -- skipping (resume-safe)
  [ncr_ncr_K8_s0] already COMPLETED -- skipping (resume-safe)
  [ncr_ncr_K8_s0] already COMPLETED -- skipping (resume-safe)
  [ncr_ncr_K8_s0] already COMPLETED -- skipping (resume-safe)
  [ncr_ncr_K8_s0] already COMPLETED -- skipping (resume-safe)
  [ncr_ncr_K8_s0] already COMPLETED -- skipping (resume-safe)
  [ncr_ncr_K8_s0] already COMPLETED -- skipping (resume-safe)
  [ncr_ncr_K8_s0] already COMPLETED -- skipping (resume-safe)
  [ncr_ncr_K8_s0] already COMPLETED -- skipping (resume-safe)
  [ncr_ncr_K8_s0] already COMPLETED -- skipping (resume-safe)
  [ncr_ncr_K8_s0] already COMPLETED -- skipping (resume-safe)
  [ncr_ncr_K8_s0] already COMPLETED -- skipping (resume-safe)
  [ncr_ncr_K8_s0] already COMPLETED -- skipping (resume-safe)
  [ncr_ncr_K8_s0] already COMPLETED -- skipping (resume-safe)
  [ncr_ncr_K8_s0] already COMPLETED -- skipping (resume-safe)
  [ncr_ncr_K8_s0] already COMPLETED -- skipping (resume-safe)
  [ncr_ncr_K8_s0] already COMPLETED -- skipping (resume-safe)
  [ncr_ncr_K8_s0] already COMPLETED -- skipping (resume-safe)
  [ncr_ncr_K8_s0] already COMPLETED -- skipping (resume-safe)
  [ncr_ncr_K8_s0] already COMPLETED -- skipping (resume-safe)
  [ncr_ncr_K8_s0] already COMPLETED -- skipping (resume-safe)
  [ncr_ncr_K8_s0] already COMPLETED -- skipping (resume-safe)
  [ncr_ncr_K8_s0] already COMPLETED -- skipping (resume-safe)
  [ncr_ncr_K8_s0] already COMPLETED -- skipping (resume-safe)
  [ncr_ncr_K8_s0] already COMPLETED -- skipping (resume-safe)
  [ncr_ncr_K8_s0] already COMPLETED -- skipping (resume-safe)
  [ncr_ncr_K8_s0] already COMPLETED -- skipping (resume-safe)
  [ncr_ncr_K8_s0] already COMPLETED -- skipping (resume-safe)
  [ncr_ncr_K8_s0] already COMPLETED -- skipping (resume-safe)
  [ncr_ncr_K8_s0] already COMPLETED -- skipping (resume-safe)
  [ncr_ncr_K8_s0] already COMPLETED -- skipping (resume-safe)
  [ncr_ncr_K8_s0] already COMPLETED -- skipping (resume-safe)
  [ncr_ncr_K8_s0] already COMPLETED -- skipping (resume-safe)
  [ncr_ncr_K8_s0] already COMPLETED -- skipping (resume-safe)
  [ncr_ncr_K8_s0] already COMPLETED -- skipping (resume-safe)
  [ncr_ncr_K8_s0] already COMPLETED -- skipping (resume-safe)
  [ncr_ncr_K8_s0] already COMPLETED -- skipping (resume-safe)
  [ncr_ncr_K8_s0] already COMPLETED -- skipping (resume-safe)
  [ncr_ncr_K8_s0] already COMPLETED -- skipping (resume-safe)
  [ncr_ncr_K8_s0] already COMPLETED -- skipping (resume-safe)
  [ncr_ncr_K8_s0] already COMPLETED -- skipping (resume-safe)
  [ncr_ncr_K8_s0] already COMPLETED -- skipping (resume-safe)
  [ncr_ncr_K8_s0] already COMPLETED -- skipping (resume-safe)
  [ncr_ncr_K8_s0] already COMPLETED -- skipping (resume-safe)
  [ncr_ncr_K8_s0] already COMPLETED -- skipping (resume-safe)
  [ncr_ncr_K8_s0] already COMPLETED -- skipping (resume-safe)
  [ncr_ncr_K8_s0] already COMPLETED -- skipping (resume-safe)
  [ncr_ncr_K8_s0] already COMPLETED -- skipping (resume-safe)
