fatal: not a git repository (or any of the parent directories): .git
  [ncr_ncr_K12_s9] step      1  cosine_loss 0.9999  elapsed 1s
  [ncr_ncr_K12_s9] step    500  cosine_loss 0.9952  elapsed 9s
  [ncr_ncr_K12_s9] step   1000  cosine_loss 0.9953  elapsed 18s
  [ncr_ncr_K12_s9] step   1500  cosine_loss 1.0088  elapsed 27s
  [ncr_ncr_K12_s9] step   2000  cosine_loss 0.9942  elapsed 36s
  [ncr_ncr_K12_s9] step   2500  cosine_loss 1.0045  elapsed 45s
  [ncr_ncr_K12_s9] step   3000  cosine_loss 0.9964  elapsed 54s
  [ncr_ncr_K12_s9] step   3500  cosine_loss 0.9998  elapsed 63s
  [ncr_ncr_K12_s9] step   4000  cosine_loss 0.9912  elapsed 72s
  [ncr_ncr_K12_s9] step   4500  cosine_loss 0.9941  elapsed 80s
  [ncr_ncr_K12_s9] step   5000  cosine_loss 1.0020  elapsed 89s
  [ncr_ncr_K12_s9] step   5500  cosine_loss 0.9972  elapsed 98s
  [ncr_ncr_K12_s9] step   6000  cosine_loss 0.9881  elapsed 107s
  [ncr_ncr_K12_s9] step   6500  cosine_loss 1.0013  elapsed 116s
  [ncr_ncr_K12_s9] step   7000  cosine_loss 0.9932  elapsed 124s
  [ncr_ncr_K12_s9] step   7500  cosine_loss 1.0019  elapsed 133s
  [ncr_ncr_K12_s9] step   8000  cosine_loss 0.9995  elapsed 142s
  [ncr_ncr_K12_s9] step   8500  cosine_loss 1.0072  elapsed 151s
  [ncr_ncr_K12_s9] step   9000  cosine_loss 0.9980  elapsed 160s
  [ncr_ncr_K12_s9] step   9500  cosine_loss 0.9959  elapsed 168s
  [ncr_ncr_K12_s9] step  10000  cosine_loss 1.0036  elapsed 177s
  [ncr_ncr_K12_s9] step  10500  cosine_loss 0.9969  elapsed 186s
  [ncr_ncr_K12_s9] step  11000  cosine_loss 1.0038  elapsed 195s
  [ncr_ncr_K12_s9] step  11500  cosine_loss 0.9978  elapsed 204s
  [ncr_ncr_K12_s9] step  12000  cosine_loss 0.9902  elapsed 212s
  [ncr_ncr_K12_s9] step  12500  cosine_loss 1.0025  elapsed 221s
  [ncr_ncr_K12_s9] step  13000  cosine_loss 1.0011  elapsed 230s
  [ncr_ncr_K12_s9] step  13500  cosine_loss 1.0026  elapsed 239s
  [ncr_ncr_K12_s9] step  14000  cosine_loss 1.0022  elapsed 248s
  [ncr_ncr_K12_s9] step  14500  cosine_loss 0.9992  elapsed 257s
  [ncr_ncr_K12_s9] step  15000  cosine_loss 0.9879  elapsed 266s
  [ncr_ncr_K12_s9] step  15500  cosine_loss 0.9998  elapsed 274s
  [ncr_ncr_K12_s9] step  16000  cosine_loss 1.0001  elapsed 283s
  [ncr_ncr_K12_s9] step  16500  cosine_loss 0.9916  elapsed 292s
  [ncr_ncr_K12_s9] step  17000  cosine_loss 0.9945  elapsed 301s
  [ncr_ncr_K12_s9] step  17500  cosine_loss 0.9978  elapsed 309s
  [ncr_ncr_K12_s9] step  18000  cosine_loss 0.9965  elapsed 318s
  [ncr_ncr_K12_s9] step  18500  cosine_loss 0.9960  elapsed 329s
  [ncr_ncr_K12_s9] step  19000  cosine_loss 0.9999  elapsed 339s
  [ncr_ncr_K12_s9] step  19500  cosine_loss 0.9993  elapsed 349s
  [ncr_ncr_K12_s9] step  20000  cosine_loss 1.0061  elapsed 359s
  [ncr_ncr_K12_s9] step  20500  cosine_loss 0.9955  elapsed 369s
  [ncr_ncr_K12_s9] step  21000  cosine_loss 0.9909  elapsed 379s
  [ncr_ncr_K12_s9] step  21500  cosine_loss 0.9999  elapsed 388s
  [ncr_ncr_K12_s9] step  22000  cosine_loss 1.0078  elapsed 398s
  [ncr_ncr_K12_s9] step  22500  cosine_loss 0.9951  elapsed 408s
  [ncr_ncr_K12_s9] step  23000  cosine_loss 1.0003  elapsed 418s
  [ncr_ncr_K12_s9] step  23500  cosine_loss 0.9982  elapsed 427s
  [ncr_ncr_K12_s9] step  24000  cosine_loss 0.9970  elapsed 437s
  [ncr_ncr_K12_s9] step  24500  cosine_loss 0.9963  elapsed 447s
  [ncr_ncr_K12_s9] step  25000  cosine_loss 0.9912  elapsed 457s
  [ncr_ncr_K12_s9] step  25500  cosine_loss 1.0033  elapsed 466s
  [ncr_ncr_K12_s9] step  26000  cosine_loss 1.0036  elapsed 477s
  [ncr_ncr_K12_s9] step  26500  cosine_loss 1.0037  elapsed 487s
  [ncr_ncr_K12_s9] step  27000  cosine_loss 1.0105  elapsed 496s
  [ncr_ncr_K12_s9] step  27500  cosine_loss 0.9996  elapsed 506s
  [ncr_ncr_K12_s9] step  28000  cosine_loss 1.0067  elapsed 516s
  [ncr_ncr_K12_s9] step  28500  cosine_loss 1.0059  elapsed 525s
  [ncr_ncr_K12_s9] step  29000  cosine_loss 1.0102  elapsed 534s
  [ncr_ncr_K12_s9] step  29500  cosine_loss 1.0095  elapsed 543s
  [ncr_ncr_K12_s9] step  30000  cosine_loss 1.0059  elapsed 551s
  [ncr_ncr_K12_s9] step  30500  cosine_loss 1.0037  elapsed 560s
  [ncr_ncr_K12_s9] step  31000  cosine_loss 1.0049  elapsed 568s
  [ncr_ncr_K12_s9] step  31500  cosine_loss 1.0016  elapsed 577s
  [ncr_ncr_K12_s9] step  32000  cosine_loss 0.9866  elapsed 585s
  [ncr_ncr_K12_s9] step  32500  cosine_loss 1.0030  elapsed 594s
  [ncr_ncr_K12_s9] step  33000  cosine_loss 1.0032  elapsed 602s
  [ncr_ncr_K12_s9] step  33500  cosine_loss 1.0011  elapsed 611s
  [ncr_ncr_K12_s9] step  34000  cosine_loss 0.9949  elapsed 620s
  [ncr_ncr_K12_s9] step  34500  cosine_loss 0.9958  elapsed 628s
  [ncr_ncr_K12_s9] step  35000  cosine_loss 0.9983  elapsed 637s
  [ncr_ncr_K12_s9] step  35500  cosine_loss 1.0040  elapsed 646s
  [ncr_ncr_K12_s9] step  36000  cosine_loss 1.0003  elapsed 654s
  [ncr_ncr_K12_s9] step  36500  cosine_loss 1.0024  elapsed 663s
  [ncr_ncr_K12_s9] step  37000  cosine_loss 0.9985  elapsed 672s
  [ncr_ncr_K12_s9] step  37500  cosine_loss 1.0009  elapsed 680s
  [ncr_ncr_K12_s9] step  38000  cosine_loss 1.0031  elapsed 689s
  [ncr_ncr_K12_s9] step  38500  cosine_loss 0.9988  elapsed 697s
  [ncr_ncr_K12_s9] step  39000  cosine_loss 0.9915  elapsed 706s
  [ncr_ncr_K12_s9] step  39500  cosine_loss 0.9998  elapsed 714s
  [ncr_ncr_K12_s9] step  40000  cosine_loss 1.0086  elapsed 723s
  [ncr_ncr_K12_s9] step  40500  cosine_loss 0.9931  elapsed 732s
  [ncr_ncr_K12_s9] step  41000  cosine_loss 1.0000  elapsed 741s
  [ncr_ncr_K12_s9] step  41500  cosine_loss 1.0009  elapsed 749s
  [ncr_ncr_K12_s9] step  42000  cosine_loss 1.0052  elapsed 758s
  [ncr_ncr_K12_s9] step  42500  cosine_loss 0.9988  elapsed 766s
  [ncr_ncr_K12_s9] step  43000  cosine_loss 0.9926  elapsed 775s
  [ncr_ncr_K12_s9] step  43500  cosine_loss 0.9998  elapsed 783s
  [ncr_ncr_K12_s9] step  44000  cosine_loss 1.0008  elapsed 792s
  [ncr_ncr_K12_s9] step  44500  cosine_loss 0.9928  elapsed 801s
  [ncr_ncr_K12_s9] step  45000  cosine_loss 1.0020  elapsed 809s
  [ncr_ncr_K12_s9] step  45500  cosine_loss 1.0020  elapsed 818s
  [ncr_ncr_K12_s9] step  46000  cosine_loss 0.9877  elapsed 826s
  [ncr_ncr_K12_s9] step  46500  cosine_loss 0.9848  elapsed 835s
  [ncr_ncr_K12_s9] step  47000  cosine_loss 0.9931  elapsed 844s
  [ncr_ncr_K12_s9] step  47500  cosine_loss 0.9897  elapsed 852s
  [ncr_ncr_K12_s9] step  48000  cosine_loss 0.9900  elapsed 861s
  [ncr_ncr_K12_s9] step  48500  cosine_loss 0.9879  elapsed 870s
  [ncr_ncr_K12_s9] step  49000  cosine_loss 0.9933  elapsed 879s
  [ncr_ncr_K12_s9] step  49500  cosine_loss 0.9898  elapsed 887s
  [ncr_ncr_K12_s9] step  50000  cosine_loss 0.9933  elapsed 896s
  [ncr_ncr_K12_s9] step  50500  cosine_loss 0.9906  elapsed 905s
  [ncr_ncr_K12_s9] step  51000  cosine_loss 0.9875  elapsed 913s
  [ncr_ncr_K12_s9] step  51500  cosine_loss 0.9972  elapsed 922s
  [ncr_ncr_K12_s9] step  52000  cosine_loss 0.9998  elapsed 930s
  [ncr_ncr_K12_s9] step  52500  cosine_loss 0.9889  elapsed 939s
  [ncr_ncr_K12_s9] step  53000  cosine_loss 0.9952  elapsed 948s
  [ncr_ncr_K12_s9] step  53500  cosine_loss 0.9885  elapsed 956s
  [ncr_ncr_K12_s9] step  54000  cosine_loss 1.0006  elapsed 965s
  [ncr_ncr_K12_s9] step  54500  cosine_loss 0.9948  elapsed 974s
  [ncr_ncr_K12_s9] step  55000  cosine_loss 0.9902  elapsed 982s
  [ncr_ncr_K12_s9] step  55500  cosine_loss 0.9932  elapsed 991s
  [ncr_ncr_K12_s9] step  56000  cosine_loss 0.9917  elapsed 1000s
  [ncr_ncr_K12_s9] step  56500  cosine_loss 0.9938  elapsed 1008s
  [ncr_ncr_K12_s9] step  57000  cosine_loss 0.9969  elapsed 1017s
  [ncr_ncr_K12_s9] step  57500  cosine_loss 0.9933  elapsed 1026s
  [ncr_ncr_K12_s9] step  58000  cosine_loss 1.0045  elapsed 1035s
  [ncr_ncr_K12_s9] step  58500  cosine_loss 0.9989  elapsed 1043s
  [ncr_ncr_K12_s9] step  59000  cosine_loss 1.0014  elapsed 1052s
  [ncr_ncr_K12_s9] step  59500  cosine_loss 0.9939  elapsed 1061s
  [ncr_ncr_K12_s9] step  60000  cosine_loss 0.9972  elapsed 1069s
  [ncr_ncr_K12_s9] step  60500  cosine_loss 1.0050  elapsed 1078s
  [ncr_ncr_K12_s9] step  61000  cosine_loss 0.9943  elapsed 1087s
  [ncr_ncr_K12_s9] step  61500  cosine_loss 0.9985  elapsed 1096s
  [ncr_ncr_K12_s9] step  62000  cosine_loss 0.9952  elapsed 1104s
  [ncr_ncr_K12_s9] step  62500  cosine_loss 0.9862  elapsed 1113s
  [ncr_ncr_K12_s9] step  63000  cosine_loss 0.9914  elapsed 1122s
  [ncr_ncr_K12_s9] step  63500  cosine_loss 0.9883  elapsed 1131s
  [ncr_ncr_K12_s9] step  64000  cosine_loss 0.9901  elapsed 1139s
  [ncr_ncr_K12_s9] step  64500  cosine_loss 0.9890  elapsed 1148s
  [ncr_ncr_K12_s9] step  65000  cosine_loss 0.9875  elapsed 1157s
  [ncr_ncr_K12_s9] step  65500  cosine_loss 0.9983  elapsed 1166s
  [ncr_ncr_K12_s9] step  66000  cosine_loss 0.9895  elapsed 1174s
  [ncr_ncr_K12_s9] step  66500  cosine_loss 0.9967  elapsed 1183s
  [ncr_ncr_K12_s9] step  67000  cosine_loss 0.9916  elapsed 1192s
  [ncr_ncr_K12_s9] step  67500  cosine_loss 0.9867  elapsed 1200s
  [ncr_ncr_K12_s9] step  68000  cosine_loss 0.9963  elapsed 1209s
  [ncr_ncr_K12_s9] step  68500  cosine_loss 0.9968  elapsed 1218s
  [ncr_ncr_K12_s9] step  69000  cosine_loss 0.9959  elapsed 1226s
  [ncr_ncr_K12_s9] step  69500  cosine_loss 1.0032  elapsed 1235s
  [ncr_ncr_K12_s9] step  70000  cosine_loss 0.9942  elapsed 1244s
  [ncr_ncr_K12_s9] step  70500  cosine_loss 0.9871  elapsed 1252s
  [ncr_ncr_K12_s9] step  71000  cosine_loss 0.9903  elapsed 1261s
  [ncr_ncr_K12_s9] step  71500  cosine_loss 0.9840  elapsed 1270s
  [ncr_ncr_K12_s9] step  72000  cosine_loss 1.0005  elapsed 1279s
  [ncr_ncr_K12_s9] step  72500  cosine_loss 0.9925  elapsed 1287s
  [ncr_ncr_K12_s9] step  73000  cosine_loss 0.9902  elapsed 1296s
  [ncr_ncr_K12_s9] step  73500  cosine_loss 0.9977  elapsed 1305s
  [ncr_ncr_K12_s9] step  74000  cosine_loss 0.9944  elapsed 1314s
  [ncr_ncr_K12_s9] step  74500  cosine_loss 0.9950  elapsed 1322s
  [ncr_ncr_K12_s9] step  75000  cosine_loss 0.9857  elapsed 1331s
  [ncr_ncr_K12_s9] step  75500  cosine_loss 0.9988  elapsed 1340s
  [ncr_ncr_K12_s9] step  76000  cosine_loss 0.9881  elapsed 1349s
  [ncr_ncr_K12_s9] step  76500  cosine_loss 0.9941  elapsed 1357s
  [ncr_ncr_K12_s9] step  77000  cosine_loss 0.9829  elapsed 1366s
  [ncr_ncr_K12_s9] step  77500  cosine_loss 0.9866  elapsed 1375s
  [ncr_ncr_K12_s9] step  78000  cosine_loss 0.9870  elapsed 1383s
  [ncr_ncr_K12_s9] step  78500  cosine_loss 0.9918  elapsed 1392s
  [ncr_ncr_K12_s9] step  79000  cosine_loss 0.9876  elapsed 1401s
  [ncr_ncr_K12_s9] step  79500  cosine_loss 0.9839  elapsed 1410s
  [ncr_ncr_K12_s9] step  80000  cosine_loss 0.9825  elapsed 1418s
  [ncr_ncr_K12_s9] COMPLETED in 1426s -> /home/nvidia/ncr/results_k12ext/ncr_ncr_K12_s9.json
