fatal: not a git repository (or any of the parent directories): .git
  [ncr_ncr_K12_s7] step      1  cosine_loss 1.0056  elapsed 1s
  [ncr_ncr_K12_s7] step    500  cosine_loss 0.9967  elapsed 9s
  [ncr_ncr_K12_s7] step   1000  cosine_loss 0.9958  elapsed 18s
  [ncr_ncr_K12_s7] step   1500  cosine_loss 1.0017  elapsed 27s
  [ncr_ncr_K12_s7] step   2000  cosine_loss 0.9976  elapsed 37s
  [ncr_ncr_K12_s7] step   2500  cosine_loss 1.0014  elapsed 46s
  [ncr_ncr_K12_s7] step   3000  cosine_loss 1.0058  elapsed 55s
  [ncr_ncr_K12_s7] step   3500  cosine_loss 0.9924  elapsed 64s
  [ncr_ncr_K12_s7] step   4000  cosine_loss 0.9985  elapsed 73s
  [ncr_ncr_K12_s7] step   4500  cosine_loss 1.0020  elapsed 83s
  [ncr_ncr_K12_s7] step   5000  cosine_loss 1.0022  elapsed 92s
  [ncr_ncr_K12_s7] step   5500  cosine_loss 1.0020  elapsed 101s
  [ncr_ncr_K12_s7] step   6000  cosine_loss 0.9996  elapsed 110s
  [ncr_ncr_K12_s7] step   6500  cosine_loss 1.0031  elapsed 120s
  [ncr_ncr_K12_s7] step   7000  cosine_loss 1.0011  elapsed 129s
  [ncr_ncr_K12_s7] step   7500  cosine_loss 1.0028  elapsed 138s
  [ncr_ncr_K12_s7] step   8000  cosine_loss 1.0105  elapsed 147s
  [ncr_ncr_K12_s7] step   8500  cosine_loss 0.9924  elapsed 156s
  [ncr_ncr_K12_s7] step   9000  cosine_loss 0.9895  elapsed 166s
  [ncr_ncr_K12_s7] step   9500  cosine_loss 0.9887  elapsed 175s
  [ncr_ncr_K12_s7] step  10000  cosine_loss 0.9978  elapsed 184s
  [ncr_ncr_K12_s7] step  10500  cosine_loss 1.0031  elapsed 193s
  [ncr_ncr_K12_s7] step  11000  cosine_loss 0.9986  elapsed 203s
  [ncr_ncr_K12_s7] step  11500  cosine_loss 1.0039  elapsed 212s
  [ncr_ncr_K12_s7] step  12000  cosine_loss 1.0006  elapsed 221s
  [ncr_ncr_K12_s7] step  12500  cosine_loss 0.9954  elapsed 230s
  [ncr_ncr_K12_s7] step  13000  cosine_loss 0.9967  elapsed 240s
  [ncr_ncr_K12_s7] step  13500  cosine_loss 1.0032  elapsed 249s
  [ncr_ncr_K12_s7] step  14000  cosine_loss 1.0016  elapsed 258s
  [ncr_ncr_K12_s7] step  14500  cosine_loss 1.0045  elapsed 268s
  [ncr_ncr_K12_s7] step  15000  cosine_loss 0.9998  elapsed 277s
  [ncr_ncr_K12_s7] step  15500  cosine_loss 1.0002  elapsed 286s
  [ncr_ncr_K12_s7] step  16000  cosine_loss 1.0067  elapsed 295s
  [ncr_ncr_K12_s7] step  16500  cosine_loss 1.0061  elapsed 305s
  [ncr_ncr_K12_s7] step  17000  cosine_loss 1.0049  elapsed 314s
  [ncr_ncr_K12_s7] step  17500  cosine_loss 0.9995  elapsed 323s
  [ncr_ncr_K12_s7] step  18000  cosine_loss 0.9977  elapsed 333s
  [ncr_ncr_K12_s7] step  18500  cosine_loss 0.9957  elapsed 343s
  [ncr_ncr_K12_s7] step  19000  cosine_loss 1.0020  elapsed 352s
  [ncr_ncr_K12_s7] step  19500  cosine_loss 1.0029  elapsed 362s
  [ncr_ncr_K12_s7] step  20000  cosine_loss 1.0041  elapsed 371s
  [ncr_ncr_K12_s7] step  20500  cosine_loss 1.0011  elapsed 381s
  [ncr_ncr_K12_s7] step  21000  cosine_loss 1.0073  elapsed 390s
  [ncr_ncr_K12_s7] step  21500  cosine_loss 1.0003  elapsed 400s
  [ncr_ncr_K12_s7] step  22000  cosine_loss 0.9960  elapsed 409s
  [ncr_ncr_K12_s7] step  22500  cosine_loss 1.0016  elapsed 419s
  [ncr_ncr_K12_s7] step  23000  cosine_loss 1.0010  elapsed 428s
  [ncr_ncr_K12_s7] step  23500  cosine_loss 0.9961  elapsed 438s
  [ncr_ncr_K12_s7] step  24000  cosine_loss 0.9989  elapsed 447s
  [ncr_ncr_K12_s7] step  24500  cosine_loss 1.0013  elapsed 457s
  [ncr_ncr_K12_s7] step  25000  cosine_loss 1.0068  elapsed 466s
  [ncr_ncr_K12_s7] step  25500  cosine_loss 1.0013  elapsed 476s
  [ncr_ncr_K12_s7] step  26000  cosine_loss 0.9993  elapsed 486s
  [ncr_ncr_K12_s7] step  26500  cosine_loss 0.9994  elapsed 495s
  [ncr_ncr_K12_s7] step  27000  cosine_loss 0.9963  elapsed 505s
  [ncr_ncr_K12_s7] step  27500  cosine_loss 1.0011  elapsed 514s
  [ncr_ncr_K12_s7] step  28000  cosine_loss 0.9981  elapsed 524s
  [ncr_ncr_K12_s7] step  28500  cosine_loss 1.0035  elapsed 533s
  [ncr_ncr_K12_s7] step  29000  cosine_loss 0.9865  elapsed 543s
  [ncr_ncr_K12_s7] step  29500  cosine_loss 0.9958  elapsed 552s
  [ncr_ncr_K12_s7] step  30000  cosine_loss 0.9954  elapsed 561s
  [ncr_ncr_K12_s7] step  30500  cosine_loss 0.9960  elapsed 571s
  [ncr_ncr_K12_s7] step  31000  cosine_loss 0.9892  elapsed 580s
  [ncr_ncr_K12_s7] step  31500  cosine_loss 0.9989  elapsed 589s
  [ncr_ncr_K12_s7] step  32000  cosine_loss 0.9959  elapsed 599s
  [ncr_ncr_K12_s7] step  32500  cosine_loss 1.0037  elapsed 608s
  [ncr_ncr_K12_s7] step  33000  cosine_loss 1.0083  elapsed 617s
  [ncr_ncr_K12_s7] step  33500  cosine_loss 0.9928  elapsed 627s
  [ncr_ncr_K12_s7] step  34000  cosine_loss 1.0001  elapsed 636s
  [ncr_ncr_K12_s7] step  34500  cosine_loss 0.9892  elapsed 645s
  [ncr_ncr_K12_s7] step  35000  cosine_loss 0.9941  elapsed 655s
  [ncr_ncr_K12_s7] step  35500  cosine_loss 0.9922  elapsed 664s
  [ncr_ncr_K12_s7] step  36000  cosine_loss 0.9873  elapsed 673s
  [ncr_ncr_K12_s7] step  36500  cosine_loss 0.9874  elapsed 683s
  [ncr_ncr_K12_s7] step  37000  cosine_loss 0.9946  elapsed 692s
  [ncr_ncr_K12_s7] step  37500  cosine_loss 0.9882  elapsed 701s
  [ncr_ncr_K12_s7] step  38000  cosine_loss 0.9875  elapsed 711s
  [ncr_ncr_K12_s7] step  38500  cosine_loss 0.9885  elapsed 720s
  [ncr_ncr_K12_s7] step  39000  cosine_loss 0.9852  elapsed 729s
  [ncr_ncr_K12_s7] step  39500  cosine_loss 0.9815  elapsed 739s
  [ncr_ncr_K12_s7] step  40000  cosine_loss 0.9806  elapsed 748s
  [ncr_ncr_K12_s7] step  40500  cosine_loss 0.9846  elapsed 758s
  [ncr_ncr_K12_s7] step  41000  cosine_loss 0.9781  elapsed 767s
  [ncr_ncr_K12_s7] step  41500  cosine_loss 0.9725  elapsed 776s
  [ncr_ncr_K12_s7] step  42000  cosine_loss 0.9844  elapsed 786s
  [ncr_ncr_K12_s7] step  42500  cosine_loss 0.9912  elapsed 795s
  [ncr_ncr_K12_s7] step  43000  cosine_loss 0.9842  elapsed 804s
  [ncr_ncr_K12_s7] step  43500  cosine_loss 0.9802  elapsed 814s
  [ncr_ncr_K12_s7] step  44000  cosine_loss 0.9711  elapsed 823s
  [ncr_ncr_K12_s7] step  44500  cosine_loss 0.9709  elapsed 832s
  [ncr_ncr_K12_s7] step  45000  cosine_loss 0.9759  elapsed 840s
  [ncr_ncr_K12_s7] step  45500  cosine_loss 0.9746  elapsed 849s
  [ncr_ncr_K12_s7] step  46000  cosine_loss 0.9613  elapsed 858s
  [ncr_ncr_K12_s7] step  46500  cosine_loss 0.9657  elapsed 866s
  [ncr_ncr_K12_s7] step  47000  cosine_loss 0.9588  elapsed 875s
  [ncr_ncr_K12_s7] step  47500  cosine_loss 0.9512  elapsed 883s
  [ncr_ncr_K12_s7] step  48000  cosine_loss 0.9465  elapsed 892s
  [ncr_ncr_K12_s7] step  48500  cosine_loss 0.9161  elapsed 901s
  [ncr_ncr_K12_s7] step  49000  cosine_loss 0.8695  elapsed 909s
  [ncr_ncr_K12_s7] step  49500  cosine_loss 0.8268  elapsed 918s
  [ncr_ncr_K12_s7] step  50000  cosine_loss 0.7990  elapsed 927s
  [ncr_ncr_K12_s7] step  50500  cosine_loss 0.7329  elapsed 935s
  [ncr_ncr_K12_s7] step  51000  cosine_loss 0.6601  elapsed 944s
  [ncr_ncr_K12_s7] step  51500  cosine_loss 0.5477  elapsed 952s
  [ncr_ncr_K12_s7] step  52000  cosine_loss 0.4499  elapsed 961s
  [ncr_ncr_K12_s7] step  52500  cosine_loss 0.3967  elapsed 969s
  [ncr_ncr_K12_s7] step  53000  cosine_loss 0.3455  elapsed 978s
  [ncr_ncr_K12_s7] step  53500  cosine_loss 0.2895  elapsed 986s
  [ncr_ncr_K12_s7] step  54000  cosine_loss 0.2248  elapsed 995s
  [ncr_ncr_K12_s7] step  54500  cosine_loss 0.1938  elapsed 1004s
  [ncr_ncr_K12_s7] step  55000  cosine_loss 0.1606  elapsed 1012s
  [ncr_ncr_K12_s7] step  55500  cosine_loss 0.1182  elapsed 1021s
  [ncr_ncr_K12_s7] step  56000  cosine_loss 0.0998  elapsed 1030s
  [ncr_ncr_K12_s7] step  56500  cosine_loss 0.0834  elapsed 1038s
  [ncr_ncr_K12_s7] step  57000  cosine_loss 0.0475  elapsed 1047s
  [ncr_ncr_K12_s7] step  57500  cosine_loss 0.0373  elapsed 1056s
  [ncr_ncr_K12_s7] step  58000  cosine_loss 0.0316  elapsed 1064s
  [ncr_ncr_K12_s7] step  58500  cosine_loss 0.0279  elapsed 1073s
  [ncr_ncr_K12_s7] step  59000  cosine_loss 0.0258  elapsed 1082s
  [ncr_ncr_K12_s7] step  59500  cosine_loss 0.0240  elapsed 1090s
  [ncr_ncr_K12_s7] step  60000  cosine_loss 0.0222  elapsed 1099s
  [ncr_ncr_K12_s7] step  60500  cosine_loss 0.0182  elapsed 1108s
  [ncr_ncr_K12_s7] step  61000  cosine_loss 0.0160  elapsed 1116s
  [ncr_ncr_K12_s7] step  61500  cosine_loss 0.0132  elapsed 1125s
  [ncr_ncr_K12_s7] step  62000  cosine_loss 0.0116  elapsed 1133s
  [ncr_ncr_K12_s7] step  62500  cosine_loss 0.0128  elapsed 1142s
  [ncr_ncr_K12_s7] step  63000  cosine_loss 0.0098  elapsed 1151s
  [ncr_ncr_K12_s7] step  63500  cosine_loss 0.0084  elapsed 1159s
  [ncr_ncr_K12_s7] step  64000  cosine_loss 0.0125  elapsed 1168s
  [ncr_ncr_K12_s7] step  64500  cosine_loss 0.0104  elapsed 1177s
  [ncr_ncr_K12_s7] step  65000  cosine_loss 0.0078  elapsed 1185s
  [ncr_ncr_K12_s7] step  65500  cosine_loss 0.0080  elapsed 1194s
  [ncr_ncr_K12_s7] step  66000  cosine_loss 0.0068  elapsed 1202s
  [ncr_ncr_K12_s7] step  66500  cosine_loss 0.0082  elapsed 1211s
  [ncr_ncr_K12_s7] step  67000  cosine_loss 0.0054  elapsed 1219s
  [ncr_ncr_K12_s7] step  67500  cosine_loss 0.0062  elapsed 1228s
  [ncr_ncr_K12_s7] step  68000  cosine_loss 0.0048  elapsed 1236s
  [ncr_ncr_K12_s7] step  68500  cosine_loss 0.0049  elapsed 1245s
  [ncr_ncr_K12_s7] step  69000  cosine_loss 0.0049  elapsed 1254s
  [ncr_ncr_K12_s7] step  69500  cosine_loss 0.0040  elapsed 1262s
  [ncr_ncr_K12_s7] step  70000  cosine_loss 0.0036  elapsed 1271s
  [ncr_ncr_K12_s7] step  70500  cosine_loss 0.0027  elapsed 1279s
  [ncr_ncr_K12_s7] step  71000  cosine_loss 0.0023  elapsed 1288s
  [ncr_ncr_K12_s7] step  71500  cosine_loss 0.0036  elapsed 1296s
  [ncr_ncr_K12_s7] step  72000  cosine_loss 0.0036  elapsed 1305s
  [ncr_ncr_K12_s7] step  72500  cosine_loss 0.0017  elapsed 1314s
  [ncr_ncr_K12_s7] step  73000  cosine_loss 0.0026  elapsed 1322s
  [ncr_ncr_K12_s7] step  73500  cosine_loss 0.0014  elapsed 1331s
  [ncr_ncr_K12_s7] step  74000  cosine_loss 0.0013  elapsed 1340s
  [ncr_ncr_K12_s7] step  74500  cosine_loss 0.0011  elapsed 1348s
  [ncr_ncr_K12_s7] step  75000  cosine_loss 0.0013  elapsed 1357s
  [ncr_ncr_K12_s7] step  75500  cosine_loss 0.0011  elapsed 1366s
  [ncr_ncr_K12_s7] step  76000  cosine_loss 0.0012  elapsed 1374s
  [ncr_ncr_K12_s7] step  76500  cosine_loss 0.0019  elapsed 1383s
  [ncr_ncr_K12_s7] step  77000  cosine_loss 0.0013  elapsed 1392s
  [ncr_ncr_K12_s7] step  77500  cosine_loss 0.0009  elapsed 1400s
  [ncr_ncr_K12_s7] step  78000  cosine_loss 0.0009  elapsed 1409s
  [ncr_ncr_K12_s7] step  78500  cosine_loss 0.0012  elapsed 1417s
  [ncr_ncr_K12_s7] step  79000  cosine_loss 0.0007  elapsed 1426s
  [ncr_ncr_K12_s7] step  79500  cosine_loss 0.0008  elapsed 1435s
  [ncr_ncr_K12_s7] step  80000  cosine_loss 0.0007  elapsed 1443s
  [ncr_ncr_K12_s7] COMPLETED in 1451s -> /home/nvidia/ncr/results_k12ext/ncr_ncr_K12_s7.json
