fatal: not a git repository (or any of the parent directories): .git
  [ncr_ncr_K12_s8] step      1  cosine_loss 1.0150  elapsed 1s
  [ncr_ncr_K12_s8] step    500  cosine_loss 0.9955  elapsed 9s
  [ncr_ncr_K12_s8] step   1000  cosine_loss 0.9994  elapsed 18s
  [ncr_ncr_K12_s8] step   1500  cosine_loss 0.9904  elapsed 27s
  [ncr_ncr_K12_s8] step   2000  cosine_loss 1.0030  elapsed 36s
  [ncr_ncr_K12_s8] step   2500  cosine_loss 0.9974  elapsed 46s
  [ncr_ncr_K12_s8] step   3000  cosine_loss 1.0033  elapsed 55s
  [ncr_ncr_K12_s8] step   3500  cosine_loss 1.0104  elapsed 64s
  [ncr_ncr_K12_s8] step   4000  cosine_loss 1.0051  elapsed 74s
  [ncr_ncr_K12_s8] step   4500  cosine_loss 0.9948  elapsed 83s
  [ncr_ncr_K12_s8] step   5000  cosine_loss 0.9971  elapsed 93s
  [ncr_ncr_K12_s8] step   5500  cosine_loss 0.9988  elapsed 102s
  [ncr_ncr_K12_s8] step   6000  cosine_loss 1.0039  elapsed 111s
  [ncr_ncr_K12_s8] step   6500  cosine_loss 0.9946  elapsed 121s
  [ncr_ncr_K12_s8] step   7000  cosine_loss 1.0076  elapsed 130s
  [ncr_ncr_K12_s8] step   7500  cosine_loss 1.0035  elapsed 140s
  [ncr_ncr_K12_s8] step   8000  cosine_loss 0.9963  elapsed 149s
  [ncr_ncr_K12_s8] step   8500  cosine_loss 1.0024  elapsed 159s
  [ncr_ncr_K12_s8] step   9000  cosine_loss 0.9986  elapsed 168s
  [ncr_ncr_K12_s8] step   9500  cosine_loss 1.0023  elapsed 178s
  [ncr_ncr_K12_s8] step  10000  cosine_loss 0.9968  elapsed 187s
  [ncr_ncr_K12_s8] step  10500  cosine_loss 0.9928  elapsed 196s
  [ncr_ncr_K12_s8] step  11000  cosine_loss 0.9968  elapsed 206s
  [ncr_ncr_K12_s8] step  11500  cosine_loss 1.0021  elapsed 215s
  [ncr_ncr_K12_s8] step  12000  cosine_loss 0.9970  elapsed 225s
  [ncr_ncr_K12_s8] step  12500  cosine_loss 0.9995  elapsed 234s
  [ncr_ncr_K12_s8] step  13000  cosine_loss 0.9955  elapsed 244s
  [ncr_ncr_K12_s8] step  13500  cosine_loss 1.0032  elapsed 253s
  [ncr_ncr_K12_s8] step  14000  cosine_loss 1.0042  elapsed 262s
  [ncr_ncr_K12_s8] step  14500  cosine_loss 0.9924  elapsed 272s
  [ncr_ncr_K12_s8] step  15000  cosine_loss 0.9917  elapsed 281s
  [ncr_ncr_K12_s8] step  15500  cosine_loss 0.9985  elapsed 291s
  [ncr_ncr_K12_s8] step  16000  cosine_loss 1.0141  elapsed 300s
  [ncr_ncr_K12_s8] step  16500  cosine_loss 1.0022  elapsed 310s
  [ncr_ncr_K12_s8] step  17000  cosine_loss 1.0018  elapsed 319s
  [ncr_ncr_K12_s8] step  17500  cosine_loss 1.0092  elapsed 329s
  [ncr_ncr_K12_s8] step  18000  cosine_loss 1.0034  elapsed 339s
  [ncr_ncr_K12_s8] step  18500  cosine_loss 1.0063  elapsed 348s
  [ncr_ncr_K12_s8] step  19000  cosine_loss 1.0025  elapsed 358s
  [ncr_ncr_K12_s8] step  19500  cosine_loss 0.9927  elapsed 368s
  [ncr_ncr_K12_s8] step  20000  cosine_loss 1.0012  elapsed 377s
  [ncr_ncr_K12_s8] step  20500  cosine_loss 1.0016  elapsed 386s
  [ncr_ncr_K12_s8] step  21000  cosine_loss 0.9969  elapsed 396s
  [ncr_ncr_K12_s8] step  21500  cosine_loss 0.9995  elapsed 405s
  [ncr_ncr_K12_s8] step  22000  cosine_loss 1.0014  elapsed 415s
  [ncr_ncr_K12_s8] step  22500  cosine_loss 1.0049  elapsed 425s
  [ncr_ncr_K12_s8] step  23000  cosine_loss 0.9956  elapsed 434s
  [ncr_ncr_K12_s8] step  23500  cosine_loss 0.9972  elapsed 444s
  [ncr_ncr_K12_s8] step  24000  cosine_loss 1.0023  elapsed 454s
  [ncr_ncr_K12_s8] step  24500  cosine_loss 0.9963  elapsed 464s
  [ncr_ncr_K12_s8] step  25000  cosine_loss 0.9979  elapsed 473s
  [ncr_ncr_K12_s8] step  25500  cosine_loss 0.9891  elapsed 483s
  [ncr_ncr_K12_s8] step  26000  cosine_loss 0.9952  elapsed 493s
  [ncr_ncr_K12_s8] step  26500  cosine_loss 1.0053  elapsed 502s
  [ncr_ncr_K12_s8] step  27000  cosine_loss 1.0047  elapsed 512s
  [ncr_ncr_K12_s8] step  27500  cosine_loss 1.0001  elapsed 521s
  [ncr_ncr_K12_s8] step  28000  cosine_loss 1.0008  elapsed 531s
  [ncr_ncr_K12_s8] step  28500  cosine_loss 0.9974  elapsed 539s
  [ncr_ncr_K12_s8] step  29000  cosine_loss 1.0027  elapsed 548s
  [ncr_ncr_K12_s8] step  29500  cosine_loss 0.9969  elapsed 556s
  [ncr_ncr_K12_s8] step  30000  cosine_loss 0.9857  elapsed 564s
  [ncr_ncr_K12_s8] step  30500  cosine_loss 1.0006  elapsed 573s
  [ncr_ncr_K12_s8] step  31000  cosine_loss 0.9916  elapsed 581s
  [ncr_ncr_K12_s8] step  31500  cosine_loss 0.9866  elapsed 589s
  [ncr_ncr_K12_s8] step  32000  cosine_loss 0.9960  elapsed 598s
  [ncr_ncr_K12_s8] step  32500  cosine_loss 0.9870  elapsed 606s
  [ncr_ncr_K12_s8] step  33000  cosine_loss 0.9828  elapsed 614s
  [ncr_ncr_K12_s8] step  33500  cosine_loss 0.9869  elapsed 623s
  [ncr_ncr_K12_s8] step  34000  cosine_loss 0.9887  elapsed 632s
  [ncr_ncr_K12_s8] step  34500  cosine_loss 0.9841  elapsed 640s
  [ncr_ncr_K12_s8] step  35000  cosine_loss 0.9849  elapsed 649s
  [ncr_ncr_K12_s8] step  35500  cosine_loss 0.9744  elapsed 657s
  [ncr_ncr_K12_s8] step  36000  cosine_loss 0.9801  elapsed 666s
  [ncr_ncr_K12_s8] step  36500  cosine_loss 0.9768  elapsed 674s
  [ncr_ncr_K12_s8] step  37000  cosine_loss 0.9727  elapsed 683s
  [ncr_ncr_K12_s8] step  37500  cosine_loss 0.9709  elapsed 691s
  [ncr_ncr_K12_s8] step  38000  cosine_loss 0.9610  elapsed 699s
  [ncr_ncr_K12_s8] step  38500  cosine_loss 0.9670  elapsed 708s
  [ncr_ncr_K12_s8] step  39000  cosine_loss 0.9628  elapsed 716s
  [ncr_ncr_K12_s8] step  39500  cosine_loss 0.9649  elapsed 725s
  [ncr_ncr_K12_s8] step  40000  cosine_loss 0.9431  elapsed 733s
  [ncr_ncr_K12_s8] step  40500  cosine_loss 0.9431  elapsed 742s
  [ncr_ncr_K12_s8] step  41000  cosine_loss 0.9459  elapsed 750s
  [ncr_ncr_K12_s8] step  41500  cosine_loss 0.9335  elapsed 759s
  [ncr_ncr_K12_s8] step  42000  cosine_loss 0.9083  elapsed 767s
  [ncr_ncr_K12_s8] step  42500  cosine_loss 0.9029  elapsed 776s
  [ncr_ncr_K12_s8] step  43000  cosine_loss 0.8765  elapsed 784s
  [ncr_ncr_K12_s8] step  43500  cosine_loss 0.8429  elapsed 793s
  [ncr_ncr_K12_s8] step  44000  cosine_loss 0.7750  elapsed 801s
  [ncr_ncr_K12_s8] step  44500  cosine_loss 0.7191  elapsed 810s
  [ncr_ncr_K12_s8] step  45000  cosine_loss 0.6549  elapsed 818s
  [ncr_ncr_K12_s8] step  45500  cosine_loss 0.5709  elapsed 826s
  [ncr_ncr_K12_s8] step  46000  cosine_loss 0.4697  elapsed 835s
  [ncr_ncr_K12_s8] step  46500  cosine_loss 0.4162  elapsed 843s
  [ncr_ncr_K12_s8] step  47000  cosine_loss 0.3272  elapsed 852s
  [ncr_ncr_K12_s8] step  47500  cosine_loss 0.2403  elapsed 860s
  [ncr_ncr_K12_s8] step  48000  cosine_loss 0.2058  elapsed 869s
  [ncr_ncr_K12_s8] step  48500  cosine_loss 0.1318  elapsed 877s
  [ncr_ncr_K12_s8] step  49000  cosine_loss 0.0735  elapsed 886s
  [ncr_ncr_K12_s8] step  49500  cosine_loss 0.0539  elapsed 894s
  [ncr_ncr_K12_s8] step  50000  cosine_loss 0.0407  elapsed 902s
  [ncr_ncr_K12_s8] step  50500  cosine_loss 0.0345  elapsed 911s
  [ncr_ncr_K12_s8] step  51000  cosine_loss 0.0276  elapsed 919s
  [ncr_ncr_K12_s8] step  51500  cosine_loss 0.0238  elapsed 928s
  [ncr_ncr_K12_s8] step  52000  cosine_loss 0.0202  elapsed 936s
  [ncr_ncr_K12_s8] step  52500  cosine_loss 0.0174  elapsed 945s
  [ncr_ncr_K12_s8] step  53000  cosine_loss 0.0177  elapsed 953s
  [ncr_ncr_K12_s8] step  53500  cosine_loss 0.0149  elapsed 961s
  [ncr_ncr_K12_s8] step  54000  cosine_loss 0.0146  elapsed 970s
  [ncr_ncr_K12_s8] step  54500  cosine_loss 0.0146  elapsed 979s
  [ncr_ncr_K12_s8] step  55000  cosine_loss 0.0120  elapsed 987s
  [ncr_ncr_K12_s8] step  55500  cosine_loss 0.0095  elapsed 996s
  [ncr_ncr_K12_s8] step  56000  cosine_loss 0.0102  elapsed 1005s
  [ncr_ncr_K12_s8] step  56500  cosine_loss 0.0083  elapsed 1013s
  [ncr_ncr_K12_s8] step  57000  cosine_loss 0.0086  elapsed 1022s
  [ncr_ncr_K12_s8] step  57500  cosine_loss 0.0089  elapsed 1030s
  [ncr_ncr_K12_s8] step  58000  cosine_loss 0.0071  elapsed 1039s
  [ncr_ncr_K12_s8] step  58500  cosine_loss 0.0071  elapsed 1047s
  [ncr_ncr_K12_s8] step  59000  cosine_loss 0.0066  elapsed 1056s
  [ncr_ncr_K12_s8] step  59500  cosine_loss 0.0053  elapsed 1065s
  [ncr_ncr_K12_s8] step  60000  cosine_loss 0.0054  elapsed 1073s
  [ncr_ncr_K12_s8] step  60500  cosine_loss 0.0060  elapsed 1082s
  [ncr_ncr_K12_s8] step  61000  cosine_loss 0.0036  elapsed 1090s
  [ncr_ncr_K12_s8] step  61500  cosine_loss 0.0032  elapsed 1099s
  [ncr_ncr_K12_s8] step  62000  cosine_loss 0.0032  elapsed 1107s
  [ncr_ncr_K12_s8] step  62500  cosine_loss 0.0026  elapsed 1116s
  [ncr_ncr_K12_s8] step  63000  cosine_loss 0.0033  elapsed 1124s
  [ncr_ncr_K12_s8] step  63500  cosine_loss 0.0029  elapsed 1133s
  [ncr_ncr_K12_s8] step  64000  cosine_loss 0.0028  elapsed 1142s
  [ncr_ncr_K12_s8] step  64500  cosine_loss 0.0026  elapsed 1150s
  [ncr_ncr_K12_s8] step  65000  cosine_loss 0.0023  elapsed 1159s
  [ncr_ncr_K12_s8] step  65500  cosine_loss 0.0018  elapsed 1168s
  [ncr_ncr_K12_s8] step  66000  cosine_loss 0.0020  elapsed 1176s
  [ncr_ncr_K12_s8] step  66500  cosine_loss 0.0018  elapsed 1185s
  [ncr_ncr_K12_s8] step  67000  cosine_loss 0.0016  elapsed 1194s
  [ncr_ncr_K12_s8] step  67500  cosine_loss 0.0020  elapsed 1202s
  [ncr_ncr_K12_s8] step  68000  cosine_loss 0.0016  elapsed 1211s
  [ncr_ncr_K12_s8] step  68500  cosine_loss 0.0014  elapsed 1219s
  [ncr_ncr_K12_s8] step  69000  cosine_loss 0.0010  elapsed 1228s
  [ncr_ncr_K12_s8] step  69500  cosine_loss 0.0015  elapsed 1236s
  [ncr_ncr_K12_s8] step  70000  cosine_loss 0.0011  elapsed 1245s
  [ncr_ncr_K12_s8] step  70500  cosine_loss 0.0013  elapsed 1253s
  [ncr_ncr_K12_s8] step  71000  cosine_loss 0.0011  elapsed 1262s
  [ncr_ncr_K12_s8] step  71500  cosine_loss 0.0011  elapsed 1271s
  [ncr_ncr_K12_s8] step  72000  cosine_loss 0.0012  elapsed 1279s
  [ncr_ncr_K12_s8] step  72500  cosine_loss 0.0009  elapsed 1288s
  [ncr_ncr_K12_s8] step  73000  cosine_loss 0.0010  elapsed 1296s
  [ncr_ncr_K12_s8] step  73500  cosine_loss 0.0008  elapsed 1305s
  [ncr_ncr_K12_s8] step  74000  cosine_loss 0.0009  elapsed 1313s
  [ncr_ncr_K12_s8] step  74500  cosine_loss 0.0009  elapsed 1322s
  [ncr_ncr_K12_s8] step  75000  cosine_loss 0.0008  elapsed 1331s
  [ncr_ncr_K12_s8] step  75500  cosine_loss 0.0007  elapsed 1339s
  [ncr_ncr_K12_s8] step  76000  cosine_loss 0.0008  elapsed 1348s
  [ncr_ncr_K12_s8] step  76500  cosine_loss 0.0009  elapsed 1356s
  [ncr_ncr_K12_s8] step  77000  cosine_loss 0.0009  elapsed 1365s
  [ncr_ncr_K12_s8] step  77500  cosine_loss 0.0009  elapsed 1373s
  [ncr_ncr_K12_s8] step  78000  cosine_loss 0.0007  elapsed 1382s
  [ncr_ncr_K12_s8] step  78500  cosine_loss 0.0006  elapsed 1391s
  [ncr_ncr_K12_s8] step  79000  cosine_loss 0.0007  elapsed 1399s
  [ncr_ncr_K12_s8] step  79500  cosine_loss 0.0006  elapsed 1408s
  [ncr_ncr_K12_s8] step  80000  cosine_loss 0.0007  elapsed 1416s
  [ncr_ncr_K12_s8] COMPLETED in 1424s -> /home/nvidia/ncr/results_k12ext/ncr_ncr_K12_s8.json
