fatal: not a git repository (or any of the parent directories): .git
  [ncr_ncr_K12_s6] step      1  cosine_loss 0.9970  elapsed 1s
  [ncr_ncr_K12_s6] step    500  cosine_loss 0.9983  elapsed 8s
  [ncr_ncr_K12_s6] step   1000  cosine_loss 1.0064  elapsed 17s
  [ncr_ncr_K12_s6] step   1500  cosine_loss 0.9946  elapsed 25s
  [ncr_ncr_K12_s6] step   2000  cosine_loss 0.9940  elapsed 33s
  [ncr_ncr_K12_s6] step   2500  cosine_loss 0.9927  elapsed 43s
  [ncr_ncr_K12_s6] step   3000  cosine_loss 0.9996  elapsed 53s
  [ncr_ncr_K12_s6] step   3500  cosine_loss 0.9998  elapsed 63s
  [ncr_ncr_K12_s6] step   4000  cosine_loss 0.9988  elapsed 74s
  [ncr_ncr_K12_s6] step   4500  cosine_loss 1.0020  elapsed 84s
  [ncr_ncr_K12_s6] step   5000  cosine_loss 0.9961  elapsed 94s
  [ncr_ncr_K12_s6] step   5500  cosine_loss 1.0040  elapsed 104s
  [ncr_ncr_K12_s6] step   6000  cosine_loss 0.9989  elapsed 114s
  [ncr_ncr_K12_s6] step   6500  cosine_loss 0.9955  elapsed 124s
  [ncr_ncr_K12_s6] step   7000  cosine_loss 1.0029  elapsed 134s
  [ncr_ncr_K12_s6] step   7500  cosine_loss 1.0010  elapsed 144s
  [ncr_ncr_K12_s6] step   8000  cosine_loss 1.0023  elapsed 154s
  [ncr_ncr_K12_s6] step   8500  cosine_loss 0.9986  elapsed 165s
  [ncr_ncr_K12_s6] step   9000  cosine_loss 1.0097  elapsed 175s
  [ncr_ncr_K12_s6] step   9500  cosine_loss 1.0050  elapsed 185s
  [ncr_ncr_K12_s6] step  10000  cosine_loss 0.9986  elapsed 195s
  [ncr_ncr_K12_s6] step  10500  cosine_loss 0.9983  elapsed 205s
  [ncr_ncr_K12_s6] step  11000  cosine_loss 0.9988  elapsed 215s
  [ncr_ncr_K12_s6] step  11500  cosine_loss 0.9997  elapsed 225s
  [ncr_ncr_K12_s6] step  12000  cosine_loss 1.0041  elapsed 235s
  [ncr_ncr_K12_s6] step  12500  cosine_loss 1.0034  elapsed 245s
  [ncr_ncr_K12_s6] step  13000  cosine_loss 1.0007  elapsed 255s
  [ncr_ncr_K12_s6] step  13500  cosine_loss 1.0006  elapsed 265s
  [ncr_ncr_K12_s6] step  14000  cosine_loss 1.0008  elapsed 275s
  [ncr_ncr_K12_s6] step  14500  cosine_loss 0.9996  elapsed 285s
  [ncr_ncr_K12_s6] step  15000  cosine_loss 1.0022  elapsed 296s
  [ncr_ncr_K12_s6] step  15500  cosine_loss 0.9978  elapsed 306s
  [ncr_ncr_K12_s6] step  16000  cosine_loss 1.0056  elapsed 316s
  [ncr_ncr_K12_s6] step  16500  cosine_loss 1.0035  elapsed 326s
  [ncr_ncr_K12_s6] step  17000  cosine_loss 0.9942  elapsed 336s
  [ncr_ncr_K12_s6] step  17500  cosine_loss 0.9893  elapsed 347s
  [ncr_ncr_K12_s6] step  18000  cosine_loss 0.9963  elapsed 357s
  [ncr_ncr_K12_s6] step  18500  cosine_loss 0.9910  elapsed 367s
  [ncr_ncr_K12_s6] step  19000  cosine_loss 0.9964  elapsed 378s
  [ncr_ncr_K12_s6] step  19500  cosine_loss 1.0074  elapsed 388s
  [ncr_ncr_K12_s6] step  20000  cosine_loss 0.9968  elapsed 398s
  [ncr_ncr_K12_s6] step  20500  cosine_loss 0.9961  elapsed 409s
  [ncr_ncr_K12_s6] step  21000  cosine_loss 1.0048  elapsed 419s
  [ncr_ncr_K12_s6] step  21500  cosine_loss 0.9973  elapsed 429s
  [ncr_ncr_K12_s6] step  22000  cosine_loss 0.9986  elapsed 440s
  [ncr_ncr_K12_s6] step  22500  cosine_loss 1.0020  elapsed 450s
  [ncr_ncr_K12_s6] step  23000  cosine_loss 1.0019  elapsed 461s
  [ncr_ncr_K12_s6] step  23500  cosine_loss 1.0009  elapsed 471s
  [ncr_ncr_K12_s6] step  24000  cosine_loss 0.9969  elapsed 482s
  [ncr_ncr_K12_s6] step  24500  cosine_loss 1.0037  elapsed 492s
  [ncr_ncr_K12_s6] step  25000  cosine_loss 0.9997  elapsed 502s
  [ncr_ncr_K12_s6] step  25500  cosine_loss 1.0002  elapsed 512s
  [ncr_ncr_K12_s6] step  26000  cosine_loss 0.9942  elapsed 523s
  [ncr_ncr_K12_s6] step  26500  cosine_loss 1.0041  elapsed 533s
  [ncr_ncr_K12_s6] step  27000  cosine_loss 1.0000  elapsed 543s
  [ncr_ncr_K12_s6] step  27500  cosine_loss 0.9954  elapsed 553s
  [ncr_ncr_K12_s6] step  28000  cosine_loss 1.0047  elapsed 563s
  [ncr_ncr_K12_s6] step  28500  cosine_loss 1.0047  elapsed 573s
  [ncr_ncr_K12_s6] step  29000  cosine_loss 0.9926  elapsed 583s
  [ncr_ncr_K12_s6] step  29500  cosine_loss 0.9965  elapsed 593s
  [ncr_ncr_K12_s6] step  30000  cosine_loss 0.9947  elapsed 603s
  [ncr_ncr_K12_s6] step  30500  cosine_loss 0.9956  elapsed 613s
  [ncr_ncr_K12_s6] step  31000  cosine_loss 0.9892  elapsed 623s
  [ncr_ncr_K12_s6] step  31500  cosine_loss 0.9933  elapsed 633s
  [ncr_ncr_K12_s6] step  32000  cosine_loss 0.9925  elapsed 644s
  [ncr_ncr_K12_s6] step  32500  cosine_loss 0.9980  elapsed 654s
  [ncr_ncr_K12_s6] step  33000  cosine_loss 0.9989  elapsed 664s
  [ncr_ncr_K12_s6] step  33500  cosine_loss 0.9965  elapsed 674s
  [ncr_ncr_K12_s6] step  34000  cosine_loss 0.9901  elapsed 684s
  [ncr_ncr_K12_s6] step  34500  cosine_loss 0.9785  elapsed 694s
  [ncr_ncr_K12_s6] step  35000  cosine_loss 0.9864  elapsed 704s
  [ncr_ncr_K12_s6] step  35500  cosine_loss 0.9764  elapsed 714s
  [ncr_ncr_K12_s6] step  36000  cosine_loss 0.9812  elapsed 724s
  [ncr_ncr_K12_s6] step  36500  cosine_loss 0.9762  elapsed 734s
  [ncr_ncr_K12_s6] step  37000  cosine_loss 0.9836  elapsed 744s
  [ncr_ncr_K12_s6] step  37500  cosine_loss 0.9730  elapsed 754s
  [ncr_ncr_K12_s6] step  38000  cosine_loss 0.9712  elapsed 764s
  [ncr_ncr_K12_s6] step  38500  cosine_loss 0.9706  elapsed 774s
  [ncr_ncr_K12_s6] step  39000  cosine_loss 0.9609  elapsed 784s
  [ncr_ncr_K12_s6] step  39500  cosine_loss 0.9562  elapsed 795s
  [ncr_ncr_K12_s6] step  40000  cosine_loss 0.9547  elapsed 805s
  [ncr_ncr_K12_s6] step  40500  cosine_loss 0.9547  elapsed 815s
  [ncr_ncr_K12_s6] step  41000  cosine_loss 0.9429  elapsed 825s
  [ncr_ncr_K12_s6] step  41500  cosine_loss 0.9474  elapsed 835s
  [ncr_ncr_K12_s6] step  42000  cosine_loss 0.9351  elapsed 845s
  [ncr_ncr_K12_s6] step  42500  cosine_loss 0.9278  elapsed 855s
  [ncr_ncr_K12_s6] step  43000  cosine_loss 0.9107  elapsed 865s
  [ncr_ncr_K12_s6] step  43500  cosine_loss 0.8926  elapsed 875s
  [ncr_ncr_K12_s6] step  44000  cosine_loss 0.8755  elapsed 885s
  [ncr_ncr_K12_s6] step  44500  cosine_loss 0.8493  elapsed 895s
  [ncr_ncr_K12_s6] step  45000  cosine_loss 0.8207  elapsed 905s
  [ncr_ncr_K12_s6] step  45500  cosine_loss 0.7739  elapsed 916s
  [ncr_ncr_K12_s6] step  46000  cosine_loss 0.7086  elapsed 926s
  [ncr_ncr_K12_s6] step  46500  cosine_loss 0.6630  elapsed 936s
  [ncr_ncr_K12_s6] step  47000  cosine_loss 0.6105  elapsed 946s
  [ncr_ncr_K12_s6] step  47500  cosine_loss 0.5289  elapsed 956s
  [ncr_ncr_K12_s6] step  48000  cosine_loss 0.4568  elapsed 966s
  [ncr_ncr_K12_s6] step  48500  cosine_loss 0.3912  elapsed 976s
  [ncr_ncr_K12_s6] step  49000  cosine_loss 0.3609  elapsed 986s
  [ncr_ncr_K12_s6] step  49500  cosine_loss 0.2899  elapsed 996s
  [ncr_ncr_K12_s6] step  50000  cosine_loss 0.2339  elapsed 1006s
  [ncr_ncr_K12_s6] step  50500  cosine_loss 0.1779  elapsed 1016s
  [ncr_ncr_K12_s6] step  51000  cosine_loss 0.1271  elapsed 1026s
  [ncr_ncr_K12_s6] step  51500  cosine_loss 0.1046  elapsed 1036s
  [ncr_ncr_K12_s6] step  52000  cosine_loss 0.0645  elapsed 1046s
  [ncr_ncr_K12_s6] step  52500  cosine_loss 0.0465  elapsed 1056s
  [ncr_ncr_K12_s6] step  53000  cosine_loss 0.0330  elapsed 1066s
  [ncr_ncr_K12_s6] step  53500  cosine_loss 0.0364  elapsed 1076s
  [ncr_ncr_K12_s6] step  54000  cosine_loss 0.0258  elapsed 1087s
  [ncr_ncr_K12_s6] step  54500  cosine_loss 0.0223  elapsed 1097s
  [ncr_ncr_K12_s6] step  55000  cosine_loss 0.0183  elapsed 1107s
  [ncr_ncr_K12_s6] step  55500  cosine_loss 0.0174  elapsed 1117s
  [ncr_ncr_K12_s6] step  56000  cosine_loss 0.0152  elapsed 1127s
  [ncr_ncr_K12_s6] step  56500  cosine_loss 0.0179  elapsed 1137s
  [ncr_ncr_K12_s6] step  57000  cosine_loss 0.0145  elapsed 1147s
  [ncr_ncr_K12_s6] step  57500  cosine_loss 0.0113  elapsed 1157s
  [ncr_ncr_K12_s6] step  58000  cosine_loss 0.0108  elapsed 1167s
  [ncr_ncr_K12_s6] step  58500  cosine_loss 0.0105  elapsed 1177s
  [ncr_ncr_K12_s6] step  59000  cosine_loss 0.0088  elapsed 1187s
  [ncr_ncr_K12_s6] step  59500  cosine_loss 0.0102  elapsed 1197s
  [ncr_ncr_K12_s6] step  60000  cosine_loss 0.0071  elapsed 1207s
  [ncr_ncr_K12_s6] step  60500  cosine_loss 0.0071  elapsed 1217s
  [ncr_ncr_K12_s6] step  61000  cosine_loss 0.0068  elapsed 1227s
  [ncr_ncr_K12_s6] step  61500  cosine_loss 0.0064  elapsed 1238s
  [ncr_ncr_K12_s6] step  62000  cosine_loss 0.0062  elapsed 1248s
  [ncr_ncr_K12_s6] step  62500  cosine_loss 0.0058  elapsed 1258s
  [ncr_ncr_K12_s6] step  63000  cosine_loss 0.0050  elapsed 1268s
  [ncr_ncr_K12_s6] step  63500  cosine_loss 0.0040  elapsed 1278s
  [ncr_ncr_K12_s6] step  64000  cosine_loss 0.0036  elapsed 1288s
  [ncr_ncr_K12_s6] step  64500  cosine_loss 0.0043  elapsed 1298s
  [ncr_ncr_K12_s6] step  65000  cosine_loss 0.0028  elapsed 1308s
  [ncr_ncr_K12_s6] step  65500  cosine_loss 0.0022  elapsed 1318s
  [ncr_ncr_K12_s6] step  66000  cosine_loss 0.0027  elapsed 1328s
  [ncr_ncr_K12_s6] step  66500  cosine_loss 0.0027  elapsed 1339s
  [ncr_ncr_K12_s6] step  67000  cosine_loss 0.0019  elapsed 1349s
  [ncr_ncr_K12_s6] step  67500  cosine_loss 0.0038  elapsed 1359s
  [ncr_ncr_K12_s6] step  68000  cosine_loss 0.0013  elapsed 1368s
  [ncr_ncr_K12_s6] step  68500  cosine_loss 0.0012  elapsed 1379s
  [ncr_ncr_K12_s6] step  69000  cosine_loss 0.0015  elapsed 1389s
  [ncr_ncr_K12_s6] step  69500  cosine_loss 0.0012  elapsed 1399s
  [ncr_ncr_K12_s6] step  70000  cosine_loss 0.0010  elapsed 1409s
  [ncr_ncr_K12_s6] step  70500  cosine_loss 0.0008  elapsed 1419s
  [ncr_ncr_K12_s6] step  71000  cosine_loss 0.0012  elapsed 1429s
  [ncr_ncr_K12_s6] step  71500  cosine_loss 0.0009  elapsed 1439s
  [ncr_ncr_K12_s6] step  72000  cosine_loss 0.0009  elapsed 1449s
  [ncr_ncr_K12_s6] step  72500  cosine_loss 0.0006  elapsed 1459s
  [ncr_ncr_K12_s6] step  73000  cosine_loss 0.0006  elapsed 1469s
  [ncr_ncr_K12_s6] step  73500  cosine_loss 0.0006  elapsed 1479s
  [ncr_ncr_K12_s6] step  74000  cosine_loss 0.0009  elapsed 1489s
  [ncr_ncr_K12_s6] step  74500  cosine_loss 0.0006  elapsed 1499s
  [ncr_ncr_K12_s6] step  75000  cosine_loss 0.0006  elapsed 1509s
  [ncr_ncr_K12_s6] step  75500  cosine_loss 0.0004  elapsed 1519s
  [ncr_ncr_K12_s6] step  76000  cosine_loss 0.0005  elapsed 1529s
  [ncr_ncr_K12_s6] step  76500  cosine_loss 0.0007  elapsed 1539s
  [ncr_ncr_K12_s6] step  77000  cosine_loss 0.0006  elapsed 1549s
  [ncr_ncr_K12_s6] step  77500  cosine_loss 0.0004  elapsed 1559s
  [ncr_ncr_K12_s6] step  78000  cosine_loss 0.0004  elapsed 1569s
  [ncr_ncr_K12_s6] step  78500  cosine_loss 0.0003  elapsed 1579s
  [ncr_ncr_K12_s6] step  79000  cosine_loss 0.0005  elapsed 1589s
  [ncr_ncr_K12_s6] step  79500  cosine_loss 0.0005  elapsed 1599s
  [ncr_ncr_K12_s6] step  80000  cosine_loss 0.0003  elapsed 1609s
  [ncr_ncr_K12_s6] COMPLETED in 1618s -> /home/nvidia/ncr/results_k12ext/ncr_ncr_K12_s6.json
