fatal: not a git repository (or any of the parent directories): .git
  [ncr_ncr_K12_s5] step      1  cosine_loss 1.0054  elapsed 1s
  [ncr_ncr_K12_s5] step    500  cosine_loss 1.0039  elapsed 9s
  [ncr_ncr_K12_s5] step   1000  cosine_loss 1.0009  elapsed 17s
  [ncr_ncr_K12_s5] step   1500  cosine_loss 0.9970  elapsed 26s
  [ncr_ncr_K12_s5] step   2000  cosine_loss 1.0043  elapsed 34s
  [ncr_ncr_K12_s5] step   2500  cosine_loss 0.9908  elapsed 42s
  [ncr_ncr_K12_s5] step   3000  cosine_loss 0.9972  elapsed 51s
  [ncr_ncr_K12_s5] step   3500  cosine_loss 0.9953  elapsed 59s
  [ncr_ncr_K12_s5] step   4000  cosine_loss 0.9930  elapsed 67s
  [ncr_ncr_K12_s5] step   4500  cosine_loss 1.0021  elapsed 76s
  [ncr_ncr_K12_s5] step   5000  cosine_loss 1.0045  elapsed 84s
  [ncr_ncr_K12_s5] step   5500  cosine_loss 0.9940  elapsed 92s
  [ncr_ncr_K12_s5] step   6000  cosine_loss 1.0057  elapsed 101s
  [ncr_ncr_K12_s5] step   6500  cosine_loss 0.9941  elapsed 109s
  [ncr_ncr_K12_s5] step   7000  cosine_loss 0.9987  elapsed 117s
  [ncr_ncr_K12_s5] step   7500  cosine_loss 1.0019  elapsed 126s
  [ncr_ncr_K12_s5] step   8000  cosine_loss 1.0012  elapsed 134s
  [ncr_ncr_K12_s5] step   8500  cosine_loss 0.9977  elapsed 142s
  [ncr_ncr_K12_s5] step   9000  cosine_loss 1.0004  elapsed 150s
  [ncr_ncr_K12_s5] step   9500  cosine_loss 0.9938  elapsed 158s
  [ncr_ncr_K12_s5] step  10000  cosine_loss 1.0087  elapsed 167s
  [ncr_ncr_K12_s5] step  10500  cosine_loss 1.0070  elapsed 175s
  [ncr_ncr_K12_s5] step  11000  cosine_loss 0.9935  elapsed 183s
  [ncr_ncr_K12_s5] step  11500  cosine_loss 1.0022  elapsed 192s
  [ncr_ncr_K12_s5] step  12000  cosine_loss 1.0063  elapsed 200s
  [ncr_ncr_K12_s5] step  12500  cosine_loss 1.0038  elapsed 208s
  [ncr_ncr_K12_s5] step  13000  cosine_loss 1.0011  elapsed 216s
  [ncr_ncr_K12_s5] step  13500  cosine_loss 1.0034  elapsed 225s
  [ncr_ncr_K12_s5] step  14000  cosine_loss 0.9949  elapsed 233s
  [ncr_ncr_K12_s5] step  14500  cosine_loss 1.0122  elapsed 241s
  [ncr_ncr_K12_s5] step  15000  cosine_loss 1.0034  elapsed 250s
  [ncr_ncr_K12_s5] step  15500  cosine_loss 0.9983  elapsed 258s
  [ncr_ncr_K12_s5] step  16000  cosine_loss 0.9915  elapsed 266s
  [ncr_ncr_K12_s5] step  16500  cosine_loss 1.0035  elapsed 275s
  [ncr_ncr_K12_s5] step  17000  cosine_loss 0.9937  elapsed 283s
  [ncr_ncr_K12_s5] step  17500  cosine_loss 0.9949  elapsed 291s
  [ncr_ncr_K12_s5] step  18000  cosine_loss 1.0033  elapsed 299s
  [ncr_ncr_K12_s5] step  18500  cosine_loss 0.9994  elapsed 308s
  [ncr_ncr_K12_s5] step  19000  cosine_loss 1.0029  elapsed 316s
  [ncr_ncr_K12_s5] step  19500  cosine_loss 1.0100  elapsed 325s
  [ncr_ncr_K12_s5] step  20000  cosine_loss 1.0063  elapsed 337s
  [ncr_ncr_K12_s5] step  20500  cosine_loss 0.9870  elapsed 347s
  [ncr_ncr_K12_s5] step  21000  cosine_loss 0.9940  elapsed 358s
  [ncr_ncr_K12_s5] step  21500  cosine_loss 1.0067  elapsed 368s
  [ncr_ncr_K12_s5] step  22000  cosine_loss 0.9922  elapsed 378s
  [ncr_ncr_K12_s5] step  22500  cosine_loss 0.9941  elapsed 388s
  [ncr_ncr_K12_s5] step  23000  cosine_loss 1.0043  elapsed 398s
  [ncr_ncr_K12_s5] step  23500  cosine_loss 1.0083  elapsed 409s
  [ncr_ncr_K12_s5] step  24000  cosine_loss 1.0009  elapsed 419s
  [ncr_ncr_K12_s5] step  24500  cosine_loss 0.9999  elapsed 429s
  [ncr_ncr_K12_s5] step  25000  cosine_loss 0.9939  elapsed 440s
  [ncr_ncr_K12_s5] step  25500  cosine_loss 1.0039  elapsed 450s
  [ncr_ncr_K12_s5] step  26000  cosine_loss 1.0046  elapsed 460s
  [ncr_ncr_K12_s5] step  26500  cosine_loss 1.0020  elapsed 470s
  [ncr_ncr_K12_s5] step  27000  cosine_loss 1.0087  elapsed 481s
  [ncr_ncr_K12_s5] step  27500  cosine_loss 0.9909  elapsed 491s
  [ncr_ncr_K12_s5] step  28000  cosine_loss 0.9992  elapsed 501s
  [ncr_ncr_K12_s5] step  28500  cosine_loss 1.0051  elapsed 511s
  [ncr_ncr_K12_s5] step  29000  cosine_loss 0.9976  elapsed 521s
  [ncr_ncr_K12_s5] step  29500  cosine_loss 1.0052  elapsed 532s
  [ncr_ncr_K12_s5] step  30000  cosine_loss 1.0013  elapsed 542s
  [ncr_ncr_K12_s5] step  30500  cosine_loss 0.9978  elapsed 552s
  [ncr_ncr_K12_s5] step  31000  cosine_loss 0.9958  elapsed 562s
  [ncr_ncr_K12_s5] step  31500  cosine_loss 0.9920  elapsed 572s
  [ncr_ncr_K12_s5] step  32000  cosine_loss 1.0029  elapsed 582s
  [ncr_ncr_K12_s5] step  32500  cosine_loss 1.0027  elapsed 592s
  [ncr_ncr_K12_s5] step  33000  cosine_loss 0.9985  elapsed 602s
  [ncr_ncr_K12_s5] step  33500  cosine_loss 0.9934  elapsed 612s
  [ncr_ncr_K12_s5] step  34000  cosine_loss 0.9954  elapsed 622s
  [ncr_ncr_K12_s5] step  34500  cosine_loss 0.9962  elapsed 632s
  [ncr_ncr_K12_s5] step  35000  cosine_loss 0.9955  elapsed 642s
  [ncr_ncr_K12_s5] step  35500  cosine_loss 0.9896  elapsed 652s
  [ncr_ncr_K12_s5] step  36000  cosine_loss 0.9918  elapsed 662s
  [ncr_ncr_K12_s5] step  36500  cosine_loss 0.9995  elapsed 672s
  [ncr_ncr_K12_s5] step  37000  cosine_loss 0.9882  elapsed 682s
  [ncr_ncr_K12_s5] step  37500  cosine_loss 0.9972  elapsed 692s
  [ncr_ncr_K12_s5] step  38000  cosine_loss 0.9757  elapsed 702s
  [ncr_ncr_K12_s5] step  38500  cosine_loss 0.9832  elapsed 712s
  [ncr_ncr_K12_s5] step  39000  cosine_loss 0.9844  elapsed 722s
  [ncr_ncr_K12_s5] step  39500  cosine_loss 0.9915  elapsed 732s
  [ncr_ncr_K12_s5] step  40000  cosine_loss 0.9772  elapsed 742s
  [ncr_ncr_K12_s5] step  40500  cosine_loss 0.9800  elapsed 752s
  [ncr_ncr_K12_s5] step  41000  cosine_loss 0.9771  elapsed 762s
  [ncr_ncr_K12_s5] step  41500  cosine_loss 0.9768  elapsed 772s
  [ncr_ncr_K12_s5] step  42000  cosine_loss 0.9616  elapsed 782s
  [ncr_ncr_K12_s5] step  42500  cosine_loss 0.9631  elapsed 792s
  [ncr_ncr_K12_s5] step  43000  cosine_loss 0.9649  elapsed 802s
  [ncr_ncr_K12_s5] step  43500  cosine_loss 0.9560  elapsed 812s
  [ncr_ncr_K12_s5] step  44000  cosine_loss 0.9428  elapsed 822s
  [ncr_ncr_K12_s5] step  44500  cosine_loss 0.9486  elapsed 832s
  [ncr_ncr_K12_s5] step  45000  cosine_loss 0.9094  elapsed 842s
  [ncr_ncr_K12_s5] step  45500  cosine_loss 0.9120  elapsed 852s
  [ncr_ncr_K12_s5] step  46000  cosine_loss 0.8646  elapsed 862s
  [ncr_ncr_K12_s5] step  46500  cosine_loss 0.7931  elapsed 872s
  [ncr_ncr_K12_s5] step  47000  cosine_loss 0.7175  elapsed 882s
  [ncr_ncr_K12_s5] step  47500  cosine_loss 0.6168  elapsed 892s
  [ncr_ncr_K12_s5] step  48000  cosine_loss 0.4952  elapsed 902s
  [ncr_ncr_K12_s5] step  48500  cosine_loss 0.3283  elapsed 912s
  [ncr_ncr_K12_s5] step  49000  cosine_loss 0.2305  elapsed 922s
  [ncr_ncr_K12_s5] step  49500  cosine_loss 0.1545  elapsed 932s
  [ncr_ncr_K12_s5] step  50000  cosine_loss 0.0921  elapsed 942s
  [ncr_ncr_K12_s5] step  50500  cosine_loss 0.0464  elapsed 952s
  [ncr_ncr_K12_s5] step  51000  cosine_loss 0.0278  elapsed 962s
  [ncr_ncr_K12_s5] step  51500  cosine_loss 0.0181  elapsed 972s
  [ncr_ncr_K12_s5] step  52000  cosine_loss 0.0119  elapsed 982s
  [ncr_ncr_K12_s5] step  52500  cosine_loss 0.0069  elapsed 992s
  [ncr_ncr_K12_s5] step  53000  cosine_loss 0.0060  elapsed 1002s
  [ncr_ncr_K12_s5] step  53500  cosine_loss 0.0046  elapsed 1013s
  [ncr_ncr_K12_s5] step  54000  cosine_loss 0.0040  elapsed 1023s
  [ncr_ncr_K12_s5] step  54500  cosine_loss 0.0035  elapsed 1033s
  [ncr_ncr_K12_s5] step  55000  cosine_loss 0.0014  elapsed 1043s
  [ncr_ncr_K12_s5] step  55500  cosine_loss 0.0021  elapsed 1053s
  [ncr_ncr_K12_s5] step  56000  cosine_loss 0.0018  elapsed 1063s
  [ncr_ncr_K12_s5] step  56500  cosine_loss 0.0014  elapsed 1073s
  [ncr_ncr_K12_s5] step  57000  cosine_loss 0.0008  elapsed 1083s
  [ncr_ncr_K12_s5] step  57500  cosine_loss 0.0006  elapsed 1093s
  [ncr_ncr_K12_s5] step  58000  cosine_loss 0.0007  elapsed 1103s
  [ncr_ncr_K12_s5] step  58500  cosine_loss 0.0007  elapsed 1113s
  [ncr_ncr_K12_s5] step  59000  cosine_loss 0.0006  elapsed 1123s
  [ncr_ncr_K12_s5] step  59500  cosine_loss 0.0005  elapsed 1133s
  [ncr_ncr_K12_s5] step  60000  cosine_loss 0.0004  elapsed 1143s
  [ncr_ncr_K12_s5] step  60500  cosine_loss 0.0007  elapsed 1153s
  [ncr_ncr_K12_s5] step  61000  cosine_loss 0.0008  elapsed 1163s
  [ncr_ncr_K12_s5] step  61500  cosine_loss 0.0005  elapsed 1173s
  [ncr_ncr_K12_s5] step  62000  cosine_loss 0.0006  elapsed 1183s
  [ncr_ncr_K12_s5] step  62500  cosine_loss 0.0005  elapsed 1193s
  [ncr_ncr_K12_s5] step  63000  cosine_loss 0.0005  elapsed 1203s
  [ncr_ncr_K12_s5] step  63500  cosine_loss 0.0003  elapsed 1213s
  [ncr_ncr_K12_s5] step  64000  cosine_loss 0.0005  elapsed 1223s
  [ncr_ncr_K12_s5] step  64500  cosine_loss 0.0003  elapsed 1233s
  [ncr_ncr_K12_s5] step  65000  cosine_loss 0.0003  elapsed 1243s
  [ncr_ncr_K12_s5] step  65500  cosine_loss 0.0004  elapsed 1253s
  [ncr_ncr_K12_s5] step  66000  cosine_loss 0.0009  elapsed 1263s
  [ncr_ncr_K12_s5] step  66500  cosine_loss 0.0003  elapsed 1273s
  [ncr_ncr_K12_s5] step  67000  cosine_loss 0.0004  elapsed 1283s
  [ncr_ncr_K12_s5] step  67500  cosine_loss 0.0002  elapsed 1293s
  [ncr_ncr_K12_s5] step  68000  cosine_loss 0.0003  elapsed 1303s
  [ncr_ncr_K12_s5] step  68500  cosine_loss 0.0003  elapsed 1313s
  [ncr_ncr_K12_s5] step  69000  cosine_loss 0.0002  elapsed 1323s
  [ncr_ncr_K12_s5] step  69500  cosine_loss 0.0002  elapsed 1333s
  [ncr_ncr_K12_s5] step  70000  cosine_loss 0.0002  elapsed 1343s
  [ncr_ncr_K12_s5] step  70500  cosine_loss 0.0002  elapsed 1353s
  [ncr_ncr_K12_s5] step  71000  cosine_loss 0.0002  elapsed 1363s
  [ncr_ncr_K12_s5] step  71500  cosine_loss 0.0004  elapsed 1373s
  [ncr_ncr_K12_s5] step  72000  cosine_loss 0.0002  elapsed 1383s
  [ncr_ncr_K12_s5] step  72500  cosine_loss 0.0002  elapsed 1393s
  [ncr_ncr_K12_s5] step  73000  cosine_loss 0.0002  elapsed 1403s
  [ncr_ncr_K12_s5] step  73500  cosine_loss 0.0002  elapsed 1413s
  [ncr_ncr_K12_s5] step  74000  cosine_loss 0.0001  elapsed 1423s
  [ncr_ncr_K12_s5] step  74500  cosine_loss 0.0002  elapsed 1433s
  [ncr_ncr_K12_s5] step  75000  cosine_loss 0.0002  elapsed 1443s
  [ncr_ncr_K12_s5] step  75500  cosine_loss 0.0001  elapsed 1451s
  [ncr_ncr_K12_s5] step  76000  cosine_loss 0.0001  elapsed 1459s
  [ncr_ncr_K12_s5] step  76500  cosine_loss 0.0002  elapsed 1467s
  [ncr_ncr_K12_s5] step  77000  cosine_loss 0.0001  elapsed 1476s
  [ncr_ncr_K12_s5] step  77500  cosine_loss 0.0002  elapsed 1484s
  [ncr_ncr_K12_s5] step  78000  cosine_loss 0.0001  elapsed 1492s
  [ncr_ncr_K12_s5] step  78500  cosine_loss 0.0001  elapsed 1500s
  [ncr_ncr_K12_s5] step  79000  cosine_loss 0.0001  elapsed 1508s
  [ncr_ncr_K12_s5] step  79500  cosine_loss 0.0001  elapsed 1516s
  [ncr_ncr_K12_s5] step  80000  cosine_loss 0.0001  elapsed 1524s
  [ncr_ncr_K12_s5] COMPLETED in 1532s -> /home/nvidia/ncr/results_k12ext/ncr_ncr_K12_s5.json
