fatal: not a git repository (or any of the parent directories): .git
  [ncr_ncr_K14_s0] step      1  cosine_loss 0.9997  elapsed 1s
  [ncr_ncr_K14_s0] step    500  cosine_loss 0.9928  elapsed 9s
  [ncr_ncr_K14_s0] step   1000  cosine_loss 0.9968  elapsed 17s
  [ncr_ncr_K14_s0] step   1500  cosine_loss 0.9870  elapsed 26s
  [ncr_ncr_K14_s0] step   2000  cosine_loss 0.9953  elapsed 34s
  [ncr_ncr_K14_s0] step   2500  cosine_loss 0.9969  elapsed 42s
  [ncr_ncr_K14_s0] step   3000  cosine_loss 1.0042  elapsed 51s
  [ncr_ncr_K14_s0] step   3500  cosine_loss 0.9958  elapsed 59s
  [ncr_ncr_K14_s0] step   4000  cosine_loss 0.9958  elapsed 67s
  [ncr_ncr_K14_s0] step   4500  cosine_loss 1.0007  elapsed 76s
  [ncr_ncr_K14_s0] step   5000  cosine_loss 1.0067  elapsed 84s
  [ncr_ncr_K14_s0] step   5500  cosine_loss 1.0000  elapsed 92s
  [ncr_ncr_K14_s0] step   6000  cosine_loss 1.0035  elapsed 101s
  [ncr_ncr_K14_s0] step   6500  cosine_loss 1.0020  elapsed 109s
  [ncr_ncr_K14_s0] step   7000  cosine_loss 0.9989  elapsed 117s
  [ncr_ncr_K14_s0] step   7500  cosine_loss 0.9944  elapsed 126s
  [ncr_ncr_K14_s0] step   8000  cosine_loss 0.9984  elapsed 134s
  [ncr_ncr_K14_s0] step   8500  cosine_loss 0.9950  elapsed 142s
  [ncr_ncr_K14_s0] step   9000  cosine_loss 1.0074  elapsed 151s
  [ncr_ncr_K14_s0] step   9500  cosine_loss 0.9988  elapsed 159s
  [ncr_ncr_K14_s0] step  10000  cosine_loss 1.0009  elapsed 167s
  [ncr_ncr_K14_s0] step  10500  cosine_loss 1.0033  elapsed 176s
  [ncr_ncr_K14_s0] step  11000  cosine_loss 0.9992  elapsed 184s
  [ncr_ncr_K14_s0] step  11500  cosine_loss 0.9887  elapsed 192s
  [ncr_ncr_K14_s0] step  12000  cosine_loss 1.0000  elapsed 201s
  [ncr_ncr_K14_s0] step  12500  cosine_loss 1.0017  elapsed 209s
  [ncr_ncr_K14_s0] step  13000  cosine_loss 1.0007  elapsed 217s
  [ncr_ncr_K14_s0] step  13500  cosine_loss 0.9984  elapsed 226s
  [ncr_ncr_K14_s0] step  14000  cosine_loss 1.0047  elapsed 234s
  [ncr_ncr_K14_s0] step  14500  cosine_loss 0.9986  elapsed 242s
  [ncr_ncr_K14_s0] step  15000  cosine_loss 1.0082  elapsed 251s
  [ncr_ncr_K14_s0] step  15500  cosine_loss 0.9934  elapsed 259s
  [ncr_ncr_K14_s0] step  16000  cosine_loss 1.0060  elapsed 268s
  [ncr_ncr_K14_s0] step  16500  cosine_loss 0.9965  elapsed 276s
  [ncr_ncr_K14_s0] step  17000  cosine_loss 1.0024  elapsed 284s
  [ncr_ncr_K14_s0] step  17500  cosine_loss 1.0049  elapsed 293s
  [ncr_ncr_K14_s0] step  18000  cosine_loss 0.9952  elapsed 301s
  [ncr_ncr_K14_s0] step  18500  cosine_loss 0.9985  elapsed 309s
  [ncr_ncr_K14_s0] step  19000  cosine_loss 0.9926  elapsed 318s
  [ncr_ncr_K14_s0] step  19500  cosine_loss 1.0103  elapsed 326s
  [ncr_ncr_K14_s0] step  20000  cosine_loss 0.9969  elapsed 335s
  [ncr_ncr_K14_s0] step  20500  cosine_loss 1.0000  elapsed 343s
  [ncr_ncr_K14_s0] step  21000  cosine_loss 0.9967  elapsed 351s
  [ncr_ncr_K14_s0] step  21500  cosine_loss 0.9964  elapsed 360s
  [ncr_ncr_K14_s0] step  22000  cosine_loss 0.9918  elapsed 368s
  [ncr_ncr_K14_s0] step  22500  cosine_loss 0.9978  elapsed 377s
  [ncr_ncr_K14_s0] step  23000  cosine_loss 1.0021  elapsed 385s
  [ncr_ncr_K14_s0] step  23500  cosine_loss 0.9934  elapsed 393s
  [ncr_ncr_K14_s0] step  24000  cosine_loss 0.9950  elapsed 402s
  [ncr_ncr_K14_s0] step  24500  cosine_loss 1.0017  elapsed 410s
  [ncr_ncr_K14_s0] step  25000  cosine_loss 0.9987  elapsed 418s
  [ncr_ncr_K14_s0] step  25500  cosine_loss 1.0049  elapsed 427s
  [ncr_ncr_K14_s0] step  26000  cosine_loss 0.9989  elapsed 435s
  [ncr_ncr_K14_s0] step  26500  cosine_loss 0.9940  elapsed 443s
  [ncr_ncr_K14_s0] step  27000  cosine_loss 1.0009  elapsed 452s
  [ncr_ncr_K14_s0] step  27500  cosine_loss 1.0058  elapsed 460s
  [ncr_ncr_K14_s0] step  28000  cosine_loss 0.9909  elapsed 468s
  [ncr_ncr_K14_s0] step  28500  cosine_loss 0.9973  elapsed 477s
  [ncr_ncr_K14_s0] step  29000  cosine_loss 1.0006  elapsed 485s
  [ncr_ncr_K14_s0] step  29500  cosine_loss 0.9962  elapsed 494s
  [ncr_ncr_K14_s0] step  30000  cosine_loss 1.0009  elapsed 502s
  [ncr_ncr_K14_s0] step  30500  cosine_loss 0.9936  elapsed 510s
  [ncr_ncr_K14_s0] step  31000  cosine_loss 0.9965  elapsed 519s
  [ncr_ncr_K14_s0] step  31500  cosine_loss 1.0086  elapsed 527s
  [ncr_ncr_K14_s0] step  32000  cosine_loss 1.0014  elapsed 535s
  [ncr_ncr_K14_s0] step  32500  cosine_loss 1.0006  elapsed 544s
  [ncr_ncr_K14_s0] step  33000  cosine_loss 1.0032  elapsed 552s
  [ncr_ncr_K14_s0] step  33500  cosine_loss 0.9948  elapsed 561s
  [ncr_ncr_K14_s0] step  34000  cosine_loss 0.9976  elapsed 569s
  [ncr_ncr_K14_s0] step  34500  cosine_loss 0.9827  elapsed 577s
  [ncr_ncr_K14_s0] step  35000  cosine_loss 0.9999  elapsed 585s
  [ncr_ncr_K14_s0] step  35500  cosine_loss 0.9895  elapsed 594s
  [ncr_ncr_K14_s0] step  36000  cosine_loss 0.9999  elapsed 602s
  [ncr_ncr_K14_s0] step  36500  cosine_loss 0.9905  elapsed 611s
  [ncr_ncr_K14_s0] step  37000  cosine_loss 0.9968  elapsed 620s
  [ncr_ncr_K14_s0] step  37500  cosine_loss 0.9904  elapsed 630s
  [ncr_ncr_K14_s0] step  38000  cosine_loss 0.9913  elapsed 640s
  [ncr_ncr_K14_s0] step  38500  cosine_loss 0.9985  elapsed 650s
  [ncr_ncr_K14_s0] step  39000  cosine_loss 0.9899  elapsed 660s
  [ncr_ncr_K14_s0] step  39500  cosine_loss 0.9852  elapsed 670s
  [ncr_ncr_K14_s0] step  40000  cosine_loss 0.9821  elapsed 680s
  [ncr_ncr_K14_s0] step  40500  cosine_loss 0.9944  elapsed 691s
  [ncr_ncr_K14_s0] step  41000  cosine_loss 0.9790  elapsed 701s
  [ncr_ncr_K14_s0] step  41500  cosine_loss 0.9735  elapsed 711s
  [ncr_ncr_K14_s0] step  42000  cosine_loss 0.9832  elapsed 721s
  [ncr_ncr_K14_s0] step  42500  cosine_loss 0.9905  elapsed 731s
  [ncr_ncr_K14_s0] step  43000  cosine_loss 0.9747  elapsed 741s
  [ncr_ncr_K14_s0] step  43500  cosine_loss 0.9881  elapsed 751s
  [ncr_ncr_K14_s0] step  44000  cosine_loss 0.9757  elapsed 761s
  [ncr_ncr_K14_s0] step  44500  cosine_loss 0.9745  elapsed 771s
  [ncr_ncr_K14_s0] step  45000  cosine_loss 0.9729  elapsed 781s
  [ncr_ncr_K14_s0] step  45500  cosine_loss 0.9658  elapsed 791s
  [ncr_ncr_K14_s0] step  46000  cosine_loss 0.9677  elapsed 801s
  [ncr_ncr_K14_s0] step  46500  cosine_loss 0.9677  elapsed 811s
  [ncr_ncr_K14_s0] step  47000  cosine_loss 0.9600  elapsed 821s
  [ncr_ncr_K14_s0] step  47500  cosine_loss 0.9640  elapsed 831s
  [ncr_ncr_K14_s0] step  48000  cosine_loss 0.9618  elapsed 841s
  [ncr_ncr_K14_s0] step  48500  cosine_loss 0.9716  elapsed 852s
  [ncr_ncr_K14_s0] step  49000  cosine_loss 0.9517  elapsed 862s
  [ncr_ncr_K14_s0] step  49500  cosine_loss 0.9508  elapsed 872s
  [ncr_ncr_K14_s0] step  50000  cosine_loss 0.9493  elapsed 882s
  [ncr_ncr_K14_s0] step  50500  cosine_loss 0.9398  elapsed 892s
  [ncr_ncr_K14_s0] step  51000  cosine_loss 0.9423  elapsed 902s
  [ncr_ncr_K14_s0] step  51500  cosine_loss 0.9383  elapsed 912s
  [ncr_ncr_K14_s0] step  52000  cosine_loss 0.9295  elapsed 922s
  [ncr_ncr_K14_s0] step  52500  cosine_loss 0.8966  elapsed 932s
  [ncr_ncr_K14_s0] step  53000  cosine_loss 0.8901  elapsed 943s
  [ncr_ncr_K14_s0] step  53500  cosine_loss 0.8581  elapsed 953s
  [ncr_ncr_K14_s0] step  54000  cosine_loss 0.8314  elapsed 963s
  [ncr_ncr_K14_s0] step  54500  cosine_loss 0.8022  elapsed 973s
  [ncr_ncr_K14_s0] step  55000  cosine_loss 0.7497  elapsed 983s
  [ncr_ncr_K14_s0] step  55500  cosine_loss 0.6994  elapsed 993s
  [ncr_ncr_K14_s0] step  56000  cosine_loss 0.6460  elapsed 1003s
  [ncr_ncr_K14_s0] step  56500  cosine_loss 0.6137  elapsed 1013s
  [ncr_ncr_K14_s0] step  57000  cosine_loss 0.5664  elapsed 1023s
  [ncr_ncr_K14_s0] step  57500  cosine_loss 0.5080  elapsed 1033s
  [ncr_ncr_K14_s0] step  58000  cosine_loss 0.4786  elapsed 1043s
  [ncr_ncr_K14_s0] step  58500  cosine_loss 0.4500  elapsed 1053s
  [ncr_ncr_K14_s0] step  59000  cosine_loss 0.4170  elapsed 1063s
  [ncr_ncr_K14_s0] step  59500  cosine_loss 0.3782  elapsed 1073s
  [ncr_ncr_K14_s0] step  60000  cosine_loss 0.3355  elapsed 1083s
  [ncr_ncr_K14_s0] step  60500  cosine_loss 0.2987  elapsed 1093s
  [ncr_ncr_K14_s0] step  61000  cosine_loss 0.2533  elapsed 1103s
  [ncr_ncr_K14_s0] step  61500  cosine_loss 0.2212  elapsed 1113s
  [ncr_ncr_K14_s0] step  62000  cosine_loss 0.1856  elapsed 1123s
  [ncr_ncr_K14_s0] step  62500  cosine_loss 0.1589  elapsed 1133s
  [ncr_ncr_K14_s0] step  63000  cosine_loss 0.1271  elapsed 1143s
  [ncr_ncr_K14_s0] step  63500  cosine_loss 0.0764  elapsed 1153s
  [ncr_ncr_K14_s0] step  64000  cosine_loss 0.0545  elapsed 1163s
  [ncr_ncr_K14_s0] step  64500  cosine_loss 0.0532  elapsed 1173s
  [ncr_ncr_K14_s0] step  65000  cosine_loss 0.0377  elapsed 1183s
  [ncr_ncr_K14_s0] step  65500  cosine_loss 0.0401  elapsed 1193s
  [ncr_ncr_K14_s0] step  66000  cosine_loss 0.0298  elapsed 1203s
  [ncr_ncr_K14_s0] step  66500  cosine_loss 0.0332  elapsed 1213s
  [ncr_ncr_K14_s0] step  67000  cosine_loss 0.0248  elapsed 1223s
  [ncr_ncr_K14_s0] step  67500  cosine_loss 0.0240  elapsed 1233s
  [ncr_ncr_K14_s0] step  68000  cosine_loss 0.0299  elapsed 1243s
  [ncr_ncr_K14_s0] step  68500  cosine_loss 0.0184  elapsed 1253s
  [ncr_ncr_K14_s0] step  69000  cosine_loss 0.0179  elapsed 1263s
  [ncr_ncr_K14_s0] step  69500  cosine_loss 0.0168  elapsed 1273s
  [ncr_ncr_K14_s0] step  70000  cosine_loss 0.0145  elapsed 1284s
  [ncr_ncr_K14_s0] step  70500  cosine_loss 0.0163  elapsed 1294s
  [ncr_ncr_K14_s0] step  71000  cosine_loss 0.0128  elapsed 1304s
  [ncr_ncr_K14_s0] step  71500  cosine_loss 0.0113  elapsed 1314s
  [ncr_ncr_K14_s0] step  72000  cosine_loss 0.0118  elapsed 1324s
  [ncr_ncr_K14_s0] step  72500  cosine_loss 0.0109  elapsed 1334s
  [ncr_ncr_K14_s0] step  73000  cosine_loss 0.0096  elapsed 1344s
  [ncr_ncr_K14_s0] step  73500  cosine_loss 0.0092  elapsed 1354s
  [ncr_ncr_K14_s0] step  74000  cosine_loss 0.0077  elapsed 1364s
  [ncr_ncr_K14_s0] step  74500  cosine_loss 0.0079  elapsed 1374s
  [ncr_ncr_K14_s0] step  75000  cosine_loss 0.0066  elapsed 1384s
  [ncr_ncr_K14_s0] step  75500  cosine_loss 0.0067  elapsed 1395s
  [ncr_ncr_K14_s0] step  76000  cosine_loss 0.0053  elapsed 1405s
  [ncr_ncr_K14_s0] step  76500  cosine_loss 0.0049  elapsed 1415s
  [ncr_ncr_K14_s0] step  77000  cosine_loss 0.0040  elapsed 1425s
  [ncr_ncr_K14_s0] step  77500  cosine_loss 0.0039  elapsed 1435s
  [ncr_ncr_K14_s0] step  78000  cosine_loss 0.0027  elapsed 1445s
  [ncr_ncr_K14_s0] step  78500  cosine_loss 0.0017  elapsed 1455s
  [ncr_ncr_K14_s0] step  79000  cosine_loss 0.0015  elapsed 1465s
  [ncr_ncr_K14_s0] step  79500  cosine_loss 0.0013  elapsed 1475s
  [ncr_ncr_K14_s0] step  80000  cosine_loss 0.0012  elapsed 1485s
  [ncr_ncr_K14_s0] COMPLETED in 1496s -> /home/nvidia/ncr/results_wcap_diag/ncr_ncr_K14_s0.json
