fatal: not a git repository (or any of the parent directories): .git
  [ncr_ncr_K15_s0] step      1  cosine_loss 1.0049  elapsed 1s
  [ncr_ncr_K15_s0] step    500  cosine_loss 1.0068  elapsed 9s
  [ncr_ncr_K15_s0] step   1000  cosine_loss 0.9986  elapsed 17s
  [ncr_ncr_K15_s0] step   1500  cosine_loss 0.9901  elapsed 25s
  [ncr_ncr_K15_s0] step   2000  cosine_loss 1.0006  elapsed 34s
  [ncr_ncr_K15_s0] step   2500  cosine_loss 1.0042  elapsed 45s
  [ncr_ncr_K15_s0] step   3000  cosine_loss 1.0038  elapsed 55s
  [ncr_ncr_K15_s0] step   3500  cosine_loss 0.9991  elapsed 65s
  [ncr_ncr_K15_s0] step   4000  cosine_loss 1.0069  elapsed 75s
  [ncr_ncr_K15_s0] step   4500  cosine_loss 1.0029  elapsed 85s
  [ncr_ncr_K15_s0] step   5000  cosine_loss 0.9987  elapsed 95s
  [ncr_ncr_K15_s0] step   5500  cosine_loss 1.0050  elapsed 105s
  [ncr_ncr_K15_s0] step   6000  cosine_loss 0.9988  elapsed 115s
  [ncr_ncr_K15_s0] step   6500  cosine_loss 1.0004  elapsed 125s
  [ncr_ncr_K15_s0] step   7000  cosine_loss 0.9988  elapsed 135s
  [ncr_ncr_K15_s0] step   7500  cosine_loss 0.9926  elapsed 145s
  [ncr_ncr_K15_s0] step   8000  cosine_loss 0.9908  elapsed 156s
  [ncr_ncr_K15_s0] step   8500  cosine_loss 0.9989  elapsed 166s
  [ncr_ncr_K15_s0] step   9000  cosine_loss 1.0035  elapsed 176s
  [ncr_ncr_K15_s0] step   9500  cosine_loss 1.0059  elapsed 186s
  [ncr_ncr_K15_s0] step  10000  cosine_loss 1.0073  elapsed 196s
  [ncr_ncr_K15_s0] step  10500  cosine_loss 1.0000  elapsed 206s
  [ncr_ncr_K15_s0] step  11000  cosine_loss 0.9978  elapsed 216s
  [ncr_ncr_K15_s0] step  11500  cosine_loss 1.0027  elapsed 226s
  [ncr_ncr_K15_s0] step  12000  cosine_loss 1.0036  elapsed 236s
  [ncr_ncr_K15_s0] step  12500  cosine_loss 0.9999  elapsed 246s
  [ncr_ncr_K15_s0] step  13000  cosine_loss 1.0123  elapsed 255s
  [ncr_ncr_K15_s0] step  13500  cosine_loss 0.9928  elapsed 265s
  [ncr_ncr_K15_s0] step  14000  cosine_loss 0.9945  elapsed 275s
  [ncr_ncr_K15_s0] step  14500  cosine_loss 0.9934  elapsed 285s
  [ncr_ncr_K15_s0] step  15000  cosine_loss 0.9975  elapsed 295s
  [ncr_ncr_K15_s0] step  15500  cosine_loss 1.0028  elapsed 305s
  [ncr_ncr_K15_s0] step  16000  cosine_loss 1.0046  elapsed 315s
  [ncr_ncr_K15_s0] step  16500  cosine_loss 0.9998  elapsed 325s
  [ncr_ncr_K15_s0] step  17000  cosine_loss 1.0067  elapsed 335s
  [ncr_ncr_K15_s0] step  17500  cosine_loss 1.0007  elapsed 345s
  [ncr_ncr_K15_s0] step  18000  cosine_loss 0.9920  elapsed 355s
  [ncr_ncr_K15_s0] step  18500  cosine_loss 0.9993  elapsed 365s
  [ncr_ncr_K15_s0] step  19000  cosine_loss 1.0008  elapsed 375s
  [ncr_ncr_K15_s0] step  19500  cosine_loss 0.9934  elapsed 385s
  [ncr_ncr_K15_s0] step  20000  cosine_loss 1.0066  elapsed 395s
  [ncr_ncr_K15_s0] step  20500  cosine_loss 1.0033  elapsed 405s
  [ncr_ncr_K15_s0] step  21000  cosine_loss 1.0049  elapsed 415s
  [ncr_ncr_K15_s0] step  21500  cosine_loss 0.9975  elapsed 425s
  [ncr_ncr_K15_s0] step  22000  cosine_loss 1.0004  elapsed 436s
  [ncr_ncr_K15_s0] step  22500  cosine_loss 1.0027  elapsed 446s
  [ncr_ncr_K15_s0] step  23000  cosine_loss 0.9970  elapsed 456s
  [ncr_ncr_K15_s0] step  23500  cosine_loss 1.0045  elapsed 466s
  [ncr_ncr_K15_s0] step  24000  cosine_loss 0.9985  elapsed 476s
  [ncr_ncr_K15_s0] step  24500  cosine_loss 0.9962  elapsed 486s
  [ncr_ncr_K15_s0] step  25000  cosine_loss 0.9952  elapsed 496s
  [ncr_ncr_K15_s0] step  25500  cosine_loss 0.9971  elapsed 506s
  [ncr_ncr_K15_s0] step  26000  cosine_loss 1.0036  elapsed 516s
  [ncr_ncr_K15_s0] step  26500  cosine_loss 0.9936  elapsed 525s
  [ncr_ncr_K15_s0] step  27000  cosine_loss 1.0074  elapsed 535s
  [ncr_ncr_K15_s0] step  27500  cosine_loss 1.0044  elapsed 545s
  [ncr_ncr_K15_s0] step  28000  cosine_loss 1.0007  elapsed 556s
  [ncr_ncr_K15_s0] step  28500  cosine_loss 0.9935  elapsed 566s
  [ncr_ncr_K15_s0] step  29000  cosine_loss 0.9975  elapsed 576s
  [ncr_ncr_K15_s0] step  29500  cosine_loss 0.9997  elapsed 586s
  [ncr_ncr_K15_s0] step  30000  cosine_loss 1.0010  elapsed 596s
  [ncr_ncr_K15_s0] step  30500  cosine_loss 1.0028  elapsed 606s
  [ncr_ncr_K15_s0] step  31000  cosine_loss 0.9959  elapsed 616s
  [ncr_ncr_K15_s0] step  31500  cosine_loss 0.9965  elapsed 626s
  [ncr_ncr_K15_s0] step  32000  cosine_loss 1.0042  elapsed 636s
  [ncr_ncr_K15_s0] step  32500  cosine_loss 1.0076  elapsed 646s
  [ncr_ncr_K15_s0] step  33000  cosine_loss 0.9941  elapsed 656s
  [ncr_ncr_K15_s0] step  33500  cosine_loss 0.9959  elapsed 666s
  [ncr_ncr_K15_s0] step  34000  cosine_loss 1.0036  elapsed 676s
  [ncr_ncr_K15_s0] step  34500  cosine_loss 1.0085  elapsed 686s
  [ncr_ncr_K15_s0] step  35000  cosine_loss 0.9963  elapsed 696s
  [ncr_ncr_K15_s0] step  35500  cosine_loss 0.9972  elapsed 706s
  [ncr_ncr_K15_s0] step  36000  cosine_loss 1.0019  elapsed 716s
  [ncr_ncr_K15_s0] step  36500  cosine_loss 0.9952  elapsed 726s
  [ncr_ncr_K15_s0] step  37000  cosine_loss 1.0054  elapsed 736s
  [ncr_ncr_K15_s0] step  37500  cosine_loss 0.9983  elapsed 746s
  [ncr_ncr_K15_s0] step  38000  cosine_loss 0.9990  elapsed 756s
  [ncr_ncr_K15_s0] step  38500  cosine_loss 1.0019  elapsed 766s
  [ncr_ncr_K15_s0] step  39000  cosine_loss 1.0034  elapsed 776s
  [ncr_ncr_K15_s0] step  39500  cosine_loss 0.9969  elapsed 786s
  [ncr_ncr_K15_s0] step  40000  cosine_loss 0.9967  elapsed 796s
  [ncr_ncr_K15_s0] step  40500  cosine_loss 0.9971  elapsed 806s
  [ncr_ncr_K15_s0] step  41000  cosine_loss 0.9907  elapsed 816s
  [ncr_ncr_K15_s0] step  41500  cosine_loss 0.9953  elapsed 826s
  [ncr_ncr_K15_s0] step  42000  cosine_loss 1.0045  elapsed 836s
  [ncr_ncr_K15_s0] step  42500  cosine_loss 1.0010  elapsed 846s
  [ncr_ncr_K15_s0] step  43000  cosine_loss 0.9987  elapsed 856s
  [ncr_ncr_K15_s0] step  43500  cosine_loss 1.0036  elapsed 866s
  [ncr_ncr_K15_s0] step  44000  cosine_loss 0.9954  elapsed 876s
  [ncr_ncr_K15_s0] step  44500  cosine_loss 1.0026  elapsed 886s
  [ncr_ncr_K15_s0] step  45000  cosine_loss 0.9997  elapsed 896s
  [ncr_ncr_K15_s0] step  45500  cosine_loss 1.0025  elapsed 905s
  [ncr_ncr_K15_s0] step  46000  cosine_loss 0.9975  elapsed 915s
  [ncr_ncr_K15_s0] step  46500  cosine_loss 0.9999  elapsed 925s
  [ncr_ncr_K15_s0] step  47000  cosine_loss 0.9969  elapsed 936s
  [ncr_ncr_K15_s0] step  47500  cosine_loss 1.0055  elapsed 946s
  [ncr_ncr_K15_s0] step  48000  cosine_loss 0.9970  elapsed 956s
  [ncr_ncr_K15_s0] step  48500  cosine_loss 1.0020  elapsed 966s
  [ncr_ncr_K15_s0] step  49000  cosine_loss 0.9905  elapsed 976s
  [ncr_ncr_K15_s0] step  49500  cosine_loss 1.0013  elapsed 986s
  [ncr_ncr_K15_s0] step  50000  cosine_loss 1.0041  elapsed 996s
  [ncr_ncr_K15_s0] step  50500  cosine_loss 1.0024  elapsed 1006s
  [ncr_ncr_K15_s0] step  51000  cosine_loss 1.0055  elapsed 1016s
  [ncr_ncr_K15_s0] step  51500  cosine_loss 0.9997  elapsed 1026s
  [ncr_ncr_K15_s0] step  52000  cosine_loss 0.9941  elapsed 1036s
  [ncr_ncr_K15_s0] step  52500  cosine_loss 0.9980  elapsed 1046s
  [ncr_ncr_K15_s0] step  53000  cosine_loss 0.9984  elapsed 1055s
  [ncr_ncr_K15_s0] step  53500  cosine_loss 1.0002  elapsed 1065s
  [ncr_ncr_K15_s0] step  54000  cosine_loss 0.9993  elapsed 1075s
  [ncr_ncr_K15_s0] step  54500  cosine_loss 0.9964  elapsed 1085s
  [ncr_ncr_K15_s0] step  55000  cosine_loss 0.9898  elapsed 1095s
  [ncr_ncr_K15_s0] step  55500  cosine_loss 0.9937  elapsed 1105s
  [ncr_ncr_K15_s0] step  56000  cosine_loss 0.9951  elapsed 1116s
  [ncr_ncr_K15_s0] step  56500  cosine_loss 0.9972  elapsed 1125s
  [ncr_ncr_K15_s0] step  57000  cosine_loss 0.9965  elapsed 1135s
  [ncr_ncr_K15_s0] step  57500  cosine_loss 0.9932  elapsed 1145s
  [ncr_ncr_K15_s0] step  58000  cosine_loss 0.9923  elapsed 1155s
  [ncr_ncr_K15_s0] step  58500  cosine_loss 0.9893  elapsed 1165s
  [ncr_ncr_K15_s0] step  59000  cosine_loss 0.9957  elapsed 1175s
  [ncr_ncr_K15_s0] step  59500  cosine_loss 0.9970  elapsed 1185s
  [ncr_ncr_K15_s0] step  60000  cosine_loss 0.9967  elapsed 1195s
  [ncr_ncr_K15_s0] step  60500  cosine_loss 0.9934  elapsed 1205s
  [ncr_ncr_K15_s0] step  61000  cosine_loss 0.9864  elapsed 1215s
  [ncr_ncr_K15_s0] step  61500  cosine_loss 1.0057  elapsed 1225s
  [ncr_ncr_K15_s0] step  62000  cosine_loss 0.9968  elapsed 1235s
  [ncr_ncr_K15_s0] step  62500  cosine_loss 0.9951  elapsed 1246s
  [ncr_ncr_K15_s0] step  63000  cosine_loss 0.9915  elapsed 1256s
  [ncr_ncr_K15_s0] step  63500  cosine_loss 0.9952  elapsed 1266s
  [ncr_ncr_K15_s0] step  64000  cosine_loss 0.9955  elapsed 1276s
  [ncr_ncr_K15_s0] step  64500  cosine_loss 0.9962  elapsed 1286s
  [ncr_ncr_K15_s0] step  65000  cosine_loss 0.9995  elapsed 1296s
  [ncr_ncr_K15_s0] step  65500  cosine_loss 1.0084  elapsed 1306s
  [ncr_ncr_K15_s0] step  66000  cosine_loss 1.0008  elapsed 1316s
  [ncr_ncr_K15_s0] step  66500  cosine_loss 1.0024  elapsed 1326s
  [ncr_ncr_K15_s0] step  67000  cosine_loss 0.9942  elapsed 1336s
  [ncr_ncr_K15_s0] step  67500  cosine_loss 0.9945  elapsed 1346s
  [ncr_ncr_K15_s0] step  68000  cosine_loss 0.9954  elapsed 1356s
  [ncr_ncr_K15_s0] step  68500  cosine_loss 0.9935  elapsed 1366s
  [ncr_ncr_K15_s0] step  69000  cosine_loss 0.9935  elapsed 1376s
  [ncr_ncr_K15_s0] step  69500  cosine_loss 1.0026  elapsed 1386s
  [ncr_ncr_K15_s0] step  70000  cosine_loss 0.9912  elapsed 1396s
  [ncr_ncr_K15_s0] step  70500  cosine_loss 0.9993  elapsed 1406s
  [ncr_ncr_K15_s0] step  71000  cosine_loss 0.9950  elapsed 1416s
  [ncr_ncr_K15_s0] step  71500  cosine_loss 0.9905  elapsed 1426s
  [ncr_ncr_K15_s0] step  72000  cosine_loss 0.9891  elapsed 1436s
  [ncr_ncr_K15_s0] step  72500  cosine_loss 0.9872  elapsed 1446s
  [ncr_ncr_K15_s0] step  73000  cosine_loss 0.9875  elapsed 1456s
  [ncr_ncr_K15_s0] step  73500  cosine_loss 0.9894  elapsed 1466s
  [ncr_ncr_K15_s0] step  74000  cosine_loss 0.9913  elapsed 1476s
  [ncr_ncr_K15_s0] step  74500  cosine_loss 0.9913  elapsed 1486s
  [ncr_ncr_K15_s0] step  75000  cosine_loss 0.9919  elapsed 1497s
  [ncr_ncr_K15_s0] step  75500  cosine_loss 0.9874  elapsed 1507s
  [ncr_ncr_K15_s0] step  76000  cosine_loss 0.9916  elapsed 1517s
  [ncr_ncr_K15_s0] step  76500  cosine_loss 0.9821  elapsed 1527s
  [ncr_ncr_K15_s0] step  77000  cosine_loss 1.0000  elapsed 1537s
  [ncr_ncr_K15_s0] step  77500  cosine_loss 0.9990  elapsed 1547s
  [ncr_ncr_K15_s0] step  78000  cosine_loss 0.9850  elapsed 1557s
  [ncr_ncr_K15_s0] step  78500  cosine_loss 0.9851  elapsed 1567s
  [ncr_ncr_K15_s0] step  79000  cosine_loss 0.9895  elapsed 1577s
  [ncr_ncr_K15_s0] step  79500  cosine_loss 0.9874  elapsed 1587s
  [ncr_ncr_K15_s0] step  80000  cosine_loss 0.9915  elapsed 1597s
  [ncr_ncr_K15_s0] COMPLETED in 1608s -> /home/nvidia/ncr/results_wcap_diag/ncr_ncr_K15_s0.json
