fatal: not a git repository (or any of the parent directories): .git
  [ncr_ncr_K16_d32_h64_s0] step      1  cosine_loss 1.0052  elapsed 1s
  [ncr_ncr_K16_d32_h64_s0] step    500  cosine_loss 0.9998  elapsed 9s
  [ncr_ncr_K16_d32_h64_s0] step   1000  cosine_loss 1.0001  elapsed 18s
  [ncr_ncr_K16_d32_h64_s0] step   1500  cosine_loss 1.0031  elapsed 26s
  [ncr_ncr_K16_d32_h64_s0] step   2000  cosine_loss 1.0066  elapsed 35s
  [ncr_ncr_K16_d32_h64_s0] step   2500  cosine_loss 0.9941  elapsed 43s
  [ncr_ncr_K16_d32_h64_s0] step   3000  cosine_loss 0.9993  elapsed 52s
  [ncr_ncr_K16_d32_h64_s0] step   3500  cosine_loss 1.0021  elapsed 61s
  [ncr_ncr_K16_d32_h64_s0] step   4000  cosine_loss 1.0028  elapsed 69s
  [ncr_ncr_K16_d32_h64_s0] step   4500  cosine_loss 1.0055  elapsed 78s
  [ncr_ncr_K16_d32_h64_s0] step   5000  cosine_loss 0.9960  elapsed 86s
  [ncr_ncr_K16_d32_h64_s0] step   5500  cosine_loss 0.9941  elapsed 95s
  [ncr_ncr_K16_d32_h64_s0] step   6000  cosine_loss 0.9979  elapsed 104s
  [ncr_ncr_K16_d32_h64_s0] step   6500  cosine_loss 0.9986  elapsed 112s
  [ncr_ncr_K16_d32_h64_s0] step   7000  cosine_loss 1.0010  elapsed 121s
  [ncr_ncr_K16_d32_h64_s0] step   7500  cosine_loss 1.0008  elapsed 129s
  [ncr_ncr_K16_d32_h64_s0] step   8000  cosine_loss 1.0020  elapsed 138s
  [ncr_ncr_K16_d32_h64_s0] step   8500  cosine_loss 0.9994  elapsed 147s
  [ncr_ncr_K16_d32_h64_s0] step   9000  cosine_loss 1.0002  elapsed 155s
  [ncr_ncr_K16_d32_h64_s0] step   9500  cosine_loss 1.0014  elapsed 164s
  [ncr_ncr_K16_d32_h64_s0] step  10000  cosine_loss 0.9999  elapsed 172s
  [ncr_ncr_K16_d32_h64_s0] step  10500  cosine_loss 1.0022  elapsed 181s
  [ncr_ncr_K16_d32_h64_s0] step  11000  cosine_loss 0.9959  elapsed 190s
  [ncr_ncr_K16_d32_h64_s0] step  11500  cosine_loss 0.9992  elapsed 198s
  [ncr_ncr_K16_d32_h64_s0] step  12000  cosine_loss 1.0014  elapsed 207s
  [ncr_ncr_K16_d32_h64_s0] step  12500  cosine_loss 0.9933  elapsed 215s
  [ncr_ncr_K16_d32_h64_s0] step  13000  cosine_loss 0.9981  elapsed 224s
  [ncr_ncr_K16_d32_h64_s0] step  13500  cosine_loss 0.9947  elapsed 232s
  [ncr_ncr_K16_d32_h64_s0] step  14000  cosine_loss 0.9939  elapsed 241s
  [ncr_ncr_K16_d32_h64_s0] step  14500  cosine_loss 1.0024  elapsed 250s
  [ncr_ncr_K16_d32_h64_s0] step  15000  cosine_loss 1.0001  elapsed 259s
  [ncr_ncr_K16_d32_h64_s0] step  15500  cosine_loss 0.9998  elapsed 267s
  [ncr_ncr_K16_d32_h64_s0] step  16000  cosine_loss 1.0013  elapsed 276s
  [ncr_ncr_K16_d32_h64_s0] step  16500  cosine_loss 0.9994  elapsed 284s
  [ncr_ncr_K16_d32_h64_s0] step  17000  cosine_loss 1.0034  elapsed 293s
  [ncr_ncr_K16_d32_h64_s0] step  17500  cosine_loss 0.9942  elapsed 302s
  [ncr_ncr_K16_d32_h64_s0] step  18000  cosine_loss 1.0039  elapsed 310s
  [ncr_ncr_K16_d32_h64_s0] step  18500  cosine_loss 1.0000  elapsed 319s
  [ncr_ncr_K16_d32_h64_s0] step  19000  cosine_loss 1.0036  elapsed 328s
  [ncr_ncr_K16_d32_h64_s0] step  19500  cosine_loss 0.9952  elapsed 336s
  [ncr_ncr_K16_d32_h64_s0] step  20000  cosine_loss 1.0026  elapsed 345s
  [ncr_ncr_K16_d32_h64_s0] step  20500  cosine_loss 0.9975  elapsed 354s
  [ncr_ncr_K16_d32_h64_s0] step  21000  cosine_loss 1.0034  elapsed 362s
  [ncr_ncr_K16_d32_h64_s0] step  21500  cosine_loss 0.9967  elapsed 371s
  [ncr_ncr_K16_d32_h64_s0] step  22000  cosine_loss 1.0018  elapsed 380s
  [ncr_ncr_K16_d32_h64_s0] step  22500  cosine_loss 0.9988  elapsed 388s
  [ncr_ncr_K16_d32_h64_s0] step  23000  cosine_loss 0.9930  elapsed 397s
  [ncr_ncr_K16_d32_h64_s0] step  23500  cosine_loss 1.0006  elapsed 405s
  [ncr_ncr_K16_d32_h64_s0] step  24000  cosine_loss 0.9999  elapsed 414s
  [ncr_ncr_K16_d32_h64_s0] step  24500  cosine_loss 0.9977  elapsed 423s
  [ncr_ncr_K16_d32_h64_s0] step  25000  cosine_loss 1.0019  elapsed 431s
  [ncr_ncr_K16_d32_h64_s0] step  25500  cosine_loss 0.9989  elapsed 440s
  [ncr_ncr_K16_d32_h64_s0] step  26000  cosine_loss 0.9968  elapsed 448s
  [ncr_ncr_K16_d32_h64_s0] step  26500  cosine_loss 1.0012  elapsed 457s
  [ncr_ncr_K16_d32_h64_s0] step  27000  cosine_loss 1.0010  elapsed 466s
  [ncr_ncr_K16_d32_h64_s0] step  27500  cosine_loss 1.0012  elapsed 474s
  [ncr_ncr_K16_d32_h64_s0] step  28000  cosine_loss 0.9949  elapsed 483s
  [ncr_ncr_K16_d32_h64_s0] step  28500  cosine_loss 0.9973  elapsed 492s
  [ncr_ncr_K16_d32_h64_s0] step  29000  cosine_loss 0.9998  elapsed 500s
  [ncr_ncr_K16_d32_h64_s0] step  29500  cosine_loss 0.9980  elapsed 509s
  [ncr_ncr_K16_d32_h64_s0] step  30000  cosine_loss 1.0054  elapsed 517s
  [ncr_ncr_K16_d32_h64_s0] step  30500  cosine_loss 1.0001  elapsed 526s
  [ncr_ncr_K16_d32_h64_s0] step  31000  cosine_loss 0.9899  elapsed 535s
  [ncr_ncr_K16_d32_h64_s0] step  31500  cosine_loss 0.9951  elapsed 543s
  [ncr_ncr_K16_d32_h64_s0] step  32000  cosine_loss 0.9944  elapsed 552s
  [ncr_ncr_K16_d32_h64_s0] step  32500  cosine_loss 1.0017  elapsed 561s
  [ncr_ncr_K16_d32_h64_s0] step  33000  cosine_loss 0.9973  elapsed 569s
  [ncr_ncr_K16_d32_h64_s0] step  33500  cosine_loss 0.9987  elapsed 578s
  [ncr_ncr_K16_d32_h64_s0] step  34000  cosine_loss 0.9978  elapsed 586s
  [ncr_ncr_K16_d32_h64_s0] step  34500  cosine_loss 0.9970  elapsed 595s
  [ncr_ncr_K16_d32_h64_s0] step  35000  cosine_loss 0.9970  elapsed 604s
  [ncr_ncr_K16_d32_h64_s0] step  35500  cosine_loss 1.0015  elapsed 612s
  [ncr_ncr_K16_d32_h64_s0] step  36000  cosine_loss 1.0044  elapsed 621s
  [ncr_ncr_K16_d32_h64_s0] step  36500  cosine_loss 1.0029  elapsed 630s
  [ncr_ncr_K16_d32_h64_s0] step  37000  cosine_loss 1.0029  elapsed 639s
  [ncr_ncr_K16_d32_h64_s0] step  37500  cosine_loss 1.0048  elapsed 647s
  [ncr_ncr_K16_d32_h64_s0] step  38000  cosine_loss 0.9996  elapsed 656s
  [ncr_ncr_K16_d32_h64_s0] step  38500  cosine_loss 1.0013  elapsed 665s
  [ncr_ncr_K16_d32_h64_s0] step  39000  cosine_loss 0.9941  elapsed 674s
  [ncr_ncr_K16_d32_h64_s0] step  39500  cosine_loss 1.0008  elapsed 683s
  [ncr_ncr_K16_d32_h64_s0] step  40000  cosine_loss 1.0067  elapsed 691s
  [ncr_ncr_K16_d32_h64_s0] step  40500  cosine_loss 1.0031  elapsed 700s
  [ncr_ncr_K16_d32_h64_s0] step  41000  cosine_loss 1.0045  elapsed 709s
  [ncr_ncr_K16_d32_h64_s0] step  41500  cosine_loss 0.9981  elapsed 717s
  [ncr_ncr_K16_d32_h64_s0] step  42000  cosine_loss 0.9973  elapsed 726s
  [ncr_ncr_K16_d32_h64_s0] step  42500  cosine_loss 1.0050  elapsed 735s
  [ncr_ncr_K16_d32_h64_s0] step  43000  cosine_loss 1.0015  elapsed 743s
  [ncr_ncr_K16_d32_h64_s0] step  43500  cosine_loss 0.9934  elapsed 752s
  [ncr_ncr_K16_d32_h64_s0] step  44000  cosine_loss 0.9967  elapsed 761s
  [ncr_ncr_K16_d32_h64_s0] step  44500  cosine_loss 1.0054  elapsed 769s
  [ncr_ncr_K16_d32_h64_s0] step  45000  cosine_loss 0.9985  elapsed 778s
  [ncr_ncr_K16_d32_h64_s0] step  45500  cosine_loss 0.9950  elapsed 787s
  [ncr_ncr_K16_d32_h64_s0] step  46000  cosine_loss 1.0015  elapsed 795s
  [ncr_ncr_K16_d32_h64_s0] step  46500  cosine_loss 0.9930  elapsed 804s
  [ncr_ncr_K16_d32_h64_s0] step  47000  cosine_loss 0.9935  elapsed 813s
  [ncr_ncr_K16_d32_h64_s0] step  47500  cosine_loss 0.9995  elapsed 821s
  [ncr_ncr_K16_d32_h64_s0] step  48000  cosine_loss 1.0063  elapsed 830s
  [ncr_ncr_K16_d32_h64_s0] step  48500  cosine_loss 0.9967  elapsed 839s
  [ncr_ncr_K16_d32_h64_s0] step  49000  cosine_loss 1.0065  elapsed 848s
  [ncr_ncr_K16_d32_h64_s0] step  49500  cosine_loss 1.0059  elapsed 857s
  [ncr_ncr_K16_d32_h64_s0] step  50000  cosine_loss 1.0005  elapsed 866s
  [ncr_ncr_K16_d32_h64_s0] step  50500  cosine_loss 0.9991  elapsed 875s
  [ncr_ncr_K16_d32_h64_s0] step  51000  cosine_loss 0.9987  elapsed 884s
  [ncr_ncr_K16_d32_h64_s0] step  51500  cosine_loss 0.9999  elapsed 892s
  [ncr_ncr_K16_d32_h64_s0] step  52000  cosine_loss 0.9998  elapsed 901s
  [ncr_ncr_K16_d32_h64_s0] step  52500  cosine_loss 0.9929  elapsed 910s
  [ncr_ncr_K16_d32_h64_s0] step  53000  cosine_loss 1.0054  elapsed 919s
  [ncr_ncr_K16_d32_h64_s0] step  53500  cosine_loss 1.0014  elapsed 927s
  [ncr_ncr_K16_d32_h64_s0] step  54000  cosine_loss 1.0014  elapsed 936s
  [ncr_ncr_K16_d32_h64_s0] step  54500  cosine_loss 0.9998  elapsed 945s
  [ncr_ncr_K16_d32_h64_s0] step  55000  cosine_loss 0.9995  elapsed 954s
  [ncr_ncr_K16_d32_h64_s0] step  55500  cosine_loss 0.9967  elapsed 963s
  [ncr_ncr_K16_d32_h64_s0] step  56000  cosine_loss 0.9948  elapsed 972s
  [ncr_ncr_K16_d32_h64_s0] step  56500  cosine_loss 1.0018  elapsed 981s
  [ncr_ncr_K16_d32_h64_s0] step  57000  cosine_loss 0.9999  elapsed 989s
  [ncr_ncr_K16_d32_h64_s0] step  57500  cosine_loss 1.0011  elapsed 998s
  [ncr_ncr_K16_d32_h64_s0] step  58000  cosine_loss 0.9964  elapsed 1007s
  [ncr_ncr_K16_d32_h64_s0] step  58500  cosine_loss 0.9958  elapsed 1016s
  [ncr_ncr_K16_d32_h64_s0] step  59000  cosine_loss 0.9980  elapsed 1024s
  [ncr_ncr_K16_d32_h64_s0] step  59500  cosine_loss 1.0015  elapsed 1033s
  [ncr_ncr_K16_d32_h64_s0] step  60000  cosine_loss 1.0003  elapsed 1042s
  [ncr_ncr_K16_d32_h64_s0] step  60500  cosine_loss 1.0006  elapsed 1051s
  [ncr_ncr_K16_d32_h64_s0] step  61000  cosine_loss 1.0041  elapsed 1059s
  [ncr_ncr_K16_d32_h64_s0] step  61500  cosine_loss 0.9956  elapsed 1068s
  [ncr_ncr_K16_d32_h64_s0] step  62000  cosine_loss 0.9958  elapsed 1077s
  [ncr_ncr_K16_d32_h64_s0] step  62500  cosine_loss 0.9983  elapsed 1086s
  [ncr_ncr_K16_d32_h64_s0] step  63000  cosine_loss 0.9915  elapsed 1095s
  [ncr_ncr_K16_d32_h64_s0] step  63500  cosine_loss 0.9973  elapsed 1103s
  [ncr_ncr_K16_d32_h64_s0] step  64000  cosine_loss 0.9990  elapsed 1112s
  [ncr_ncr_K16_d32_h64_s0] step  64500  cosine_loss 1.0002  elapsed 1121s
  [ncr_ncr_K16_d32_h64_s0] step  65000  cosine_loss 1.0044  elapsed 1130s
  [ncr_ncr_K16_d32_h64_s0] step  65500  cosine_loss 0.9938  elapsed 1139s
  [ncr_ncr_K16_d32_h64_s0] step  66000  cosine_loss 0.9984  elapsed 1147s
  [ncr_ncr_K16_d32_h64_s0] step  66500  cosine_loss 1.0053  elapsed 1156s
  [ncr_ncr_K16_d32_h64_s0] step  67000  cosine_loss 0.9940  elapsed 1165s
  [ncr_ncr_K16_d32_h64_s0] step  67500  cosine_loss 0.9984  elapsed 1174s
  [ncr_ncr_K16_d32_h64_s0] step  68000  cosine_loss 1.0022  elapsed 1182s
  [ncr_ncr_K16_d32_h64_s0] step  68500  cosine_loss 0.9990  elapsed 1191s
  [ncr_ncr_K16_d32_h64_s0] step  69000  cosine_loss 1.0015  elapsed 1200s
  [ncr_ncr_K16_d32_h64_s0] step  69500  cosine_loss 0.9996  elapsed 1209s
  [ncr_ncr_K16_d32_h64_s0] step  70000  cosine_loss 0.9971  elapsed 1217s
  [ncr_ncr_K16_d32_h64_s0] step  70500  cosine_loss 1.0002  elapsed 1226s
  [ncr_ncr_K16_d32_h64_s0] step  71000  cosine_loss 0.9964  elapsed 1235s
  [ncr_ncr_K16_d32_h64_s0] step  71500  cosine_loss 0.9988  elapsed 1244s
  [ncr_ncr_K16_d32_h64_s0] step  72000  cosine_loss 0.9955  elapsed 1253s
  [ncr_ncr_K16_d32_h64_s0] step  72500  cosine_loss 1.0018  elapsed 1262s
  [ncr_ncr_K16_d32_h64_s0] step  73000  cosine_loss 1.0021  elapsed 1270s
  [ncr_ncr_K16_d32_h64_s0] step  73500  cosine_loss 0.9979  elapsed 1279s
  [ncr_ncr_K16_d32_h64_s0] step  74000  cosine_loss 0.9995  elapsed 1288s
  [ncr_ncr_K16_d32_h64_s0] step  74500  cosine_loss 0.9938  elapsed 1297s
  [ncr_ncr_K16_d32_h64_s0] step  75000  cosine_loss 0.9968  elapsed 1305s
  [ncr_ncr_K16_d32_h64_s0] step  75500  cosine_loss 1.0019  elapsed 1314s
  [ncr_ncr_K16_d32_h64_s0] step  76000  cosine_loss 1.0055  elapsed 1323s
  [ncr_ncr_K16_d32_h64_s0] step  76500  cosine_loss 1.0005  elapsed 1331s
  [ncr_ncr_K16_d32_h64_s0] step  77000  cosine_loss 0.9978  elapsed 1340s
  [ncr_ncr_K16_d32_h64_s0] step  77500  cosine_loss 0.9980  elapsed 1349s
  [ncr_ncr_K16_d32_h64_s0] step  78000  cosine_loss 0.9990  elapsed 1358s
  [ncr_ncr_K16_d32_h64_s0] step  78500  cosine_loss 1.0019  elapsed 1367s
  [ncr_ncr_K16_d32_h64_s0] step  79000  cosine_loss 1.0059  elapsed 1375s
  [ncr_ncr_K16_d32_h64_s0] step  79500  cosine_loss 0.9990  elapsed 1384s
  [ncr_ncr_K16_d32_h64_s0] step  80000  cosine_loss 0.9988  elapsed 1393s
  [ncr_ncr_K16_d32_h64_s0] COMPLETED in 1403s -> /home/nvidia/ncr/results_wcap_diag/ncr_ncr_K16_d32_h64_s0.json
