fatal: not a git repository (or any of the parent directories): .git
  [ncr_ncr_K16_d32_h128_s0] step      1  cosine_loss 0.9973  elapsed 1s
  [ncr_ncr_K16_d32_h128_s0] step    500  cosine_loss 0.9998  elapsed 9s
  [ncr_ncr_K16_d32_h128_s0] step   1000  cosine_loss 0.9946  elapsed 18s
  [ncr_ncr_K16_d32_h128_s0] step   1500  cosine_loss 1.0022  elapsed 28s
  [ncr_ncr_K16_d32_h128_s0] step   2000  cosine_loss 0.9995  elapsed 37s
  [ncr_ncr_K16_d32_h128_s0] step   2500  cosine_loss 1.0055  elapsed 47s
  [ncr_ncr_K16_d32_h128_s0] step   3000  cosine_loss 0.9994  elapsed 56s
  [ncr_ncr_K16_d32_h128_s0] step   3500  cosine_loss 1.0006  elapsed 66s
  [ncr_ncr_K16_d32_h128_s0] step   4000  cosine_loss 1.0025  elapsed 75s
  [ncr_ncr_K16_d32_h128_s0] step   4500  cosine_loss 0.9972  elapsed 85s
  [ncr_ncr_K16_d32_h128_s0] step   5000  cosine_loss 0.9990  elapsed 94s
  [ncr_ncr_K16_d32_h128_s0] step   5500  cosine_loss 1.0073  elapsed 103s
  [ncr_ncr_K16_d32_h128_s0] step   6000  cosine_loss 1.0024  elapsed 113s
  [ncr_ncr_K16_d32_h128_s0] step   6500  cosine_loss 1.0013  elapsed 122s
  [ncr_ncr_K16_d32_h128_s0] step   7000  cosine_loss 0.9998  elapsed 132s
  [ncr_ncr_K16_d32_h128_s0] step   7500  cosine_loss 0.9978  elapsed 142s
  [ncr_ncr_K16_d32_h128_s0] step   8000  cosine_loss 0.9973  elapsed 151s
  [ncr_ncr_K16_d32_h128_s0] step   8500  cosine_loss 1.0009  elapsed 161s
  [ncr_ncr_K16_d32_h128_s0] step   9000  cosine_loss 0.9967  elapsed 170s
  [ncr_ncr_K16_d32_h128_s0] step   9500  cosine_loss 0.9973  elapsed 180s
  [ncr_ncr_K16_d32_h128_s0] step  10000  cosine_loss 1.0026  elapsed 189s
  [ncr_ncr_K16_d32_h128_s0] step  10500  cosine_loss 1.0002  elapsed 199s
  [ncr_ncr_K16_d32_h128_s0] step  11000  cosine_loss 1.0018  elapsed 208s
  [ncr_ncr_K16_d32_h128_s0] step  11500  cosine_loss 1.0037  elapsed 218s
  [ncr_ncr_K16_d32_h128_s0] step  12000  cosine_loss 0.9972  elapsed 227s
  [ncr_ncr_K16_d32_h128_s0] step  12500  cosine_loss 0.9942  elapsed 237s
  [ncr_ncr_K16_d32_h128_s0] step  13000  cosine_loss 0.9997  elapsed 247s
  [ncr_ncr_K16_d32_h128_s0] step  13500  cosine_loss 0.9973  elapsed 256s
  [ncr_ncr_K16_d32_h128_s0] step  14000  cosine_loss 0.9978  elapsed 266s
  [ncr_ncr_K16_d32_h128_s0] step  14500  cosine_loss 1.0031  elapsed 275s
  [ncr_ncr_K16_d32_h128_s0] step  15000  cosine_loss 0.9965  elapsed 285s
  [ncr_ncr_K16_d32_h128_s0] step  15500  cosine_loss 1.0020  elapsed 294s
  [ncr_ncr_K16_d32_h128_s0] step  16000  cosine_loss 0.9987  elapsed 304s
  [ncr_ncr_K16_d32_h128_s0] step  16500  cosine_loss 0.9946  elapsed 313s
  [ncr_ncr_K16_d32_h128_s0] step  17000  cosine_loss 0.9973  elapsed 323s
  [ncr_ncr_K16_d32_h128_s0] step  17500  cosine_loss 0.9941  elapsed 332s
  [ncr_ncr_K16_d32_h128_s0] step  18000  cosine_loss 1.0012  elapsed 342s
  [ncr_ncr_K16_d32_h128_s0] step  18500  cosine_loss 1.0008  elapsed 352s
  [ncr_ncr_K16_d32_h128_s0] step  19000  cosine_loss 1.0006  elapsed 361s
  [ncr_ncr_K16_d32_h128_s0] step  19500  cosine_loss 0.9972  elapsed 371s
  [ncr_ncr_K16_d32_h128_s0] step  20000  cosine_loss 0.9980  elapsed 380s
  [ncr_ncr_K16_d32_h128_s0] step  20500  cosine_loss 1.0027  elapsed 389s
  [ncr_ncr_K16_d32_h128_s0] step  21000  cosine_loss 1.0062  elapsed 399s
  [ncr_ncr_K16_d32_h128_s0] step  21500  cosine_loss 1.0018  elapsed 408s
  [ncr_ncr_K16_d32_h128_s0] step  22000  cosine_loss 1.0038  elapsed 418s
  [ncr_ncr_K16_d32_h128_s0] step  22500  cosine_loss 1.0031  elapsed 427s
  [ncr_ncr_K16_d32_h128_s0] step  23000  cosine_loss 0.9948  elapsed 437s
  [ncr_ncr_K16_d32_h128_s0] step  23500  cosine_loss 0.9962  elapsed 446s
  [ncr_ncr_K16_d32_h128_s0] step  24000  cosine_loss 1.0033  elapsed 456s
  [ncr_ncr_K16_d32_h128_s0] step  24500  cosine_loss 1.0007  elapsed 465s
  [ncr_ncr_K16_d32_h128_s0] step  25000  cosine_loss 1.0057  elapsed 475s
  [ncr_ncr_K16_d32_h128_s0] step  25500  cosine_loss 1.0008  elapsed 484s
  [ncr_ncr_K16_d32_h128_s0] step  26000  cosine_loss 0.9997  elapsed 493s
  [ncr_ncr_K16_d32_h128_s0] step  26500  cosine_loss 1.0050  elapsed 503s
  [ncr_ncr_K16_d32_h128_s0] step  27000  cosine_loss 0.9971  elapsed 512s
  [ncr_ncr_K16_d32_h128_s0] step  27500  cosine_loss 1.0035  elapsed 522s
  [ncr_ncr_K16_d32_h128_s0] step  28000  cosine_loss 0.9978  elapsed 531s
  [ncr_ncr_K16_d32_h128_s0] step  28500  cosine_loss 0.9961  elapsed 541s
  [ncr_ncr_K16_d32_h128_s0] step  29000  cosine_loss 0.9988  elapsed 550s
  [ncr_ncr_K16_d32_h128_s0] step  29500  cosine_loss 1.0000  elapsed 560s
  [ncr_ncr_K16_d32_h128_s0] step  30000  cosine_loss 1.0039  elapsed 569s
  [ncr_ncr_K16_d32_h128_s0] step  30500  cosine_loss 0.9972  elapsed 579s
  [ncr_ncr_K16_d32_h128_s0] step  31000  cosine_loss 0.9985  elapsed 588s
  [ncr_ncr_K16_d32_h128_s0] step  31500  cosine_loss 0.9987  elapsed 598s
  [ncr_ncr_K16_d32_h128_s0] step  32000  cosine_loss 0.9985  elapsed 607s
  [ncr_ncr_K16_d32_h128_s0] step  32500  cosine_loss 0.9987  elapsed 617s
  [ncr_ncr_K16_d32_h128_s0] step  33000  cosine_loss 0.9987  elapsed 626s
  [ncr_ncr_K16_d32_h128_s0] step  33500  cosine_loss 1.0019  elapsed 636s
  [ncr_ncr_K16_d32_h128_s0] step  34000  cosine_loss 1.0037  elapsed 645s
  [ncr_ncr_K16_d32_h128_s0] step  34500  cosine_loss 1.0004  elapsed 655s
  [ncr_ncr_K16_d32_h128_s0] step  35000  cosine_loss 0.9960  elapsed 664s
  [ncr_ncr_K16_d32_h128_s0] step  35500  cosine_loss 0.9981  elapsed 674s
  [ncr_ncr_K16_d32_h128_s0] step  36000  cosine_loss 0.9966  elapsed 683s
  [ncr_ncr_K16_d32_h128_s0] step  36500  cosine_loss 0.9964  elapsed 693s
  [ncr_ncr_K16_d32_h128_s0] step  37000  cosine_loss 1.0053  elapsed 702s
  [ncr_ncr_K16_d32_h128_s0] step  37500  cosine_loss 0.9976  elapsed 712s
  [ncr_ncr_K16_d32_h128_s0] step  38000  cosine_loss 0.9977  elapsed 721s
  [ncr_ncr_K16_d32_h128_s0] step  38500  cosine_loss 0.9999  elapsed 731s
  [ncr_ncr_K16_d32_h128_s0] step  39000  cosine_loss 0.9998  elapsed 741s
  [ncr_ncr_K16_d32_h128_s0] step  39500  cosine_loss 1.0024  elapsed 750s
  [ncr_ncr_K16_d32_h128_s0] step  40000  cosine_loss 1.0001  elapsed 760s
  [ncr_ncr_K16_d32_h128_s0] step  40500  cosine_loss 1.0005  elapsed 770s
  [ncr_ncr_K16_d32_h128_s0] step  41000  cosine_loss 1.0017  elapsed 779s
  [ncr_ncr_K16_d32_h128_s0] step  41500  cosine_loss 1.0026  elapsed 789s
  [ncr_ncr_K16_d32_h128_s0] step  42000  cosine_loss 0.9977  elapsed 798s
  [ncr_ncr_K16_d32_h128_s0] step  42500  cosine_loss 0.9967  elapsed 808s
  [ncr_ncr_K16_d32_h128_s0] step  43000  cosine_loss 1.0024  elapsed 818s
  [ncr_ncr_K16_d32_h128_s0] step  43500  cosine_loss 0.9980  elapsed 827s
  [ncr_ncr_K16_d32_h128_s0] step  44000  cosine_loss 1.0042  elapsed 837s
  [ncr_ncr_K16_d32_h128_s0] step  44500  cosine_loss 1.0009  elapsed 847s
  [ncr_ncr_K16_d32_h128_s0] step  45000  cosine_loss 0.9956  elapsed 856s
  [ncr_ncr_K16_d32_h128_s0] step  45500  cosine_loss 0.9981  elapsed 866s
  [ncr_ncr_K16_d32_h128_s0] step  46000  cosine_loss 0.9906  elapsed 875s
  [ncr_ncr_K16_d32_h128_s0] step  46500  cosine_loss 0.9950  elapsed 885s
  [ncr_ncr_K16_d32_h128_s0] step  47000  cosine_loss 0.9988  elapsed 895s
  [ncr_ncr_K16_d32_h128_s0] step  47500  cosine_loss 1.0013  elapsed 904s
  [ncr_ncr_K16_d32_h128_s0] step  48000  cosine_loss 0.9994  elapsed 914s
  [ncr_ncr_K16_d32_h128_s0] step  48500  cosine_loss 1.0041  elapsed 924s
  [ncr_ncr_K16_d32_h128_s0] step  49000  cosine_loss 0.9997  elapsed 933s
  [ncr_ncr_K16_d32_h128_s0] step  49500  cosine_loss 0.9996  elapsed 943s
  [ncr_ncr_K16_d32_h128_s0] step  50000  cosine_loss 0.9998  elapsed 953s
  [ncr_ncr_K16_d32_h128_s0] step  50500  cosine_loss 1.0022  elapsed 962s
  [ncr_ncr_K16_d32_h128_s0] step  51000  cosine_loss 0.9999  elapsed 972s
  [ncr_ncr_K16_d32_h128_s0] step  51500  cosine_loss 0.9984  elapsed 982s
  [ncr_ncr_K16_d32_h128_s0] step  52000  cosine_loss 0.9939  elapsed 991s
  [ncr_ncr_K16_d32_h128_s0] step  52500  cosine_loss 1.0004  elapsed 1001s
  [ncr_ncr_K16_d32_h128_s0] step  53000  cosine_loss 1.0048  elapsed 1010s
  [ncr_ncr_K16_d32_h128_s0] step  53500  cosine_loss 0.9961  elapsed 1020s
  [ncr_ncr_K16_d32_h128_s0] step  54000  cosine_loss 0.9990  elapsed 1029s
  [ncr_ncr_K16_d32_h128_s0] step  54500  cosine_loss 1.0013  elapsed 1039s
  [ncr_ncr_K16_d32_h128_s0] step  55000  cosine_loss 1.0036  elapsed 1049s
  [ncr_ncr_K16_d32_h128_s0] step  55500  cosine_loss 1.0037  elapsed 1058s
  [ncr_ncr_K16_d32_h128_s0] step  56000  cosine_loss 0.9969  elapsed 1068s
  [ncr_ncr_K16_d32_h128_s0] step  56500  cosine_loss 1.0049  elapsed 1078s
  [ncr_ncr_K16_d32_h128_s0] step  57000  cosine_loss 1.0031  elapsed 1087s
  [ncr_ncr_K16_d32_h128_s0] step  57500  cosine_loss 0.9975  elapsed 1097s
  [ncr_ncr_K16_d32_h128_s0] step  58000  cosine_loss 0.9989  elapsed 1106s
  [ncr_ncr_K16_d32_h128_s0] step  58500  cosine_loss 0.9977  elapsed 1116s
  [ncr_ncr_K16_d32_h128_s0] step  59000  cosine_loss 1.0032  elapsed 1125s
  [ncr_ncr_K16_d32_h128_s0] step  59500  cosine_loss 0.9984  elapsed 1135s
  [ncr_ncr_K16_d32_h128_s0] step  60000  cosine_loss 0.9986  elapsed 1144s
  [ncr_ncr_K16_d32_h128_s0] step  60500  cosine_loss 0.9988  elapsed 1154s
  [ncr_ncr_K16_d32_h128_s0] step  61000  cosine_loss 1.0025  elapsed 1164s
  [ncr_ncr_K16_d32_h128_s0] step  61500  cosine_loss 1.0009  elapsed 1173s
  [ncr_ncr_K16_d32_h128_s0] step  62000  cosine_loss 1.0054  elapsed 1183s
  [ncr_ncr_K16_d32_h128_s0] step  62500  cosine_loss 0.9963  elapsed 1192s
  [ncr_ncr_K16_d32_h128_s0] step  63000  cosine_loss 0.9966  elapsed 1202s
  [ncr_ncr_K16_d32_h128_s0] step  63500  cosine_loss 0.9943  elapsed 1211s
  [ncr_ncr_K16_d32_h128_s0] step  64000  cosine_loss 0.9988  elapsed 1221s
  [ncr_ncr_K16_d32_h128_s0] step  64500  cosine_loss 0.9994  elapsed 1230s
  [ncr_ncr_K16_d32_h128_s0] step  65000  cosine_loss 0.9976  elapsed 1240s
  [ncr_ncr_K16_d32_h128_s0] step  65500  cosine_loss 0.9991  elapsed 1250s
  [ncr_ncr_K16_d32_h128_s0] step  66000  cosine_loss 0.9969  elapsed 1259s
  [ncr_ncr_K16_d32_h128_s0] step  66500  cosine_loss 0.9988  elapsed 1269s
  [ncr_ncr_K16_d32_h128_s0] step  67000  cosine_loss 0.9975  elapsed 1278s
  [ncr_ncr_K16_d32_h128_s0] step  67500  cosine_loss 0.9973  elapsed 1288s
  [ncr_ncr_K16_d32_h128_s0] step  68000  cosine_loss 1.0023  elapsed 1297s
  [ncr_ncr_K16_d32_h128_s0] step  68500  cosine_loss 1.0034  elapsed 1307s
  [ncr_ncr_K16_d32_h128_s0] step  69000  cosine_loss 1.0041  elapsed 1317s
  [ncr_ncr_K16_d32_h128_s0] step  69500  cosine_loss 0.9973  elapsed 1326s
  [ncr_ncr_K16_d32_h128_s0] step  70000  cosine_loss 1.0004  elapsed 1336s
  [ncr_ncr_K16_d32_h128_s0] step  70500  cosine_loss 0.9996  elapsed 1345s
  [ncr_ncr_K16_d32_h128_s0] step  71000  cosine_loss 1.0065  elapsed 1355s
  [ncr_ncr_K16_d32_h128_s0] step  71500  cosine_loss 1.0017  elapsed 1364s
  [ncr_ncr_K16_d32_h128_s0] step  72000  cosine_loss 0.9970  elapsed 1374s
  [ncr_ncr_K16_d32_h128_s0] step  72500  cosine_loss 1.0051  elapsed 1384s
  [ncr_ncr_K16_d32_h128_s0] step  73000  cosine_loss 1.0032  elapsed 1393s
  [ncr_ncr_K16_d32_h128_s0] step  73500  cosine_loss 1.0043  elapsed 1403s
  [ncr_ncr_K16_d32_h128_s0] step  74000  cosine_loss 1.0029  elapsed 1412s
  [ncr_ncr_K16_d32_h128_s0] step  74500  cosine_loss 1.0027  elapsed 1422s
  [ncr_ncr_K16_d32_h128_s0] step  75000  cosine_loss 1.0037  elapsed 1431s
  [ncr_ncr_K16_d32_h128_s0] step  75500  cosine_loss 1.0003  elapsed 1441s
  [ncr_ncr_K16_d32_h128_s0] step  76000  cosine_loss 1.0004  elapsed 1450s
  [ncr_ncr_K16_d32_h128_s0] step  76500  cosine_loss 0.9989  elapsed 1460s
  [ncr_ncr_K16_d32_h128_s0] step  77000  cosine_loss 1.0087  elapsed 1469s
  [ncr_ncr_K16_d32_h128_s0] step  77500  cosine_loss 0.9970  elapsed 1479s
  [ncr_ncr_K16_d32_h128_s0] step  78000  cosine_loss 0.9998  elapsed 1488s
  [ncr_ncr_K16_d32_h128_s0] step  78500  cosine_loss 0.9996  elapsed 1498s
  [ncr_ncr_K16_d32_h128_s0] step  79000  cosine_loss 1.0014  elapsed 1507s
  [ncr_ncr_K16_d32_h128_s0] step  79500  cosine_loss 1.0039  elapsed 1517s
  [ncr_ncr_K16_d32_h128_s0] step  80000  cosine_loss 0.9964  elapsed 1527s
  [ncr_ncr_K16_d32_h128_s0] COMPLETED in 1538s -> /home/nvidia/ncr/results_wcap_diag/ncr_ncr_K16_d32_h128_s0.json
